[2015-03-12 21:12:29]: USER=matthew, algorithm=2, port=42893, time=Thu Mar 12 21:12:29 2015
[2015-03-12 21:12:29]: Maze size = 12x10
[2015-03-12 21:12:30]: avatar 1 ( 101, 101) -> (  4,  9)
[2015-03-12 21:12:30]: avatar 2 ( 101, 101) -> (  3,  7)
[2015-03-12 21:12:30]: avatar 3 ( 101, 101) -> (  9,  1)
[2015-03-12 21:12:30]: avatar 4 ( 101, 101) -> (  9,  5)
[2015-03-12 21:12:30]: avatar 5 ( 101, 101) -> (  9,  7)
[2015-03-12 21:12:30]: avatar 6 ( 101, 101) -> (  3,  6)
[2015-03-12 21:12:30]: avatar 1 (  4,  9) -> (  5,  9)
[2015-03-12 21:12:30]: avatar 2 (  3,  7) -> (  3,  7)
[2015-03-12 21:12:30]: avatar 3 (  9,  1) -> (  9,  1)
[2015-03-12 21:12:30]: avatar 4 (  9,  5) -> (  9,  5)
[2015-03-12 21:12:30]: avatar 5 (  9,  7) -> ( 10,  7)
[2015-03-12 21:12:30]: avatar 6 (  3,  6) -> (  4,  6)
[2015-03-12 21:12:30]: avatar 1 (  5,  9) -> (  6,  9)
[2015-03-12 21:12:30]: avatar 2 (  3,  7) -> (  3,  6)
[2015-03-12 21:12:30]: avatar 3 (  9,  1) -> (  9,  1)
[2015-03-12 21:12:30]: avatar 4 (  9,  5) -> (  9,  5)
[2015-03-12 21:12:30]: avatar 5 ( 10,  7) -> ( 10,  8)
[2015-03-12 21:12:30]: avatar 6 (  4,  6) -> (  4,  7)
[2015-03-12 21:12:30]: avatar 1 (  6,  9) -> (  7,  9)
[2015-03-12 21:12:30]: avatar 2 (  3,  6) -> (  3,  6)
[2015-03-12 21:12:30]: avatar 3 (  9,  1) -> (  9,  1)
[2015-03-12 21:12:30]: avatar 4 (  9,  5) -> (  8,  5)
[2015-03-12 21:12:30]: avatar 5 ( 10,  8) -> ( 10,  8)
[2015-03-12 21:12:30]: avatar 6 (  4,  7) -> (  4,  8)
[2015-03-12 21:12:30]: avatar 1 (  7,  9) -> (  7,  9)
[2015-03-12 21:12:30]: avatar 2 (  3,  6) -> (  3,  6)
[2015-03-12 21:12:30]: avatar 3 (  9,  1) -> (  9,  2)
[2015-03-12 21:12:30]: avatar 4 (  8,  5) -> (  8,  5)
[2015-03-12 21:12:30]: avatar 5 ( 10,  8) -> ( 10,  8)
[2015-03-12 21:12:30]: avatar 6 (  4,  8) -> (  4,  8)
[2015-03-12 21:12:30]: avatar 1 (  7,  9) -> (  7,  8)
[2015-03-12 21:12:30]: avatar 2 (  3,  6) -> (  3,  7)
[2015-03-12 21:12:30]: avatar 3 (  9,  2) -> (  9,  2)
[2015-03-12 21:12:30]: avatar 4 (  8,  5) -> (  7,  5)
[2015-03-12 21:12:30]: avatar 5 ( 10,  8) -> ( 11,  8)
[2015-03-12 21:12:30]: avatar 6 (  4,  8) -> (  4,  8)
[2015-03-12 21:12:30]: avatar 1 (  7,  8) -> (  7,  8)
[2015-03-12 21:12:30]: avatar 2 (  3,  7) -> (  3,  7)
[2015-03-12 21:12:30]: avatar 3 (  9,  2) -> (  9,  3)
[2015-03-12 21:12:30]: avatar 4 (  7,  5) -> (  7,  5)
[2015-03-12 21:12:30]: avatar 5 ( 11,  8) -> ( 11,  9)
[2015-03-12 21:12:30]: avatar 6 (  4,  8) -> (  5,  8)
[2015-03-12 21:12:30]: avatar 1 (  7,  8) -> (  7,  8)
[2015-03-12 21:12:30]: avatar 2 (  3,  7) -> (  3,  8)
[2015-03-12 21:12:30]: avatar 3 (  9,  3) -> (  9,  3)
[2015-03-12 21:12:30]: avatar 4 (  7,  5) -> (  7,  5)
[2015-03-12 21:12:30]: avatar 5 ( 11,  9) -> ( 10,  9)
[2015-03-12 21:12:30]: avatar 6 (  5,  8) -> (  5,  8)
[2015-03-12 21:12:30]: avatar 1 (  7,  8) -> (  7,  8)
[2015-03-12 21:12:30]: avatar 2 (  3,  8) -> (  3,  8)
[2015-03-12 21:12:30]: avatar 3 (  9,  3) -> (  9,  3)
[2015-03-12 21:12:30]: avatar 4 (  7,  5) -> (  7,  6)
[2015-03-12 21:12:30]: avatar 5 ( 10,  9) -> (  9,  9)
[2015-03-12 21:12:30]: avatar 6 (  5,  8) -> (  6,  8)
[2015-03-12 21:12:30]: avatar 1 (  7,  8) -> (  7,  9)
[2015-03-12 21:12:30]: avatar 2 (  3,  8) -> (  3,  9)
[2015-03-12 21:12:30]: avatar 3 (  9,  3) -> (  9,  3)
[2015-03-12 21:12:30]: avatar 4 (  7,  6) -> (  7,  6)
[2015-03-12 21:12:30]: avatar 5 (  9,  9) -> (  9,  8)
[2015-03-12 21:12:30]: avatar 6 (  6,  8) -> (  6,  8)
[2015-03-12 21:12:30]: avatar 1 (  7,  9) -> (  6,  9)
[2015-03-12 21:12:30]: avatar 2 (  3,  9) -> (  3,  9)
[2015-03-12 21:12:30]: avatar 3 (  9,  3) -> (  9,  2)
[2015-03-12 21:12:30]: avatar 4 (  7,  6) -> (  7,  7)
[2015-03-12 21:12:30]: avatar 5 (  9,  8) -> (  9,  8)
[2015-03-12 21:12:30]: avatar 6 (  6,  8) -> (  6,  7)
[2015-03-12 21:12:30]: avatar 1 (  6,  9) -> (  5,  9)
[2015-03-12 21:12:30]: avatar 2 (  3,  9) -> (  4,  9)
[2015-03-12 21:12:30]: avatar 3 (  9,  2) -> ( 10,  2)
[2015-03-12 21:12:30]: avatar 4 (  7,  7) -> (  7,  7)
[2015-03-12 21:12:30]: avatar 5 (  9,  8) -> (  8,  8)
[2015-03-12 21:12:30]: avatar 6 (  6,  7) -> (  7,  7)
[2015-03-12 21:12:30]: avatar 1 (  5,  9) -> (  5,  9)
[2015-03-12 21:12:30]: avatar 2 (  4,  9) -> (  5,  9)
[2015-03-12 21:12:30]: avatar 3 ( 10,  2) -> ( 10,  3)
[2015-03-12 21:12:30]: avatar 4 (  7,  7) -> (  7,  6)
[2015-03-12 21:12:30]: avatar 5 (  8,  8) -> (  8,  7)
[2015-03-12 21:12:30]: avatar 6 (  7,  7) -> (  7,  6)
[2015-03-12 21:12:31]: avatar 1 (  5,  9) -> (  4,  9)
[2015-03-12 21:12:31]: avatar 2 (  5,  9) -> (  4,  9)
[2015-03-12 21:12:31]: avatar 3 ( 10,  3) -> ( 10,  3)
[2015-03-12 21:12:31]: avatar 4 (  7,  6) -> (  7,  6)
[2015-03-12 21:12:31]: avatar 5 (  8,  7) -> (  8,  7)
[2015-03-12 21:12:31]: avatar 6 (  7,  6) -> (  7,  5)
[2015-03-12 21:12:31]: avatar 1 (  4,  9) -> (  3,  9)
[2015-03-12 21:12:31]: avatar 2 (  4,  9) -> (  3,  9)
[2015-03-12 21:12:31]: avatar 3 ( 10,  3) -> ( 11,  3)
[2015-03-12 21:12:31]: avatar 4 (  7,  6) -> (  7,  7)
[2015-03-12 21:12:31]: avatar 5 (  8,  7) -> (  8,  6)
[2015-03-12 21:12:31]: avatar 6 (  7,  5) -> (  8,  5)
[2015-03-12 21:12:31]: avatar 1 (  3,  9) -> (  3,  8)
[2015-03-12 21:12:31]: avatar 2 (  3,  9) -> (  3,  8)
[2015-03-12 21:12:31]: avatar 3 ( 11,  3) -> ( 11,  4)
[2015-03-12 21:12:31]: avatar 4 (  7,  7) -> (  6,  7)
[2015-03-12 21:12:31]: avatar 5 (  8,  6) -> (  9,  6)
[2015-03-12 21:12:31]: avatar 6 (  8,  5) -> (  8,  5)
[2015-03-12 21:12:31]: avatar 1 (  3,  8) -> (  3,  7)
[2015-03-12 21:12:31]: avatar 2 (  3,  8) -> (  3,  7)
[2015-03-12 21:12:31]: avatar 3 ( 11,  4) -> ( 11,  4)
[2015-03-12 21:12:31]: avatar 4 (  6,  7) -> (  6,  7)
[2015-03-12 21:12:31]: avatar 5 (  9,  6) -> (  9,  6)
[2015-03-12 21:12:31]: avatar 6 (  8,  5) -> (  9,  5)
[2015-03-12 21:12:31]: avatar 1 (  3,  7) -> (  3,  6)
[2015-03-12 21:12:31]: avatar 2 (  3,  7) -> (  3,  6)
[2015-03-12 21:12:31]: avatar 3 ( 11,  4) -> ( 11,  5)
[2015-03-12 21:12:31]: avatar 4 (  6,  7) -> (  6,  7)
[2015-03-12 21:12:31]: avatar 5 (  9,  6) -> (  9,  6)
[2015-03-12 21:12:31]: avatar 6 (  9,  5) -> (  9,  6)
[2015-03-12 21:12:31]: avatar 1 (  3,  6) -> (  4,  6)
[2015-03-12 21:12:31]: avatar 2 (  3,  6) -> (  4,  6)
[2015-03-12 21:12:31]: avatar 3 ( 11,  5) -> ( 11,  5)
[2015-03-12 21:12:31]: avatar 4 (  6,  7) -> (  6,  8)
[2015-03-12 21:12:31]: avatar 5 (  9,  6) -> (  9,  5)
[2015-03-12 21:12:31]: avatar 6 (  9,  6) -> (  8,  6)
[2015-03-12 21:12:31]: avatar 1 (  4,  6) -> (  4,  6)
[2015-03-12 21:12:31]: avatar 2 (  4,  6) -> (  4,  6)
[2015-03-12 21:12:31]: avatar 3 ( 11,  5) -> ( 11,  6)
[2015-03-12 21:12:31]: avatar 4 (  6,  8) -> (  5,  8)
[2015-03-12 21:12:31]: avatar 5 (  9,  5) -> (  8,  5)
[2015-03-12 21:12:31]: avatar 6 (  8,  6) -> (  8,  7)
[2015-03-12 21:12:31]: avatar 1 (  4,  6) -> (  4,  7)
[2015-03-12 21:12:31]: avatar 2 (  4,  6) -> (  4,  7)
[2015-03-12 21:12:31]: avatar 3 ( 11,  6) -> ( 11,  6)
[2015-03-12 21:12:31]: avatar 4 (  5,  8) -> (  5,  8)
[2015-03-12 21:12:31]: avatar 5 (  8,  5) -> (  7,  5)
[2015-03-12 21:12:31]: avatar 6 (  8,  7) -> (  8,  8)
[2015-03-12 21:12:31]: avatar 1 (  4,  7) -> (  4,  7)
[2015-03-12 21:12:31]: avatar 2 (  4,  7) -> (  4,  8)
[2015-03-12 21:12:31]: avatar 3 ( 11,  6) -> ( 11,  7)
[2015-03-12 21:12:31]: avatar 4 (  5,  8) -> (  4,  8)
[2015-03-12 21:12:31]: avatar 5 (  7,  5) -> (  7,  6)
[2015-03-12 21:12:31]: avatar 6 (  8,  8) -> (  8,  8)
[2015-03-12 21:12:31]: avatar 1 (  4,  7) -> (  4,  7)
[2015-03-12 21:12:31]: avatar 2 (  4,  8) -> (  5,  8)
[2015-03-12 21:12:31]: avatar 3 ( 11,  7) -> ( 11,  7)
[2015-03-12 21:12:31]: avatar 4 (  4,  8) -> (  4,  7)
[2015-03-12 21:12:31]: avatar 5 (  7,  6) -> (  7,  7)
[2015-03-12 21:12:31]: avatar 6 (  8,  8) -> (  9,  8)
[2015-03-12 21:12:31]: avatar 1 (  4,  7) -> (  4,  8)
[2015-03-12 21:12:31]: avatar 2 (  5,  8) -> (  6,  8)
[2015-03-12 21:12:31]: avatar 3 ( 11,  7) -> ( 11,  7)
[2015-03-12 21:12:31]: avatar 4 (  4,  7) -> (  4,  8)
[2015-03-12 21:12:31]: avatar 5 (  7,  7) -> (  6,  7)
[2015-03-12 21:12:31]: avatar 6 (  9,  8) -> (  9,  9)
[2015-03-12 21:12:31]: avatar 1 (  4,  8) -> (  5,  8)
[2015-03-12 21:12:31]: avatar 2 (  6,  8) -> (  5,  8)
[2015-03-12 21:12:31]: avatar 3 ( 11,  7) -> ( 11,  6)
[2015-03-12 21:12:31]: avatar 4 (  4,  8) -> (  5,  8)
[2015-03-12 21:12:31]: avatar 5 (  6,  7) -> (  6,  8)
[2015-03-12 21:12:31]: avatar 6 (  9,  9) -> (  8,  9)
[2015-03-12 21:12:32]: avatar 1 (  5,  8) -> (  5,  8)
[2015-03-12 21:12:32]: avatar 2 (  5,  8) -> (  5,  8)
[2015-03-12 21:12:32]: avatar 3 ( 11,  6) -> ( 11,  5)
[2015-03-12 21:12:32]: avatar 4 (  5,  8) -> (  5,  8)
[2015-03-12 21:12:32]: avatar 5 (  6,  8) -> (  5,  8)
[2015-03-12 21:12:32]: avatar 6 (  8,  9) -> (  9,  9)
[2015-03-12 21:12:32]: avatar 1 (  5,  8) -> (  6,  8)
[2015-03-12 21:12:32]: avatar 2 (  5,  8) -> (  6,  8)
[2015-03-12 21:12:32]: avatar 3 ( 11,  5) -> ( 11,  4)
[2015-03-12 21:12:32]: avatar 4 (  5,  8) -> (  6,  8)
[2015-03-12 21:12:32]: avatar 5 (  5,  8) -> (  6,  8)
[2015-03-12 21:12:32]: avatar 6 (  9,  9) -> ( 10,  9)
[2015-03-12 21:12:32]: avatar 1 (  6,  8) -> (  6,  7)
[2015-03-12 21:12:32]: avatar 2 (  6,  8) -> (  6,  7)
[2015-03-12 21:12:32]: avatar 3 ( 11,  4) -> ( 11,  3)
[2015-03-12 21:12:32]: avatar 4 (  6,  8) -> (  6,  7)
[2015-03-12 21:12:32]: avatar 5 (  6,  8) -> (  6,  7)
[2015-03-12 21:12:32]: avatar 6 ( 10,  9) -> ( 11,  9)
[2015-03-12 21:12:32]: avatar 1 (  6,  7) -> (  7,  7)
[2015-03-12 21:12:32]: avatar 2 (  6,  7) -> (  7,  7)
[2015-03-12 21:12:32]: avatar 3 ( 11,  3) -> ( 11,  2)
[2015-03-12 21:12:32]: avatar 4 (  6,  7) -> (  7,  7)
[2015-03-12 21:12:32]: avatar 5 (  6,  7) -> (  7,  7)
[2015-03-12 21:12:32]: avatar 6 ( 11,  9) -> ( 11,  8)
[2015-03-12 21:12:32]: avatar 1 (  7,  7) -> (  7,  6)
[2015-03-12 21:12:32]: avatar 2 (  7,  7) -> (  7,  6)
[2015-03-12 21:12:32]: avatar 3 ( 11,  2) -> ( 11,  1)
[2015-03-12 21:12:32]: avatar 4 (  7,  7) -> (  7,  6)
[2015-03-12 21:12:32]: avatar 5 (  7,  7) -> (  7,  6)
[2015-03-12 21:12:32]: avatar 6 ( 11,  8) -> ( 10,  8)
[2015-03-12 21:12:32]: avatar 1 (  7,  6) -> (  7,  5)
[2015-03-12 21:12:32]: avatar 2 (  7,  6) -> (  7,  5)
[2015-03-12 21:12:32]: avatar 3 ( 11,  1) -> ( 11,  0)
[2015-03-12 21:12:32]: avatar 4 (  7,  6) -> (  7,  5)
[2015-03-12 21:12:32]: avatar 5 (  7,  6) -> (  7,  5)
[2015-03-12 21:12:32]: avatar 6 ( 10,  8) -> ( 10,  7)
[2015-03-12 21:12:32]: avatar 1 (  7,  5) -> (  8,  5)
[2015-03-12 21:12:32]: avatar 2 (  7,  5) -> (  8,  5)
[2015-03-12 21:12:32]: avatar 3 ( 11,  0) -> ( 11,  0)
[2015-03-12 21:12:32]: avatar 4 (  7,  5) -> (  8,  5)
[2015-03-12 21:12:32]: avatar 5 (  7,  5) -> (  8,  5)
[2015-03-12 21:12:32]: avatar 6 ( 10,  7) -> ( 10,  6)
[2015-03-12 21:12:32]: avatar 1 (  8,  5) -> (  9,  5)
[2015-03-12 21:12:32]: avatar 2 (  8,  5) -> (  9,  5)
[2015-03-12 21:12:32]: avatar 3 ( 11,  0) -> ( 11,  1)
[2015-03-12 21:12:32]: avatar 4 (  8,  5) -> (  9,  5)
[2015-03-12 21:12:32]: avatar 5 (  8,  5) -> (  9,  5)
[2015-03-12 21:12:32]: avatar 6 ( 10,  6) -> ( 10,  5)
[2015-03-12 21:12:32]: avatar 1 (  9,  5) -> (  9,  6)
[2015-03-12 21:12:32]: avatar 2 (  9,  5) -> (  9,  6)
[2015-03-12 21:12:32]: avatar 3 ( 11,  1) -> ( 10,  1)
[2015-03-12 21:12:32]: avatar 4 (  9,  5) -> (  9,  6)
[2015-03-12 21:12:32]: avatar 5 (  9,  5) -> (  9,  6)
[2015-03-12 21:12:32]: avatar 6 ( 10,  5) -> ( 10,  4)
[2015-03-12 21:12:32]: avatar 1 (  9,  6) -> (  8,  6)
[2015-03-12 21:12:32]: avatar 2 (  9,  6) -> (  8,  6)
[2015-03-12 21:12:32]: avatar 3 ( 10,  1) -> ( 10,  0)
[2015-03-12 21:12:32]: avatar 4 (  9,  6) -> (  8,  6)
[2015-03-12 21:12:32]: avatar 5 (  9,  6) -> (  8,  6)
[2015-03-12 21:12:32]: avatar 6 ( 10,  4) -> (  9,  4)
[2015-03-12 21:12:32]: avatar 1 (  8,  6) -> (  8,  7)
[2015-03-12 21:12:32]: avatar 2 (  8,  6) -> (  8,  7)
[2015-03-12 21:12:32]: avatar 3 ( 10,  0) -> (  9,  0)
[2015-03-12 21:12:32]: avatar 4 (  8,  6) -> (  8,  7)
[2015-03-12 21:12:32]: avatar 5 (  8,  6) -> (  8,  7)
[2015-03-12 21:12:32]: avatar 6 (  9,  4) -> (  8,  4)
[2015-03-12 21:12:32]: avatar 1 (  8,  7) -> (  8,  8)
[2015-03-12 21:12:32]: avatar 2 (  8,  7) -> (  8,  8)
[2015-03-12 21:12:32]: avatar 3 (  9,  0) -> (  8,  0)
[2015-03-12 21:12:32]: avatar 4 (  8,  7) -> (  8,  8)
[2015-03-12 21:12:32]: avatar 5 (  8,  7) -> (  8,  8)
[2015-03-12 21:12:32]: avatar 6 (  8,  4) -> (  8,  4)
[2015-03-12 21:12:32]: avatar 1 (  8,  8) -> (  9,  8)
[2015-03-12 21:12:32]: avatar 2 (  8,  8) -> (  9,  8)
[2015-03-12 21:12:32]: avatar 3 (  8,  0) -> (  7,  0)
[2015-03-12 21:12:32]: avatar 4 (  8,  8) -> (  9,  8)
[2015-03-12 21:12:32]: avatar 5 (  8,  8) -> (  9,  8)
[2015-03-12 21:12:32]: avatar 6 (  8,  4) -> (  7,  4)
[2015-03-12 21:12:32]: avatar 1 (  9,  8) -> (  9,  9)
[2015-03-12 21:12:32]: avatar 2 (  9,  8) -> (  9,  9)
[2015-03-12 21:12:32]: avatar 3 (  7,  0) -> (  6,  0)
[2015-03-12 21:12:32]: avatar 4 (  9,  8) -> (  9,  9)
[2015-03-12 21:12:32]: avatar 5 (  9,  8) -> (  9,  9)
[2015-03-12 21:12:32]: avatar 6 (  7,  4) -> (  7,  3)
[2015-03-12 21:12:32]: avatar 1 (  9,  9) -> ( 10,  9)
[2015-03-12 21:12:32]: avatar 2 (  9,  9) -> ( 10,  9)
[2015-03-12 21:12:32]: avatar 3 (  6,  0) -> (  6,  0)
[2015-03-12 21:12:32]: avatar 4 (  9,  9) -> ( 10,  9)
[2015-03-12 21:12:32]: avatar 5 (  9,  9) -> ( 10,  9)
[2015-03-12 21:12:32]: avatar 6 (  7,  3) -> (  8,  3)
[2015-03-12 21:12:32]: avatar 1 ( 10,  9) -> ( 11,  9)
[2015-03-12 21:12:32]: avatar 2 ( 10,  9) -> ( 11,  9)
[2015-03-12 21:12:32]: avatar 3 (  6,  0) -> (  6,  1)
[2015-03-12 21:12:32]: avatar 4 ( 10,  9) -> ( 11,  9)
[2015-03-12 21:12:32]: avatar 5 ( 10,  9) -> ( 11,  9)
[2015-03-12 21:12:32]: avatar 6 (  8,  3) -> (  8,  2)
[2015-03-12 21:12:33]: avatar 1 ( 11,  9) -> ( 11,  8)
[2015-03-12 21:12:33]: avatar 2 ( 11,  9) -> ( 11,  8)
[2015-03-12 21:12:33]: avatar 3 (  6,  1) -> (  6,  1)
[2015-03-12 21:12:33]: avatar 4 ( 11,  9) -> ( 11,  8)
[2015-03-12 21:12:33]: avatar 5 ( 11,  9) -> ( 11,  8)
[2015-03-12 21:12:33]: avatar 6 (  8,  2) -> (  8,  1)
[2015-03-12 21:12:33]: avatar 1 ( 11,  8) -> ( 10,  8)
[2015-03-12 21:12:33]: avatar 2 ( 11,  8) -> ( 10,  8)
[2015-03-12 21:12:33]: avatar 3 (  6,  1) -> (  6,  2)
[2015-03-12 21:12:33]: avatar 4 ( 11,  8) -> ( 10,  8)
[2015-03-12 21:12:33]: avatar 5 ( 11,  8) -> ( 10,  8)
[2015-03-12 21:12:33]: avatar 6 (  8,  1) -> (  8,  0)
[2015-03-12 21:12:33]: avatar 1 ( 10,  8) -> ( 10,  7)
[2015-03-12 21:12:33]: avatar 2 ( 10,  8) -> ( 10,  7)
[2015-03-12 21:12:33]: avatar 3 (  6,  2) -> (  5,  2)
[2015-03-12 21:12:33]: avatar 4 ( 10,  8) -> ( 10,  7)
[2015-03-12 21:12:33]: avatar 5 ( 10,  8) -> ( 10,  7)
[2015-03-12 21:12:33]: avatar 6 (  8,  0) -> (  9,  0)
[2015-03-12 21:12:33]: avatar 1 ( 10,  7) -> ( 10,  6)
[2015-03-12 21:12:33]: avatar 2 ( 10,  7) -> ( 10,  6)
[2015-03-12 21:12:33]: avatar 3 (  5,  2) -> (  6,  2)
[2015-03-12 21:12:33]: avatar 4 ( 10,  7) -> ( 10,  6)
[2015-03-12 21:12:33]: avatar 5 ( 10,  7) -> ( 10,  6)
[2015-03-12 21:12:33]: avatar 6 (  9,  0) -> ( 10,  0)
[2015-03-12 21:12:33]: avatar 1 ( 10,  6) -> ( 10,  5)
[2015-03-12 21:12:33]: avatar 2 ( 10,  6) -> ( 10,  5)
[2015-03-12 21:12:33]: avatar 3 (  6,  2) -> (  6,  1)
[2015-03-12 21:12:33]: avatar 4 ( 10,  6) -> ( 10,  5)
[2015-03-12 21:12:33]: avatar 5 ( 10,  6) -> ( 10,  5)
[2015-03-12 21:12:33]: avatar 6 ( 10,  0) -> ( 10,  1)
[2015-03-12 21:12:33]: avatar 1 ( 10,  5) -> ( 10,  4)
[2015-03-12 21:12:33]: avatar 2 ( 10,  5) -> ( 10,  4)
[2015-03-12 21:12:33]: avatar 3 (  6,  1) -> (  6,  0)
[2015-03-12 21:12:33]: avatar 4 ( 10,  5) -> ( 10,  4)
[2015-03-12 21:12:33]: avatar 5 ( 10,  5) -> ( 10,  4)
[2015-03-12 21:12:33]: avatar 6 ( 10,  1) -> ( 11,  1)
[2015-03-12 21:12:33]: avatar 1 ( 10,  4) -> (  9,  4)
[2015-03-12 21:12:33]: avatar 2 ( 10,  4) -> (  9,  4)
[2015-03-12 21:12:33]: avatar 3 (  6,  0) -> (  7,  0)
[2015-03-12 21:12:33]: avatar 4 ( 10,  4) -> (  9,  4)
[2015-03-12 21:12:33]: avatar 5 ( 10,  4) -> (  9,  4)
[2015-03-12 21:12:33]: avatar 6 ( 11,  1) -> ( 11,  2)
[2015-03-12 21:12:33]: avatar 1 (  9,  4) -> (  8,  4)
[2015-03-12 21:12:33]: avatar 2 (  9,  4) -> (  8,  4)
[2015-03-12 21:12:33]: avatar 3 (  7,  0) -> (  8,  0)
[2015-03-12 21:12:33]: avatar 4 (  9,  4) -> (  8,  4)
[2015-03-12 21:12:33]: avatar 5 (  9,  4) -> (  8,  4)
[2015-03-12 21:12:33]: avatar 6 ( 11,  2) -> ( 11,  3)
[2015-03-12 21:12:33]: avatar 1 (  8,  4) -> (  7,  4)
[2015-03-12 21:12:33]: avatar 2 (  8,  4) -> (  7,  4)
[2015-03-12 21:12:33]: avatar 3 (  8,  0) -> (  8,  1)
[2015-03-12 21:12:33]: avatar 4 (  8,  4) -> (  7,  4)
[2015-03-12 21:12:33]: avatar 5 (  8,  4) -> (  7,  4)
[2015-03-12 21:12:33]: avatar 6 ( 11,  3) -> ( 10,  3)
[2015-03-12 21:12:33]: avatar 1 (  7,  4) -> (  7,  3)
[2015-03-12 21:12:33]: avatar 2 (  7,  4) -> (  7,  3)
[2015-03-12 21:12:33]: avatar 3 (  8,  1) -> (  8,  2)
[2015-03-12 21:12:33]: avatar 4 (  7,  4) -> (  7,  3)
[2015-03-12 21:12:33]: avatar 5 (  7,  4) -> (  7,  3)
[2015-03-12 21:12:33]: avatar 6 ( 10,  3) -> ( 10,  2)
[2015-03-12 21:12:33]: avatar 1 (  7,  3) -> (  8,  3)
[2015-03-12 21:12:33]: avatar 2 (  7,  3) -> (  8,  3)
[2015-03-12 21:12:33]: avatar 3 (  8,  2) -> (  8,  3)
[2015-03-12 21:12:33]: avatar 4 (  7,  3) -> (  8,  3)
[2015-03-12 21:12:33]: avatar 5 (  7,  3) -> (  8,  3)
[2015-03-12 21:12:33]: avatar 6 ( 10,  2) -> ( 10,  3)
[2015-03-12 21:12:33]: avatar 1 (  8,  3) -> (  8,  2)
[2015-03-12 21:12:33]: avatar 2 (  8,  3) -> (  8,  2)
[2015-03-12 21:12:33]: avatar 3 (  8,  3) -> (  7,  3)
[2015-03-12 21:12:33]: avatar 4 (  8,  3) -> (  8,  2)
[2015-03-12 21:12:33]: avatar 5 (  8,  3) -> (  8,  2)
[2015-03-12 21:12:33]: avatar 6 ( 10,  3) -> ( 11,  3)
[2015-03-12 21:12:33]: avatar 1 (  8,  2) -> (  8,  1)
[2015-03-12 21:12:33]: avatar 2 (  8,  2) -> (  8,  1)
[2015-03-12 21:12:33]: avatar 3 (  7,  3) -> (  7,  4)
[2015-03-12 21:12:33]: avatar 4 (  8,  2) -> (  8,  1)
[2015-03-12 21:12:33]: avatar 5 (  8,  2) -> (  8,  1)
[2015-03-12 21:12:33]: avatar 6 ( 11,  3) -> ( 11,  2)
[2015-03-12 21:12:33]: avatar 1 (  8,  1) -> (  8,  0)
[2015-03-12 21:12:33]: avatar 2 (  8,  1) -> (  8,  0)
[2015-03-12 21:12:33]: avatar 3 (  7,  4) -> (  8,  4)
[2015-03-12 21:12:33]: avatar 4 (  8,  1) -> (  8,  0)
[2015-03-12 21:12:33]: avatar 5 (  8,  1) -> (  8,  0)
[2015-03-12 21:12:33]: avatar 6 ( 11,  2) -> ( 11,  1)
[2015-03-12 21:12:33]: avatar 1 (  8,  0) -> (  9,  0)
[2015-03-12 21:12:33]: avatar 2 (  8,  0) -> (  9,  0)
[2015-03-12 21:12:33]: avatar 3 (  8,  4) -> (  9,  4)
[2015-03-12 21:12:33]: avatar 4 (  8,  0) -> (  9,  0)
[2015-03-12 21:12:33]: avatar 5 (  8,  0) -> (  9,  0)
[2015-03-12 21:12:33]: avatar 6 ( 11,  1) -> ( 10,  1)
[2015-03-12 21:12:33]: avatar 1 (  9,  0) -> ( 10,  0)
[2015-03-12 21:12:33]: avatar 2 (  9,  0) -> ( 10,  0)
[2015-03-12 21:12:33]: avatar 3 (  9,  4) -> ( 10,  4)
[2015-03-12 21:12:33]: avatar 4 (  9,  0) -> ( 10,  0)
[2015-03-12 21:12:33]: avatar 5 (  9,  0) -> ( 10,  0)
[2015-03-12 21:12:33]: avatar 6 ( 10,  1) -> ( 10,  0)
[2015-03-12 21:12:33]: avatar 1 ( 10,  0) -> (  9,  0)
[2015-03-12 21:12:33]: avatar 2 ( 10,  0) -> (  9,  0)
[2015-03-12 21:12:33]: avatar 3 ( 10,  4) -> ( 10,  5)
[2015-03-12 21:12:33]: avatar 4 ( 10,  0) -> (  9,  0)
[2015-03-12 21:12:33]: avatar 5 ( 10,  0) -> (  9,  0)
[2015-03-12 21:12:33]: avatar 6 ( 10,  0) -> (  9,  0)
[2015-03-12 21:12:33]: avatar 1 (  9,  0) -> (  8,  0)
[2015-03-12 21:12:33]: avatar 2 (  9,  0) -> (  8,  0)
[2015-03-12 21:12:33]: avatar 3 ( 10,  5) -> ( 10,  6)
[2015-03-12 21:12:33]: avatar 4 (  9,  0) -> (  8,  0)
[2015-03-12 21:12:33]: avatar 5 (  9,  0) -> (  8,  0)
[2015-03-12 21:12:33]: avatar 6 (  9,  0) -> (  8,  0)
[2015-03-12 21:12:33]: avatar 1 (  8,  0) -> (  8,  1)
[2015-03-12 21:12:33]: avatar 2 (  8,  0) -> (  8,  1)
[2015-03-12 21:12:33]: avatar 3 ( 10,  6) -> ( 10,  7)
[2015-03-12 21:12:33]: avatar 4 (  8,  0) -> (  8,  1)
[2015-03-12 21:12:33]: avatar 5 (  8,  0) -> (  8,  1)
[2015-03-12 21:12:33]: avatar 6 (  8,  0) -> (  8,  1)
[2015-03-12 21:12:33]: avatar 1 (  8,  1) -> (  8,  2)
[2015-03-12 21:12:33]: avatar 2 (  8,  1) -> (  8,  2)
[2015-03-12 21:12:33]: avatar 3 ( 10,  7) -> (  9,  7)
[2015-03-12 21:12:33]: avatar 4 (  8,  1) -> (  8,  2)
[2015-03-12 21:12:33]: avatar 5 (  8,  1) -> (  8,  2)
[2015-03-12 21:12:33]: avatar 6 (  8,  1) -> (  8,  2)
[2015-03-12 21:12:33]: avatar 1 (  8,  2) -> (  8,  3)
[2015-03-12 21:12:33]: avatar 2 (  8,  2) -> (  8,  3)
[2015-03-12 21:12:33]: avatar 3 (  9,  7) -> ( 10,  7)
[2015-03-12 21:12:33]: avatar 4 (  8,  2) -> (  8,  3)
[2015-03-12 21:12:33]: avatar 5 (  8,  2) -> (  8,  3)
[2015-03-12 21:12:33]: avatar 6 (  8,  2) -> (  8,  3)
[2015-03-12 21:12:33]: avatar 1 (  8,  3) -> (  7,  3)
[2015-03-12 21:12:33]: avatar 2 (  8,  3) -> (  7,  3)
[2015-03-12 21:12:33]: avatar 3 ( 10,  7) -> ( 10,  6)
[2015-03-12 21:12:33]: avatar 4 (  8,  3) -> (  7,  3)
[2015-03-12 21:12:33]: avatar 5 (  8,  3) -> (  7,  3)
[2015-03-12 21:12:33]: avatar 6 (  8,  3) -> (  7,  3)
[2015-03-12 21:12:34]: avatar 1 (  7,  3) -> (  7,  4)
[2015-03-12 21:12:34]: avatar 2 (  7,  3) -> (  7,  4)
[2015-03-12 21:12:34]: avatar 3 ( 10,  6) -> ( 10,  5)
[2015-03-12 21:12:34]: avatar 4 (  7,  3) -> (  7,  4)
[2015-03-12 21:12:34]: avatar 5 (  7,  3) -> (  7,  4)
[2015-03-12 21:12:34]: avatar 6 (  7,  3) -> (  7,  4)
[2015-03-12 21:12:34]: avatar 1 (  7,  4) -> (  8,  4)
[2015-03-12 21:12:34]: avatar 2 (  7,  4) -> (  8,  4)
[2015-03-12 21:12:34]: avatar 3 ( 10,  5) -> ( 10,  4)
[2015-03-12 21:12:34]: avatar 4 (  7,  4) -> (  8,  4)
[2015-03-12 21:12:34]: avatar 5 (  7,  4) -> (  8,  4)
[2015-03-12 21:12:34]: avatar 6 (  7,  4) -> (  8,  4)
[2015-03-12 21:12:34]: Moves to Solve: 389
[2015-03-12 21:12:34]: Hash: 823403695
