[2015-03-12 20:41:02]: USER=matthew, algorithm=2, port=35317, time=Thu Mar 12 20:41:02 2015
[2015-03-12 20:41:02]: Maze size = 6x9
[2015-03-12 20:41:05]: Moves to Solve: 260
[2015-03-12 20:41:05]: Hash: 1350987347
[2015-03-12 20:42:36]: USER=matthew, algorithm=2, port=33438, time=Thu Mar 12 20:42:36 2015
[2015-03-12 20:42:36]: Maze size = 6x9
[2015-03-12 20:42:39]: Moves to Solve: 260
[2015-03-12 20:42:39]: Hash: 895794545
[2015-03-12 20:43:00]: USER=matthew, algorithm=2, port=51939, time=Thu Mar 12 20:43:00 2015
[2015-03-12 20:43:00]: Maze size = 6x9
[2015-03-12 20:44:54]: USER=matthew, algorithm=2, port=47108, time=Thu Mar 12 20:44:54 2015
[2015-03-12 20:44:54]: Maze size = 6x9
[2015-03-12 20:44:58]: USER=matthew, algorithm=2, port=58368, time=Thu Mar 12 20:44:58 2015
[2015-03-12 20:44:58]: Maze size = 6x9
[2015-03-12 20:45:02]: Moves to Solve: 260
[2015-03-12 20:45:02]: Hash: 441337253
[2015-03-12 20:45:07]: USER=matthew, algorithm=2, port=44783, time=Thu Mar 12 20:45:07 2015
[2015-03-12 20:45:07]: Maze size = 6x9
[2015-03-12 20:45:09]: USER=matthew, algorithm=2, port=41790, time=Thu Mar 12 20:45:09 2015
[2015-03-12 20:45:09]: Maze size = 6x9
[2015-03-12 20:45:12]: Moves to Solve: 260
[2015-03-12 20:45:12]: Hash: 1373164642
[2015-03-12 20:45:50]: USER=matthew, algorithm=2, port=41032, time=Thu Mar 12 20:45:50 2015
[2015-03-12 20:45:50]: Maze size = 6x9
[2015-03-12 20:45:54]: Moves to Solve: 260
[2015-03-12 20:45:54]: Hash: 3788823999
[2015-03-12 21:12:06]: USER=matthew, algorithm=2, port=56422, time=Thu Mar 12 21:12:06 2015
[2015-03-12 21:12:06]: Maze size = 6x9
[2015-03-12 21:12:07]: avatar 1 ( 101, 101) -> (  2,  0)
[2015-03-12 21:12:07]: avatar 2 ( 101, 101) -> (  2,  5)
[2015-03-12 21:12:07]: avatar 3 ( 101, 101) -> (  4,  4)
[2015-03-12 21:12:07]: avatar 4 ( 101, 101) -> (  3,  0)
[2015-03-12 21:12:07]: avatar 5 ( 101, 101) -> (  2,  6)
[2015-03-12 21:12:07]: avatar 6 ( 101, 101) -> (  2,  8)
[2015-03-12 21:12:07]: avatar 7 ( 101, 101) -> (  4,  3)
[2015-03-12 21:12:07]: avatar 8 ( 101, 101) -> (  1,  2)
[2015-03-12 21:12:07]: avatar 9 ( 101, 101) -> (  0,  0)
[2015-03-12 21:12:07]: avatar 1 (  2,  0) -> (  1,  0)
[2015-03-12 21:12:07]: avatar 2 (  2,  5) -> (  2,  5)
[2015-03-12 21:12:07]: avatar 3 (  4,  4) -> (  5,  4)
[2015-03-12 21:12:07]: avatar 4 (  3,  0) -> (  3,  0)
[2015-03-12 21:12:07]: avatar 5 (  2,  6) -> (  2,  6)
[2015-03-12 21:12:07]: avatar 6 (  2,  8) -> (  3,  8)
[2015-03-12 21:12:07]: avatar 7 (  4,  3) -> (  4,  3)
[2015-03-12 21:12:07]: avatar 8 (  1,  2) -> (  2,  2)
[2015-03-12 21:12:07]: avatar 9 (  0,  0) -> (  0,  0)
[2015-03-12 21:12:07]: avatar 1 (  1,  0) -> (  1,  1)
[2015-03-12 21:12:07]: avatar 2 (  2,  5) -> (  2,  5)
[2015-03-12 21:12:07]: avatar 3 (  5,  4) -> (  5,  4)
[2015-03-12 21:12:07]: avatar 4 (  3,  0) -> (  2,  0)
[2015-03-12 21:12:07]: avatar 5 (  2,  6) -> (  2,  5)
[2015-03-12 21:12:07]: avatar 6 (  3,  8) -> (  4,  8)
[2015-03-12 21:12:07]: avatar 7 (  4,  3) -> (  4,  2)
[2015-03-12 21:12:07]: avatar 8 (  2,  2) -> (  2,  3)
[2015-03-12 21:12:07]: avatar 9 (  0,  0) -> (  0,  1)
[2015-03-12 21:12:07]: avatar 1 (  1,  1) -> (  1,  2)
[2015-03-12 21:12:07]: avatar 2 (  2,  5) -> (  1,  5)
[2015-03-12 21:12:07]: avatar 3 (  5,  4) -> (  5,  3)
[2015-03-12 21:12:07]: avatar 4 (  2,  0) -> (  2,  1)
[2015-03-12 21:12:07]: avatar 5 (  2,  5) -> (  1,  5)
[2015-03-12 21:12:07]: avatar 6 (  4,  8) -> (  5,  8)
[2015-03-12 21:12:07]: avatar 7 (  4,  2) -> (  4,  2)
[2015-03-12 21:12:07]: avatar 8 (  2,  3) -> (  2,  3)
[2015-03-12 21:12:07]: avatar 9 (  0,  1) -> (  0,  2)
[2015-03-12 21:12:07]: avatar 1 (  1,  2) -> (  1,  2)
[2015-03-12 21:12:07]: avatar 2 (  1,  5) -> (  1,  5)
[2015-03-12 21:12:07]: avatar 3 (  5,  3) -> (  5,  2)
[2015-03-12 21:12:07]: avatar 4 (  2,  1) -> (  2,  1)
[2015-03-12 21:12:07]: avatar 5 (  1,  5) -> (  1,  5)
[2015-03-12 21:12:07]: avatar 6 (  5,  8) -> (  5,  7)
[2015-03-12 21:12:07]: avatar 7 (  4,  2) -> (  4,  2)
[2015-03-12 21:12:07]: avatar 8 (  2,  3) -> (  2,  3)
[2015-03-12 21:12:07]: avatar 9 (  0,  2) -> (  0,  3)
[2015-03-12 21:12:07]: avatar 1 (  1,  2) -> (  0,  2)
[2015-03-12 21:12:07]: avatar 2 (  1,  5) -> (  1,  6)
[2015-03-12 21:12:07]: avatar 3 (  5,  2) -> (  5,  1)
[2015-03-12 21:12:07]: avatar 4 (  2,  1) -> (  2,  1)
[2015-03-12 21:12:07]: avatar 5 (  1,  5) -> (  1,  6)
[2015-03-12 21:12:07]: avatar 6 (  5,  7) -> (  5,  7)
[2015-03-12 21:12:07]: avatar 7 (  4,  2) -> (  3,  2)
[2015-03-12 21:12:07]: avatar 8 (  2,  3) -> (  3,  3)
[2015-03-12 21:12:07]: avatar 9 (  0,  3) -> (  0,  4)
[2015-03-12 21:12:07]: avatar 1 (  0,  2) -> (  0,  1)
[2015-03-12 21:12:07]: avatar 2 (  1,  6) -> (  0,  6)
[2015-03-12 21:12:07]: avatar 3 (  5,  1) -> (  5,  0)
[2015-03-12 21:12:07]: avatar 4 (  2,  1) -> (  3,  1)
[2015-03-12 21:12:07]: avatar 5 (  1,  6) -> (  1,  6)
[2015-03-12 21:12:07]: avatar 6 (  5,  7) -> (  5,  7)
[2015-03-12 21:12:07]: avatar 7 (  3,  2) -> (  3,  2)
[2015-03-12 21:12:07]: avatar 8 (  3,  3) -> (  3,  3)
[2015-03-12 21:12:07]: avatar 9 (  0,  4) -> (  0,  5)
[2015-03-12 21:12:07]: avatar 1 (  0,  1) -> (  0,  1)
[2015-03-12 21:12:07]: avatar 2 (  0,  6) -> (  0,  6)
[2015-03-12 21:12:07]: avatar 3 (  5,  0) -> (  4,  0)
[2015-03-12 21:12:07]: avatar 4 (  3,  1) -> (  4,  1)
[2015-03-12 21:12:07]: avatar 5 (  1,  6) -> (  1,  6)
[2015-03-12 21:12:07]: avatar 6 (  5,  7) -> (  5,  8)
[2015-03-12 21:12:07]: avatar 7 (  3,  2) -> (  3,  2)
[2015-03-12 21:12:07]: avatar 8 (  3,  3) -> (  4,  3)
[2015-03-12 21:12:07]: avatar 9 (  0,  5) -> (  0,  6)
[2015-03-12 21:12:07]: avatar 1 (  0,  1) -> (  0,  2)
[2015-03-12 21:12:07]: avatar 2 (  0,  6) -> (  0,  5)
[2015-03-12 21:12:07]: avatar 3 (  4,  0) -> (  4,  0)
[2015-03-12 21:12:07]: avatar 4 (  4,  1) -> (  4,  1)
[2015-03-12 21:12:07]: avatar 5 (  1,  6) -> (  1,  5)
[2015-03-12 21:12:07]: avatar 6 (  5,  8) -> (  4,  8)
[2015-03-12 21:12:07]: avatar 7 (  3,  2) -> (  3,  2)
[2015-03-12 21:12:07]: avatar 8 (  4,  3) -> (  4,  3)
[2015-03-12 21:12:07]: avatar 9 (  0,  6) -> (  1,  6)
[2015-03-12 21:12:07]: avatar 1 (  0,  2) -> (  0,  3)
[2015-03-12 21:12:07]: avatar 2 (  0,  5) -> (  0,  4)
[2015-03-12 21:12:07]: avatar 3 (  4,  0) -> (  4,  0)
[2015-03-12 21:12:07]: avatar 4 (  4,  1) -> (  4,  0)
[2015-03-12 21:12:07]: avatar 5 (  1,  5) -> (  2,  5)
[2015-03-12 21:12:07]: avatar 6 (  4,  8) -> (  4,  8)
[2015-03-12 21:12:07]: avatar 7 (  3,  2) -> (  4,  2)
[2015-03-12 21:12:07]: avatar 8 (  4,  3) -> (  4,  2)
[2015-03-12 21:12:07]: avatar 9 (  1,  6) -> (  1,  5)
[2015-03-12 21:12:07]: avatar 1 (  0,  3) -> (  0,  3)
[2015-03-12 21:12:07]: avatar 2 (  0,  4) -> (  0,  4)
[2015-03-12 21:12:07]: avatar 3 (  4,  0) -> (  4,  1)
[2015-03-12 21:12:07]: avatar 4 (  4,  0) -> (  5,  0)
[2015-03-12 21:12:07]: avatar 5 (  2,  5) -> (  2,  6)
[2015-03-12 21:12:07]: avatar 6 (  4,  8) -> (  3,  8)
[2015-03-12 21:12:07]: avatar 7 (  4,  2) -> (  4,  3)
[2015-03-12 21:12:07]: avatar 8 (  4,  2) -> (  4,  3)
[2015-03-12 21:12:07]: avatar 9 (  1,  5) -> (  2,  5)
[2015-03-12 21:12:08]: avatar 1 (  0,  3) -> (  0,  2)
[2015-03-12 21:12:08]: avatar 2 (  0,  4) -> (  0,  3)
[2015-03-12 21:12:08]: avatar 3 (  4,  1) -> (  3,  1)
[2015-03-12 21:12:08]: avatar 4 (  5,  0) -> (  5,  1)
[2015-03-12 21:12:08]: avatar 5 (  2,  6) -> (  2,  7)
[2015-03-12 21:12:08]: avatar 6 (  3,  8) -> (  3,  8)
[2015-03-12 21:12:08]: avatar 7 (  4,  3) -> (  3,  3)
[2015-03-12 21:12:08]: avatar 8 (  4,  3) -> (  3,  3)
[2015-03-12 21:12:08]: avatar 9 (  2,  5) -> (  2,  6)
[2015-03-12 21:12:08]: avatar 1 (  0,  2) -> (  1,  2)
[2015-03-12 21:12:08]: avatar 2 (  0,  3) -> (  0,  2)
[2015-03-12 21:12:08]: avatar 3 (  3,  1) -> (  3,  1)
[2015-03-12 21:12:08]: avatar 4 (  5,  1) -> (  5,  2)
[2015-03-12 21:12:08]: avatar 5 (  2,  7) -> (  2,  7)
[2015-03-12 21:12:08]: avatar 6 (  3,  8) -> (  2,  8)
[2015-03-12 21:12:08]: avatar 7 (  3,  3) -> (  2,  3)
[2015-03-12 21:12:08]: avatar 8 (  3,  3) -> (  2,  3)
[2015-03-12 21:12:08]: avatar 9 (  2,  6) -> (  2,  7)
[2015-03-12 21:12:08]: avatar 1 (  1,  2) -> (  2,  2)
[2015-03-12 21:12:08]: avatar 2 (  0,  2) -> (  1,  2)
[2015-03-12 21:12:08]: avatar 3 (  3,  1) -> (  2,  1)
[2015-03-12 21:12:08]: avatar 4 (  5,  2) -> (  5,  3)
[2015-03-12 21:12:08]: avatar 5 (  2,  7) -> (  2,  7)
[2015-03-12 21:12:08]: avatar 6 (  2,  8) -> (  1,  8)
[2015-03-12 21:12:08]: avatar 7 (  2,  3) -> (  2,  2)
[2015-03-12 21:12:08]: avatar 8 (  2,  3) -> (  2,  2)
[2015-03-12 21:12:08]: avatar 9 (  2,  7) -> (  2,  8)
[2015-03-12 21:12:08]: avatar 1 (  2,  2) -> (  2,  2)
[2015-03-12 21:12:08]: avatar 2 (  1,  2) -> (  1,  1)
[2015-03-12 21:12:08]: avatar 3 (  2,  1) -> (  2,  0)
[2015-03-12 21:12:08]: avatar 4 (  5,  3) -> (  5,  4)
[2015-03-12 21:12:08]: avatar 5 (  2,  7) -> (  2,  6)
[2015-03-12 21:12:08]: avatar 6 (  1,  8) -> (  1,  7)
[2015-03-12 21:12:08]: avatar 7 (  2,  2) -> (  1,  2)
[2015-03-12 21:12:08]: avatar 8 (  2,  2) -> (  1,  2)
[2015-03-12 21:12:08]: avatar 9 (  2,  8) -> (  1,  8)
[2015-03-12 21:12:08]: avatar 1 (  2,  2) -> (  2,  2)
[2015-03-12 21:12:08]: avatar 2 (  1,  1) -> (  1,  0)
[2015-03-12 21:12:08]: avatar 3 (  2,  0) -> (  3,  0)
[2015-03-12 21:12:08]: avatar 4 (  5,  4) -> (  4,  4)
[2015-03-12 21:12:08]: avatar 5 (  2,  6) -> (  2,  5)
[2015-03-12 21:12:08]: avatar 6 (  1,  7) -> (  1,  7)
[2015-03-12 21:12:08]: avatar 7 (  1,  2) -> (  1,  1)
[2015-03-12 21:12:08]: avatar 8 (  1,  2) -> (  1,  1)
[2015-03-12 21:12:08]: avatar 9 (  1,  8) -> (  1,  7)
[2015-03-12 21:12:09]: avatar 1 (  2,  2) -> (  1,  2)
[2015-03-12 21:12:09]: avatar 2 (  1,  0) -> (  2,  0)
[2015-03-12 21:12:09]: avatar 3 (  3,  0) -> (  2,  0)
[2015-03-12 21:12:09]: avatar 4 (  4,  4) -> (  5,  4)
[2015-03-12 21:12:09]: avatar 5 (  2,  5) -> (  1,  5)
[2015-03-12 21:12:09]: avatar 6 (  1,  7) -> (  1,  8)
[2015-03-12 21:12:09]: avatar 7 (  1,  1) -> (  1,  0)
[2015-03-12 21:12:09]: avatar 8 (  1,  1) -> (  1,  0)
[2015-03-12 21:12:09]: avatar 9 (  1,  7) -> (  1,  8)
[2015-03-12 21:12:09]: avatar 1 (  1,  2) -> (  1,  1)
[2015-03-12 21:12:09]: avatar 2 (  2,  0) -> (  2,  1)
[2015-03-12 21:12:09]: avatar 3 (  2,  0) -> (  2,  1)
[2015-03-12 21:12:09]: avatar 4 (  5,  4) -> (  5,  3)
[2015-03-12 21:12:09]: avatar 5 (  1,  5) -> (  1,  6)
[2015-03-12 21:12:09]: avatar 6 (  1,  8) -> (  2,  8)
[2015-03-12 21:12:09]: avatar 7 (  1,  0) -> (  2,  0)
[2015-03-12 21:12:09]: avatar 8 (  1,  0) -> (  2,  0)
[2015-03-12 21:12:09]: avatar 9 (  1,  8) -> (  2,  8)
[2015-03-12 21:12:09]: avatar 1 (  1,  1) -> (  1,  0)
[2015-03-12 21:12:09]: avatar 2 (  2,  1) -> (  3,  1)
[2015-03-12 21:12:09]: avatar 3 (  2,  1) -> (  3,  1)
[2015-03-12 21:12:09]: avatar 4 (  5,  3) -> (  5,  2)
[2015-03-12 21:12:09]: avatar 5 (  1,  6) -> (  0,  6)
[2015-03-12 21:12:09]: avatar 6 (  2,  8) -> (  2,  7)
[2015-03-12 21:12:09]: avatar 7 (  2,  0) -> (  2,  1)
[2015-03-12 21:12:09]: avatar 8 (  2,  0) -> (  2,  1)
[2015-03-12 21:12:09]: avatar 9 (  2,  8) -> (  2,  7)
[2015-03-12 21:12:09]: avatar 1 (  1,  0) -> (  2,  0)
[2015-03-12 21:12:09]: avatar 2 (  3,  1) -> (  4,  1)
[2015-03-12 21:12:09]: avatar 3 (  3,  1) -> (  4,  1)
[2015-03-12 21:12:09]: avatar 4 (  5,  2) -> (  5,  1)
[2015-03-12 21:12:09]: avatar 5 (  0,  6) -> (  0,  5)
[2015-03-12 21:12:09]: avatar 6 (  2,  7) -> (  2,  6)
[2015-03-12 21:12:09]: avatar 7 (  2,  1) -> (  3,  1)
[2015-03-12 21:12:09]: avatar 8 (  2,  1) -> (  3,  1)
[2015-03-12 21:12:09]: avatar 9 (  2,  7) -> (  2,  6)
[2015-03-12 21:12:09]: avatar 1 (  2,  0) -> (  2,  1)
[2015-03-12 21:12:09]: avatar 2 (  4,  1) -> (  4,  0)
[2015-03-12 21:12:09]: avatar 3 (  4,  1) -> (  4,  0)
[2015-03-12 21:12:09]: avatar 4 (  5,  1) -> (  5,  0)
[2015-03-12 21:12:09]: avatar 5 (  0,  5) -> (  0,  4)
[2015-03-12 21:12:09]: avatar 6 (  2,  6) -> (  2,  5)
[2015-03-12 21:12:09]: avatar 7 (  3,  1) -> (  4,  1)
[2015-03-12 21:12:09]: avatar 8 (  3,  1) -> (  4,  1)
[2015-03-12 21:12:09]: avatar 9 (  2,  6) -> (  2,  5)
[2015-03-12 21:12:09]: avatar 1 (  2,  1) -> (  3,  1)
[2015-03-12 21:12:09]: avatar 2 (  4,  0) -> (  4,  0)
[2015-03-12 21:12:09]: avatar 3 (  4,  0) -> (  4,  0)
[2015-03-12 21:12:09]: avatar 4 (  5,  0) -> (  4,  0)
[2015-03-12 21:12:09]: avatar 5 (  0,  4) -> (  0,  3)
[2015-03-12 21:12:09]: avatar 6 (  2,  5) -> (  1,  5)
[2015-03-12 21:12:09]: avatar 7 (  4,  1) -> (  4,  0)
[2015-03-12 21:12:09]: avatar 8 (  4,  1) -> (  4,  0)
[2015-03-12 21:12:09]: avatar 9 (  2,  5) -> (  1,  5)
[2015-03-12 21:12:09]: avatar 1 (  3,  1) -> (  4,  1)
[2015-03-12 21:12:09]: avatar 2 (  4,  0) -> (  4,  1)
[2015-03-12 21:12:09]: avatar 3 (  4,  0) -> (  4,  1)
[2015-03-12 21:12:09]: avatar 4 (  4,  0) -> (  4,  1)
[2015-03-12 21:12:09]: avatar 5 (  0,  3) -> (  0,  2)
[2015-03-12 21:12:09]: avatar 6 (  1,  5) -> (  1,  6)
[2015-03-12 21:12:09]: avatar 7 (  4,  0) -> (  4,  1)
[2015-03-12 21:12:09]: avatar 8 (  4,  0) -> (  4,  1)
[2015-03-12 21:12:09]: avatar 9 (  1,  5) -> (  1,  6)
[2015-03-12 21:12:09]: avatar 1 (  4,  1) -> (  3,  1)
[2015-03-12 21:12:09]: avatar 2 (  4,  1) -> (  3,  1)
[2015-03-12 21:12:09]: avatar 3 (  4,  1) -> (  3,  1)
[2015-03-12 21:12:09]: avatar 4 (  4,  1) -> (  3,  1)
[2015-03-12 21:12:09]: avatar 5 (  0,  2) -> (  1,  2)
[2015-03-12 21:12:09]: avatar 6 (  1,  6) -> (  0,  6)
[2015-03-12 21:12:09]: avatar 7 (  4,  1) -> (  3,  1)
[2015-03-12 21:12:09]: avatar 8 (  4,  1) -> (  3,  1)
[2015-03-12 21:12:09]: avatar 9 (  1,  6) -> (  0,  6)
[2015-03-12 21:12:09]: avatar 1 (  3,  1) -> (  2,  1)
[2015-03-12 21:12:09]: avatar 2 (  3,  1) -> (  2,  1)
[2015-03-12 21:12:09]: avatar 3 (  3,  1) -> (  2,  1)
[2015-03-12 21:12:09]: avatar 4 (  3,  1) -> (  2,  1)
[2015-03-12 21:12:09]: avatar 5 (  1,  2) -> (  1,  1)
[2015-03-12 21:12:09]: avatar 6 (  0,  6) -> (  0,  5)
[2015-03-12 21:12:09]: avatar 7 (  3,  1) -> (  2,  1)
[2015-03-12 21:12:09]: avatar 8 (  3,  1) -> (  2,  1)
[2015-03-12 21:12:09]: avatar 9 (  0,  6) -> (  0,  5)
[2015-03-12 21:12:09]: avatar 1 (  2,  1) -> (  2,  0)
[2015-03-12 21:12:09]: avatar 2 (  2,  1) -> (  2,  0)
[2015-03-12 21:12:09]: avatar 3 (  2,  1) -> (  2,  0)
[2015-03-12 21:12:09]: avatar 4 (  2,  1) -> (  2,  0)
[2015-03-12 21:12:09]: avatar 5 (  1,  1) -> (  1,  0)
[2015-03-12 21:12:09]: avatar 6 (  0,  5) -> (  0,  4)
[2015-03-12 21:12:09]: avatar 7 (  2,  1) -> (  2,  0)
[2015-03-12 21:12:09]: avatar 8 (  2,  1) -> (  2,  0)
[2015-03-12 21:12:09]: avatar 9 (  0,  5) -> (  0,  4)
[2015-03-12 21:12:09]: avatar 1 (  2,  0) -> (  2,  0)
[2015-03-12 21:12:09]: avatar 2 (  2,  0) -> (  2,  0)
[2015-03-12 21:12:09]: avatar 3 (  2,  0) -> (  2,  0)
[2015-03-12 21:12:09]: avatar 4 (  2,  0) -> (  2,  0)
[2015-03-12 21:12:09]: avatar 5 (  1,  0) -> (  1,  1)
[2015-03-12 21:12:09]: avatar 6 (  0,  4) -> (  0,  3)
[2015-03-12 21:12:09]: avatar 7 (  2,  0) -> (  1,  0)
[2015-03-12 21:12:09]: avatar 8 (  2,  0) -> (  1,  0)
[2015-03-12 21:12:09]: avatar 9 (  0,  4) -> (  0,  3)
[2015-03-12 21:12:09]: avatar 1 (  2,  0) -> (  2,  0)
[2015-03-12 21:12:09]: avatar 2 (  2,  0) -> (  2,  0)
[2015-03-12 21:12:09]: avatar 3 (  2,  0) -> (  2,  0)
[2015-03-12 21:12:09]: avatar 4 (  2,  0) -> (  2,  0)
[2015-03-12 21:12:09]: avatar 5 (  1,  1) -> (  1,  2)
[2015-03-12 21:12:09]: avatar 6 (  0,  3) -> (  0,  2)
[2015-03-12 21:12:09]: avatar 7 (  1,  0) -> (  1,  1)
[2015-03-12 21:12:09]: avatar 8 (  1,  0) -> (  1,  1)
[2015-03-12 21:12:09]: avatar 9 (  0,  3) -> (  0,  2)
[2015-03-12 21:12:09]: avatar 1 (  2,  0) -> (  1,  0)
[2015-03-12 21:12:09]: avatar 2 (  2,  0) -> (  1,  0)
[2015-03-12 21:12:09]: avatar 3 (  2,  0) -> (  1,  0)
[2015-03-12 21:12:09]: avatar 4 (  2,  0) -> (  1,  0)
[2015-03-12 21:12:09]: avatar 5 (  1,  2) -> (  1,  2)
[2015-03-12 21:12:09]: avatar 6 (  0,  2) -> (  1,  2)
[2015-03-12 21:12:09]: avatar 7 (  1,  1) -> (  1,  2)
[2015-03-12 21:12:09]: avatar 8 (  1,  1) -> (  1,  2)
[2015-03-12 21:12:09]: avatar 9 (  0,  2) -> (  1,  2)
[2015-03-12 21:12:09]: Moves to Solve: 260
[2015-03-12 21:12:09]: Hash: 2143623711
