[2015-03-12 22:35:28]: USER=matthew, algorithm=2, port=56855, time=Thu Mar 12 22:35:28 2015
[2015-03-12 22:35:28]: Maze size = 40x40
[2015-03-12 22:35:29]: avatar 1 ( 101, 101) -> ( 38, 34)
[2015-03-12 22:35:29]: avatar 2 ( 101, 101) -> ( 19, 23)
[2015-03-12 22:35:29]: avatar 1 ( 38, 34) -> ( 38, 34)
[2015-03-12 22:35:29]: avatar 2 ( 19, 23) -> ( 20, 23)
[2015-03-12 22:35:29]: avatar 1 ( 38, 34) -> ( 38, 34)
[2015-03-12 22:35:29]: avatar 2 ( 20, 23) -> ( 20, 24)
[2015-03-12 22:35:29]: avatar 1 ( 38, 34) -> ( 37, 34)
[2015-03-12 22:35:29]: avatar 2 ( 20, 24) -> ( 20, 24)
[2015-03-12 22:35:29]: avatar 1 ( 37, 34) -> ( 37, 33)
[2015-03-12 22:35:29]: avatar 2 ( 20, 24) -> ( 20, 24)
[2015-03-12 22:35:29]: avatar 1 ( 37, 33) -> ( 37, 33)
[2015-03-12 22:35:29]: avatar 2 ( 20, 24) -> ( 20, 24)
[2015-03-12 22:35:30]: avatar 1 ( 37, 33) -> ( 37, 32)
[2015-03-12 22:35:30]: avatar 2 ( 20, 24) -> ( 20, 23)
[2015-03-12 22:35:30]: avatar 1 ( 37, 32) -> ( 38, 32)
[2015-03-12 22:35:30]: avatar 2 ( 20, 23) -> ( 21, 23)
[2015-03-12 22:35:30]: avatar 1 ( 38, 32) -> ( 38, 33)
[2015-03-12 22:35:30]: avatar 2 ( 21, 23) -> ( 21, 24)
[2015-03-12 22:35:30]: avatar 1 ( 38, 33) -> ( 39, 33)
[2015-03-12 22:35:30]: avatar 2 ( 21, 24) -> ( 21, 25)
[2015-03-12 22:35:30]: avatar 1 ( 39, 33) -> ( 39, 33)
[2015-03-12 22:35:30]: avatar 2 ( 21, 25) -> ( 20, 25)
[2015-03-12 22:35:30]: avatar 1 ( 39, 33) -> ( 39, 32)
[2015-03-12 22:35:30]: avatar 2 ( 20, 25) -> ( 19, 25)
[2015-03-12 22:35:31]: avatar 1 ( 39, 32) -> ( 39, 31)
[2015-03-12 22:35:31]: avatar 2 ( 19, 25) -> ( 19, 24)
[2015-03-12 22:35:31]: avatar 1 ( 39, 31) -> ( 39, 30)
[2015-03-12 22:35:31]: avatar 2 ( 19, 24) -> ( 19, 24)
[2015-03-12 22:35:32]: avatar 1 ( 39, 30) -> ( 39, 29)
[2015-03-12 22:35:32]: avatar 2 ( 19, 24) -> ( 18, 24)
[2015-03-12 22:35:32]: avatar 1 ( 39, 29) -> ( 39, 28)
[2015-03-12 22:35:32]: avatar 2 ( 18, 24) -> ( 18, 24)
[2015-03-12 22:35:32]: avatar 1 ( 39, 28) -> ( 39, 28)
[2015-03-12 22:35:32]: avatar 2 ( 18, 24) -> ( 18, 24)
[2015-03-12 22:35:33]: avatar 1 ( 39, 28) -> ( 38, 28)
[2015-03-12 22:35:33]: avatar 2 ( 18, 24) -> ( 18, 25)
[2015-03-12 22:35:33]: avatar 1 ( 38, 28) -> ( 38, 28)
[2015-03-12 22:35:33]: avatar 2 ( 18, 25) -> ( 17, 25)
[2015-03-12 22:35:34]: avatar 1 ( 38, 28) -> ( 37, 28)
[2015-03-12 22:35:34]: avatar 2 ( 17, 25) -> ( 17, 25)
[2015-03-12 22:35:34]: avatar 1 ( 37, 28) -> ( 37, 28)
[2015-03-12 22:35:34]: avatar 2 ( 17, 25) -> ( 17, 25)
[2015-03-12 22:35:35]: avatar 1 ( 37, 28) -> ( 37, 28)
[2015-03-12 22:35:35]: avatar 2 ( 17, 25) -> ( 17, 26)
[2015-03-12 22:35:35]: avatar 1 ( 37, 28) -> ( 37, 29)
[2015-03-12 22:35:35]: avatar 2 ( 17, 26) -> ( 16, 26)
[2015-03-12 22:35:36]: avatar 1 ( 37, 29) -> ( 37, 29)
[2015-03-12 22:35:36]: avatar 2 ( 16, 26) -> ( 16, 26)
[2015-03-12 22:35:36]: avatar 1 ( 37, 29) -> ( 37, 29)
[2015-03-12 22:35:36]: avatar 2 ( 16, 26) -> ( 16, 26)
[2015-03-12 22:35:36]: avatar 1 ( 37, 29) -> ( 38, 29)
[2015-03-12 22:35:36]: avatar 2 ( 16, 26) -> ( 16, 26)
[2015-03-12 22:35:37]: avatar 1 ( 38, 29) -> ( 38, 29)
[2015-03-12 22:35:37]: avatar 2 ( 16, 26) -> ( 17, 26)
[2015-03-12 22:35:37]: avatar 1 ( 38, 29) -> ( 38, 29)
[2015-03-12 22:35:37]: avatar 2 ( 17, 26) -> ( 17, 27)
[2015-03-12 22:35:37]: avatar 1 ( 38, 29) -> ( 38, 29)
[2015-03-12 22:35:37]: avatar 2 ( 17, 27) -> ( 17, 27)
[2015-03-12 22:35:38]: avatar 1 ( 38, 29) -> ( 37, 29)
[2015-03-12 22:35:38]: avatar 2 ( 17, 27) -> ( 17, 27)
[2015-03-12 22:35:38]: avatar 1 ( 37, 29) -> ( 37, 28)
[2015-03-12 22:35:38]: avatar 2 ( 17, 27) -> ( 18, 27)
[2015-03-12 22:35:39]: avatar 1 ( 37, 28) -> ( 38, 28)
[2015-03-12 22:35:39]: avatar 2 ( 18, 27) -> ( 18, 27)
[2015-03-12 22:35:39]: avatar 1 ( 38, 28) -> ( 39, 28)
[2015-03-12 22:35:39]: avatar 2 ( 18, 27) -> ( 18, 27)
[2015-03-12 22:35:39]: avatar 1 ( 39, 28) -> ( 39, 29)
[2015-03-12 22:35:39]: avatar 2 ( 18, 27) -> ( 18, 27)
[2015-03-12 22:35:40]: avatar 1 ( 39, 29) -> ( 39, 30)
[2015-03-12 22:35:40]: avatar 2 ( 18, 27) -> ( 17, 27)
[2015-03-12 22:35:40]: avatar 1 ( 39, 30) -> ( 38, 30)
[2015-03-12 22:35:40]: avatar 2 ( 17, 27) -> ( 17, 26)
[2015-03-12 22:35:40]: avatar 1 ( 38, 30) -> ( 37, 30)
[2015-03-12 22:35:40]: avatar 2 ( 17, 26) -> ( 18, 26)
[2015-03-12 22:35:41]: avatar 1 ( 37, 30) -> ( 36, 30)
[2015-03-12 22:35:41]: avatar 2 ( 18, 26) -> ( 19, 26)
[2015-03-12 22:35:41]: avatar 1 ( 36, 30) -> ( 36, 30)
[2015-03-12 22:35:41]: avatar 2 ( 19, 26) -> ( 19, 27)
[2015-03-12 22:35:41]: avatar 1 ( 36, 30) -> ( 35, 30)
[2015-03-12 22:35:41]: avatar 2 ( 19, 27) -> ( 19, 28)
[2015-03-12 22:35:42]: avatar 1 ( 35, 30) -> ( 35, 29)
[2015-03-12 22:35:42]: avatar 2 ( 19, 28) -> ( 19, 28)
[2015-03-12 22:35:42]: avatar 1 ( 35, 29) -> ( 36, 29)
[2015-03-12 22:35:42]: avatar 2 ( 19, 28) -> ( 19, 29)
[2015-03-12 22:35:42]: avatar 1 ( 36, 29) -> ( 36, 28)
[2015-03-12 22:35:42]: avatar 2 ( 19, 29) -> ( 18, 29)
[2015-03-12 22:35:43]: avatar 1 ( 36, 28) -> ( 36, 27)
[2015-03-12 22:35:43]: avatar 2 ( 18, 29) -> ( 18, 28)
[2015-03-12 22:35:43]: avatar 1 ( 36, 27) -> ( 37, 27)
[2015-03-12 22:35:43]: avatar 2 ( 18, 28) -> ( 17, 28)
[2015-03-12 22:35:44]: avatar 1 ( 37, 27) -> ( 38, 27)
[2015-03-12 22:35:44]: avatar 2 ( 17, 28) -> ( 17, 28)
[2015-03-12 22:35:44]: avatar 1 ( 38, 27) -> ( 39, 27)
[2015-03-12 22:35:44]: avatar 2 ( 17, 28) -> ( 17, 29)
[2015-03-12 22:35:44]: avatar 1 ( 39, 27) -> ( 39, 26)
[2015-03-12 22:35:44]: avatar 2 ( 17, 29) -> ( 17, 29)
[2015-03-12 22:35:45]: avatar 1 ( 39, 26) -> ( 39, 25)
[2015-03-12 22:35:45]: avatar 2 ( 17, 29) -> ( 17, 30)
[2015-03-12 22:35:45]: avatar 1 ( 39, 25) -> ( 39, 24)
[2015-03-12 22:35:45]: avatar 2 ( 17, 30) -> ( 16, 30)
[2015-03-12 22:35:46]: avatar 1 ( 39, 24) -> ( 39, 24)
[2015-03-12 22:35:46]: avatar 2 ( 16, 30) -> ( 16, 29)
[2015-03-12 22:35:46]: avatar 1 ( 39, 24) -> ( 39, 24)
[2015-03-12 22:35:46]: avatar 2 ( 16, 29) -> ( 16, 29)
[2015-03-12 22:35:46]: avatar 1 ( 39, 24) -> ( 39, 25)
[2015-03-12 22:35:46]: avatar 2 ( 16, 29) -> ( 15, 29)
[2015-03-12 22:35:46]: avatar 1 ( 39, 25) -> ( 38, 25)
[2015-03-12 22:35:46]: avatar 2 ( 15, 29) -> ( 15, 28)
[2015-03-12 22:35:47]: avatar 1 ( 38, 25) -> ( 38, 24)
[2015-03-12 22:35:47]: avatar 2 ( 15, 28) -> ( 16, 28)
[2015-03-12 22:35:47]: avatar 1 ( 38, 24) -> ( 38, 23)
[2015-03-12 22:35:47]: avatar 2 ( 16, 28) -> ( 16, 27)
[2015-03-12 22:35:47]: avatar 1 ( 38, 23) -> ( 39, 23)
[2015-03-12 22:35:47]: avatar 2 ( 16, 27) -> ( 15, 27)
[2015-03-12 22:35:48]: avatar 1 ( 39, 23) -> ( 39, 22)
[2015-03-12 22:35:48]: avatar 2 ( 15, 27) -> ( 15, 26)
[2015-03-12 22:35:48]: avatar 1 ( 39, 22) -> ( 39, 21)
[2015-03-12 22:35:48]: avatar 2 ( 15, 26) -> ( 15, 25)
[2015-03-12 22:35:48]: avatar 1 ( 39, 21) -> ( 39, 21)
[2015-03-12 22:35:48]: avatar 2 ( 15, 25) -> ( 16, 25)
[2015-03-12 22:35:49]: avatar 1 ( 39, 21) -> ( 38, 21)
[2015-03-12 22:35:49]: avatar 2 ( 16, 25) -> ( 16, 24)
[2015-03-12 22:35:49]: avatar 1 ( 38, 21) -> ( 38, 20)
[2015-03-12 22:35:49]: avatar 2 ( 16, 24) -> ( 17, 24)
[2015-03-12 22:35:50]: avatar 1 ( 38, 20) -> ( 39, 20)
[2015-03-12 22:35:50]: avatar 2 ( 17, 24) -> ( 17, 23)
[2015-03-12 22:35:50]: avatar 1 ( 39, 20) -> ( 39, 19)
[2015-03-12 22:35:50]: avatar 2 ( 17, 23) -> ( 17, 23)
[2015-03-12 22:35:50]: avatar 1 ( 39, 19) -> ( 39, 18)
[2015-03-12 22:35:50]: avatar 2 ( 17, 23) -> ( 17, 23)
[2015-03-12 22:35:51]: avatar 1 ( 39, 18) -> ( 39, 18)
[2015-03-12 22:35:51]: avatar 2 ( 17, 23) -> ( 16, 23)
[2015-03-12 22:35:51]: avatar 1 ( 39, 18) -> ( 38, 18)
[2015-03-12 22:35:51]: avatar 2 ( 16, 23) -> ( 16, 22)
[2015-03-12 22:35:51]: avatar 1 ( 38, 18) -> ( 38, 18)
[2015-03-12 22:35:51]: avatar 2 ( 16, 22) -> ( 16, 22)
[2015-03-12 22:35:52]: avatar 1 ( 38, 18) -> ( 38, 18)
[2015-03-12 22:35:52]: avatar 2 ( 16, 22) -> ( 16, 22)
[2015-03-12 22:35:52]: avatar 1 ( 38, 18) -> ( 38, 19)
[2015-03-12 22:35:52]: avatar 2 ( 16, 22) -> ( 16, 22)
[2015-03-12 22:35:52]: avatar 1 ( 38, 19) -> ( 37, 19)
[2015-03-12 22:35:52]: avatar 2 ( 16, 22) -> ( 16, 23)
[2015-03-12 22:35:52]: avatar 1 ( 37, 19) -> ( 37, 18)
[2015-03-12 22:35:52]: avatar 2 ( 16, 23) -> ( 15, 23)
[2015-03-12 22:35:53]: avatar 1 ( 37, 18) -> ( 37, 17)
[2015-03-12 22:35:53]: avatar 2 ( 15, 23) -> ( 15, 22)
[2015-03-12 22:35:53]: avatar 1 ( 37, 17) -> ( 38, 17)
[2015-03-12 22:35:53]: avatar 2 ( 15, 22) -> ( 15, 22)
[2015-03-12 22:35:54]: avatar 1 ( 38, 17) -> ( 39, 17)
[2015-03-12 22:35:54]: avatar 2 ( 15, 22) -> ( 14, 22)
[2015-03-12 22:35:54]: avatar 1 ( 39, 17) -> ( 39, 16)
[2015-03-12 22:35:54]: avatar 2 ( 14, 22) -> ( 14, 21)
[2015-03-12 22:35:54]: avatar 1 ( 39, 16) -> ( 39, 15)
[2015-03-12 22:35:54]: avatar 2 ( 14, 21) -> ( 14, 21)
[2015-03-12 22:35:55]: avatar 1 ( 39, 15) -> ( 39, 14)
[2015-03-12 22:35:55]: avatar 2 ( 14, 21) -> ( 14, 21)
[2015-03-12 22:35:55]: avatar 1 ( 39, 14) -> ( 39, 13)
[2015-03-12 22:35:55]: avatar 2 ( 14, 21) -> ( 14, 21)
[2015-03-12 22:35:55]: avatar 1 ( 39, 13) -> ( 39, 13)
[2015-03-12 22:35:55]: avatar 2 ( 14, 21) -> ( 14, 22)
[2015-03-12 22:35:56]: avatar 1 ( 39, 13) -> ( 38, 13)
[2015-03-12 22:35:56]: avatar 2 ( 14, 22) -> ( 13, 22)
[2015-03-12 22:35:56]: avatar 1 ( 38, 13) -> ( 38, 13)
[2015-03-12 22:35:56]: avatar 2 ( 13, 22) -> ( 13, 22)
[2015-03-12 22:35:56]: avatar 1 ( 38, 13) -> ( 37, 13)
[2015-03-12 22:35:56]: avatar 2 ( 13, 22) -> ( 12, 22)
[2015-03-12 22:35:57]: avatar 1 ( 37, 13) -> ( 37, 12)
[2015-03-12 22:35:57]: avatar 2 ( 12, 22) -> ( 12, 22)
[2015-03-12 22:35:57]: avatar 1 ( 37, 12) -> ( 38, 12)
[2015-03-12 22:35:57]: avatar 2 ( 12, 22) -> ( 11, 22)
[2015-03-12 22:35:57]: avatar 1 ( 38, 12) -> ( 38, 12)
[2015-03-12 22:35:57]: avatar 2 ( 11, 22) -> ( 11, 21)
[2015-03-12 22:35:58]: avatar 1 ( 38, 12) -> ( 38, 11)
[2015-03-12 22:35:58]: avatar 2 ( 11, 21) -> ( 11, 21)
[2015-03-12 22:35:58]: avatar 1 ( 38, 11) -> ( 39, 11)
[2015-03-12 22:35:58]: avatar 2 ( 11, 21) -> ( 11, 21)
[2015-03-12 22:35:59]: avatar 1 ( 39, 11) -> ( 39, 12)
[2015-03-12 22:35:59]: avatar 2 ( 11, 21) -> ( 10, 21)
[2015-03-12 22:35:59]: avatar 1 ( 39, 12) -> ( 39, 11)
[2015-03-12 22:35:59]: avatar 2 ( 10, 21) -> ( 10, 21)
[2015-03-12 22:35:59]: avatar 1 ( 39, 11) -> ( 39, 10)
[2015-03-12 22:35:59]: avatar 2 ( 10, 21) -> ( 10, 21)
[2015-03-12 22:36:00]: avatar 1 ( 39, 10) -> ( 39, 10)
[2015-03-12 22:36:00]: avatar 2 ( 10, 21) -> ( 10, 22)
[2015-03-12 22:36:00]: avatar 1 ( 39, 10) -> ( 38, 10)
[2015-03-12 22:36:00]: avatar 2 ( 10, 22) -> ( 10, 22)
[2015-03-12 22:36:01]: avatar 1 ( 38, 10) -> ( 38,  9)
[2015-03-12 22:36:01]: avatar 2 ( 10, 22) -> ( 10, 23)
[2015-03-12 22:36:01]: avatar 1 ( 38,  9) -> ( 38,  9)
[2015-03-12 22:36:01]: avatar 2 ( 10, 23) -> ( 10, 23)
[2015-03-12 22:36:01]: avatar 1 ( 38,  9) -> ( 38,  9)
[2015-03-12 22:36:01]: avatar 2 ( 10, 23) -> ( 10, 23)
[2015-03-12 22:36:02]: avatar 1 ( 38,  9) -> ( 37,  9)
[2015-03-12 22:36:02]: avatar 2 ( 10, 23) -> ( 11, 23)
[2015-03-12 22:36:02]: avatar 1 ( 37,  9) -> ( 37,  8)
[2015-03-12 22:36:02]: avatar 2 ( 11, 23) -> ( 11, 24)
[2015-03-12 22:36:03]: avatar 1 ( 37,  8) -> ( 37,  8)
[2015-03-12 22:36:03]: avatar 2 ( 11, 24) -> ( 10, 24)
[2015-03-12 22:36:03]: avatar 1 ( 37,  8) -> ( 37,  7)
[2015-03-12 22:36:03]: avatar 2 ( 10, 24) -> (  9, 24)
[2015-03-12 22:36:03]: avatar 1 ( 37,  7) -> ( 37,  7)
[2015-03-12 22:36:03]: avatar 2 (  9, 24) -> (  9, 23)
[2015-03-12 22:36:04]: avatar 1 ( 37,  7) -> ( 37,  6)
[2015-03-12 22:36:04]: avatar 2 (  9, 23) -> (  9, 23)
[2015-03-12 22:36:04]: avatar 1 ( 37,  6) -> ( 37,  6)
[2015-03-12 22:36:04]: avatar 2 (  9, 23) -> (  9, 23)
[2015-03-12 22:36:04]: avatar 1 ( 37,  6) -> ( 37,  6)
[2015-03-12 22:36:04]: avatar 2 (  9, 23) -> (  9, 24)
[2015-03-12 22:36:05]: avatar 1 ( 37,  6) -> ( 36,  6)
[2015-03-12 22:36:05]: avatar 2 (  9, 24) -> (  9, 24)
[2015-03-12 22:36:05]: avatar 1 ( 36,  6) -> ( 36,  6)
[2015-03-12 22:36:05]: avatar 2 (  9, 24) -> (  9, 25)
[2015-03-12 22:36:05]: avatar 1 ( 36,  6) -> ( 35,  6)
[2015-03-12 22:36:05]: avatar 2 (  9, 25) -> (  9, 25)
[2015-03-12 22:36:06]: avatar 1 ( 35,  6) -> ( 35,  5)
[2015-03-12 22:36:06]: avatar 2 (  9, 25) -> (  9, 25)
[2015-03-12 22:36:06]: avatar 1 ( 35,  5) -> ( 35,  5)
[2015-03-12 22:36:06]: avatar 2 (  9, 25) -> ( 10, 25)
[2015-03-12 22:36:07]: avatar 1 ( 35,  5) -> ( 35,  4)
[2015-03-12 22:36:07]: avatar 2 ( 10, 25) -> ( 10, 26)
[2015-03-12 22:36:07]: avatar 1 ( 35,  4) -> ( 36,  4)
[2015-03-12 22:36:07]: avatar 2 ( 10, 26) -> ( 10, 26)
[2015-03-12 22:36:08]: avatar 1 ( 36,  4) -> ( 36,  4)
[2015-03-12 22:36:08]: avatar 2 ( 10, 26) -> ( 10, 27)
[2015-03-12 22:36:08]: avatar 1 ( 36,  4) -> ( 37,  4)
[2015-03-12 22:36:08]: avatar 2 ( 10, 27) -> ( 10, 27)
[2015-03-12 22:36:08]: avatar 1 ( 37,  4) -> ( 37,  4)
[2015-03-12 22:36:08]: avatar 2 ( 10, 27) -> ( 10, 28)
[2015-03-12 22:36:09]: avatar 1 ( 37,  4) -> ( 37,  4)
[2015-03-12 22:36:09]: avatar 2 ( 10, 28) -> ( 10, 28)
[2015-03-12 22:36:09]: avatar 1 ( 37,  4) -> ( 37,  3)
[2015-03-12 22:36:09]: avatar 2 ( 10, 28) -> ( 10, 28)
[2015-03-12 22:36:10]: avatar 1 ( 37,  3) -> ( 37,  3)
[2015-03-12 22:36:10]: avatar 2 ( 10, 28) -> ( 10, 28)
[2015-03-12 22:36:10]: avatar 1 ( 37,  3) -> ( 37,  2)
[2015-03-12 22:36:10]: avatar 2 ( 10, 28) -> ( 10, 27)
[2015-03-12 22:36:10]: avatar 1 ( 37,  2) -> ( 38,  2)
[2015-03-12 22:36:10]: avatar 2 ( 10, 27) -> ( 10, 27)
[2015-03-12 22:36:11]: avatar 1 ( 38,  2) -> ( 38,  2)
[2015-03-12 22:36:11]: avatar 2 ( 10, 27) -> ( 10, 26)
[2015-03-12 22:36:11]: avatar 1 ( 38,  2) -> ( 39,  2)
[2015-03-12 22:36:11]: avatar 2 ( 10, 26) -> ( 11, 26)
[2015-03-12 22:36:12]: avatar 1 ( 39,  2) -> ( 39,  3)
[2015-03-12 22:36:12]: avatar 2 ( 11, 26) -> ( 11, 26)
[2015-03-12 22:36:12]: avatar 1 ( 39,  3) -> ( 38,  3)
[2015-03-12 22:36:12]: avatar 2 ( 11, 26) -> ( 11, 26)
[2015-03-12 22:36:12]: avatar 1 ( 38,  3) -> ( 38,  4)
[2015-03-12 22:36:12]: avatar 2 ( 11, 26) -> ( 11, 25)
[2015-03-12 22:36:13]: avatar 1 ( 38,  4) -> ( 38,  4)
[2015-03-12 22:36:13]: avatar 2 ( 11, 25) -> ( 11, 25)
[2015-03-12 22:36:13]: avatar 1 ( 38,  4) -> ( 39,  4)
[2015-03-12 22:36:13]: avatar 2 ( 11, 25) -> ( 11, 25)
[2015-03-12 22:36:13]: avatar 1 ( 39,  4) -> ( 39,  5)
[2015-03-12 22:36:13]: avatar 2 ( 11, 25) -> ( 11, 25)
[2015-03-12 22:36:13]: avatar 1 ( 39,  5) -> ( 38,  5)
[2015-03-12 22:36:13]: avatar 2 ( 11, 25) -> ( 11, 26)
[2015-03-12 22:36:13]: avatar 1 ( 38,  5) -> ( 37,  5)
[2015-03-12 22:36:13]: avatar 2 ( 11, 26) -> ( 10, 26)
[2015-03-12 22:36:14]: avatar 1 ( 37,  5) -> ( 36,  5)
[2015-03-12 22:36:14]: avatar 2 ( 10, 26) -> ( 10, 25)
[2015-03-12 22:36:14]: avatar 1 ( 36,  5) -> ( 37,  5)
[2015-03-12 22:36:14]: avatar 2 ( 10, 25) -> ( 10, 25)
[2015-03-12 22:36:14]: avatar 1 ( 37,  5) -> ( 38,  5)
[2015-03-12 22:36:14]: avatar 2 ( 10, 25) -> (  9, 25)
[2015-03-12 22:36:14]: avatar 1 ( 38,  5) -> ( 38,  6)
[2015-03-12 22:36:14]: avatar 2 (  9, 25) -> (  9, 24)
[2015-03-12 22:36:15]: avatar 1 ( 38,  6) -> ( 38,  6)
[2015-03-12 22:36:15]: avatar 2 (  9, 24) -> ( 10, 24)
[2015-03-12 22:36:15]: avatar 1 ( 38,  6) -> ( 39,  6)
[2015-03-12 22:36:15]: avatar 2 ( 10, 24) -> ( 11, 24)
[2015-03-12 22:36:15]: avatar 1 ( 39,  6) -> ( 39,  7)
[2015-03-12 22:36:15]: avatar 2 ( 11, 24) -> ( 11, 24)
[2015-03-12 22:36:15]: avatar 1 ( 39,  7) -> ( 38,  7)
[2015-03-12 22:36:15]: avatar 2 ( 11, 24) -> ( 11, 23)
[2015-03-12 22:36:16]: avatar 1 ( 38,  7) -> ( 38,  8)
[2015-03-12 22:36:16]: avatar 2 ( 11, 23) -> ( 11, 23)
[2015-03-12 22:36:16]: avatar 1 ( 38,  8) -> ( 39,  8)
[2015-03-12 22:36:16]: avatar 2 ( 11, 23) -> ( 11, 23)
[2015-03-12 22:36:16]: avatar 1 ( 39,  8) -> ( 39,  9)
[2015-03-12 22:36:16]: avatar 2 ( 11, 23) -> ( 10, 23)
[2015-03-12 22:36:16]: avatar 1 ( 39,  9) -> ( 39,  8)
[2015-03-12 22:36:16]: avatar 2 ( 10, 23) -> ( 10, 22)
[2015-03-12 22:36:16]: avatar 1 ( 39,  8) -> ( 39,  8)
[2015-03-12 22:36:16]: avatar 2 ( 10, 22) -> ( 10, 22)
[2015-03-12 22:36:17]: avatar 1 ( 39,  8) -> ( 38,  8)
[2015-03-12 22:36:17]: avatar 2 ( 10, 22) -> ( 10, 21)
[2015-03-12 22:36:17]: avatar 1 ( 38,  8) -> ( 38,  7)
[2015-03-12 22:36:17]: avatar 2 ( 10, 21) -> ( 11, 21)
[2015-03-12 22:36:17]: avatar 1 ( 38,  7) -> ( 39,  7)
[2015-03-12 22:36:17]: avatar 2 ( 11, 21) -> ( 11, 22)
[2015-03-12 22:36:18]: avatar 1 ( 39,  7) -> ( 39,  6)
[2015-03-12 22:36:18]: avatar 2 ( 11, 22) -> ( 12, 22)
[2015-03-12 22:36:18]: avatar 1 ( 39,  6) -> ( 39,  6)
[2015-03-12 22:36:18]: avatar 2 ( 12, 22) -> ( 12, 22)
[2015-03-12 22:36:18]: avatar 1 ( 39,  6) -> ( 38,  6)
[2015-03-12 22:36:18]: avatar 2 ( 12, 22) -> ( 13, 22)
[2015-03-12 22:36:19]: avatar 1 ( 38,  6) -> ( 38,  5)
[2015-03-12 22:36:19]: avatar 2 ( 13, 22) -> ( 13, 22)
[2015-03-12 22:36:19]: avatar 1 ( 38,  5) -> ( 39,  5)
[2015-03-12 22:36:19]: avatar 2 ( 13, 22) -> ( 14, 22)
[2015-03-12 22:36:19]: avatar 1 ( 39,  5) -> ( 39,  4)
[2015-03-12 22:36:19]: avatar 2 ( 14, 22) -> ( 14, 23)
[2015-03-12 22:36:20]: avatar 1 ( 39,  4) -> ( 39,  4)
[2015-03-12 22:36:20]: avatar 2 ( 14, 23) -> ( 13, 23)
[2015-03-12 22:36:20]: avatar 1 ( 39,  4) -> ( 38,  4)
[2015-03-12 22:36:20]: avatar 2 ( 13, 23) -> ( 12, 23)
[2015-03-12 22:36:20]: avatar 1 ( 38,  4) -> ( 38,  3)
[2015-03-12 22:36:20]: avatar 2 ( 12, 23) -> ( 12, 24)
[2015-03-12 22:36:20]: avatar 1 ( 38,  3) -> ( 39,  3)
[2015-03-12 22:36:20]: avatar 2 ( 12, 24) -> ( 12, 25)
[2015-03-12 22:36:21]: avatar 1 ( 39,  3) -> ( 39,  2)
[2015-03-12 22:36:21]: avatar 2 ( 12, 25) -> ( 12, 26)
[2015-03-12 22:36:21]: avatar 1 ( 39,  2) -> ( 39,  1)
[2015-03-12 22:36:21]: avatar 2 ( 12, 26) -> ( 12, 27)
[2015-03-12 22:36:21]: avatar 1 ( 39,  1) -> ( 39,  1)
[2015-03-12 22:36:21]: avatar 2 ( 12, 27) -> ( 11, 27)
[2015-03-12 22:36:21]: avatar 1 ( 39,  1) -> ( 38,  1)
[2015-03-12 22:36:21]: avatar 2 ( 11, 27) -> ( 11, 28)
[2015-03-12 22:36:22]: avatar 1 ( 38,  1) -> ( 38,  0)
[2015-03-12 22:36:22]: avatar 2 ( 11, 28) -> ( 11, 28)
[2015-03-12 22:36:22]: avatar 1 ( 38,  0) -> ( 39,  0)
[2015-03-12 22:36:22]: avatar 2 ( 11, 28) -> ( 12, 28)
[2015-03-12 22:36:22]: avatar 1 ( 39,  0) -> ( 38,  0)
[2015-03-12 22:36:22]: avatar 2 ( 12, 28) -> ( 12, 28)
[2015-03-12 22:36:22]: avatar 1 ( 38,  0) -> ( 37,  0)
[2015-03-12 22:36:22]: avatar 2 ( 12, 28) -> ( 13, 28)
[2015-03-12 22:36:23]: avatar 1 ( 37,  0) -> ( 36,  0)
[2015-03-12 22:36:23]: avatar 2 ( 13, 28) -> ( 13, 28)
[2015-03-12 22:36:23]: avatar 1 ( 36,  0) -> ( 35,  0)
[2015-03-12 22:36:23]: avatar 2 ( 13, 28) -> ( 13, 28)
[2015-03-12 22:36:23]: avatar 1 ( 35,  0) -> ( 34,  0)
[2015-03-12 22:36:23]: avatar 2 ( 13, 28) -> ( 13, 27)
[2015-03-12 22:36:23]: avatar 1 ( 34,  0) -> ( 33,  0)
[2015-03-12 22:36:23]: avatar 2 ( 13, 27) -> ( 14, 27)
[2015-03-12 22:36:24]: avatar 1 ( 33,  0) -> ( 32,  0)
[2015-03-12 22:36:24]: avatar 2 ( 14, 27) -> ( 14, 28)
[2015-03-12 22:36:24]: avatar 1 ( 32,  0) -> ( 31,  0)
[2015-03-12 22:36:24]: avatar 2 ( 14, 28) -> ( 14, 29)
[2015-03-12 22:36:24]: avatar 1 ( 31,  0) -> ( 30,  0)
[2015-03-12 22:36:24]: avatar 2 ( 14, 29) -> ( 13, 29)
[2015-03-12 22:36:24]: avatar 1 ( 30,  0) -> ( 29,  0)
[2015-03-12 22:36:24]: avatar 2 ( 13, 29) -> ( 12, 29)
[2015-03-12 22:36:24]: avatar 1 ( 29,  0) -> ( 29,  0)
[2015-03-12 22:36:24]: avatar 2 ( 12, 29) -> ( 11, 29)
[2015-03-12 22:36:25]: avatar 1 ( 29,  0) -> ( 29,  1)
[2015-03-12 22:36:25]: avatar 2 ( 11, 29) -> ( 11, 29)
[2015-03-12 22:36:25]: avatar 1 ( 29,  1) -> ( 28,  1)
[2015-03-12 22:36:25]: avatar 2 ( 11, 29) -> ( 11, 30)
[2015-03-12 22:36:25]: avatar 1 ( 28,  1) -> ( 28,  1)
[2015-03-12 22:36:25]: avatar 2 ( 11, 30) -> ( 11, 30)
[2015-03-12 22:36:26]: avatar 1 ( 28,  1) -> ( 28,  1)
[2015-03-12 22:36:26]: avatar 2 ( 11, 30) -> ( 11, 31)
[2015-03-12 22:36:26]: avatar 1 ( 28,  1) -> ( 28,  2)
[2015-03-12 22:36:26]: avatar 2 ( 11, 31) -> ( 10, 31)
[2015-03-12 22:36:26]: avatar 1 ( 28,  2) -> ( 27,  2)
[2015-03-12 22:36:26]: avatar 2 ( 10, 31) -> ( 10, 30)
[2015-03-12 22:36:26]: avatar 1 ( 27,  2) -> ( 27,  2)
[2015-03-12 22:36:26]: avatar 2 ( 10, 30) -> ( 10, 29)
[2015-03-12 22:36:27]: avatar 1 ( 27,  2) -> ( 27,  2)
[2015-03-12 22:36:27]: avatar 2 ( 10, 29) -> (  9, 29)
[2015-03-12 22:36:27]: avatar 1 ( 27,  2) -> ( 27,  3)
[2015-03-12 22:36:27]: avatar 2 (  9, 29) -> (  9, 29)
[2015-03-12 22:36:27]: avatar 1 ( 27,  3) -> ( 26,  3)
[2015-03-12 22:36:27]: avatar 2 (  9, 29) -> (  8, 29)
[2015-03-12 22:36:27]: avatar 1 ( 26,  3) -> ( 26,  2)
[2015-03-12 22:36:27]: avatar 2 (  8, 29) -> (  8, 28)
[2015-03-12 22:36:27]: avatar 1 ( 26,  2) -> ( 26,  2)
[2015-03-12 22:36:27]: avatar 2 (  8, 28) -> (  9, 28)
[2015-03-12 22:36:28]: avatar 1 ( 26,  2) -> ( 25,  2)
[2015-03-12 22:36:28]: avatar 2 (  9, 28) -> (  9, 27)
[2015-03-12 22:36:28]: avatar 1 ( 25,  2) -> ( 25,  1)
[2015-03-12 22:36:28]: avatar 2 (  9, 27) -> (  9, 26)
[2015-03-12 22:36:28]: avatar 1 ( 25,  1) -> ( 25,  1)
[2015-03-12 22:36:28]: avatar 2 (  9, 26) -> (  8, 26)
[2015-03-12 22:36:29]: avatar 1 ( 25,  1) -> ( 25,  0)
[2015-03-12 22:36:29]: avatar 2 (  8, 26) -> (  8, 25)
[2015-03-12 22:36:29]: avatar 1 ( 25,  0) -> ( 26,  0)
[2015-03-12 22:36:29]: avatar 2 (  8, 25) -> (  8, 24)
[2015-03-12 22:36:29]: avatar 1 ( 26,  0) -> ( 26,  1)
[2015-03-12 22:36:29]: avatar 2 (  8, 24) -> (  8, 24)
[2015-03-12 22:36:29]: avatar 1 ( 26,  1) -> ( 27,  1)
[2015-03-12 22:36:29]: avatar 2 (  8, 24) -> (  7, 24)
[2015-03-12 22:36:30]: avatar 1 ( 27,  1) -> ( 27,  0)
[2015-03-12 22:36:30]: avatar 2 (  7, 24) -> (  7, 24)
[2015-03-12 22:36:30]: avatar 1 ( 27,  0) -> ( 28,  0)
[2015-03-12 22:36:30]: avatar 2 (  7, 24) -> (  7, 24)
[2015-03-12 22:36:30]: avatar 1 ( 28,  0) -> ( 27,  0)
[2015-03-12 22:36:30]: avatar 2 (  7, 24) -> (  7, 25)
[2015-03-12 22:36:31]: avatar 1 ( 27,  0) -> ( 27,  0)
[2015-03-12 22:36:31]: avatar 2 (  7, 25) -> (  7, 25)
[2015-03-12 22:36:31]: avatar 1 ( 27,  0) -> ( 27,  1)
[2015-03-12 22:36:31]: avatar 2 (  7, 25) -> (  7, 26)
[2015-03-12 22:36:31]: avatar 1 ( 27,  1) -> ( 26,  1)
[2015-03-12 22:36:31]: avatar 2 (  7, 26) -> (  6, 26)
[2015-03-12 22:36:31]: avatar 1 ( 26,  1) -> ( 26,  0)
[2015-03-12 22:36:31]: avatar 2 (  6, 26) -> (  6, 26)
[2015-03-12 22:36:32]: avatar 1 ( 26,  0) -> ( 25,  0)
[2015-03-12 22:36:32]: avatar 2 (  6, 26) -> (  5, 26)
[2015-03-12 22:36:32]: avatar 1 ( 25,  0) -> ( 24,  0)
[2015-03-12 22:36:32]: avatar 2 (  5, 26) -> (  5, 26)
[2015-03-12 22:36:32]: avatar 1 ( 24,  0) -> ( 24,  0)
[2015-03-12 22:36:32]: avatar 2 (  5, 26) -> (  5, 26)
[2015-03-12 22:36:32]: avatar 1 ( 24,  0) -> ( 24,  1)
[2015-03-12 22:36:32]: avatar 2 (  5, 26) -> (  5, 27)
[2015-03-12 22:36:33]: avatar 1 ( 24,  1) -> ( 23,  1)
[2015-03-12 22:36:33]: avatar 2 (  5, 27) -> (  5, 27)
[2015-03-12 22:36:33]: avatar 1 ( 23,  1) -> ( 23,  1)
[2015-03-12 22:36:33]: avatar 2 (  5, 27) -> (  5, 28)
[2015-03-12 22:36:33]: avatar 1 ( 23,  1) -> ( 23,  1)
[2015-03-12 22:36:33]: avatar 2 (  5, 28) -> (  4, 28)
[2015-03-12 22:36:33]: avatar 1 ( 23,  1) -> ( 23,  2)
[2015-03-12 22:36:33]: avatar 2 (  4, 28) -> (  4, 27)
[2015-03-12 22:36:34]: avatar 1 ( 23,  2) -> ( 23,  2)
[2015-03-12 22:36:34]: avatar 2 (  4, 27) -> (  4, 26)
[2015-03-12 22:36:34]: avatar 1 ( 23,  2) -> ( 23,  3)
[2015-03-12 22:36:34]: avatar 2 (  4, 26) -> (  4, 26)
[2015-03-12 22:36:34]: avatar 1 ( 23,  3) -> ( 23,  3)
[2015-03-12 22:36:34]: avatar 2 (  4, 26) -> (  3, 26)
[2015-03-12 22:36:34]: avatar 1 ( 23,  3) -> ( 23,  3)
[2015-03-12 22:36:34]: avatar 2 (  3, 26) -> (  3, 25)
[2015-03-12 22:36:35]: avatar 1 ( 23,  3) -> ( 24,  3)
[2015-03-12 22:36:35]: avatar 2 (  3, 25) -> (  3, 25)
[2015-03-12 22:36:35]: avatar 1 ( 24,  3) -> ( 24,  4)
[2015-03-12 22:36:35]: avatar 2 (  3, 25) -> (  3, 25)
[2015-03-12 22:36:35]: avatar 1 ( 24,  4) -> ( 23,  4)
[2015-03-12 22:36:35]: avatar 2 (  3, 25) -> (  2, 25)
[2015-03-12 22:36:35]: avatar 1 ( 23,  4) -> ( 22,  4)
[2015-03-12 22:36:35]: avatar 2 (  2, 25) -> (  2, 24)
[2015-03-12 22:36:36]: avatar 1 ( 22,  4) -> ( 22,  3)
[2015-03-12 22:36:36]: avatar 2 (  2, 24) -> (  3, 24)
[2015-03-12 22:36:36]: avatar 1 ( 22,  3) -> ( 22,  2)
[2015-03-12 22:36:36]: avatar 2 (  3, 24) -> (  4, 24)
[2015-03-12 22:36:36]: avatar 1 ( 22,  2) -> ( 22,  2)
[2015-03-12 22:36:36]: avatar 2 (  4, 24) -> (  4, 25)
[2015-03-12 22:36:37]: avatar 1 ( 22,  2) -> ( 21,  2)
[2015-03-12 22:36:37]: avatar 2 (  4, 25) -> (  5, 25)
[2015-03-12 22:36:37]: avatar 1 ( 21,  2) -> ( 21,  2)
[2015-03-12 22:36:37]: avatar 2 (  5, 25) -> (  6, 25)
[2015-03-12 22:36:37]: avatar 1 ( 21,  2) -> ( 21,  2)
[2015-03-12 22:36:37]: avatar 2 (  6, 25) -> (  6, 24)
[2015-03-12 22:36:37]: avatar 1 ( 21,  2) -> ( 21,  3)
[2015-03-12 22:36:37]: avatar 2 (  6, 24) -> (  6, 24)
[2015-03-12 22:36:38]: avatar 1 ( 21,  3) -> ( 20,  3)
[2015-03-12 22:36:38]: avatar 2 (  6, 24) -> (  5, 24)
[2015-03-12 22:36:38]: avatar 1 ( 20,  3) -> ( 20,  3)
[2015-03-12 22:36:38]: avatar 2 (  5, 24) -> (  5, 23)
[2015-03-12 22:36:38]: avatar 1 ( 20,  3) -> ( 19,  3)
[2015-03-12 22:36:38]: avatar 2 (  5, 23) -> (  6, 23)
[2015-03-12 22:36:38]: avatar 1 ( 19,  3) -> ( 19,  2)
[2015-03-12 22:36:38]: avatar 2 (  6, 23) -> (  6, 23)
[2015-03-12 22:36:39]: avatar 1 ( 19,  2) -> ( 19,  2)
[2015-03-12 22:36:39]: avatar 2 (  6, 23) -> (  6, 22)
[2015-03-12 22:36:39]: avatar 1 ( 19,  2) -> ( 19,  2)
[2015-03-12 22:36:39]: avatar 2 (  6, 22) -> (  7, 22)
[2015-03-12 22:36:39]: avatar 1 ( 19,  2) -> ( 18,  2)
[2015-03-12 22:36:39]: avatar 2 (  7, 22) -> (  7, 23)
[2015-03-12 22:36:40]: avatar 1 ( 18,  2) -> ( 18,  1)
[2015-03-12 22:36:40]: avatar 2 (  7, 23) -> (  8, 23)
[2015-03-12 22:36:40]: avatar 1 ( 18,  1) -> ( 18,  1)
[2015-03-12 22:36:40]: avatar 2 (  8, 23) -> (  8, 22)
[2015-03-12 22:36:40]: avatar 1 ( 18,  1) -> ( 18,  0)
[2015-03-12 22:36:40]: avatar 2 (  8, 22) -> (  9, 22)
[2015-03-12 22:36:40]: avatar 1 ( 18,  0) -> ( 19,  0)
[2015-03-12 22:36:40]: avatar 2 (  9, 22) -> (  9, 21)
[2015-03-12 22:36:41]: avatar 1 ( 19,  0) -> ( 19,  1)
[2015-03-12 22:36:41]: avatar 2 (  9, 21) -> (  9, 20)
[2015-03-12 22:36:41]: avatar 1 ( 19,  1) -> ( 20,  1)
[2015-03-12 22:36:41]: avatar 2 (  9, 20) -> ( 10, 20)
[2015-03-12 22:36:41]: avatar 1 ( 20,  1) -> ( 20,  2)
[2015-03-12 22:36:41]: avatar 2 ( 10, 20) -> ( 11, 20)
[2015-03-12 22:36:41]: avatar 1 ( 20,  2) -> ( 20,  1)
[2015-03-12 22:36:41]: avatar 2 ( 11, 20) -> ( 12, 20)
[2015-03-12 22:36:42]: avatar 1 ( 20,  1) -> ( 21,  1)
[2015-03-12 22:36:42]: avatar 2 ( 12, 20) -> ( 12, 21)
[2015-03-12 22:36:42]: avatar 1 ( 21,  1) -> ( 22,  1)
[2015-03-12 22:36:42]: avatar 2 ( 12, 21) -> ( 13, 21)
[2015-03-12 22:36:42]: avatar 1 ( 22,  1) -> ( 22,  0)
[2015-03-12 22:36:42]: avatar 2 ( 13, 21) -> ( 13, 20)
[2015-03-12 22:36:42]: avatar 1 ( 22,  0) -> ( 23,  0)
[2015-03-12 22:36:42]: avatar 2 ( 13, 20) -> ( 14, 20)
[2015-03-12 22:36:42]: avatar 1 ( 23,  0) -> ( 22,  0)
[2015-03-12 22:36:42]: avatar 2 ( 14, 20) -> ( 15, 20)
[2015-03-12 22:36:43]: avatar 1 ( 22,  0) -> ( 21,  0)
[2015-03-12 22:36:43]: avatar 2 ( 15, 20) -> ( 15, 21)
[2015-03-12 22:36:43]: avatar 1 ( 21,  0) -> ( 20,  0)
[2015-03-12 22:36:43]: avatar 2 ( 15, 21) -> ( 16, 21)
[2015-03-12 22:36:43]: avatar 1 ( 20,  0) -> ( 20,  0)
[2015-03-12 22:36:43]: avatar 2 ( 16, 21) -> ( 17, 21)
[2015-03-12 22:36:43]: avatar 1 ( 20,  0) -> ( 20,  0)
[2015-03-12 22:36:43]: avatar 2 ( 17, 21) -> ( 17, 22)
[2015-03-12 22:36:43]: avatar 1 ( 20,  0) -> ( 21,  0)
[2015-03-12 22:36:43]: avatar 2 ( 17, 22) -> ( 18, 22)
[2015-03-12 22:36:44]: avatar 1 ( 21,  0) -> ( 21,  0)
[2015-03-12 22:36:44]: avatar 2 ( 18, 22) -> ( 18, 22)
[2015-03-12 22:36:44]: avatar 1 ( 21,  0) -> ( 22,  0)
[2015-03-12 22:36:44]: avatar 2 ( 18, 22) -> ( 19, 22)
[2015-03-12 22:36:44]: avatar 1 ( 22,  0) -> ( 22,  1)
[2015-03-12 22:36:44]: avatar 2 ( 19, 22) -> ( 19, 22)
[2015-03-12 22:36:45]: avatar 1 ( 22,  1) -> ( 21,  1)
[2015-03-12 22:36:45]: avatar 2 ( 19, 22) -> ( 19, 22)
[2015-03-12 22:36:45]: avatar 1 ( 21,  1) -> ( 20,  1)
[2015-03-12 22:36:45]: avatar 2 ( 19, 22) -> ( 19, 21)
[2015-03-12 22:36:45]: avatar 1 ( 20,  1) -> ( 19,  1)
[2015-03-12 22:36:45]: avatar 2 ( 19, 21) -> ( 20, 21)
[2015-03-12 22:36:45]: avatar 1 ( 19,  1) -> ( 19,  0)
[2015-03-12 22:36:45]: avatar 2 ( 20, 21) -> ( 20, 21)
[2015-03-12 22:36:46]: avatar 1 ( 19,  0) -> ( 18,  0)
[2015-03-12 22:36:46]: avatar 2 ( 20, 21) -> ( 21, 21)
[2015-03-12 22:36:46]: avatar 1 ( 18,  0) -> ( 17,  0)
[2015-03-12 22:36:46]: avatar 2 ( 21, 21) -> ( 21, 21)
[2015-03-12 22:36:46]: avatar 1 ( 17,  0) -> ( 16,  0)
[2015-03-12 22:36:46]: avatar 2 ( 21, 21) -> ( 22, 21)
[2015-03-12 22:36:46]: avatar 1 ( 16,  0) -> ( 15,  0)
[2015-03-12 22:36:46]: avatar 2 ( 22, 21) -> ( 22, 22)
[2015-03-12 22:36:47]: avatar 1 ( 15,  0) -> ( 15,  0)
[2015-03-12 22:36:47]: avatar 2 ( 22, 22) -> ( 22, 22)
[2015-03-12 22:36:47]: avatar 1 ( 15,  0) -> ( 15,  1)
[2015-03-12 22:36:47]: avatar 2 ( 22, 22) -> ( 22, 23)
[2015-03-12 22:36:47]: avatar 1 ( 15,  1) -> ( 15,  1)
[2015-03-12 22:36:47]: avatar 2 ( 22, 23) -> ( 22, 23)
[2015-03-12 22:36:48]: avatar 1 ( 15,  1) -> ( 15,  1)
[2015-03-12 22:36:48]: avatar 2 ( 22, 23) -> ( 22, 23)
[2015-03-12 22:36:48]: avatar 1 ( 15,  1) -> ( 16,  1)
[2015-03-12 22:36:48]: avatar 2 ( 22, 23) -> ( 23, 23)
[2015-03-12 22:36:48]: avatar 1 ( 16,  1) -> ( 16,  1)
[2015-03-12 22:36:48]: avatar 2 ( 23, 23) -> ( 23, 23)
[2015-03-12 22:36:49]: avatar 1 ( 16,  1) -> ( 17,  1)
[2015-03-12 22:36:49]: avatar 2 ( 23, 23) -> ( 23, 23)
[2015-03-12 22:36:49]: avatar 1 ( 17,  1) -> ( 17,  2)
[2015-03-12 22:36:49]: avatar 2 ( 23, 23) -> ( 23, 22)
[2015-03-12 22:36:49]: avatar 1 ( 17,  2) -> ( 17,  2)
[2015-03-12 22:36:49]: avatar 2 ( 23, 22) -> ( 23, 22)
[2015-03-12 22:36:49]: avatar 1 ( 17,  2) -> ( 17,  3)
[2015-03-12 22:36:49]: avatar 2 ( 23, 22) -> ( 23, 21)
[2015-03-12 22:36:49]: avatar 1 ( 17,  3) -> ( 17,  3)
[2015-03-12 22:36:49]: avatar 2 ( 23, 21) -> ( 24, 21)
[2015-03-12 22:36:50]: avatar 1 ( 17,  3) -> ( 17,  3)
[2015-03-12 22:36:50]: avatar 2 ( 24, 21) -> ( 24, 22)
[2015-03-12 22:36:50]: avatar 1 ( 17,  3) -> ( 18,  3)
[2015-03-12 22:36:50]: avatar 2 ( 24, 22) -> ( 24, 23)
[2015-03-12 22:36:50]: avatar 1 ( 18,  3) -> ( 18,  4)
[2015-03-12 22:36:50]: avatar 2 ( 24, 23) -> ( 24, 24)
[2015-03-12 22:36:51]: avatar 1 ( 18,  4) -> ( 18,  4)
[2015-03-12 22:36:51]: avatar 2 ( 24, 24) -> ( 24, 24)
[2015-03-12 22:36:51]: avatar 1 ( 18,  4) -> ( 18,  4)
[2015-03-12 22:36:51]: avatar 2 ( 24, 24) -> ( 24, 24)
[2015-03-12 22:36:51]: avatar 1 ( 18,  4) -> ( 19,  4)
[2015-03-12 22:36:51]: avatar 2 ( 24, 24) -> ( 25, 24)
[2015-03-12 22:36:52]: avatar 1 ( 19,  4) -> ( 19,  5)
[2015-03-12 22:36:52]: avatar 2 ( 25, 24) -> ( 25, 25)
[2015-03-12 22:36:52]: avatar 1 ( 19,  5) -> ( 19,  5)
[2015-03-12 22:36:52]: avatar 2 ( 25, 25) -> ( 25, 25)
[2015-03-12 22:36:52]: avatar 1 ( 19,  5) -> ( 19,  5)
[2015-03-12 22:36:52]: avatar 2 ( 25, 25) -> ( 25, 26)
[2015-03-12 22:36:53]: avatar 1 ( 19,  5) -> ( 20,  5)
[2015-03-12 22:36:53]: avatar 2 ( 25, 26) -> ( 25, 26)
[2015-03-12 22:36:53]: avatar 1 ( 20,  5) -> ( 20,  6)
[2015-03-12 22:36:53]: avatar 2 ( 25, 26) -> ( 25, 26)
[2015-03-12 22:36:53]: avatar 1 ( 20,  6) -> ( 20,  6)
[2015-03-12 22:36:53]: avatar 2 ( 25, 26) -> ( 26, 26)
[2015-03-12 22:36:54]: avatar 1 ( 20,  6) -> ( 20,  6)
[2015-03-12 22:36:54]: avatar 2 ( 26, 26) -> ( 26, 27)
[2015-03-12 22:36:54]: avatar 1 ( 20,  6) -> ( 21,  6)
[2015-03-12 22:36:54]: avatar 2 ( 26, 27) -> ( 26, 27)
[2015-03-12 22:36:55]: avatar 1 ( 21,  6) -> ( 21,  6)
[2015-03-12 22:36:55]: avatar 2 ( 26, 27) -> ( 26, 28)
[2015-03-12 22:36:55]: avatar 1 ( 21,  6) -> ( 22,  6)
[2015-03-12 22:36:55]: avatar 2 ( 26, 28) -> ( 25, 28)
[2015-03-12 22:36:55]: avatar 1 ( 22,  6) -> ( 22,  7)
[2015-03-12 22:36:55]: avatar 2 ( 25, 28) -> ( 25, 27)
[2015-03-12 22:36:55]: avatar 1 ( 22,  7) -> ( 22,  7)
[2015-03-12 22:36:55]: avatar 2 ( 25, 27) -> ( 24, 27)
[2015-03-12 22:36:55]: avatar 1 ( 22,  7) -> ( 22,  7)
[2015-03-12 22:36:55]: avatar 2 ( 24, 27) -> ( 24, 26)
[2015-03-12 22:36:56]: avatar 1 ( 22,  7) -> ( 23,  7)
[2015-03-12 22:36:56]: avatar 2 ( 24, 26) -> ( 24, 25)
[2015-03-12 22:36:56]: avatar 1 ( 23,  7) -> ( 23,  7)
[2015-03-12 22:36:56]: avatar 2 ( 24, 25) -> ( 23, 25)
[2015-03-12 22:36:56]: avatar 1 ( 23,  7) -> ( 23,  7)
[2015-03-12 22:36:56]: avatar 2 ( 23, 25) -> ( 23, 24)
[2015-03-12 22:36:57]: avatar 1 ( 23,  7) -> ( 23,  6)
[2015-03-12 22:36:57]: avatar 2 ( 23, 24) -> ( 22, 24)
[2015-03-12 22:36:57]: avatar 1 ( 23,  6) -> ( 23,  6)
[2015-03-12 22:36:57]: avatar 2 ( 22, 24) -> ( 22, 24)
[2015-03-12 22:36:57]: avatar 1 ( 23,  6) -> ( 23,  5)
[2015-03-12 22:36:57]: avatar 2 ( 22, 24) -> ( 22, 25)
[2015-03-12 22:36:58]: avatar 1 ( 23,  5) -> ( 24,  5)
[2015-03-12 22:36:58]: avatar 2 ( 22, 25) -> ( 22, 25)
[2015-03-12 22:36:58]: avatar 1 ( 24,  5) -> ( 24,  6)
[2015-03-12 22:36:58]: avatar 2 ( 22, 25) -> ( 22, 26)
[2015-03-12 22:36:58]: avatar 1 ( 24,  6) -> ( 24,  7)
[2015-03-12 22:36:58]: avatar 2 ( 22, 26) -> ( 22, 26)
[2015-03-12 22:36:59]: avatar 1 ( 24,  7) -> ( 24,  8)
[2015-03-12 22:36:59]: avatar 2 ( 22, 26) -> ( 22, 27)
[2015-03-12 22:36:59]: avatar 1 ( 24,  8) -> ( 24,  8)
[2015-03-12 22:36:59]: avatar 2 ( 22, 27) -> ( 21, 27)
[2015-03-12 22:36:59]: avatar 1 ( 24,  8) -> ( 24,  8)
[2015-03-12 22:36:59]: avatar 2 ( 21, 27) -> ( 21, 27)
[2015-03-12 22:37:00]: avatar 1 ( 24,  8) -> ( 25,  8)
[2015-03-12 22:37:00]: avatar 2 ( 21, 27) -> ( 21, 27)
[2015-03-12 22:37:00]: avatar 1 ( 25,  8) -> ( 25,  9)
[2015-03-12 22:37:00]: avatar 2 ( 21, 27) -> ( 21, 28)
[2015-03-12 22:37:00]: avatar 1 ( 25,  9) -> ( 25,  9)
[2015-03-12 22:37:00]: avatar 2 ( 21, 28) -> ( 20, 28)
[2015-03-12 22:37:01]: avatar 1 ( 25,  9) -> ( 25,  9)
[2015-03-12 22:37:01]: avatar 2 ( 20, 28) -> ( 20, 28)
[2015-03-12 22:37:01]: avatar 1 ( 25,  9) -> ( 26,  9)
[2015-03-12 22:37:01]: avatar 2 ( 20, 28) -> ( 20, 28)
[2015-03-12 22:37:01]: avatar 1 ( 26,  9) -> ( 26,  9)
[2015-03-12 22:37:01]: avatar 2 ( 20, 28) -> ( 20, 29)
[2015-03-12 22:37:01]: avatar 1 ( 26,  9) -> ( 27,  9)
[2015-03-12 22:37:01]: avatar 2 ( 20, 29) -> ( 20, 29)
[2015-03-12 22:37:02]: avatar 1 ( 27,  9) -> ( 27,  9)
[2015-03-12 22:37:02]: avatar 2 ( 20, 29) -> ( 20, 30)
[2015-03-12 22:37:02]: avatar 1 ( 27,  9) -> ( 27,  9)
[2015-03-12 22:37:02]: avatar 2 ( 20, 30) -> ( 19, 30)
[2015-03-12 22:37:02]: avatar 1 ( 27,  9) -> ( 27,  8)
[2015-03-12 22:37:02]: avatar 2 ( 19, 30) -> ( 19, 30)
[2015-03-12 22:37:02]: avatar 1 ( 27,  8) -> ( 27,  8)
[2015-03-12 22:37:02]: avatar 2 ( 19, 30) -> ( 18, 30)
[2015-03-12 22:37:03]: avatar 1 ( 27,  8) -> ( 27,  7)
[2015-03-12 22:37:03]: avatar 2 ( 18, 30) -> ( 18, 30)
[2015-03-12 22:37:03]: avatar 1 ( 27,  7) -> ( 27,  7)
[2015-03-12 22:37:03]: avatar 2 ( 18, 30) -> ( 18, 30)
[2015-03-12 22:37:03]: avatar 1 ( 27,  7) -> ( 27,  7)
[2015-03-12 22:37:03]: avatar 2 ( 18, 30) -> ( 18, 31)
[2015-03-12 22:37:04]: avatar 1 ( 27,  7) -> ( 26,  7)
[2015-03-12 22:37:04]: avatar 2 ( 18, 31) -> ( 17, 31)
[2015-03-12 22:37:04]: avatar 1 ( 26,  7) -> ( 26,  6)
[2015-03-12 22:37:04]: avatar 2 ( 17, 31) -> ( 17, 31)
[2015-03-12 22:37:04]: avatar 1 ( 26,  6) -> ( 27,  6)
[2015-03-12 22:37:04]: avatar 2 ( 17, 31) -> ( 16, 31)
[2015-03-12 22:37:05]: avatar 1 ( 27,  6) -> ( 27,  6)
[2015-03-12 22:37:05]: avatar 2 ( 16, 31) -> ( 16, 31)
[2015-03-12 22:37:05]: avatar 1 ( 27,  6) -> ( 27,  5)
[2015-03-12 22:37:05]: avatar 2 ( 16, 31) -> ( 16, 31)
[2015-03-12 22:37:05]: avatar 1 ( 27,  5) -> ( 27,  5)
[2015-03-12 22:37:05]: avatar 2 ( 16, 31) -> ( 16, 32)
[2015-03-12 22:37:05]: avatar 1 ( 27,  5) -> ( 27,  5)
[2015-03-12 22:37:05]: avatar 2 ( 16, 32) -> ( 15, 32)
[2015-03-12 22:37:06]: avatar 1 ( 27,  5) -> ( 26,  5)
[2015-03-12 22:37:06]: avatar 2 ( 15, 32) -> ( 15, 32)
[2015-03-12 22:37:06]: avatar 1 ( 26,  5) -> ( 26,  5)
[2015-03-12 22:37:06]: avatar 2 ( 15, 32) -> ( 15, 32)
[2015-03-12 22:37:06]: avatar 1 ( 26,  5) -> ( 25,  5)
[2015-03-12 22:37:06]: avatar 2 ( 15, 32) -> ( 15, 33)
[2015-03-12 22:37:06]: avatar 1 ( 25,  5) -> ( 25,  4)
[2015-03-12 22:37:06]: avatar 2 ( 15, 33) -> ( 14, 33)
[2015-03-12 22:37:07]: avatar 1 ( 25,  4) -> ( 26,  4)
[2015-03-12 22:37:07]: avatar 2 ( 14, 33) -> ( 14, 33)
[2015-03-12 22:37:07]: avatar 1 ( 26,  4) -> ( 27,  4)
[2015-03-12 22:37:07]: avatar 2 ( 14, 33) -> ( 13, 33)
[2015-03-12 22:37:07]: avatar 1 ( 27,  4) -> ( 28,  4)
[2015-03-12 22:37:07]: avatar 2 ( 13, 33) -> ( 13, 33)
[2015-03-12 22:37:08]: avatar 1 ( 28,  4) -> ( 28,  5)
[2015-03-12 22:37:08]: avatar 2 ( 13, 33) -> ( 13, 33)
[2015-03-12 22:37:08]: avatar 1 ( 28,  5) -> ( 28,  5)
[2015-03-12 22:37:08]: avatar 2 ( 13, 33) -> ( 13, 34)
[2015-03-12 22:37:08]: avatar 1 ( 28,  5) -> ( 29,  5)
[2015-03-12 22:37:08]: avatar 2 ( 13, 34) -> ( 13, 34)
[2015-03-12 22:37:09]: avatar 1 ( 29,  5) -> ( 29,  5)
[2015-03-12 22:37:09]: avatar 2 ( 13, 34) -> ( 13, 35)
[2015-03-12 22:37:09]: avatar 1 ( 29,  5) -> ( 30,  5)
[2015-03-12 22:37:09]: avatar 2 ( 13, 35) -> ( 12, 35)
[2015-03-12 22:37:09]: avatar 1 ( 30,  5) -> ( 30,  5)
[2015-03-12 22:37:09]: avatar 2 ( 12, 35) -> ( 12, 35)
[2015-03-12 22:37:10]: avatar 1 ( 30,  5) -> ( 31,  5)
[2015-03-12 22:37:10]: avatar 2 ( 12, 35) -> ( 11, 35)
[2015-03-12 22:37:10]: avatar 1 ( 31,  5) -> ( 31,  5)
[2015-03-12 22:37:10]: avatar 2 ( 11, 35) -> ( 11, 35)
[2015-03-12 22:37:10]: avatar 1 ( 31,  5) -> ( 31,  5)
[2015-03-12 22:37:10]: avatar 2 ( 11, 35) -> ( 10, 35)
[2015-03-12 22:37:11]: avatar 1 ( 31,  5) -> ( 31,  4)
[2015-03-12 22:37:11]: avatar 2 ( 10, 35) -> ( 10, 35)
[2015-03-12 22:37:11]: avatar 1 ( 31,  4) -> ( 31,  4)
[2015-03-12 22:37:11]: avatar 2 ( 10, 35) -> (  9, 35)
[2015-03-12 22:37:11]: avatar 1 ( 31,  4) -> ( 31,  3)
[2015-03-12 22:37:11]: avatar 2 (  9, 35) -> (  9, 34)
[2015-03-12 22:37:12]: avatar 1 ( 31,  3) -> ( 32,  3)
[2015-03-12 22:37:12]: avatar 2 (  9, 34) -> (  9, 34)
[2015-03-12 22:37:12]: avatar 1 ( 32,  3) -> ( 32,  3)
[2015-03-12 22:37:12]: avatar 2 (  9, 34) -> (  9, 33)
[2015-03-12 22:37:12]: avatar 1 ( 32,  3) -> ( 32,  3)
[2015-03-12 22:37:12]: avatar 2 (  9, 33) -> ( 10, 33)
[2015-03-12 22:37:13]: avatar 1 ( 32,  3) -> ( 32,  2)
[2015-03-12 22:37:13]: avatar 2 ( 10, 33) -> ( 10, 34)
[2015-03-12 22:37:13]: avatar 1 ( 32,  2) -> ( 32,  2)
[2015-03-12 22:37:13]: avatar 2 ( 10, 34) -> ( 11, 34)
[2015-03-12 22:37:13]: avatar 1 ( 32,  2) -> ( 32,  2)
[2015-03-12 22:37:13]: avatar 2 ( 11, 34) -> ( 12, 34)
[2015-03-12 22:37:13]: avatar 1 ( 32,  2) -> ( 31,  2)
[2015-03-12 22:37:13]: avatar 2 ( 12, 34) -> ( 12, 33)
[2015-03-12 22:37:14]: avatar 1 ( 31,  2) -> ( 31,  1)
[2015-03-12 22:37:14]: avatar 2 ( 12, 33) -> ( 12, 33)
[2015-03-12 22:37:14]: avatar 1 ( 31,  1) -> ( 32,  1)
[2015-03-12 22:37:14]: avatar 2 ( 12, 33) -> ( 11, 33)
[2015-03-12 22:37:14]: avatar 1 ( 32,  1) -> ( 33,  1)
[2015-03-12 22:37:14]: avatar 2 ( 11, 33) -> ( 11, 32)
[2015-03-12 22:37:15]: avatar 1 ( 33,  1) -> ( 33,  2)
[2015-03-12 22:37:15]: avatar 2 ( 11, 32) -> ( 11, 32)
[2015-03-12 22:37:15]: avatar 1 ( 33,  2) -> ( 33,  3)
[2015-03-12 22:37:15]: avatar 2 ( 11, 32) -> ( 11, 32)
[2015-03-12 22:37:16]: avatar 1 ( 33,  3) -> ( 33,  3)
[2015-03-12 22:37:16]: avatar 2 ( 11, 32) -> ( 10, 32)
[2015-03-12 22:37:16]: avatar 1 ( 33,  3) -> ( 34,  3)
[2015-03-12 22:37:16]: avatar 2 ( 10, 32) -> ( 10, 32)
[2015-03-12 22:37:16]: avatar 1 ( 34,  3) -> ( 34,  4)
[2015-03-12 22:37:16]: avatar 2 ( 10, 32) -> (  9, 32)
[2015-03-12 22:37:17]: avatar 1 ( 34,  4) -> ( 33,  4)
[2015-03-12 22:37:17]: avatar 2 (  9, 32) -> (  9, 31)
[2015-03-12 22:37:17]: avatar 1 ( 33,  4) -> ( 32,  4)
[2015-03-12 22:37:17]: avatar 2 (  9, 31) -> (  9, 31)
[2015-03-12 22:37:17]: avatar 1 ( 32,  4) -> ( 32,  5)
[2015-03-12 22:37:17]: avatar 2 (  9, 31) -> (  9, 31)
[2015-03-12 22:37:17]: avatar 1 ( 32,  5) -> ( 32,  5)
[2015-03-12 22:37:17]: avatar 2 (  9, 31) -> (  8, 31)
[2015-03-12 22:37:18]: avatar 1 ( 32,  5) -> ( 33,  5)
[2015-03-12 22:37:18]: avatar 2 (  8, 31) -> (  8, 30)
[2015-03-12 22:37:18]: avatar 1 ( 33,  5) -> ( 33,  5)
[2015-03-12 22:37:18]: avatar 2 (  8, 30) -> (  8, 30)
[2015-03-12 22:37:18]: avatar 1 ( 33,  5) -> ( 34,  5)
[2015-03-12 22:37:18]: avatar 2 (  8, 30) -> (  8, 30)
[2015-03-12 22:37:19]: avatar 1 ( 34,  5) -> ( 34,  6)
[2015-03-12 22:37:19]: avatar 2 (  8, 30) -> (  7, 30)
[2015-03-12 22:37:19]: avatar 1 ( 34,  6) -> ( 34,  6)
[2015-03-12 22:37:19]: avatar 2 (  7, 30) -> (  7, 29)
[2015-03-12 22:37:19]: avatar 1 ( 34,  6) -> ( 34,  7)
[2015-03-12 22:37:19]: avatar 2 (  7, 29) -> (  7, 29)
[2015-03-12 22:37:20]: avatar 1 ( 34,  7) -> ( 34,  7)
[2015-03-12 22:37:20]: avatar 2 (  7, 29) -> (  7, 28)
[2015-03-12 22:37:20]: avatar 1 ( 34,  7) -> ( 34,  7)
[2015-03-12 22:37:20]: avatar 2 (  7, 28) -> (  7, 28)
[2015-03-12 22:37:20]: avatar 1 ( 34,  7) -> ( 35,  7)
[2015-03-12 22:37:20]: avatar 2 (  7, 28) -> (  7, 28)
[2015-03-12 22:37:21]: avatar 1 ( 35,  7) -> ( 35,  7)
[2015-03-12 22:37:21]: avatar 2 (  7, 28) -> (  6, 28)
[2015-03-12 22:37:21]: avatar 1 ( 35,  7) -> ( 36,  7)
[2015-03-12 22:37:21]: avatar 2 (  6, 28) -> (  6, 28)
[2015-03-12 22:37:21]: avatar 1 ( 36,  7) -> ( 36,  8)
[2015-03-12 22:37:21]: avatar 2 (  6, 28) -> (  6, 28)
[2015-03-12 22:37:21]: avatar 1 ( 36,  8) -> ( 35,  8)
[2015-03-12 22:37:21]: avatar 2 (  6, 28) -> (  6, 29)
[2015-03-12 22:37:22]: avatar 1 ( 35,  8) -> ( 34,  8)
[2015-03-12 22:37:22]: avatar 2 (  6, 29) -> (  5, 29)
[2015-03-12 22:37:22]: avatar 1 ( 34,  8) -> ( 34,  8)
[2015-03-12 22:37:22]: avatar 2 (  5, 29) -> (  5, 29)
[2015-03-12 22:37:22]: avatar 1 ( 34,  8) -> ( 34,  9)
[2015-03-12 22:37:22]: avatar 2 (  5, 29) -> (  5, 29)
[2015-03-12 22:37:23]: avatar 1 ( 34,  9) -> ( 34,  9)
[2015-03-12 22:37:23]: avatar 2 (  5, 29) -> (  5, 30)
[2015-03-12 22:37:23]: avatar 1 ( 34,  9) -> ( 34, 10)
[2015-03-12 22:37:23]: avatar 2 (  5, 30) -> (  5, 30)
[2015-03-12 22:37:23]: avatar 1 ( 34, 10) -> ( 34, 10)
[2015-03-12 22:37:23]: avatar 2 (  5, 30) -> (  5, 31)
[2015-03-12 22:37:24]: avatar 1 ( 34, 10) -> ( 34, 11)
[2015-03-12 22:37:24]: avatar 2 (  5, 31) -> (  5, 31)
[2015-03-12 22:37:24]: avatar 1 ( 34, 11) -> ( 34, 11)
[2015-03-12 22:37:24]: avatar 2 (  5, 31) -> (  5, 32)
[2015-03-12 22:37:24]: avatar 1 ( 34, 11) -> ( 34, 12)
[2015-03-12 22:37:24]: avatar 2 (  5, 32) -> (  4, 32)
[2015-03-12 22:37:25]: avatar 1 ( 34, 12) -> ( 34, 12)
[2015-03-12 22:37:25]: avatar 2 (  4, 32) -> (  4, 31)
[2015-03-12 22:37:25]: avatar 1 ( 34, 12) -> ( 34, 13)
[2015-03-12 22:37:25]: avatar 2 (  4, 31) -> (  4, 30)
[2015-03-12 22:37:25]: avatar 1 ( 34, 13) -> ( 34, 13)
[2015-03-12 22:37:25]: avatar 2 (  4, 30) -> (  4, 29)
[2015-03-12 22:37:26]: avatar 1 ( 34, 13) -> ( 34, 14)
[2015-03-12 22:37:26]: avatar 2 (  4, 29) -> (  4, 29)
[2015-03-12 22:37:26]: avatar 1 ( 34, 14) -> ( 33, 14)
[2015-03-12 22:37:26]: avatar 2 (  4, 29) -> (  3, 29)
[2015-03-12 22:37:26]: avatar 1 ( 33, 14) -> ( 33, 13)
[2015-03-12 22:37:26]: avatar 2 (  3, 29) -> (  3, 28)
[2015-03-12 22:37:26]: avatar 1 ( 33, 13) -> ( 33, 13)
[2015-03-12 22:37:26]: avatar 2 (  3, 28) -> (  3, 28)
[2015-03-12 22:37:27]: avatar 1 ( 33, 13) -> ( 32, 13)
[2015-03-12 22:37:27]: avatar 2 (  3, 28) -> (  3, 27)
[2015-03-12 22:37:27]: avatar 1 ( 32, 13) -> ( 32, 13)
[2015-03-12 22:37:27]: avatar 2 (  3, 27) -> (  3, 27)
[2015-03-12 22:37:28]: avatar 1 ( 32, 13) -> ( 32, 13)
[2015-03-12 22:37:28]: avatar 2 (  3, 27) -> (  3, 27)
[2015-03-12 22:37:28]: avatar 1 ( 32, 13) -> ( 32, 14)
[2015-03-12 22:37:28]: avatar 2 (  3, 27) -> (  2, 27)
[2015-03-12 22:37:28]: avatar 1 ( 32, 14) -> ( 32, 14)
[2015-03-12 22:37:28]: avatar 2 (  2, 27) -> (  2, 27)
[2015-03-12 22:37:29]: avatar 1 ( 32, 14) -> ( 32, 15)
[2015-03-12 22:37:29]: avatar 2 (  2, 27) -> (  2, 27)
[2015-03-12 22:37:29]: avatar 1 ( 32, 15) -> ( 32, 15)
[2015-03-12 22:37:29]: avatar 2 (  2, 27) -> (  2, 28)
[2015-03-12 22:37:29]: avatar 1 ( 32, 15) -> ( 32, 15)
[2015-03-12 22:37:29]: avatar 2 (  2, 28) -> (  1, 28)
[2015-03-12 22:37:30]: avatar 1 ( 32, 15) -> ( 33, 15)
[2015-03-12 22:37:30]: avatar 2 (  1, 28) -> (  1, 28)
[2015-03-12 22:37:30]: avatar 1 ( 33, 15) -> ( 33, 16)
[2015-03-12 22:37:30]: avatar 2 (  1, 28) -> (  1, 28)
[2015-03-12 22:37:30]: avatar 1 ( 33, 16) -> ( 32, 16)
[2015-03-12 22:37:30]: avatar 2 (  1, 28) -> (  1, 28)
[2015-03-12 22:37:31]: avatar 1 ( 32, 16) -> ( 31, 16)
[2015-03-12 22:37:31]: avatar 2 (  1, 28) -> (  2, 28)
[2015-03-12 22:37:31]: avatar 1 ( 31, 16) -> ( 31, 16)
[2015-03-12 22:37:31]: avatar 2 (  2, 28) -> (  2, 29)
[2015-03-12 22:37:31]: avatar 1 ( 31, 16) -> ( 31, 16)
[2015-03-12 22:37:31]: avatar 2 (  2, 29) -> (  1, 29)
[2015-03-12 22:37:32]: avatar 1 ( 31, 16) -> ( 31, 17)
[2015-03-12 22:37:32]: avatar 2 (  1, 29) -> (  1, 29)
[2015-03-12 22:37:32]: avatar 1 ( 31, 17) -> ( 31, 17)
[2015-03-12 22:37:32]: avatar 2 (  1, 29) -> (  1, 30)
[2015-03-12 22:37:32]: avatar 1 ( 31, 17) -> ( 31, 18)
[2015-03-12 22:37:32]: avatar 2 (  1, 30) -> (  1, 30)
[2015-03-12 22:37:33]: avatar 1 ( 31, 18) -> ( 31, 18)
[2015-03-12 22:37:33]: avatar 2 (  1, 30) -> (  1, 30)
[2015-03-12 22:37:33]: avatar 1 ( 31, 18) -> ( 31, 18)
[2015-03-12 22:37:33]: avatar 2 (  1, 30) -> (  2, 30)
[2015-03-12 22:37:33]: avatar 1 ( 31, 18) -> ( 32, 18)
[2015-03-12 22:37:33]: avatar 2 (  2, 30) -> (  2, 31)
[2015-03-12 22:37:34]: avatar 1 ( 32, 18) -> ( 32, 19)
[2015-03-12 22:37:34]: avatar 2 (  2, 31) -> (  2, 31)
[2015-03-12 22:37:34]: avatar 1 ( 32, 19) -> ( 32, 19)
[2015-03-12 22:37:34]: avatar 2 (  2, 31) -> (  2, 32)
[2015-03-12 22:37:34]: avatar 1 ( 32, 19) -> ( 32, 20)
[2015-03-12 22:37:34]: avatar 2 (  2, 32) -> (  2, 32)
[2015-03-12 22:37:35]: avatar 1 ( 32, 20) -> ( 31, 20)
[2015-03-12 22:37:35]: avatar 2 (  2, 32) -> (  2, 32)
[2015-03-12 22:37:35]: avatar 1 ( 31, 20) -> ( 31, 19)
[2015-03-12 22:37:35]: avatar 2 (  2, 32) -> (  2, 32)
[2015-03-12 22:37:35]: avatar 1 ( 31, 19) -> ( 30, 19)
[2015-03-12 22:37:35]: avatar 2 (  2, 32) -> (  2, 31)
[2015-03-12 22:37:36]: avatar 1 ( 30, 19) -> ( 30, 18)
[2015-03-12 22:37:36]: avatar 2 (  2, 31) -> (  3, 31)
[2015-03-12 22:37:36]: avatar 1 ( 30, 18) -> ( 30, 18)
[2015-03-12 22:37:36]: avatar 2 (  3, 31) -> (  3, 32)
[2015-03-12 22:37:36]: avatar 1 ( 30, 18) -> ( 29, 18)
[2015-03-12 22:37:36]: avatar 2 (  3, 32) -> (  3, 33)
[2015-03-12 22:37:37]: avatar 1 ( 29, 18) -> ( 29, 18)
[2015-03-12 22:37:37]: avatar 2 (  3, 33) -> (  2, 33)
[2015-03-12 22:37:37]: avatar 1 ( 29, 18) -> ( 28, 18)
[2015-03-12 22:37:37]: avatar 2 (  2, 33) -> (  1, 33)
[2015-03-12 22:37:37]: avatar 1 ( 28, 18) -> ( 28, 17)
[2015-03-12 22:37:37]: avatar 2 (  1, 33) -> (  1, 33)
[2015-03-12 22:37:38]: avatar 1 ( 28, 17) -> ( 28, 17)
[2015-03-12 22:37:38]: avatar 2 (  1, 33) -> (  1, 33)
[2015-03-12 22:37:38]: avatar 1 ( 28, 17) -> ( 28, 16)
[2015-03-12 22:37:38]: avatar 2 (  1, 33) -> (  1, 34)
[2015-03-12 22:37:38]: avatar 1 ( 28, 16) -> ( 28, 16)
[2015-03-12 22:37:38]: avatar 2 (  1, 34) -> (  1, 34)
[2015-03-12 22:37:39]: avatar 1 ( 28, 16) -> ( 28, 15)
[2015-03-12 22:37:39]: avatar 2 (  1, 34) -> (  1, 34)
[2015-03-12 22:37:39]: avatar 1 ( 28, 15) -> ( 29, 15)
[2015-03-12 22:37:39]: avatar 2 (  1, 34) -> (  2, 34)
[2015-03-12 22:37:39]: avatar 1 ( 29, 15) -> ( 29, 15)
[2015-03-12 22:37:39]: avatar 2 (  2, 34) -> (  2, 35)
[2015-03-12 22:37:39]: avatar 1 ( 29, 15) -> ( 30, 15)
[2015-03-12 22:37:39]: avatar 2 (  2, 35) -> (  1, 35)
[2015-03-12 22:37:40]: avatar 1 ( 30, 15) -> ( 30, 16)
[2015-03-12 22:37:40]: avatar 2 (  1, 35) -> (  0, 35)
[2015-03-12 22:37:40]: avatar 1 ( 30, 16) -> ( 30, 16)
[2015-03-12 22:37:40]: avatar 2 (  0, 35) -> (  0, 34)
[2015-03-12 22:37:40]: avatar 1 ( 30, 16) -> ( 30, 17)
[2015-03-12 22:37:40]: avatar 2 (  0, 34) -> (  0, 33)
[2015-03-12 22:37:41]: avatar 1 ( 30, 17) -> ( 29, 17)
[2015-03-12 22:37:41]: avatar 2 (  0, 33) -> (  0, 32)
[2015-03-12 22:37:41]: avatar 1 ( 29, 17) -> ( 29, 16)
[2015-03-12 22:37:41]: avatar 2 (  0, 32) -> (  1, 32)
[2015-03-12 22:37:41]: avatar 1 ( 29, 16) -> ( 29, 17)
[2015-03-12 22:37:41]: avatar 2 (  1, 32) -> (  1, 31)
[2015-03-12 22:37:41]: avatar 1 ( 29, 17) -> ( 30, 17)
[2015-03-12 22:37:41]: avatar 2 (  1, 31) -> (  0, 31)
[2015-03-12 22:37:42]: avatar 1 ( 30, 17) -> ( 30, 16)
[2015-03-12 22:37:42]: avatar 2 (  0, 31) -> (  0, 30)
[2015-03-12 22:37:42]: avatar 1 ( 30, 16) -> ( 30, 15)
[2015-03-12 22:37:42]: avatar 2 (  0, 30) -> (  0, 29)
[2015-03-12 22:37:43]: avatar 1 ( 30, 15) -> ( 31, 15)
[2015-03-12 22:37:43]: avatar 2 (  0, 29) -> (  0, 28)
[2015-03-12 22:37:43]: avatar 1 ( 31, 15) -> ( 31, 14)
[2015-03-12 22:37:43]: avatar 2 (  0, 28) -> (  0, 27)
[2015-03-12 22:37:43]: avatar 1 ( 31, 14) -> ( 31, 13)
[2015-03-12 22:37:43]: avatar 2 (  0, 27) -> (  1, 27)
[2015-03-12 22:37:43]: avatar 1 ( 31, 13) -> ( 31, 12)
[2015-03-12 22:37:43]: avatar 2 (  1, 27) -> (  1, 26)
[2015-03-12 22:37:44]: avatar 1 ( 31, 12) -> ( 31, 12)
[2015-03-12 22:37:44]: avatar 2 (  1, 26) -> (  1, 26)
[2015-03-12 22:37:44]: avatar 1 ( 31, 12) -> ( 31, 12)
[2015-03-12 22:37:44]: avatar 2 (  1, 26) -> (  1, 26)
[2015-03-12 22:37:44]: avatar 1 ( 31, 12) -> ( 30, 12)
[2015-03-12 22:37:44]: avatar 2 (  1, 26) -> (  0, 26)
[2015-03-12 22:37:45]: avatar 1 ( 30, 12) -> ( 30, 12)
[2015-03-12 22:37:45]: avatar 2 (  0, 26) -> (  0, 25)
[2015-03-12 22:37:45]: avatar 1 ( 30, 12) -> ( 29, 12)
[2015-03-12 22:37:45]: avatar 2 (  0, 25) -> (  1, 25)
[2015-03-12 22:37:45]: avatar 1 ( 29, 12) -> ( 29, 12)
[2015-03-12 22:37:45]: avatar 2 (  1, 25) -> (  1, 25)
[2015-03-12 22:37:46]: avatar 1 ( 29, 12) -> ( 28, 12)
[2015-03-12 22:37:46]: avatar 2 (  1, 25) -> (  1, 24)
[2015-03-12 22:37:46]: avatar 1 ( 28, 12) -> ( 28, 11)
[2015-03-12 22:37:46]: avatar 2 (  1, 24) -> (  1, 24)
[2015-03-12 22:37:46]: avatar 1 ( 28, 11) -> ( 28, 11)
[2015-03-12 22:37:46]: avatar 2 (  1, 24) -> (  1, 24)
[2015-03-12 22:37:46]: avatar 1 ( 28, 11) -> ( 28, 10)
[2015-03-12 22:37:46]: avatar 2 (  1, 24) -> (  0, 24)
[2015-03-12 22:37:47]: avatar 1 ( 28, 10) -> ( 28, 10)
[2015-03-12 22:37:47]: avatar 2 (  0, 24) -> (  0, 23)
[2015-03-12 22:37:47]: avatar 1 ( 28, 10) -> ( 28,  9)
[2015-03-12 22:37:47]: avatar 2 (  0, 23) -> (  1, 23)
[2015-03-12 22:37:48]: avatar 1 ( 28,  9) -> ( 28,  9)
[2015-03-12 22:37:48]: avatar 2 (  1, 23) -> (  2, 23)
[2015-03-12 22:37:48]: avatar 1 ( 28,  9) -> ( 28,  8)
[2015-03-12 22:37:48]: avatar 2 (  2, 23) -> (  2, 23)
[2015-03-12 22:37:49]: avatar 1 ( 28,  8) -> ( 28,  8)
[2015-03-12 22:37:49]: avatar 2 (  2, 23) -> (  2, 23)
[2015-03-12 22:37:49]: avatar 1 ( 28,  8) -> ( 28,  7)
[2015-03-12 22:37:49]: avatar 2 (  2, 23) -> (  2, 22)
[2015-03-12 22:37:49]: avatar 1 ( 28,  7) -> ( 28,  7)
[2015-03-12 22:37:49]: avatar 2 (  2, 22) -> (  2, 22)
[2015-03-12 22:37:50]: avatar 1 ( 28,  7) -> ( 28,  6)
[2015-03-12 22:37:50]: avatar 2 (  2, 22) -> (  2, 22)
[2015-03-12 22:37:50]: avatar 1 ( 28,  6) -> ( 29,  6)
[2015-03-12 22:37:50]: avatar 2 (  2, 22) -> (  1, 22)
[2015-03-12 22:37:50]: avatar 1 ( 29,  6) -> ( 29,  6)
[2015-03-12 22:37:50]: avatar 2 (  1, 22) -> (  1, 22)
[2015-03-12 22:37:51]: avatar 1 ( 29,  6) -> ( 30,  6)
[2015-03-12 22:37:51]: avatar 2 (  1, 22) -> (  0, 22)
[2015-03-12 22:37:51]: avatar 1 ( 30,  6) -> ( 30,  6)
[2015-03-12 22:37:51]: avatar 2 (  0, 22) -> (  0, 21)
[2015-03-12 22:37:51]: avatar 1 ( 30,  6) -> ( 31,  6)
[2015-03-12 22:37:51]: avatar 2 (  0, 21) -> (  0, 21)
[2015-03-12 22:37:52]: avatar 1 ( 31,  6) -> ( 31,  7)
[2015-03-12 22:37:52]: avatar 2 (  0, 21) -> (  0, 20)
[2015-03-12 22:37:52]: avatar 1 ( 31,  7) -> ( 31,  7)
[2015-03-12 22:37:52]: avatar 2 (  0, 20) -> (  1, 20)
[2015-03-12 22:37:52]: avatar 1 ( 31,  7) -> ( 31,  7)
[2015-03-12 22:37:52]: avatar 2 (  1, 20) -> (  1, 20)
[2015-03-12 22:37:53]: avatar 1 ( 31,  7) -> ( 32,  7)
[2015-03-12 22:37:53]: avatar 2 (  1, 20) -> (  1, 20)
[2015-03-12 22:37:53]: avatar 1 ( 32,  7) -> ( 32,  8)
[2015-03-12 22:37:53]: avatar 2 (  1, 20) -> (  1, 19)
[2015-03-12 22:37:54]: avatar 1 ( 32,  8) -> ( 32,  8)
[2015-03-12 22:37:54]: avatar 2 (  1, 19) -> (  2, 19)
[2015-03-12 22:37:54]: avatar 1 ( 32,  8) -> ( 32,  9)
[2015-03-12 22:37:54]: avatar 2 (  2, 19) -> (  2, 20)
[2015-03-12 22:37:55]: avatar 1 ( 32,  9) -> ( 31,  9)
[2015-03-12 22:37:55]: avatar 2 (  2, 20) -> (  2, 20)
[2015-03-12 22:37:56]: avatar 1 ( 31,  9) -> ( 31,  8)
[2015-03-12 22:37:56]: avatar 2 (  2, 20) -> (  3, 20)
[2015-03-12 22:37:56]: avatar 1 ( 31,  8) -> ( 30,  8)
[2015-03-12 22:37:56]: avatar 2 (  3, 20) -> (  3, 20)
[2015-03-12 22:37:57]: avatar 1 ( 30,  8) -> ( 30,  8)
[2015-03-12 22:37:57]: avatar 2 (  3, 20) -> (  4, 20)
[2015-03-12 22:37:58]: avatar 1 ( 30,  8) -> ( 30,  8)
[2015-03-12 22:37:58]: avatar 2 (  4, 20) -> (  4, 21)
[2015-03-12 22:37:58]: avatar 1 ( 30,  8) -> ( 30,  9)
[2015-03-12 22:37:58]: avatar 2 (  4, 21) -> (  4, 21)
[2015-03-12 22:37:59]: avatar 1 ( 30,  9) -> ( 29,  9)
[2015-03-12 22:37:59]: avatar 2 (  4, 21) -> (  4, 21)
[2015-03-12 22:37:59]: avatar 1 ( 29,  9) -> ( 29,  8)
[2015-03-12 22:37:59]: avatar 2 (  4, 21) -> (  5, 21)
[2015-03-12 22:37:59]: avatar 1 ( 29,  8) -> ( 29,  7)
[2015-03-12 22:37:59]: avatar 2 (  5, 21) -> (  5, 21)
[2015-03-12 22:37:59]: avatar 1 ( 29,  7) -> ( 30,  7)
[2015-03-12 22:37:59]: avatar 2 (  5, 21) -> (  5, 21)
[2015-03-12 22:38:00]: avatar 1 ( 30,  7) -> ( 29,  7)
[2015-03-12 22:38:00]: avatar 2 (  5, 21) -> (  5, 20)
[2015-03-12 22:38:00]: avatar 1 ( 29,  7) -> ( 29,  8)
[2015-03-12 22:38:00]: avatar 2 (  5, 20) -> (  6, 20)
[2015-03-12 22:38:00]: avatar 1 ( 29,  8) -> ( 29,  9)
[2015-03-12 22:38:00]: avatar 2 (  6, 20) -> (  6, 21)
[2015-03-12 22:38:01]: avatar 1 ( 29,  9) -> ( 29, 10)
[2015-03-12 22:38:01]: avatar 2 (  6, 21) -> (  6, 21)
[2015-03-12 22:38:01]: avatar 1 ( 29, 10) -> ( 29, 10)
[2015-03-12 22:38:01]: avatar 2 (  6, 21) -> (  7, 21)
[2015-03-12 22:38:01]: avatar 1 ( 29, 10) -> ( 30, 10)
[2015-03-12 22:38:01]: avatar 2 (  7, 21) -> (  7, 21)
[2015-03-12 22:38:02]: avatar 1 ( 30, 10) -> ( 30, 10)
[2015-03-12 22:38:02]: avatar 2 (  7, 21) -> (  7, 21)
[2015-03-12 22:38:02]: avatar 1 ( 30, 10) -> ( 31, 10)
[2015-03-12 22:38:02]: avatar 2 (  7, 21) -> (  7, 20)
[2015-03-12 22:38:03]: avatar 1 ( 31, 10) -> ( 31, 10)
[2015-03-12 22:38:03]: avatar 2 (  7, 20) -> (  7, 20)
[2015-03-12 22:38:03]: avatar 1 ( 31, 10) -> ( 32, 10)
[2015-03-12 22:38:03]: avatar 2 (  7, 20) -> (  7, 19)
[2015-03-12 22:38:03]: avatar 1 ( 32, 10) -> ( 32, 11)
[2015-03-12 22:38:03]: avatar 2 (  7, 19) -> (  7, 19)
[2015-03-12 22:38:03]: avatar 1 ( 32, 11) -> ( 31, 11)
[2015-03-12 22:38:03]: avatar 2 (  7, 19) -> (  7, 18)
[2015-03-12 22:38:04]: avatar 1 ( 31, 11) -> ( 30, 11)
[2015-03-12 22:38:04]: avatar 2 (  7, 18) -> (  7, 18)
[2015-03-12 22:38:04]: avatar 1 ( 30, 11) -> ( 29, 11)
[2015-03-12 22:38:04]: avatar 2 (  7, 18) -> (  7, 18)
[2015-03-12 22:38:04]: avatar 1 ( 29, 11) -> ( 30, 11)
[2015-03-12 22:38:04]: avatar 2 (  7, 18) -> (  6, 18)
[2015-03-12 22:38:05]: avatar 1 ( 30, 11) -> ( 31, 11)
[2015-03-12 22:38:05]: avatar 2 (  6, 18) -> (  6, 17)
[2015-03-12 22:38:05]: avatar 1 ( 31, 11) -> ( 32, 11)
[2015-03-12 22:38:05]: avatar 2 (  6, 17) -> (  6, 17)
[2015-03-12 22:38:06]: avatar 1 ( 32, 11) -> ( 32, 11)
[2015-03-12 22:38:06]: avatar 2 (  6, 17) -> (  6, 16)
[2015-03-12 22:38:06]: avatar 1 ( 32, 11) -> ( 33, 11)
[2015-03-12 22:38:06]: avatar 2 (  6, 16) -> (  6, 16)
[2015-03-12 22:38:06]: avatar 1 ( 33, 11) -> ( 33, 12)
[2015-03-12 22:38:06]: avatar 2 (  6, 16) -> (  6, 16)
[2015-03-12 22:38:07]: avatar 1 ( 33, 12) -> ( 32, 12)
[2015-03-12 22:38:07]: avatar 2 (  6, 16) -> (  5, 16)
[2015-03-12 22:38:07]: avatar 1 ( 32, 12) -> ( 33, 12)
[2015-03-12 22:38:07]: avatar 2 (  5, 16) -> (  5, 16)
[2015-03-12 22:38:07]: avatar 1 ( 33, 12) -> ( 33, 11)
[2015-03-12 22:38:07]: avatar 2 (  5, 16) -> (  4, 16)
[2015-03-12 22:38:08]: avatar 1 ( 33, 11) -> ( 33, 10)
[2015-03-12 22:38:08]: avatar 2 (  4, 16) -> (  4, 16)
[2015-03-12 22:38:08]: avatar 1 ( 33, 10) -> ( 33,  9)
[2015-03-12 22:38:08]: avatar 2 (  4, 16) -> (  4, 16)
[2015-03-12 22:38:09]: avatar 1 ( 33,  9) -> ( 33,  8)
[2015-03-12 22:38:09]: avatar 2 (  4, 16) -> (  4, 16)
[2015-03-12 22:38:09]: avatar 1 ( 33,  8) -> ( 33,  7)
[2015-03-12 22:38:09]: avatar 2 (  4, 16) -> (  5, 16)
[2015-03-12 22:38:10]: avatar 1 ( 33,  7) -> ( 33,  6)
[2015-03-12 22:38:10]: avatar 2 (  5, 16) -> (  5, 17)
[2015-03-12 22:38:10]: avatar 1 ( 33,  6) -> ( 32,  6)
[2015-03-12 22:38:10]: avatar 2 (  5, 17) -> (  4, 17)
[2015-03-12 22:38:10]: avatar 1 ( 32,  6) -> ( 32,  6)
[2015-03-12 22:38:10]: avatar 2 (  4, 17) -> (  3, 17)
[2015-03-12 22:38:10]: avatar 1 ( 32,  6) -> ( 32,  6)
[2015-03-12 22:38:10]: avatar 2 (  3, 17) -> (  3, 16)
[2015-03-12 22:38:11]: avatar 1 ( 32,  6) -> ( 33,  6)
[2015-03-12 22:38:11]: avatar 2 (  3, 16) -> (  3, 15)
[2015-03-12 22:38:11]: avatar 1 ( 33,  6) -> ( 33,  7)
[2015-03-12 22:38:11]: avatar 2 (  3, 15) -> (  4, 15)
[2015-03-12 22:38:12]: avatar 1 ( 33,  7) -> ( 33,  7)
[2015-03-12 22:38:12]: avatar 2 (  4, 15) -> (  4, 15)
[2015-03-12 22:38:12]: avatar 1 ( 33,  7) -> ( 33,  8)
[2015-03-12 22:38:12]: avatar 2 (  4, 15) -> (  4, 14)
[2015-03-12 22:38:12]: avatar 1 ( 33,  8) -> ( 33,  8)
[2015-03-12 22:38:12]: avatar 2 (  4, 14) -> (  5, 14)
[2015-03-12 22:38:13]: avatar 1 ( 33,  8) -> ( 33,  9)
[2015-03-12 22:38:13]: avatar 2 (  5, 14) -> (  5, 14)
[2015-03-12 22:38:13]: avatar 1 ( 33,  9) -> ( 33,  9)
[2015-03-12 22:38:13]: avatar 2 (  5, 14) -> (  5, 14)
[2015-03-12 22:38:14]: avatar 1 ( 33,  9) -> ( 33, 10)
[2015-03-12 22:38:14]: avatar 2 (  5, 14) -> (  5, 13)
[2015-03-12 22:38:14]: avatar 1 ( 33, 10) -> ( 33, 10)
[2015-03-12 22:38:14]: avatar 2 (  5, 13) -> (  5, 13)
[2015-03-12 22:38:14]: avatar 1 ( 33, 10) -> ( 33, 11)
[2015-03-12 22:38:14]: avatar 2 (  5, 13) -> (  5, 12)
[2015-03-12 22:38:15]: avatar 1 ( 33, 11) -> ( 32, 11)
[2015-03-12 22:38:15]: avatar 2 (  5, 12) -> (  5, 12)
[2015-03-12 22:38:15]: avatar 1 ( 32, 11) -> ( 32, 10)
[2015-03-12 22:38:15]: avatar 2 (  5, 12) -> (  5, 11)
[2015-03-12 22:38:16]: avatar 1 ( 32, 10) -> ( 32, 10)
[2015-03-12 22:38:16]: avatar 2 (  5, 11) -> (  5, 11)
[2015-03-12 22:38:16]: avatar 1 ( 32, 10) -> ( 31, 10)
[2015-03-12 22:38:16]: avatar 2 (  5, 11) -> (  5, 11)
[2015-03-12 22:38:17]: avatar 1 ( 31, 10) -> ( 31, 10)
[2015-03-12 22:38:17]: avatar 2 (  5, 11) -> (  4, 11)
[2015-03-12 22:38:17]: avatar 1 ( 31, 10) -> ( 30, 10)
[2015-03-12 22:38:17]: avatar 2 (  4, 11) -> (  4, 10)
[2015-03-12 22:38:18]: avatar 1 ( 30, 10) -> ( 30, 10)
[2015-03-12 22:38:18]: avatar 2 (  4, 10) -> (  5, 10)
[2015-03-12 22:38:18]: avatar 1 ( 30, 10) -> ( 29, 10)
[2015-03-12 22:38:18]: avatar 2 (  5, 10) -> (  5, 10)
[2015-03-12 22:38:18]: avatar 1 ( 29, 10) -> ( 29,  9)
[2015-03-12 22:38:18]: avatar 2 (  5, 10) -> (  5, 10)
[2015-03-12 22:38:19]: avatar 1 ( 29,  9) -> ( 30,  9)
[2015-03-12 22:38:19]: avatar 2 (  5, 10) -> (  4, 10)
[2015-03-12 22:38:20]: avatar 1 ( 30,  9) -> ( 30,  9)
[2015-03-12 22:38:20]: avatar 2 (  4, 10) -> (  4, 10)
[2015-03-12 22:38:20]: avatar 1 ( 30,  9) -> ( 30,  8)
[2015-03-12 22:38:20]: avatar 2 (  4, 10) -> (  3, 10)
[2015-03-12 22:38:20]: avatar 1 ( 30,  8) -> ( 31,  8)
[2015-03-12 22:38:20]: avatar 2 (  3, 10) -> (  3, 10)
[2015-03-12 22:38:21]: avatar 1 ( 31,  8) -> ( 31,  9)
[2015-03-12 22:38:21]: avatar 2 (  3, 10) -> (  2, 10)
[2015-03-12 22:38:21]: avatar 1 ( 31,  9) -> ( 32,  9)
[2015-03-12 22:38:21]: avatar 2 (  2, 10) -> (  2,  9)
[2015-03-12 22:38:21]: avatar 1 ( 32,  9) -> ( 32,  8)
[2015-03-12 22:38:21]: avatar 2 (  2,  9) -> (  3,  9)
[2015-03-12 22:38:22]: avatar 1 ( 32,  8) -> ( 32,  7)
[2015-03-12 22:38:22]: avatar 2 (  3,  9) -> (  4,  9)
[2015-03-12 22:38:22]: avatar 1 ( 32,  7) -> ( 31,  7)
[2015-03-12 22:38:22]: avatar 2 (  4,  9) -> (  4,  9)
[2015-03-12 22:38:22]: avatar 1 ( 31,  7) -> ( 31,  6)
[2015-03-12 22:38:22]: avatar 2 (  4,  9) -> (  4,  9)
[2015-03-12 22:38:23]: avatar 1 ( 31,  6) -> ( 30,  6)
[2015-03-12 22:38:23]: avatar 2 (  4,  9) -> (  3,  9)
[2015-03-12 22:38:23]: avatar 1 ( 30,  6) -> ( 29,  6)
[2015-03-12 22:38:23]: avatar 2 (  3,  9) -> (  3,  9)
[2015-03-12 22:38:23]: avatar 1 ( 29,  6) -> ( 28,  6)
[2015-03-12 22:38:23]: avatar 2 (  3,  9) -> (  2,  9)
[2015-03-12 22:38:24]: avatar 1 ( 28,  6) -> ( 28,  7)
[2015-03-12 22:38:24]: avatar 2 (  2,  9) -> (  2,  9)
[2015-03-12 22:38:24]: avatar 1 ( 28,  7) -> ( 28,  8)
[2015-03-12 22:38:24]: avatar 2 (  2,  9) -> (  1,  9)
[2015-03-12 22:38:24]: avatar 1 ( 28,  8) -> ( 28,  9)
[2015-03-12 22:38:24]: avatar 2 (  1,  9) -> (  1,  8)
[2015-03-12 22:38:25]: avatar 1 ( 28,  9) -> ( 28, 10)
[2015-03-12 22:38:25]: avatar 2 (  1,  8) -> (  1,  8)
[2015-03-12 22:38:25]: avatar 1 ( 28, 10) -> ( 27, 10)
[2015-03-12 22:38:25]: avatar 2 (  1,  8) -> (  1,  8)
[2015-03-12 22:38:25]: avatar 1 ( 27, 10) -> ( 26, 10)
[2015-03-12 22:38:25]: avatar 2 (  1,  8) -> (  1,  8)
[2015-03-12 22:38:26]: avatar 1 ( 26, 10) -> ( 25, 10)
[2015-03-12 22:38:26]: avatar 2 (  1,  8) -> (  1,  9)
[2015-03-12 22:38:26]: avatar 1 ( 25, 10) -> ( 24, 10)
[2015-03-12 22:38:26]: avatar 2 (  1,  9) -> (  1,  9)
[2015-03-12 22:38:26]: avatar 1 ( 24, 10) -> ( 24, 10)
[2015-03-12 22:38:26]: avatar 2 (  1,  9) -> (  1, 10)
[2015-03-12 22:38:27]: avatar 1 ( 24, 10) -> ( 23, 10)
[2015-03-12 22:38:27]: avatar 2 (  1, 10) -> (  1, 10)
[2015-03-12 22:38:27]: avatar 1 ( 23, 10) -> ( 23,  9)
[2015-03-12 22:38:27]: avatar 2 (  1, 10) -> (  1, 10)
[2015-03-12 22:38:27]: avatar 1 ( 23,  9) -> ( 24,  9)
[2015-03-12 22:38:27]: avatar 2 (  1, 10) -> (  1, 10)
[2015-03-12 22:38:28]: avatar 1 ( 24,  9) -> ( 23,  9)
[2015-03-12 22:38:28]: avatar 2 (  1, 10) -> (  1,  9)
[2015-03-12 22:38:28]: avatar 1 ( 23,  9) -> ( 23,  9)
[2015-03-12 22:38:28]: avatar 2 (  1,  9) -> (  2,  9)
[2015-03-12 22:38:29]: avatar 1 ( 23,  9) -> ( 22,  9)
[2015-03-12 22:38:29]: avatar 2 (  2,  9) -> (  2, 10)
[2015-03-12 22:38:29]: avatar 1 ( 22,  9) -> ( 22,  9)
[2015-03-12 22:38:29]: avatar 2 (  2, 10) -> (  2, 11)
[2015-03-12 22:38:29]: avatar 1 ( 22,  9) -> ( 21,  9)
[2015-03-12 22:38:29]: avatar 2 (  2, 11) -> (  2, 11)
[2015-03-12 22:38:30]: avatar 1 ( 21,  9) -> ( 21,  9)
[2015-03-12 22:38:30]: avatar 2 (  2, 11) -> (  2, 11)
[2015-03-12 22:38:30]: avatar 1 ( 21,  9) -> ( 21,  9)
[2015-03-12 22:38:30]: avatar 2 (  2, 11) -> (  3, 11)
[2015-03-12 22:38:31]: avatar 1 ( 21,  9) -> ( 21, 10)
[2015-03-12 22:38:31]: avatar 2 (  3, 11) -> (  3, 12)
[2015-03-12 22:38:31]: avatar 1 ( 21, 10) -> ( 21, 10)
[2015-03-12 22:38:31]: avatar 2 (  3, 12) -> (  2, 12)
[2015-03-12 22:38:32]: avatar 1 ( 21, 10) -> ( 21, 11)
[2015-03-12 22:38:32]: avatar 2 (  2, 12) -> (  2, 12)
[2015-03-12 22:38:32]: avatar 1 ( 21, 11) -> ( 20, 11)
[2015-03-12 22:38:32]: avatar 2 (  2, 12) -> (  2, 12)
[2015-03-12 22:38:32]: avatar 1 ( 20, 11) -> ( 20, 10)
[2015-03-12 22:38:32]: avatar 2 (  2, 12) -> (  3, 12)
[2015-03-12 22:38:33]: avatar 1 ( 20, 10) -> ( 20, 10)
[2015-03-12 22:38:33]: avatar 2 (  3, 12) -> (  3, 12)
[2015-03-12 22:38:33]: avatar 1 ( 20, 10) -> ( 19, 10)
[2015-03-12 22:38:33]: avatar 2 (  3, 12) -> (  4, 12)
[2015-03-12 22:38:33]: avatar 1 ( 19, 10) -> ( 19, 10)
[2015-03-12 22:38:33]: avatar 2 (  4, 12) -> (  4, 12)
[2015-03-12 22:38:34]: avatar 1 ( 19, 10) -> ( 19, 10)
[2015-03-12 22:38:34]: avatar 2 (  4, 12) -> (  4, 12)
[2015-03-12 22:38:34]: avatar 1 ( 19, 10) -> ( 19, 11)
[2015-03-12 22:38:34]: avatar 2 (  4, 12) -> (  4, 12)
[2015-03-12 22:38:35]: avatar 1 ( 19, 11) -> ( 18, 11)
[2015-03-12 22:38:35]: avatar 2 (  4, 12) -> (  3, 12)
[2015-03-12 22:38:35]: avatar 1 ( 18, 11) -> ( 18, 11)
[2015-03-12 22:38:35]: avatar 2 (  3, 12) -> (  3, 11)
[2015-03-12 22:38:36]: avatar 1 ( 18, 11) -> ( 17, 11)
[2015-03-12 22:38:36]: avatar 2 (  3, 11) -> (  3, 11)
[2015-03-12 22:38:36]: avatar 1 ( 17, 11) -> ( 17, 11)
[2015-03-12 22:38:36]: avatar 2 (  3, 11) -> (  3, 11)
[2015-03-12 22:38:36]: avatar 1 ( 17, 11) -> ( 17, 11)
[2015-03-12 22:38:36]: avatar 2 (  3, 11) -> (  2, 11)
[2015-03-12 22:38:37]: avatar 1 ( 17, 11) -> ( 17, 12)
[2015-03-12 22:38:37]: avatar 2 (  2, 11) -> (  2, 10)
[2015-03-12 22:38:37]: avatar 1 ( 17, 12) -> ( 17, 12)
[2015-03-12 22:38:37]: avatar 2 (  2, 10) -> (  3, 10)
[2015-03-12 22:38:38]: avatar 1 ( 17, 12) -> ( 17, 12)
[2015-03-12 22:38:38]: avatar 2 (  3, 10) -> (  4, 10)
[2015-03-12 22:38:38]: avatar 1 ( 17, 12) -> ( 18, 12)
[2015-03-12 22:38:38]: avatar 2 (  4, 10) -> (  4, 11)
[2015-03-12 22:38:39]: avatar 1 ( 18, 12) -> ( 18, 12)
[2015-03-12 22:38:39]: avatar 2 (  4, 11) -> (  5, 11)
[2015-03-12 22:38:39]: avatar 1 ( 18, 12) -> ( 19, 12)
[2015-03-12 22:38:39]: avatar 2 (  5, 11) -> (  5, 12)
[2015-03-12 22:38:40]: avatar 1 ( 19, 12) -> ( 19, 12)
[2015-03-12 22:38:40]: avatar 2 (  5, 12) -> (  5, 13)
[2015-03-12 22:38:40]: avatar 1 ( 19, 12) -> ( 20, 12)
[2015-03-12 22:38:40]: avatar 2 (  5, 13) -> (  4, 13)
[2015-03-12 22:38:40]: avatar 1 ( 20, 12) -> ( 20, 12)
[2015-03-12 22:38:40]: avatar 2 (  4, 13) -> (  3, 13)
[2015-03-12 22:38:40]: avatar 1 ( 20, 12) -> ( 21, 12)
[2015-03-12 22:38:40]: avatar 2 (  3, 13) -> (  2, 13)
[2015-03-12 22:38:41]: avatar 1 ( 21, 12) -> ( 21, 12)
[2015-03-12 22:38:41]: avatar 2 (  2, 13) -> (  1, 13)
[2015-03-12 22:38:41]: avatar 1 ( 21, 12) -> ( 22, 12)
[2015-03-12 22:38:41]: avatar 2 (  1, 13) -> (  1, 13)
[2015-03-12 22:38:42]: avatar 1 ( 22, 12) -> ( 22, 12)
[2015-03-12 22:38:42]: avatar 2 (  1, 13) -> (  0, 13)
[2015-03-12 22:38:42]: avatar 1 ( 22, 12) -> ( 23, 12)
[2015-03-12 22:38:42]: avatar 2 (  0, 13) -> (  0, 12)
[2015-03-12 22:38:42]: avatar 1 ( 23, 12) -> ( 23, 13)
[2015-03-12 22:38:42]: avatar 2 (  0, 12) -> (  1, 12)
[2015-03-12 22:38:42]: avatar 1 ( 23, 13) -> ( 22, 13)
[2015-03-12 22:38:42]: avatar 2 (  1, 12) -> (  1, 11)
[2015-03-12 22:38:42]: avatar 1 ( 22, 13) -> ( 21, 13)
[2015-03-12 22:38:42]: avatar 2 (  1, 11) -> (  0, 11)
[2015-03-12 22:38:43]: avatar 1 ( 21, 13) -> ( 21, 13)
[2015-03-12 22:38:43]: avatar 2 (  0, 11) -> (  0, 10)
[2015-03-12 22:38:43]: avatar 1 ( 21, 13) -> ( 21, 14)
[2015-03-12 22:38:43]: avatar 2 (  0, 10) -> (  0,  9)
[2015-03-12 22:38:43]: avatar 1 ( 21, 14) -> ( 20, 14)
[2015-03-12 22:38:43]: avatar 2 (  0,  9) -> (  0,  8)
[2015-03-12 22:38:44]: avatar 1 ( 20, 14) -> ( 20, 13)
[2015-03-12 22:38:44]: avatar 2 (  0,  8) -> (  0,  7)
[2015-03-12 22:38:44]: avatar 1 ( 20, 13) -> ( 19, 13)
[2015-03-12 22:38:44]: avatar 2 (  0,  7) -> (  0,  7)
[2015-03-12 22:38:45]: avatar 1 ( 19, 13) -> ( 19, 13)
[2015-03-12 22:38:45]: avatar 2 (  0,  7) -> (  0,  6)
[2015-03-12 22:38:45]: avatar 1 ( 19, 13) -> ( 19, 14)
[2015-03-12 22:38:45]: avatar 2 (  0,  6) -> (  1,  6)
[2015-03-12 22:38:45]: avatar 1 ( 19, 14) -> ( 18, 14)
[2015-03-12 22:38:45]: avatar 2 (  1,  6) -> (  1,  7)
[2015-03-12 22:38:45]: avatar 1 ( 18, 14) -> ( 18, 14)
[2015-03-12 22:38:45]: avatar 2 (  1,  7) -> (  2,  7)
[2015-03-12 22:38:46]: avatar 1 ( 18, 14) -> ( 18, 14)
[2015-03-12 22:38:46]: avatar 2 (  2,  7) -> (  2,  8)
[2015-03-12 22:38:46]: avatar 1 ( 18, 14) -> ( 18, 15)
[2015-03-12 22:38:46]: avatar 2 (  2,  8) -> (  3,  8)
[2015-03-12 22:38:47]: avatar 1 ( 18, 15) -> ( 17, 15)
[2015-03-12 22:38:47]: avatar 2 (  3,  8) -> (  3,  8)
[2015-03-12 22:38:47]: avatar 1 ( 17, 15) -> ( 17, 15)
[2015-03-12 22:38:47]: avatar 2 (  3,  8) -> (  3,  7)
[2015-03-12 22:38:47]: avatar 1 ( 17, 15) -> ( 17, 15)
[2015-03-12 22:38:47]: avatar 2 (  3,  7) -> (  4,  7)
[2015-03-12 22:38:48]: avatar 1 ( 17, 15) -> ( 17, 16)
[2015-03-12 22:38:48]: avatar 2 (  4,  7) -> (  4,  8)
[2015-03-12 22:38:48]: avatar 1 ( 17, 16) -> ( 17, 16)
[2015-03-12 22:38:48]: avatar 2 (  4,  8) -> (  5,  8)
[2015-03-12 22:38:48]: avatar 1 ( 17, 16) -> ( 17, 16)
[2015-03-12 22:38:48]: avatar 2 (  5,  8) -> (  5,  9)
[2015-03-12 22:38:49]: avatar 1 ( 17, 16) -> ( 18, 16)
[2015-03-12 22:38:49]: avatar 2 (  5,  9) -> (  6,  9)
[2015-03-12 22:38:49]: avatar 1 ( 18, 16) -> ( 18, 16)
[2015-03-12 22:38:49]: avatar 2 (  6,  9) -> (  6,  9)
[2015-03-12 22:38:49]: avatar 1 ( 18, 16) -> ( 19, 16)
[2015-03-12 22:38:49]: avatar 2 (  6,  9) -> (  7,  9)
[2015-03-12 22:38:50]: avatar 1 ( 19, 16) -> ( 19, 16)
[2015-03-12 22:38:50]: avatar 2 (  7,  9) -> (  7,  9)
[2015-03-12 22:38:50]: avatar 1 ( 19, 16) -> ( 20, 16)
[2015-03-12 22:38:50]: avatar 2 (  7,  9) -> (  8,  9)
[2015-03-12 22:38:51]: avatar 1 ( 20, 16) -> ( 20, 17)
[2015-03-12 22:38:51]: avatar 2 (  8,  9) -> (  8,  9)
[2015-03-12 22:38:51]: avatar 1 ( 20, 17) -> ( 19, 17)
[2015-03-12 22:38:51]: avatar 2 (  8,  9) -> (  8,  9)
[2015-03-12 22:38:51]: avatar 1 ( 19, 17) -> ( 19, 17)
[2015-03-12 22:38:51]: avatar 2 (  8,  9) -> (  8,  8)
[2015-03-12 22:38:52]: avatar 1 ( 19, 17) -> ( 19, 18)
[2015-03-12 22:38:52]: avatar 2 (  8,  8) -> (  9,  8)
[2015-03-12 22:38:52]: avatar 1 ( 19, 18) -> ( 19, 18)
[2015-03-12 22:38:52]: avatar 2 (  9,  8) -> (  9,  8)
[2015-03-12 22:38:52]: avatar 1 ( 19, 18) -> ( 19, 19)
[2015-03-12 22:38:52]: avatar 2 (  9,  8) -> ( 10,  8)
[2015-03-12 22:38:53]: avatar 1 ( 19, 19) -> ( 19, 19)
[2015-03-12 22:38:53]: avatar 2 ( 10,  8) -> ( 10,  9)
[2015-03-12 22:38:53]: avatar 1 ( 19, 19) -> ( 19, 19)
[2015-03-12 22:38:53]: avatar 2 ( 10,  9) -> (  9,  9)
[2015-03-12 22:38:53]: avatar 1 ( 19, 19) -> ( 20, 19)
[2015-03-12 22:38:53]: avatar 2 (  9,  9) -> (  9, 10)
[2015-03-12 22:38:54]: avatar 1 ( 20, 19) -> ( 20, 19)
[2015-03-12 22:38:54]: avatar 2 (  9, 10) -> (  8, 10)
[2015-03-12 22:38:54]: avatar 1 ( 20, 19) -> ( 21, 19)
[2015-03-12 22:38:54]: avatar 2 (  8, 10) -> (  7, 10)
[2015-03-12 22:38:54]: avatar 1 ( 21, 19) -> ( 21, 19)
[2015-03-12 22:38:54]: avatar 2 (  7, 10) -> (  6, 10)
[2015-03-12 22:38:55]: avatar 1 ( 21, 19) -> ( 22, 19)
[2015-03-12 22:38:55]: avatar 2 (  6, 10) -> (  6, 11)
[2015-03-12 22:38:55]: avatar 1 ( 22, 19) -> ( 22, 19)
[2015-03-12 22:38:55]: avatar 2 (  6, 11) -> (  6, 12)
[2015-03-12 22:38:56]: avatar 1 ( 22, 19) -> ( 22, 19)
[2015-03-12 22:38:56]: avatar 2 (  6, 12) -> (  6, 13)
[2015-03-12 22:38:56]: avatar 1 ( 22, 19) -> ( 22, 18)
[2015-03-12 22:38:56]: avatar 2 (  6, 13) -> (  6, 14)
[2015-03-12 22:38:57]: avatar 1 ( 22, 18) -> ( 22, 18)
[2015-03-12 22:38:57]: avatar 2 (  6, 14) -> (  6, 14)
[2015-03-12 22:38:58]: avatar 1 ( 22, 18) -> ( 22, 18)
[2015-03-12 22:38:58]: avatar 2 (  6, 14) -> (  7, 14)
[2015-03-12 22:38:59]: avatar 1 ( 22, 18) -> ( 21, 18)
[2015-03-12 22:38:59]: avatar 2 (  7, 14) -> (  7, 14)
[2015-03-12 22:38:59]: avatar 1 ( 21, 18) -> ( 21, 17)
[2015-03-12 22:38:59]: avatar 2 (  7, 14) -> (  7, 14)
[2015-03-12 22:39:00]: avatar 1 ( 21, 17) -> ( 21, 17)
[2015-03-12 22:39:00]: avatar 2 (  7, 14) -> (  7, 13)
[2015-03-12 22:39:00]: avatar 1 ( 21, 17) -> ( 21, 16)
[2015-03-12 22:39:00]: avatar 2 (  7, 13) -> (  7, 13)
[2015-03-12 22:39:01]: avatar 1 ( 21, 16) -> ( 22, 16)
[2015-03-12 22:39:01]: avatar 2 (  7, 13) -> (  7, 12)
[2015-03-12 22:39:01]: avatar 1 ( 22, 16) -> ( 22, 17)
[2015-03-12 22:39:01]: avatar 2 (  7, 12) -> (  8, 12)
[2015-03-12 22:39:01]: avatar 1 ( 22, 17) -> ( 23, 17)
[2015-03-12 22:39:01]: avatar 2 (  8, 12) -> (  8, 13)
[2015-03-12 22:39:01]: avatar 1 ( 23, 17) -> ( 23, 18)
[2015-03-12 22:39:01]: avatar 2 (  8, 13) -> (  8, 14)
[2015-03-12 22:39:02]: avatar 1 ( 23, 18) -> ( 23, 19)
[2015-03-12 22:39:02]: avatar 2 (  8, 14) -> (  8, 14)
[2015-03-12 22:39:02]: avatar 1 ( 23, 19) -> ( 23, 20)
[2015-03-12 22:39:02]: avatar 2 (  8, 14) -> (  9, 14)
[2015-03-12 22:39:02]: avatar 1 ( 23, 20) -> ( 22, 20)
[2015-03-12 22:39:02]: avatar 2 (  9, 14) -> (  9, 14)
[2015-03-12 22:39:02]: avatar 1 ( 22, 20) -> ( 21, 20)
[2015-03-12 22:39:02]: avatar 2 (  9, 14) -> ( 10, 14)
[2015-03-12 22:39:03]: avatar 1 ( 21, 20) -> ( 20, 20)
[2015-03-12 22:39:03]: avatar 2 ( 10, 14) -> ( 10, 14)
[2015-03-12 22:39:03]: avatar 1 ( 20, 20) -> ( 19, 20)
[2015-03-12 22:39:03]: avatar 2 ( 10, 14) -> ( 10, 14)
[2015-03-12 22:39:03]: avatar 1 ( 19, 20) -> ( 18, 20)
[2015-03-12 22:39:03]: avatar 2 ( 10, 14) -> ( 10, 13)
[2015-03-12 22:39:04]: avatar 1 ( 18, 20) -> ( 18, 19)
[2015-03-12 22:39:04]: avatar 2 ( 10, 13) -> ( 10, 13)
[2015-03-12 22:39:04]: avatar 1 ( 18, 19) -> ( 18, 19)
[2015-03-12 22:39:04]: avatar 2 ( 10, 13) -> ( 10, 13)
[2015-03-12 22:39:05]: avatar 1 ( 18, 19) -> ( 17, 19)
[2015-03-12 22:39:05]: avatar 2 ( 10, 13) -> (  9, 13)
[2015-03-12 22:39:05]: avatar 1 ( 17, 19) -> ( 17, 19)
[2015-03-12 22:39:05]: avatar 2 (  9, 13) -> (  9, 12)
[2015-03-12 22:39:05]: avatar 1 ( 17, 19) -> ( 16, 19)
[2015-03-12 22:39:05]: avatar 2 (  9, 12) -> ( 10, 12)
[2015-03-12 22:39:05]: avatar 1 ( 16, 19) -> ( 16, 18)
[2015-03-12 22:39:05]: avatar 2 ( 10, 12) -> ( 11, 12)
[2015-03-12 22:39:06]: avatar 1 ( 16, 18) -> ( 16, 18)
[2015-03-12 22:39:06]: avatar 2 ( 11, 12) -> ( 11, 13)
[2015-03-12 22:39:06]: avatar 1 ( 16, 18) -> ( 16, 18)
[2015-03-12 22:39:06]: avatar 2 ( 11, 13) -> ( 11, 14)
[2015-03-12 22:39:07]: avatar 1 ( 16, 18) -> ( 15, 18)
[2015-03-12 22:39:07]: avatar 2 ( 11, 14) -> ( 11, 14)
[2015-03-12 22:39:07]: avatar 1 ( 15, 18) -> ( 15, 17)
[2015-03-12 22:39:07]: avatar 2 ( 11, 14) -> ( 12, 14)
[2015-03-12 22:39:07]: avatar 1 ( 15, 17) -> ( 15, 17)
[2015-03-12 22:39:07]: avatar 2 ( 12, 14) -> ( 12, 15)
[2015-03-12 22:39:08]: avatar 1 ( 15, 17) -> ( 15, 16)
[2015-03-12 22:39:08]: avatar 2 ( 12, 15) -> ( 12, 15)
[2015-03-12 22:39:08]: avatar 1 ( 15, 16) -> ( 16, 16)
[2015-03-12 22:39:08]: avatar 2 ( 12, 15) -> ( 12, 16)
[2015-03-12 22:39:08]: avatar 1 ( 16, 16) -> ( 16, 17)
[2015-03-12 22:39:08]: avatar 2 ( 12, 16) -> ( 12, 16)
[2015-03-12 22:39:09]: avatar 1 ( 16, 17) -> ( 17, 17)
[2015-03-12 22:39:09]: avatar 2 ( 12, 16) -> ( 12, 17)
[2015-03-12 22:39:09]: avatar 1 ( 17, 17) -> ( 17, 18)
[2015-03-12 22:39:09]: avatar 2 ( 12, 17) -> ( 12, 17)
[2015-03-12 22:39:09]: avatar 1 ( 17, 18) -> ( 18, 18)
[2015-03-12 22:39:09]: avatar 2 ( 12, 17) -> ( 12, 18)
[2015-03-12 22:39:10]: avatar 1 ( 18, 18) -> ( 18, 17)
[2015-03-12 22:39:10]: avatar 2 ( 12, 18) -> ( 12, 18)
[2015-03-12 22:39:10]: avatar 1 ( 18, 17) -> ( 18, 17)
[2015-03-12 22:39:10]: avatar 2 ( 12, 18) -> ( 12, 18)
[2015-03-12 22:39:11]: avatar 1 ( 18, 17) -> ( 18, 18)
[2015-03-12 22:39:11]: avatar 2 ( 12, 18) -> ( 13, 18)
[2015-03-12 22:39:11]: avatar 1 ( 18, 18) -> ( 17, 18)
[2015-03-12 22:39:11]: avatar 2 ( 13, 18) -> ( 13, 18)
[2015-03-12 22:39:12]: avatar 1 ( 17, 18) -> ( 17, 17)
[2015-03-12 22:39:12]: avatar 2 ( 13, 18) -> ( 13, 18)
[2015-03-12 22:39:12]: avatar 1 ( 17, 17) -> ( 16, 17)
[2015-03-12 22:39:12]: avatar 2 ( 13, 18) -> ( 13, 17)
[2015-03-12 22:39:13]: avatar 1 ( 16, 17) -> ( 16, 16)
[2015-03-12 22:39:13]: avatar 2 ( 13, 17) -> ( 13, 17)
[2015-03-12 22:39:13]: avatar 1 ( 16, 16) -> ( 16, 15)
[2015-03-12 22:39:13]: avatar 2 ( 13, 17) -> ( 13, 16)
[2015-03-12 22:39:14]: avatar 1 ( 16, 15) -> ( 16, 14)
[2015-03-12 22:39:14]: avatar 2 ( 13, 16) -> ( 13, 16)
[2015-03-12 22:39:14]: avatar 1 ( 16, 14) -> ( 16, 14)
[2015-03-12 22:39:14]: avatar 2 ( 13, 16) -> ( 13, 15)
[2015-03-12 22:39:14]: avatar 1 ( 16, 14) -> ( 16, 13)
[2015-03-12 22:39:14]: avatar 2 ( 13, 15) -> ( 14, 15)
[2015-03-12 22:39:15]: avatar 1 ( 16, 13) -> ( 17, 13)
[2015-03-12 22:39:15]: avatar 2 ( 14, 15) -> ( 14, 15)
[2015-03-12 22:39:15]: avatar 1 ( 17, 13) -> ( 17, 14)
[2015-03-12 22:39:15]: avatar 2 ( 14, 15) -> ( 15, 15)
[2015-03-12 22:39:16]: avatar 1 ( 17, 14) -> ( 17, 13)
[2015-03-12 22:39:16]: avatar 2 ( 15, 15) -> ( 15, 15)
[2015-03-12 22:39:16]: avatar 1 ( 17, 13) -> ( 18, 13)
[2015-03-12 22:39:16]: avatar 2 ( 15, 15) -> ( 15, 15)
[2015-03-12 22:39:16]: avatar 1 ( 18, 13) -> ( 17, 13)
[2015-03-12 22:39:16]: avatar 2 ( 15, 15) -> ( 15, 14)
[2015-03-12 22:39:17]: avatar 1 ( 17, 13) -> ( 16, 13)
[2015-03-12 22:39:17]: avatar 2 ( 15, 14) -> ( 15, 14)
[2015-03-12 22:39:18]: avatar 1 ( 16, 13) -> ( 16, 13)
[2015-03-12 22:39:18]: avatar 2 ( 15, 14) -> ( 15, 14)
[2015-03-12 22:39:18]: avatar 1 ( 16, 13) -> ( 15, 13)
[2015-03-12 22:39:18]: avatar 2 ( 15, 14) -> ( 15, 14)
[2015-03-12 22:39:18]: avatar 1 ( 15, 13) -> ( 15, 12)
[2015-03-12 22:39:18]: avatar 2 ( 15, 14) -> ( 15, 15)
[2015-03-12 22:39:19]: avatar 1 ( 15, 12) -> ( 15, 12)
[2015-03-12 22:39:19]: avatar 2 ( 15, 15) -> ( 14, 15)
[2015-03-12 22:39:19]: avatar 1 ( 15, 12) -> ( 15, 12)
[2015-03-12 22:39:19]: avatar 2 ( 14, 15) -> ( 14, 14)
[2015-03-12 22:39:20]: avatar 1 ( 15, 12) -> ( 14, 12)
[2015-03-12 22:39:20]: avatar 2 ( 14, 14) -> ( 14, 13)
[2015-03-12 22:39:20]: avatar 1 ( 14, 12) -> ( 14, 11)
[2015-03-12 22:39:20]: avatar 2 ( 14, 13) -> ( 14, 13)
[2015-03-12 22:39:21]: avatar 1 ( 14, 11) -> ( 15, 11)
[2015-03-12 22:39:21]: avatar 2 ( 14, 13) -> ( 14, 13)
[2015-03-12 22:39:21]: avatar 1 ( 15, 11) -> ( 16, 11)
[2015-03-12 22:39:21]: avatar 2 ( 14, 13) -> ( 13, 13)
[2015-03-12 22:39:21]: avatar 1 ( 16, 11) -> ( 16, 12)
[2015-03-12 22:39:21]: avatar 2 ( 13, 13) -> ( 13, 12)
[2015-03-12 22:39:22]: avatar 1 ( 16, 12) -> ( 16, 11)
[2015-03-12 22:39:22]: avatar 2 ( 13, 12) -> ( 13, 12)
[2015-03-12 22:39:22]: avatar 1 ( 16, 11) -> ( 16, 10)
[2015-03-12 22:39:22]: avatar 2 ( 13, 12) -> ( 13, 11)
[2015-03-12 22:39:22]: avatar 1 ( 16, 10) -> ( 16, 10)
[2015-03-12 22:39:22]: avatar 2 ( 13, 11) -> ( 13, 11)
[2015-03-12 22:39:23]: avatar 1 ( 16, 10) -> ( 16, 10)
[2015-03-12 22:39:23]: avatar 2 ( 13, 11) -> ( 13, 10)
[2015-03-12 22:39:23]: avatar 1 ( 16, 10) -> ( 15, 10)
[2015-03-12 22:39:23]: avatar 2 ( 13, 10) -> ( 13, 10)
[2015-03-12 22:39:24]: avatar 1 ( 15, 10) -> ( 15,  9)
[2015-03-12 22:39:24]: avatar 2 ( 13, 10) -> ( 13, 10)
[2015-03-12 22:39:24]: avatar 1 ( 15,  9) -> ( 15,  9)
[2015-03-12 22:39:24]: avatar 2 ( 13, 10) -> ( 12, 10)
[2015-03-12 22:39:24]: avatar 1 ( 15,  9) -> ( 15,  8)
[2015-03-12 22:39:24]: avatar 2 ( 12, 10) -> ( 12,  9)
[2015-03-12 22:39:25]: avatar 1 ( 15,  8) -> ( 15,  8)
[2015-03-12 22:39:25]: avatar 2 ( 12,  9) -> ( 13,  9)
[2015-03-12 22:39:25]: avatar 1 ( 15,  8) -> ( 15,  7)
[2015-03-12 22:39:25]: avatar 2 ( 13,  9) -> ( 14,  9)
[2015-03-12 22:39:25]: avatar 1 ( 15,  7) -> ( 15,  7)
[2015-03-12 22:39:25]: avatar 2 ( 14,  9) -> ( 14, 10)
[2015-03-12 22:39:26]: avatar 1 ( 15,  7) -> ( 15,  7)
[2015-03-12 22:39:26]: avatar 2 ( 14, 10) -> ( 14, 10)
[2015-03-12 22:39:26]: avatar 1 ( 15,  7) -> ( 14,  7)
[2015-03-12 22:39:26]: avatar 2 ( 14, 10) -> ( 14, 10)
[2015-03-12 22:39:27]: avatar 1 ( 14,  7) -> ( 14,  7)
[2015-03-12 22:39:27]: avatar 2 ( 14, 10) -> ( 14,  9)
[2015-03-12 22:39:27]: avatar 1 ( 14,  7) -> ( 13,  7)
[2015-03-12 22:39:27]: avatar 2 ( 14,  9) -> ( 14,  9)
[2015-03-12 22:39:27]: avatar 1 ( 13,  7) -> ( 13,  6)
[2015-03-12 22:39:27]: avatar 2 ( 14,  9) -> ( 14,  8)
[2015-03-12 22:39:28]: avatar 1 ( 13,  6) -> ( 13,  6)
[2015-03-12 22:39:28]: avatar 2 ( 14,  8) -> ( 14,  8)
[2015-03-12 22:39:29]: avatar 1 ( 13,  6) -> ( 13,  6)
[2015-03-12 22:39:29]: avatar 2 ( 14,  8) -> ( 14,  8)
[2015-03-12 22:39:29]: avatar 1 ( 13,  6) -> ( 12,  6)
[2015-03-12 22:39:29]: avatar 2 ( 14,  8) -> ( 13,  8)
[2015-03-12 22:39:29]: avatar 1 ( 12,  6) -> ( 12,  6)
[2015-03-12 22:39:29]: avatar 2 ( 13,  8) -> ( 13,  8)
[2015-03-12 22:39:30]: avatar 1 ( 12,  6) -> ( 12,  6)
[2015-03-12 22:39:30]: avatar 2 ( 13,  8) -> ( 13,  8)
[2015-03-12 22:39:30]: avatar 1 ( 12,  6) -> ( 12,  7)
[2015-03-12 22:39:30]: avatar 2 ( 13,  8) -> ( 13,  8)
[2015-03-12 22:39:31]: avatar 1 ( 12,  7) -> ( 12,  7)
[2015-03-12 22:39:31]: avatar 2 ( 13,  8) -> ( 14,  8)
[2015-03-12 22:39:31]: avatar 1 ( 12,  7) -> ( 12,  8)
[2015-03-12 22:39:31]: avatar 2 ( 14,  8) -> ( 14,  9)
[2015-03-12 22:39:31]: avatar 1 ( 12,  8) -> ( 11,  8)
[2015-03-12 22:39:31]: avatar 2 ( 14,  9) -> ( 13,  9)
[2015-03-12 22:39:32]: avatar 1 ( 11,  8) -> ( 11,  8)
[2015-03-12 22:39:32]: avatar 2 ( 13,  9) -> ( 12,  9)
[2015-03-12 22:39:32]: avatar 1 ( 11,  8) -> ( 11,  8)
[2015-03-12 22:39:32]: avatar 2 ( 12,  9) -> ( 12,  9)
[2015-03-12 22:39:33]: avatar 1 ( 11,  8) -> ( 11,  9)
[2015-03-12 22:39:33]: avatar 2 ( 12,  9) -> ( 12,  9)
[2015-03-12 22:39:33]: avatar 1 ( 11,  9) -> ( 11,  9)
[2015-03-12 22:39:33]: avatar 2 ( 12,  9) -> ( 12, 10)
[2015-03-12 22:39:34]: avatar 1 ( 11,  9) -> ( 11, 10)
[2015-03-12 22:39:34]: avatar 2 ( 12, 10) -> ( 12, 10)
[2015-03-12 22:39:34]: avatar 1 ( 11, 10) -> ( 10, 10)
[2015-03-12 22:39:34]: avatar 2 ( 12, 10) -> ( 12, 10)
[2015-03-12 22:39:35]: avatar 1 ( 10, 10) -> ( 10, 10)
[2015-03-12 22:39:35]: avatar 2 ( 12, 10) -> ( 13, 10)
[2015-03-12 22:39:35]: avatar 1 ( 10, 10) -> ( 10, 10)
[2015-03-12 22:39:35]: avatar 2 ( 13, 10) -> ( 13, 11)
[2015-03-12 22:39:36]: avatar 1 ( 10, 10) -> ( 10, 11)
[2015-03-12 22:39:36]: avatar 2 ( 13, 11) -> ( 13, 11)
[2015-03-12 22:39:36]: avatar 1 ( 10, 11) -> ( 10, 11)
[2015-03-12 22:39:36]: avatar 2 ( 13, 11) -> ( 13, 12)
[2015-03-12 22:39:37]: avatar 1 ( 10, 11) -> ( 10, 11)
[2015-03-12 22:39:37]: avatar 2 ( 13, 12) -> ( 12, 12)
[2015-03-12 22:39:37]: avatar 1 ( 10, 11) -> ( 11, 11)
[2015-03-12 22:39:37]: avatar 2 ( 12, 12) -> ( 12, 11)
[2015-03-12 22:39:37]: Moves to Solve: 1457
[2015-03-12 22:39:37]: Hash: 551481704
