[2015-03-12 21:12:11]: USER=matthew, algorithm=2, port=38146, time=Thu Mar 12 21:12:11 2015
[2015-03-12 21:12:11]: Maze size = 12x10
[2015-03-12 21:12:12]: avatar 1 ( 101, 101) -> (  4,  9)
[2015-03-12 21:12:12]: avatar 2 ( 101, 101) -> (  3,  7)
[2015-03-12 21:12:12]: avatar 1 (  4,  9) -> (  5,  9)
[2015-03-12 21:12:12]: avatar 2 (  3,  7) -> (  3,  7)
[2015-03-12 21:12:12]: avatar 1 (  5,  9) -> (  6,  9)
[2015-03-12 21:12:12]: avatar 2 (  3,  7) -> (  3,  6)
[2015-03-12 21:12:12]: avatar 1 (  6,  9) -> (  7,  9)
[2015-03-12 21:12:12]: avatar 2 (  3,  6) -> (  4,  6)
[2015-03-12 21:12:12]: avatar 1 (  7,  9) -> (  7,  9)
[2015-03-12 21:12:12]: avatar 2 (  4,  6) -> (  4,  7)
[2015-03-12 21:12:12]: avatar 1 (  7,  9) -> (  7,  8)
[2015-03-12 21:12:12]: avatar 2 (  4,  7) -> (  4,  8)
[2015-03-12 21:12:12]: avatar 1 (  7,  8) -> (  7,  8)
[2015-03-12 21:12:12]: avatar 2 (  4,  8) -> (  4,  8)
[2015-03-12 21:12:12]: avatar 1 (  7,  8) -> (  7,  8)
[2015-03-12 21:12:12]: avatar 2 (  4,  8) -> (  4,  8)
[2015-03-12 21:12:13]: avatar 1 (  7,  8) -> (  7,  8)
[2015-03-12 21:12:13]: avatar 2 (  4,  8) -> (  5,  8)
[2015-03-12 21:12:13]: avatar 1 (  7,  8) -> (  7,  9)
[2015-03-12 21:12:13]: avatar 2 (  5,  8) -> (  5,  8)
[2015-03-12 21:12:13]: avatar 1 (  7,  9) -> (  6,  9)
[2015-03-12 21:12:13]: avatar 2 (  5,  8) -> (  6,  8)
[2015-03-12 21:12:13]: avatar 1 (  6,  9) -> (  6,  9)
[2015-03-12 21:12:13]: avatar 2 (  6,  8) -> (  6,  8)
[2015-03-12 21:12:13]: avatar 1 (  6,  9) -> (  5,  9)
[2015-03-12 21:12:13]: avatar 2 (  6,  8) -> (  6,  7)
[2015-03-12 21:12:13]: avatar 1 (  5,  9) -> (  4,  9)
[2015-03-12 21:12:13]: avatar 2 (  6,  7) -> (  7,  7)
[2015-03-12 21:12:13]: avatar 1 (  4,  9) -> (  3,  9)
[2015-03-12 21:12:13]: avatar 2 (  7,  7) -> (  7,  7)
[2015-03-12 21:12:13]: avatar 1 (  3,  9) -> (  3,  8)
[2015-03-12 21:12:13]: avatar 2 (  7,  7) -> (  7,  6)
[2015-03-12 21:12:13]: avatar 1 (  3,  8) -> (  3,  7)
[2015-03-12 21:12:13]: avatar 2 (  7,  6) -> (  7,  7)
[2015-03-12 21:12:13]: avatar 1 (  3,  7) -> (  3,  6)
[2015-03-12 21:12:13]: avatar 2 (  7,  7) -> (  6,  7)
[2015-03-12 21:12:13]: avatar 1 (  3,  6) -> (  4,  6)
[2015-03-12 21:12:13]: avatar 2 (  6,  7) -> (  6,  8)
[2015-03-12 21:12:13]: avatar 1 (  4,  6) -> (  4,  7)
[2015-03-12 21:12:13]: avatar 2 (  6,  8) -> (  5,  8)
[2015-03-12 21:12:13]: Moves to Solve: 39
[2015-03-12 21:12:13]: Hash: 2855574561
