[2015-03-12 21:17:14]: USER=matthew, algorithm=2, port=39434, time=Thu Mar 12 21:17:14 2015
[2015-03-12 21:17:14]: Maze size = 25x25
[2015-03-12 21:17:15]: avatar 1 ( 101, 101) -> ( 21, 12)
[2015-03-12 21:17:15]: avatar 2 ( 101, 101) -> ( 15,  4)
[2015-03-12 21:17:15]: avatar 3 ( 101, 101) -> (  5, 23)
[2015-03-12 21:17:16]: avatar 1 ( 21, 12) -> ( 21, 12)
[2015-03-12 21:17:16]: avatar 2 ( 15,  4) -> ( 16,  4)
[2015-03-12 21:17:16]: avatar 3 (  5, 23) -> (  6, 23)
[2015-03-12 21:17:16]: avatar 1 ( 21, 12) -> ( 21, 12)
[2015-03-12 21:17:16]: avatar 2 ( 16,  4) -> ( 16,  4)
[2015-03-12 21:17:16]: avatar 3 (  6, 23) -> (  6, 24)
[2015-03-12 21:17:16]: avatar 1 ( 21, 12) -> ( 20, 12)
[2015-03-12 21:17:16]: avatar 2 ( 16,  4) -> ( 16,  4)
[2015-03-12 21:17:16]: avatar 3 (  6, 24) -> (  6, 24)
[2015-03-12 21:17:16]: avatar 1 ( 20, 12) -> ( 20, 11)
[2015-03-12 21:17:16]: avatar 2 ( 16,  4) -> ( 16,  3)
[2015-03-12 21:17:16]: avatar 3 (  6, 24) -> (  7, 24)
[2015-03-12 21:17:16]: avatar 1 ( 20, 11) -> ( 20, 11)
[2015-03-12 21:17:16]: avatar 2 ( 16,  3) -> ( 16,  3)
[2015-03-12 21:17:16]: avatar 3 (  7, 24) -> (  8, 24)
[2015-03-12 21:17:16]: avatar 1 ( 20, 11) -> ( 20, 10)
[2015-03-12 21:17:16]: avatar 2 ( 16,  3) -> ( 16,  3)
[2015-03-12 21:17:16]: avatar 3 (  8, 24) -> (  9, 24)
[2015-03-12 21:17:17]: avatar 1 ( 20, 10) -> ( 20, 10)
[2015-03-12 21:17:17]: avatar 2 ( 16,  3) -> ( 16,  3)
[2015-03-12 21:17:17]: avatar 3 (  9, 24) -> ( 10, 24)
[2015-03-12 21:17:17]: avatar 1 ( 20, 10) -> ( 20,  9)
[2015-03-12 21:17:17]: avatar 2 ( 16,  3) -> ( 16,  4)
[2015-03-12 21:17:17]: avatar 3 ( 10, 24) -> ( 10, 24)
[2015-03-12 21:17:17]: avatar 1 ( 20,  9) -> ( 20,  9)
[2015-03-12 21:17:17]: avatar 2 ( 16,  4) -> ( 15,  4)
[2015-03-12 21:17:17]: avatar 3 ( 10, 24) -> ( 10, 23)
[2015-03-12 21:17:17]: avatar 1 ( 20,  9) -> ( 20,  8)
[2015-03-12 21:17:17]: avatar 2 ( 15,  4) -> ( 15,  4)
[2015-03-12 21:17:17]: avatar 3 ( 10, 23) -> ( 11, 23)
[2015-03-12 21:17:17]: avatar 1 ( 20,  8) -> ( 20,  8)
[2015-03-12 21:17:17]: avatar 2 ( 15,  4) -> ( 15,  4)
[2015-03-12 21:17:17]: avatar 3 ( 11, 23) -> ( 11, 24)
[2015-03-12 21:17:17]: avatar 1 ( 20,  8) -> ( 20,  8)
[2015-03-12 21:17:17]: avatar 2 ( 15,  4) -> ( 15,  5)
[2015-03-12 21:17:17]: avatar 3 ( 11, 24) -> ( 12, 24)
[2015-03-12 21:17:17]: avatar 1 ( 20,  8) -> ( 19,  8)
[2015-03-12 21:17:17]: avatar 2 ( 15,  5) -> ( 15,  5)
[2015-03-12 21:17:17]: avatar 3 ( 12, 24) -> ( 12, 24)
[2015-03-12 21:17:17]: avatar 1 ( 19,  8) -> ( 19,  7)
[2015-03-12 21:17:17]: avatar 2 ( 15,  5) -> ( 15,  5)
[2015-03-12 21:17:17]: avatar 3 ( 12, 24) -> ( 12, 23)
[2015-03-12 21:17:17]: avatar 1 ( 19,  7) -> ( 19,  7)
[2015-03-12 21:17:17]: avatar 2 ( 15,  5) -> ( 16,  5)
[2015-03-12 21:17:17]: avatar 3 ( 12, 23) -> ( 13, 23)
[2015-03-12 21:17:18]: avatar 1 ( 19,  7) -> ( 19,  6)
[2015-03-12 21:17:18]: avatar 2 ( 16,  5) -> ( 16,  5)
[2015-03-12 21:17:18]: avatar 3 ( 13, 23) -> ( 13, 24)
[2015-03-12 21:17:18]: avatar 1 ( 19,  6) -> ( 20,  6)
[2015-03-12 21:17:18]: avatar 2 ( 16,  5) -> ( 17,  5)
[2015-03-12 21:17:18]: avatar 3 ( 13, 24) -> ( 14, 24)
[2015-03-12 21:17:18]: avatar 1 ( 20,  6) -> ( 20,  6)
[2015-03-12 21:17:18]: avatar 2 ( 17,  5) -> ( 17,  6)
[2015-03-12 21:17:18]: avatar 3 ( 14, 24) -> ( 15, 24)
[2015-03-12 21:17:18]: avatar 1 ( 20,  6) -> ( 20,  6)
[2015-03-12 21:17:18]: avatar 2 ( 17,  6) -> ( 16,  6)
[2015-03-12 21:17:18]: avatar 3 ( 15, 24) -> ( 15, 24)
[2015-03-12 21:17:18]: avatar 1 ( 20,  6) -> ( 20,  5)
[2015-03-12 21:17:18]: avatar 2 ( 16,  6) -> ( 16,  6)
[2015-03-12 21:17:18]: avatar 3 ( 15, 24) -> ( 15, 23)
[2015-03-12 21:17:18]: avatar 1 ( 20,  5) -> ( 20,  5)
[2015-03-12 21:17:18]: avatar 2 ( 16,  6) -> ( 16,  7)
[2015-03-12 21:17:18]: avatar 3 ( 15, 23) -> ( 16, 23)
[2015-03-12 21:17:18]: avatar 1 ( 20,  5) -> ( 20,  5)
[2015-03-12 21:17:18]: avatar 2 ( 16,  7) -> ( 16,  7)
[2015-03-12 21:17:18]: avatar 3 ( 16, 23) -> ( 16, 24)
[2015-03-12 21:17:18]: avatar 1 ( 20,  5) -> ( 19,  5)
[2015-03-12 21:17:18]: avatar 2 ( 16,  7) -> ( 16,  8)
[2015-03-12 21:17:18]: avatar 3 ( 16, 24) -> ( 17, 24)
[2015-03-12 21:17:19]: avatar 1 ( 19,  5) -> ( 19,  4)
[2015-03-12 21:17:19]: avatar 2 ( 16,  8) -> ( 16,  8)
[2015-03-12 21:17:19]: avatar 3 ( 17, 24) -> ( 18, 24)
[2015-03-12 21:17:19]: avatar 1 ( 19,  4) -> ( 20,  4)
[2015-03-12 21:17:19]: avatar 2 ( 16,  8) -> ( 16,  8)
[2015-03-12 21:17:19]: avatar 3 ( 18, 24) -> ( 19, 24)
[2015-03-12 21:17:19]: avatar 1 ( 20,  4) -> ( 20,  4)
[2015-03-12 21:17:19]: avatar 2 ( 16,  8) -> ( 17,  8)
[2015-03-12 21:17:19]: avatar 3 ( 19, 24) -> ( 19, 24)
[2015-03-12 21:17:19]: avatar 1 ( 20,  4) -> ( 20,  3)
[2015-03-12 21:17:19]: avatar 2 ( 17,  8) -> ( 17,  9)
[2015-03-12 21:17:19]: avatar 3 ( 19, 24) -> ( 19, 23)
[2015-03-12 21:17:19]: avatar 1 ( 20,  3) -> ( 20,  3)
[2015-03-12 21:17:19]: avatar 2 ( 17,  9) -> ( 16,  9)
[2015-03-12 21:17:19]: avatar 3 ( 19, 23) -> ( 19, 23)
[2015-03-12 21:17:19]: avatar 1 ( 20,  3) -> ( 20,  3)
[2015-03-12 21:17:19]: avatar 2 ( 16,  9) -> ( 16,  9)
[2015-03-12 21:17:19]: avatar 3 ( 19, 23) -> ( 19, 23)
[2015-03-12 21:17:19]: avatar 1 ( 20,  3) -> ( 19,  3)
[2015-03-12 21:17:19]: avatar 2 ( 16,  9) -> ( 16, 10)
[2015-03-12 21:17:19]: avatar 3 ( 19, 23) -> ( 18, 23)
[2015-03-12 21:17:19]: avatar 1 ( 19,  3) -> ( 19,  2)
[2015-03-12 21:17:19]: avatar 2 ( 16, 10) -> ( 16, 10)
[2015-03-12 21:17:19]: avatar 3 ( 18, 23) -> ( 18, 23)
[2015-03-12 21:17:20]: avatar 1 ( 19,  2) -> ( 19,  2)
[2015-03-12 21:17:20]: avatar 2 ( 16, 10) -> ( 16, 11)
[2015-03-12 21:17:20]: avatar 3 ( 18, 23) -> ( 17, 23)
[2015-03-12 21:17:20]: avatar 1 ( 19,  2) -> ( 19,  2)
[2015-03-12 21:17:20]: avatar 2 ( 16, 11) -> ( 16, 11)
[2015-03-12 21:17:20]: avatar 3 ( 17, 23) -> ( 17, 22)
[2015-03-12 21:17:20]: avatar 1 ( 19,  2) -> ( 18,  2)
[2015-03-12 21:17:20]: avatar 2 ( 16, 11) -> ( 16, 11)
[2015-03-12 21:17:20]: avatar 3 ( 17, 22) -> ( 17, 22)
[2015-03-12 21:17:20]: avatar 1 ( 18,  2) -> ( 18,  1)
[2015-03-12 21:17:20]: avatar 2 ( 16, 11) -> ( 17, 11)
[2015-03-12 21:17:20]: avatar 3 ( 17, 22) -> ( 17, 21)
[2015-03-12 21:17:20]: avatar 1 ( 18,  1) -> ( 18,  1)
[2015-03-12 21:17:20]: avatar 2 ( 17, 11) -> ( 17, 11)
[2015-03-12 21:17:20]: avatar 3 ( 17, 21) -> ( 17, 21)
[2015-03-12 21:17:20]: avatar 1 ( 18,  1) -> ( 18,  0)
[2015-03-12 21:17:20]: avatar 2 ( 17, 11) -> ( 18, 11)
[2015-03-12 21:17:20]: avatar 3 ( 17, 21) -> ( 17, 20)
[2015-03-12 21:17:20]: avatar 1 ( 18,  0) -> ( 19,  0)
[2015-03-12 21:17:20]: avatar 2 ( 18, 11) -> ( 18, 11)
[2015-03-12 21:17:20]: avatar 3 ( 17, 20) -> ( 17, 20)
[2015-03-12 21:17:20]: avatar 1 ( 19,  0) -> ( 19,  0)
[2015-03-12 21:17:20]: avatar 2 ( 18, 11) -> ( 19, 11)
[2015-03-12 21:17:20]: avatar 3 ( 17, 20) -> ( 17, 20)
[2015-03-12 21:17:20]: avatar 1 ( 19,  0) -> ( 20,  0)
[2015-03-12 21:17:20]: avatar 2 ( 19, 11) -> ( 19, 12)
[2015-03-12 21:17:20]: avatar 3 ( 17, 20) -> ( 16, 20)
[2015-03-12 21:17:20]: avatar 1 ( 20,  0) -> ( 20,  1)
[2015-03-12 21:17:20]: avatar 2 ( 19, 12) -> ( 18, 12)
[2015-03-12 21:17:20]: avatar 3 ( 16, 20) -> ( 16, 20)
[2015-03-12 21:17:21]: avatar 1 ( 20,  1) -> ( 19,  1)
[2015-03-12 21:17:21]: avatar 2 ( 18, 12) -> ( 17, 12)
[2015-03-12 21:17:21]: avatar 3 ( 16, 20) -> ( 16, 20)
[2015-03-12 21:17:21]: avatar 1 ( 19,  1) -> ( 20,  1)
[2015-03-12 21:17:21]: avatar 2 ( 17, 12) -> ( 17, 12)
[2015-03-12 21:17:21]: avatar 3 ( 16, 20) -> ( 16, 21)
[2015-03-12 21:17:21]: avatar 1 ( 20,  1) -> ( 20,  2)
[2015-03-12 21:17:21]: avatar 2 ( 17, 12) -> ( 17, 13)
[2015-03-12 21:17:21]: avatar 3 ( 16, 21) -> ( 15, 21)
[2015-03-12 21:17:21]: avatar 1 ( 20,  2) -> ( 21,  2)
[2015-03-12 21:17:21]: avatar 2 ( 17, 13) -> ( 16, 13)
[2015-03-12 21:17:21]: avatar 3 ( 15, 21) -> ( 15, 21)
[2015-03-12 21:17:21]: avatar 1 ( 21,  2) -> ( 21,  2)
[2015-03-12 21:17:21]: avatar 2 ( 16, 13) -> ( 16, 13)
[2015-03-12 21:17:21]: avatar 3 ( 15, 21) -> ( 15, 21)
[2015-03-12 21:17:21]: avatar 1 ( 21,  2) -> ( 22,  2)
[2015-03-12 21:17:21]: avatar 2 ( 16, 13) -> ( 16, 13)
[2015-03-12 21:17:21]: avatar 3 ( 15, 21) -> ( 15, 22)
[2015-03-12 21:17:21]: avatar 1 ( 22,  2) -> ( 22,  2)
[2015-03-12 21:17:21]: avatar 2 ( 16, 13) -> ( 16, 14)
[2015-03-12 21:17:21]: avatar 3 ( 15, 22) -> ( 14, 22)
[2015-03-12 21:17:22]: avatar 1 ( 22,  2) -> ( 22,  2)
[2015-03-12 21:17:22]: avatar 2 ( 16, 14) -> ( 16, 14)
[2015-03-12 21:17:22]: avatar 3 ( 14, 22) -> ( 14, 22)
[2015-03-12 21:17:22]: avatar 1 ( 22,  2) -> ( 22,  1)
[2015-03-12 21:17:22]: avatar 2 ( 16, 14) -> ( 16, 14)
[2015-03-12 21:17:22]: avatar 3 ( 14, 22) -> ( 13, 22)
[2015-03-12 21:17:22]: avatar 1 ( 22,  1) -> ( 23,  1)
[2015-03-12 21:17:22]: avatar 2 ( 16, 14) -> ( 17, 14)
[2015-03-12 21:17:22]: avatar 3 ( 13, 22) -> ( 13, 21)
[2015-03-12 21:17:22]: avatar 1 ( 23,  1) -> ( 23,  1)
[2015-03-12 21:17:22]: avatar 2 ( 17, 14) -> ( 17, 14)
[2015-03-12 21:17:22]: avatar 3 ( 13, 21) -> ( 14, 21)
[2015-03-12 21:17:22]: avatar 1 ( 23,  1) -> ( 24,  1)
[2015-03-12 21:17:22]: avatar 2 ( 17, 14) -> ( 18, 14)
[2015-03-12 21:17:22]: avatar 3 ( 14, 21) -> ( 14, 20)
[2015-03-12 21:17:22]: avatar 1 ( 24,  1) -> ( 24,  2)
[2015-03-12 21:17:22]: avatar 2 ( 18, 14) -> ( 18, 15)
[2015-03-12 21:17:22]: avatar 3 ( 14, 20) -> ( 15, 20)
[2015-03-12 21:17:22]: avatar 1 ( 24,  2) -> ( 23,  2)
[2015-03-12 21:17:22]: avatar 2 ( 18, 15) -> ( 18, 15)
[2015-03-12 21:17:22]: avatar 3 ( 15, 20) -> ( 15, 19)
[2015-03-12 21:17:22]: avatar 1 ( 23,  2) -> ( 23,  3)
[2015-03-12 21:17:22]: avatar 2 ( 18, 15) -> ( 18, 16)
[2015-03-12 21:17:22]: avatar 3 ( 15, 19) -> ( 15, 19)
[2015-03-12 21:17:23]: avatar 1 ( 23,  3) -> ( 22,  3)
[2015-03-12 21:17:23]: avatar 2 ( 18, 16) -> ( 18, 16)
[2015-03-12 21:17:23]: avatar 3 ( 15, 19) -> ( 15, 18)
[2015-03-12 21:17:23]: avatar 1 ( 22,  3) -> ( 22,  3)
[2015-03-12 21:17:23]: avatar 2 ( 18, 16) -> ( 18, 16)
[2015-03-12 21:17:23]: avatar 3 ( 15, 18) -> ( 15, 18)
[2015-03-12 21:17:23]: avatar 1 ( 22,  3) -> ( 22,  4)
[2015-03-12 21:17:23]: avatar 2 ( 18, 16) -> ( 19, 16)
[2015-03-12 21:17:23]: avatar 3 ( 15, 18) -> ( 15, 17)
[2015-03-12 21:17:23]: avatar 1 ( 22,  4) -> ( 22,  4)
[2015-03-12 21:17:23]: avatar 2 ( 19, 16) -> ( 19, 17)
[2015-03-12 21:17:23]: avatar 3 ( 15, 17) -> ( 15, 17)
[2015-03-12 21:17:23]: avatar 1 ( 22,  4) -> ( 22,  4)
[2015-03-12 21:17:23]: avatar 2 ( 19, 17) -> ( 19, 17)
[2015-03-12 21:17:23]: avatar 3 ( 15, 17) -> ( 15, 16)
[2015-03-12 21:17:23]: avatar 1 ( 22,  4) -> ( 23,  4)
[2015-03-12 21:17:23]: avatar 2 ( 19, 17) -> ( 19, 18)
[2015-03-12 21:17:23]: avatar 3 ( 15, 16) -> ( 15, 16)
[2015-03-12 21:17:23]: avatar 1 ( 23,  4) -> ( 23,  5)
[2015-03-12 21:17:23]: avatar 2 ( 19, 18) -> ( 19, 18)
[2015-03-12 21:17:23]: avatar 3 ( 15, 16) -> ( 15, 16)
[2015-03-12 21:17:23]: avatar 1 ( 23,  5) -> ( 22,  5)
[2015-03-12 21:17:23]: avatar 2 ( 19, 18) -> ( 19, 19)
[2015-03-12 21:17:23]: avatar 3 ( 15, 16) -> ( 14, 16)
[2015-03-12 21:17:24]: avatar 1 ( 22,  5) -> ( 22,  5)
[2015-03-12 21:17:24]: avatar 2 ( 19, 19) -> ( 18, 19)
[2015-03-12 21:17:24]: avatar 3 ( 14, 16) -> ( 14, 15)
[2015-03-12 21:17:24]: avatar 1 ( 22,  5) -> ( 22,  6)
[2015-03-12 21:17:24]: avatar 2 ( 18, 19) -> ( 18, 19)
[2015-03-12 21:17:24]: avatar 3 ( 14, 15) -> ( 14, 15)
[2015-03-12 21:17:24]: avatar 1 ( 22,  6) -> ( 22,  6)
[2015-03-12 21:17:24]: avatar 2 ( 18, 19) -> ( 17, 19)
[2015-03-12 21:17:24]: avatar 3 ( 14, 15) -> ( 14, 15)
[2015-03-12 21:17:24]: avatar 1 ( 22,  6) -> ( 22,  6)
[2015-03-12 21:17:24]: avatar 2 ( 17, 19) -> ( 17, 19)
[2015-03-12 21:17:24]: avatar 3 ( 14, 15) -> ( 13, 15)
[2015-03-12 21:17:24]: avatar 1 ( 22,  6) -> ( 23,  6)
[2015-03-12 21:17:24]: avatar 2 ( 17, 19) -> ( 16, 19)
[2015-03-12 21:17:24]: avatar 3 ( 13, 15) -> ( 13, 14)
[2015-03-12 21:17:24]: avatar 1 ( 23,  6) -> ( 23,  6)
[2015-03-12 21:17:24]: avatar 2 ( 16, 19) -> ( 16, 18)
[2015-03-12 21:17:24]: avatar 3 ( 13, 14) -> ( 13, 14)
[2015-03-12 21:17:24]: avatar 1 ( 23,  6) -> ( 24,  6)
[2015-03-12 21:17:24]: avatar 2 ( 16, 18) -> ( 16, 18)
[2015-03-12 21:17:24]: avatar 3 ( 13, 14) -> ( 13, 13)
[2015-03-12 21:17:25]: avatar 1 ( 24,  6) -> ( 24,  7)
[2015-03-12 21:17:25]: avatar 2 ( 16, 18) -> ( 16, 17)
[2015-03-12 21:17:25]: avatar 3 ( 13, 13) -> ( 13, 13)
[2015-03-12 21:17:25]: avatar 1 ( 24,  7) -> ( 24,  7)
[2015-03-12 21:17:25]: avatar 2 ( 16, 17) -> ( 16, 17)
[2015-03-12 21:17:25]: avatar 3 ( 13, 13) -> ( 13, 13)
[2015-03-12 21:17:25]: avatar 1 ( 24,  7) -> ( 24,  8)
[2015-03-12 21:17:25]: avatar 2 ( 16, 17) -> ( 16, 16)
[2015-03-12 21:17:25]: avatar 3 ( 13, 13) -> ( 12, 13)
[2015-03-12 21:17:25]: avatar 1 ( 24,  8) -> ( 24,  8)
[2015-03-12 21:17:25]: avatar 2 ( 16, 16) -> ( 16, 16)
[2015-03-12 21:17:25]: avatar 3 ( 12, 13) -> ( 12, 13)
[2015-03-12 21:17:25]: avatar 1 ( 24,  8) -> ( 24,  9)
[2015-03-12 21:17:25]: avatar 2 ( 16, 16) -> ( 16, 15)
[2015-03-12 21:17:25]: avatar 3 ( 12, 13) -> ( 11, 13)
[2015-03-12 21:17:25]: avatar 1 ( 24,  9) -> ( 23,  9)
[2015-03-12 21:17:25]: avatar 2 ( 16, 15) -> ( 17, 15)
[2015-03-12 21:17:25]: avatar 3 ( 11, 13) -> ( 11, 13)
[2015-03-12 21:17:25]: avatar 1 ( 23,  9) -> ( 23,  8)
[2015-03-12 21:17:25]: avatar 2 ( 17, 15) -> ( 17, 16)
[2015-03-12 21:17:25]: avatar 3 ( 11, 13) -> ( 10, 13)
[2015-03-12 21:17:25]: avatar 1 ( 23,  8) -> ( 23,  7)
[2015-03-12 21:17:25]: avatar 2 ( 17, 16) -> ( 17, 17)
[2015-03-12 21:17:25]: avatar 3 ( 10, 13) -> ( 10, 13)
[2015-03-12 21:17:26]: avatar 1 ( 23,  7) -> ( 22,  7)
[2015-03-12 21:17:26]: avatar 2 ( 17, 17) -> ( 17, 17)
[2015-03-12 21:17:26]: avatar 3 ( 10, 13) -> ( 10, 13)
[2015-03-12 21:17:26]: avatar 1 ( 22,  7) -> ( 21,  7)
[2015-03-12 21:17:26]: avatar 2 ( 17, 17) -> ( 18, 17)
[2015-03-12 21:17:26]: avatar 3 ( 10, 13) -> ( 10, 14)
[2015-03-12 21:17:26]: avatar 1 ( 21,  7) -> ( 21,  6)
[2015-03-12 21:17:26]: avatar 2 ( 18, 17) -> ( 18, 18)
[2015-03-12 21:17:26]: avatar 3 ( 10, 14) -> (  9, 14)
[2015-03-12 21:17:26]: avatar 1 ( 21,  6) -> ( 21,  5)
[2015-03-12 21:17:26]: avatar 2 ( 18, 18) -> ( 17, 18)
[2015-03-12 21:17:26]: avatar 3 (  9, 14) -> (  9, 14)
[2015-03-12 21:17:26]: avatar 1 ( 21,  5) -> ( 21,  4)
[2015-03-12 21:17:26]: avatar 2 ( 17, 18) -> ( 18, 18)
[2015-03-12 21:17:26]: avatar 3 (  9, 14) -> (  9, 14)
[2015-03-12 21:17:26]: avatar 1 ( 21,  4) -> ( 21,  3)
[2015-03-12 21:17:26]: avatar 2 ( 18, 18) -> ( 18, 17)
[2015-03-12 21:17:26]: avatar 3 (  9, 14) -> (  9, 15)
[2015-03-12 21:17:26]: avatar 1 ( 21,  3) -> ( 21,  4)
[2015-03-12 21:17:26]: avatar 2 ( 18, 17) -> ( 17, 17)
[2015-03-12 21:17:26]: avatar 3 (  9, 15) -> (  9, 15)
[2015-03-12 21:17:27]: avatar 1 ( 21,  4) -> ( 21,  5)
[2015-03-12 21:17:27]: avatar 2 ( 17, 17) -> ( 17, 16)
[2015-03-12 21:17:27]: avatar 3 (  9, 15) -> (  9, 15)
[2015-03-12 21:17:27]: avatar 1 ( 21,  5) -> ( 21,  6)
[2015-03-12 21:17:27]: avatar 2 ( 17, 16) -> ( 17, 15)
[2015-03-12 21:17:27]: avatar 3 (  9, 15) -> ( 10, 15)
[2015-03-12 21:17:27]: avatar 1 ( 21,  6) -> ( 21,  7)
[2015-03-12 21:17:27]: avatar 2 ( 17, 15) -> ( 16, 15)
[2015-03-12 21:17:27]: avatar 3 ( 10, 15) -> ( 10, 16)
[2015-03-12 21:17:27]: avatar 1 ( 21,  7) -> ( 20,  7)
[2015-03-12 21:17:27]: avatar 2 ( 16, 15) -> ( 15, 15)
[2015-03-12 21:17:27]: avatar 3 ( 10, 16) -> (  9, 16)
[2015-03-12 21:17:27]: avatar 1 ( 20,  7) -> ( 21,  7)
[2015-03-12 21:17:27]: avatar 2 ( 15, 15) -> ( 15, 14)
[2015-03-12 21:17:27]: avatar 3 (  9, 16) -> (  9, 16)
[2015-03-12 21:17:27]: avatar 1 ( 21,  7) -> ( 21,  8)
[2015-03-12 21:17:27]: avatar 2 ( 15, 14) -> ( 15, 14)
[2015-03-12 21:17:27]: avatar 3 (  9, 16) -> (  9, 17)
[2015-03-12 21:17:27]: avatar 1 ( 21,  8) -> ( 21,  9)
[2015-03-12 21:17:27]: avatar 2 ( 15, 14) -> ( 14, 14)
[2015-03-12 21:17:27]: avatar 3 (  9, 17) -> (  9, 17)
[2015-03-12 21:17:27]: avatar 1 ( 21,  9) -> ( 21,  9)
[2015-03-12 21:17:27]: avatar 2 ( 14, 14) -> ( 14, 13)
[2015-03-12 21:17:27]: avatar 3 (  9, 17) -> (  9, 18)
[2015-03-12 21:17:28]: avatar 1 ( 21,  9) -> ( 22,  9)
[2015-03-12 21:17:28]: avatar 2 ( 14, 13) -> ( 14, 13)
[2015-03-12 21:17:28]: avatar 3 (  9, 18) -> (  9, 18)
[2015-03-12 21:17:28]: avatar 1 ( 22,  9) -> ( 22, 10)
[2015-03-12 21:17:28]: avatar 2 ( 14, 13) -> ( 14, 12)
[2015-03-12 21:17:28]: avatar 3 (  9, 18) -> (  9, 18)
[2015-03-12 21:17:28]: avatar 1 ( 22, 10) -> ( 21, 10)
[2015-03-12 21:17:28]: avatar 2 ( 14, 12) -> ( 15, 12)
[2015-03-12 21:17:28]: avatar 3 (  9, 18) -> ( 10, 18)
[2015-03-12 21:17:28]: avatar 1 ( 21, 10) -> ( 21, 11)
[2015-03-12 21:17:28]: avatar 2 ( 15, 12) -> ( 15, 13)
[2015-03-12 21:17:28]: avatar 3 ( 10, 18) -> ( 10, 19)
[2015-03-12 21:17:28]: avatar 1 ( 21, 11) -> ( 22, 11)
[2015-03-12 21:17:28]: avatar 2 ( 15, 13) -> ( 15, 12)
[2015-03-12 21:17:28]: avatar 3 ( 10, 19) -> ( 10, 19)
[2015-03-12 21:17:28]: avatar 1 ( 22, 11) -> ( 22, 11)
[2015-03-12 21:17:28]: avatar 2 ( 15, 12) -> ( 16, 12)
[2015-03-12 21:17:28]: avatar 3 ( 10, 19) -> ( 10, 19)
[2015-03-12 21:17:28]: avatar 1 ( 22, 11) -> ( 23, 11)
[2015-03-12 21:17:28]: avatar 2 ( 16, 12) -> ( 15, 12)
[2015-03-12 21:17:28]: avatar 3 ( 10, 19) -> ( 11, 19)
[2015-03-12 21:17:28]: avatar 1 ( 23, 11) -> ( 23, 11)
[2015-03-12 21:17:28]: avatar 2 ( 15, 12) -> ( 15, 11)
[2015-03-12 21:17:28]: avatar 3 ( 11, 19) -> ( 11, 20)
[2015-03-12 21:17:29]: avatar 1 ( 23, 11) -> ( 23, 11)
[2015-03-12 21:17:29]: avatar 2 ( 15, 11) -> ( 15, 10)
[2015-03-12 21:17:29]: avatar 3 ( 11, 20) -> ( 11, 20)
[2015-03-12 21:17:29]: avatar 1 ( 23, 11) -> ( 23, 10)
[2015-03-12 21:17:29]: avatar 2 ( 15, 10) -> ( 15,  9)
[2015-03-12 21:17:29]: avatar 3 ( 11, 20) -> ( 11, 21)
[2015-03-12 21:17:29]: avatar 1 ( 23, 10) -> ( 24, 10)
[2015-03-12 21:17:29]: avatar 2 ( 15,  9) -> ( 15,  8)
[2015-03-12 21:17:29]: avatar 3 ( 11, 21) -> ( 11, 21)
[2015-03-12 21:17:29]: avatar 1 ( 24, 10) -> ( 24, 11)
[2015-03-12 21:17:29]: avatar 2 ( 15,  8) -> ( 15,  8)
[2015-03-12 21:17:29]: avatar 3 ( 11, 21) -> ( 11, 21)
[2015-03-12 21:17:29]: avatar 1 ( 24, 11) -> ( 24, 12)
[2015-03-12 21:17:29]: avatar 2 ( 15,  8) -> ( 15,  8)
[2015-03-12 21:17:29]: avatar 3 ( 11, 21) -> ( 12, 21)
[2015-03-12 21:17:29]: avatar 1 ( 24, 12) -> ( 24, 12)
[2015-03-12 21:17:29]: avatar 2 ( 15,  8) -> ( 15,  9)
[2015-03-12 21:17:29]: avatar 3 ( 12, 21) -> ( 12, 22)
[2015-03-12 21:17:29]: avatar 1 ( 24, 12) -> ( 24, 13)
[2015-03-12 21:17:29]: avatar 2 ( 15,  9) -> ( 15,  9)
[2015-03-12 21:17:29]: avatar 3 ( 12, 22) -> ( 11, 22)
[2015-03-12 21:17:29]: avatar 1 ( 24, 13) -> ( 23, 13)
[2015-03-12 21:17:29]: avatar 2 ( 15,  9) -> ( 15, 10)
[2015-03-12 21:17:29]: avatar 3 ( 11, 22) -> ( 10, 22)
[2015-03-12 21:17:30]: avatar 1 ( 23, 13) -> ( 23, 13)
[2015-03-12 21:17:30]: avatar 2 ( 15, 10) -> ( 15, 10)
[2015-03-12 21:17:30]: avatar 3 ( 10, 22) -> ( 10, 22)
[2015-03-12 21:17:30]: avatar 1 ( 23, 13) -> ( 22, 13)
[2015-03-12 21:17:30]: avatar 2 ( 15, 10) -> ( 15, 11)
[2015-03-12 21:17:30]: avatar 3 ( 10, 22) -> (  9, 22)
[2015-03-12 21:17:30]: avatar 1 ( 22, 13) -> ( 22, 12)
[2015-03-12 21:17:30]: avatar 2 ( 15, 11) -> ( 14, 11)
[2015-03-12 21:17:30]: avatar 3 (  9, 22) -> (  9, 21)
[2015-03-12 21:17:30]: avatar 1 ( 22, 12) -> ( 23, 12)
[2015-03-12 21:17:30]: avatar 2 ( 14, 11) -> ( 14, 11)
[2015-03-12 21:17:30]: avatar 3 (  9, 21) -> (  9, 21)
[2015-03-12 21:17:30]: avatar 1 ( 23, 12) -> ( 22, 12)
[2015-03-12 21:17:30]: avatar 2 ( 14, 11) -> ( 13, 11)
[2015-03-12 21:17:30]: avatar 3 (  9, 21) -> (  9, 20)
[2015-03-12 21:17:30]: avatar 1 ( 22, 12) -> ( 22, 13)
[2015-03-12 21:17:30]: avatar 2 ( 13, 11) -> ( 13, 11)
[2015-03-12 21:17:30]: avatar 3 (  9, 20) -> ( 10, 20)
[2015-03-12 21:17:30]: avatar 1 ( 22, 13) -> ( 22, 13)
[2015-03-12 21:17:30]: avatar 2 ( 13, 11) -> ( 12, 11)
[2015-03-12 21:17:30]: avatar 3 ( 10, 20) -> ( 10, 21)
[2015-03-12 21:17:31]: avatar 1 ( 22, 13) -> ( 22, 13)
[2015-03-12 21:17:31]: avatar 2 ( 12, 11) -> ( 12, 11)
[2015-03-12 21:17:31]: avatar 3 ( 10, 21) -> ( 10, 20)
[2015-03-12 21:17:31]: avatar 1 ( 22, 13) -> ( 23, 13)
[2015-03-12 21:17:31]: avatar 2 ( 12, 11) -> ( 12, 11)
[2015-03-12 21:17:31]: avatar 3 ( 10, 20) -> (  9, 20)
[2015-03-12 21:17:31]: avatar 1 ( 23, 13) -> ( 23, 13)
[2015-03-12 21:17:31]: avatar 2 ( 12, 11) -> ( 12, 12)
[2015-03-12 21:17:31]: avatar 3 (  9, 20) -> (  9, 20)
[2015-03-12 21:17:31]: avatar 1 ( 23, 13) -> ( 24, 13)
[2015-03-12 21:17:31]: avatar 2 ( 12, 12) -> ( 11, 12)
[2015-03-12 21:17:31]: avatar 3 (  9, 20) -> (  8, 20)
[2015-03-12 21:17:32]: avatar 1 ( 24, 13) -> ( 24, 13)
[2015-03-12 21:17:32]: avatar 2 ( 11, 12) -> ( 11, 11)
[2015-03-12 21:17:32]: avatar 3 (  8, 20) -> (  8, 19)
[2015-03-12 21:17:32]: avatar 1 ( 24, 13) -> ( 24, 12)
[2015-03-12 21:17:32]: avatar 2 ( 11, 11) -> ( 11, 10)
[2015-03-12 21:17:32]: avatar 3 (  8, 19) -> (  9, 19)
[2015-03-12 21:17:32]: avatar 1 ( 24, 12) -> ( 24, 11)
[2015-03-12 21:17:32]: avatar 2 ( 11, 10) -> ( 11, 10)
[2015-03-12 21:17:32]: avatar 3 (  9, 19) -> (  8, 19)
[2015-03-12 21:17:32]: avatar 1 ( 24, 11) -> ( 24, 10)
[2015-03-12 21:17:32]: avatar 2 ( 11, 10) -> ( 11, 10)
[2015-03-12 21:17:32]: avatar 3 (  8, 19) -> (  8, 19)
[2015-03-12 21:17:32]: avatar 1 ( 24, 10) -> ( 24, 10)
[2015-03-12 21:17:32]: avatar 2 ( 11, 10) -> ( 10, 10)
[2015-03-12 21:17:32]: avatar 3 (  8, 19) -> (  7, 19)
[2015-03-12 21:17:32]: avatar 1 ( 24, 10) -> ( 23, 10)
[2015-03-12 21:17:32]: avatar 2 ( 10, 10) -> ( 10, 10)
[2015-03-12 21:17:32]: avatar 3 (  7, 19) -> (  7, 18)
[2015-03-12 21:17:32]: avatar 1 ( 23, 10) -> ( 23, 10)
[2015-03-12 21:17:32]: avatar 2 ( 10, 10) -> ( 10, 10)
[2015-03-12 21:17:32]: avatar 3 (  7, 18) -> (  8, 18)
[2015-03-12 21:17:33]: avatar 1 ( 23, 10) -> ( 23, 10)
[2015-03-12 21:17:33]: avatar 2 ( 10, 10) -> ( 10, 11)
[2015-03-12 21:17:33]: avatar 3 (  8, 18) -> (  8, 17)
[2015-03-12 21:17:33]: avatar 1 ( 23, 10) -> ( 23, 11)
[2015-03-12 21:17:33]: avatar 2 ( 10, 11) -> ( 10, 11)
[2015-03-12 21:17:33]: avatar 3 (  8, 17) -> (  8, 16)
[2015-03-12 21:17:33]: avatar 1 ( 23, 11) -> ( 22, 11)
[2015-03-12 21:17:33]: avatar 2 ( 10, 11) -> ( 10, 12)
[2015-03-12 21:17:33]: avatar 3 (  8, 16) -> (  8, 16)
[2015-03-12 21:17:33]: avatar 1 ( 22, 11) -> ( 22, 11)
[2015-03-12 21:17:33]: avatar 2 ( 10, 12) -> ( 10, 12)
[2015-03-12 21:17:33]: avatar 3 (  8, 16) -> (  7, 16)
[2015-03-12 21:17:33]: avatar 1 ( 22, 11) -> ( 21, 11)
[2015-03-12 21:17:33]: avatar 2 ( 10, 12) -> ( 10, 12)
[2015-03-12 21:17:33]: avatar 3 (  7, 16) -> (  7, 16)
[2015-03-12 21:17:34]: avatar 1 ( 21, 11) -> ( 21, 10)
[2015-03-12 21:17:34]: avatar 2 ( 10, 12) -> ( 10, 11)
[2015-03-12 21:17:34]: avatar 3 (  7, 16) -> (  7, 16)
[2015-03-12 21:17:34]: avatar 1 ( 21, 10) -> ( 22, 10)
[2015-03-12 21:17:34]: avatar 2 ( 10, 11) -> ( 10, 11)
[2015-03-12 21:17:34]: avatar 3 (  7, 16) -> (  7, 17)
[2015-03-12 21:17:34]: avatar 1 ( 22, 10) -> ( 22,  9)
[2015-03-12 21:17:34]: avatar 2 ( 10, 11) -> ( 10, 10)
[2015-03-12 21:17:34]: avatar 3 (  7, 17) -> (  6, 17)
[2015-03-12 21:17:34]: avatar 1 ( 22,  9) -> ( 22,  9)
[2015-03-12 21:17:34]: avatar 2 ( 10, 10) -> ( 11, 10)
[2015-03-12 21:17:34]: avatar 3 (  6, 17) -> (  6, 16)
[2015-03-12 21:17:34]: avatar 1 ( 22,  9) -> ( 22,  8)
[2015-03-12 21:17:34]: avatar 2 ( 11, 10) -> ( 11, 11)
[2015-03-12 21:17:34]: avatar 3 (  6, 16) -> (  6, 15)
[2015-03-12 21:17:34]: avatar 1 ( 22,  8) -> ( 22,  8)
[2015-03-12 21:17:34]: avatar 2 ( 11, 11) -> ( 11, 12)
[2015-03-12 21:17:34]: avatar 3 (  6, 15) -> (  6, 15)
[2015-03-12 21:17:34]: avatar 1 ( 22,  8) -> ( 22,  8)
[2015-03-12 21:17:34]: avatar 2 ( 11, 12) -> ( 12, 12)
[2015-03-12 21:17:34]: avatar 3 (  6, 15) -> (  6, 15)
[2015-03-12 21:17:35]: avatar 1 ( 22,  8) -> ( 22,  8)
[2015-03-12 21:17:35]: avatar 2 ( 12, 12) -> ( 13, 12)
[2015-03-12 21:17:35]: avatar 3 (  6, 15) -> (  5, 15)
[2015-03-12 21:17:35]: avatar 1 ( 22,  8) -> ( 22,  9)
[2015-03-12 21:17:35]: avatar 2 ( 13, 12) -> ( 13, 12)
[2015-03-12 21:17:35]: avatar 3 (  5, 15) -> (  5, 14)
[2015-03-12 21:17:35]: avatar 1 ( 22,  9) -> ( 21,  9)
[2015-03-12 21:17:35]: avatar 2 ( 13, 12) -> ( 13, 12)
[2015-03-12 21:17:35]: avatar 3 (  5, 14) -> (  5, 14)
[2015-03-12 21:17:35]: avatar 1 ( 21,  9) -> ( 21,  8)
[2015-03-12 21:17:35]: avatar 2 ( 13, 12) -> ( 12, 12)
[2015-03-12 21:17:35]: avatar 3 (  5, 14) -> (  5, 14)
[2015-03-12 21:17:35]: avatar 1 ( 21,  8) -> ( 21,  7)
[2015-03-12 21:17:35]: avatar 2 ( 12, 12) -> ( 12, 11)
[2015-03-12 21:17:35]: avatar 3 (  5, 14) -> (  4, 14)
[2015-03-12 21:17:35]: avatar 1 ( 21,  7) -> ( 22,  7)
[2015-03-12 21:17:35]: avatar 2 ( 12, 11) -> ( 13, 11)
[2015-03-12 21:17:35]: avatar 3 (  4, 14) -> (  4, 14)
[2015-03-12 21:17:36]: avatar 1 ( 22,  7) -> ( 23,  7)
[2015-03-12 21:17:36]: avatar 2 ( 13, 11) -> ( 14, 11)
[2015-03-12 21:17:36]: avatar 3 (  4, 14) -> (  4, 14)
[2015-03-12 21:17:36]: avatar 1 ( 23,  7) -> ( 23,  8)
[2015-03-12 21:17:36]: avatar 2 ( 14, 11) -> ( 14, 11)
[2015-03-12 21:17:36]: avatar 3 (  4, 14) -> (  4, 15)
[2015-03-12 21:17:36]: avatar 1 ( 23,  8) -> ( 23,  9)
[2015-03-12 21:17:36]: avatar 2 ( 14, 11) -> ( 15, 11)
[2015-03-12 21:17:36]: avatar 3 (  4, 15) -> (  4, 15)
[2015-03-12 21:17:36]: avatar 1 ( 23,  9) -> ( 24,  9)
[2015-03-12 21:17:36]: avatar 2 ( 15, 11) -> ( 15, 12)
[2015-03-12 21:17:36]: avatar 3 (  4, 15) -> (  4, 16)
[2015-03-12 21:17:36]: avatar 1 ( 24,  9) -> ( 24,  8)
[2015-03-12 21:17:36]: avatar 2 ( 15, 12) -> ( 14, 12)
[2015-03-12 21:17:36]: avatar 3 (  4, 16) -> (  4, 16)
[2015-03-12 21:17:36]: avatar 1 ( 24,  8) -> ( 24,  7)
[2015-03-12 21:17:36]: avatar 2 ( 14, 12) -> ( 14, 13)
[2015-03-12 21:17:36]: avatar 3 (  4, 16) -> (  4, 16)
[2015-03-12 21:17:37]: avatar 1 ( 24,  7) -> ( 24,  6)
[2015-03-12 21:17:37]: avatar 2 ( 14, 13) -> ( 14, 14)
[2015-03-12 21:17:37]: avatar 3 (  4, 16) -> (  5, 16)
[2015-03-12 21:17:37]: avatar 1 ( 24,  6) -> ( 24,  5)
[2015-03-12 21:17:37]: avatar 2 ( 14, 14) -> ( 15, 14)
[2015-03-12 21:17:37]: avatar 3 (  5, 16) -> (  5, 17)
[2015-03-12 21:17:37]: avatar 1 ( 24,  5) -> ( 24,  4)
[2015-03-12 21:17:37]: avatar 2 ( 15, 14) -> ( 15, 15)
[2015-03-12 21:17:37]: avatar 3 (  5, 17) -> (  5, 17)
[2015-03-12 21:17:37]: avatar 1 ( 24,  4) -> ( 24,  3)
[2015-03-12 21:17:37]: avatar 2 ( 15, 15) -> ( 16, 15)
[2015-03-12 21:17:37]: avatar 3 (  5, 17) -> (  5, 18)
[2015-03-12 21:17:37]: avatar 1 ( 24,  3) -> ( 24,  3)
[2015-03-12 21:17:37]: avatar 2 ( 16, 15) -> ( 16, 16)
[2015-03-12 21:17:37]: avatar 3 (  5, 18) -> (  5, 18)
[2015-03-12 21:17:37]: avatar 1 ( 24,  3) -> ( 24,  3)
[2015-03-12 21:17:37]: avatar 2 ( 16, 16) -> ( 16, 17)
[2015-03-12 21:17:37]: avatar 3 (  5, 18) -> (  5, 19)
[2015-03-12 21:17:38]: avatar 1 ( 24,  3) -> ( 24,  4)
[2015-03-12 21:17:38]: avatar 2 ( 16, 17) -> ( 16, 18)
[2015-03-12 21:17:38]: avatar 3 (  5, 19) -> (  4, 19)
[2015-03-12 21:17:38]: avatar 1 ( 24,  4) -> ( 24,  4)
[2015-03-12 21:17:38]: avatar 2 ( 16, 18) -> ( 16, 19)
[2015-03-12 21:17:38]: avatar 3 (  4, 19) -> (  4, 18)
[2015-03-12 21:17:38]: avatar 1 ( 24,  4) -> ( 24,  5)
[2015-03-12 21:17:38]: avatar 2 ( 16, 19) -> ( 17, 19)
[2015-03-12 21:17:38]: avatar 3 (  4, 18) -> (  4, 17)
[2015-03-12 21:17:38]: avatar 1 ( 24,  5) -> ( 24,  5)
[2015-03-12 21:17:38]: avatar 2 ( 17, 19) -> ( 18, 19)
[2015-03-12 21:17:38]: avatar 3 (  4, 17) -> (  3, 17)
[2015-03-12 21:17:38]: avatar 1 ( 24,  5) -> ( 24,  6)
[2015-03-12 21:17:38]: avatar 2 ( 18, 19) -> ( 18, 20)
[2015-03-12 21:17:38]: avatar 3 (  3, 17) -> (  3, 16)
[2015-03-12 21:17:38]: avatar 1 ( 24,  6) -> ( 23,  6)
[2015-03-12 21:17:38]: avatar 2 ( 18, 20) -> ( 18, 20)
[2015-03-12 21:17:38]: avatar 3 (  3, 16) -> (  3, 15)
[2015-03-12 21:17:38]: avatar 1 ( 23,  6) -> ( 23,  6)
[2015-03-12 21:17:38]: avatar 2 ( 18, 20) -> ( 19, 20)
[2015-03-12 21:17:38]: avatar 3 (  3, 15) -> (  3, 14)
[2015-03-12 21:17:39]: avatar 1 ( 23,  6) -> ( 22,  6)
[2015-03-12 21:17:39]: avatar 2 ( 19, 20) -> ( 19, 20)
[2015-03-12 21:17:39]: avatar 3 (  3, 14) -> (  3, 13)
[2015-03-12 21:17:39]: avatar 1 ( 22,  6) -> ( 22,  5)
[2015-03-12 21:17:39]: avatar 2 ( 19, 20) -> ( 20, 20)
[2015-03-12 21:17:39]: avatar 3 (  3, 13) -> (  4, 13)
[2015-03-12 21:17:39]: avatar 1 ( 22,  5) -> ( 23,  5)
[2015-03-12 21:17:39]: avatar 2 ( 20, 20) -> ( 20, 21)
[2015-03-12 21:17:39]: avatar 3 (  4, 13) -> (  4, 13)
[2015-03-12 21:17:39]: avatar 1 ( 23,  5) -> ( 23,  4)
[2015-03-12 21:17:39]: avatar 2 ( 20, 21) -> ( 20, 21)
[2015-03-12 21:17:39]: avatar 3 (  4, 13) -> (  4, 12)
[2015-03-12 21:17:39]: avatar 1 ( 23,  4) -> ( 23,  4)
[2015-03-12 21:17:39]: avatar 2 ( 20, 21) -> ( 20, 22)
[2015-03-12 21:17:39]: avatar 3 (  4, 12) -> (  4, 12)
[2015-03-12 21:17:39]: avatar 1 ( 23,  4) -> ( 22,  4)
[2015-03-12 21:17:39]: avatar 2 ( 20, 22) -> ( 19, 22)
[2015-03-12 21:17:39]: avatar 3 (  4, 12) -> (  4, 12)
[2015-03-12 21:17:39]: avatar 1 ( 22,  4) -> ( 22,  3)
[2015-03-12 21:17:39]: avatar 2 ( 19, 22) -> ( 19, 21)
[2015-03-12 21:17:39]: avatar 3 (  4, 12) -> (  3, 12)
[2015-03-12 21:17:40]: avatar 1 ( 22,  3) -> ( 23,  3)
[2015-03-12 21:17:40]: avatar 2 ( 19, 21) -> ( 18, 21)
[2015-03-12 21:17:40]: avatar 3 (  3, 12) -> (  3, 12)
[2015-03-12 21:17:40]: avatar 1 ( 23,  3) -> ( 23,  2)
[2015-03-12 21:17:40]: avatar 2 ( 18, 21) -> ( 18, 22)
[2015-03-12 21:17:40]: avatar 3 (  3, 12) -> (  2, 12)
[2015-03-12 21:17:40]: avatar 1 ( 23,  2) -> ( 24,  2)
[2015-03-12 21:17:40]: avatar 2 ( 18, 22) -> ( 18, 22)
[2015-03-12 21:17:40]: avatar 3 (  2, 12) -> (  2, 11)
[2015-03-12 21:17:40]: avatar 1 ( 24,  2) -> ( 24,  1)
[2015-03-12 21:17:40]: avatar 2 ( 18, 22) -> ( 18, 21)
[2015-03-12 21:17:40]: avatar 3 (  2, 11) -> (  3, 11)
[2015-03-12 21:17:40]: avatar 1 ( 24,  1) -> ( 24,  0)
[2015-03-12 21:17:40]: avatar 2 ( 18, 21) -> ( 19, 21)
[2015-03-12 21:17:40]: avatar 3 (  3, 11) -> (  4, 11)
[2015-03-12 21:17:40]: avatar 1 ( 24,  0) -> ( 23,  0)
[2015-03-12 21:17:40]: avatar 2 ( 19, 21) -> ( 19, 22)
[2015-03-12 21:17:40]: avatar 3 (  4, 11) -> (  4, 11)
[2015-03-12 21:17:40]: avatar 1 ( 23,  0) -> ( 22,  0)
[2015-03-12 21:17:40]: avatar 2 ( 19, 22) -> ( 20, 22)
[2015-03-12 21:17:40]: avatar 3 (  4, 11) -> (  4, 10)
[2015-03-12 21:17:41]: avatar 1 ( 22,  0) -> ( 21,  0)
[2015-03-12 21:17:41]: avatar 2 ( 20, 22) -> ( 20, 22)
[2015-03-12 21:17:41]: avatar 3 (  4, 10) -> (  5, 10)
[2015-03-12 21:17:41]: avatar 1 ( 21,  0) -> ( 21,  0)
[2015-03-12 21:17:41]: avatar 2 ( 20, 22) -> ( 21, 22)
[2015-03-12 21:17:41]: avatar 3 (  5, 10) -> (  5, 10)
[2015-03-12 21:17:41]: avatar 1 ( 21,  0) -> ( 21,  1)
[2015-03-12 21:17:41]: avatar 2 ( 21, 22) -> ( 21, 22)
[2015-03-12 21:17:41]: avatar 3 (  5, 10) -> (  5, 10)
[2015-03-12 21:17:41]: avatar 1 ( 21,  1) -> ( 21,  1)
[2015-03-12 21:17:41]: avatar 2 ( 21, 22) -> ( 21, 22)
[2015-03-12 21:17:41]: avatar 3 (  5, 10) -> (  5,  9)
[2015-03-12 21:17:41]: avatar 1 ( 21,  1) -> ( 21,  1)
[2015-03-12 21:17:41]: avatar 2 ( 21, 22) -> ( 21, 21)
[2015-03-12 21:17:41]: avatar 3 (  5,  9) -> (  6,  9)
[2015-03-12 21:17:41]: avatar 1 ( 21,  1) -> ( 21,  1)
[2015-03-12 21:17:41]: avatar 2 ( 21, 21) -> ( 21, 21)
[2015-03-12 21:17:41]: avatar 3 (  6,  9) -> (  6, 10)
[2015-03-12 21:17:41]: avatar 1 ( 21,  1) -> ( 21,  0)
[2015-03-12 21:17:41]: avatar 2 ( 21, 21) -> ( 21, 20)
[2015-03-12 21:17:41]: avatar 3 (  6, 10) -> (  6, 11)
[2015-03-12 21:17:42]: avatar 1 ( 21,  0) -> ( 22,  0)
[2015-03-12 21:17:42]: avatar 2 ( 21, 20) -> ( 22, 20)
[2015-03-12 21:17:42]: avatar 3 (  6, 11) -> (  6, 11)
[2015-03-12 21:17:42]: avatar 1 ( 22,  0) -> ( 22,  0)
[2015-03-12 21:17:42]: avatar 2 ( 22, 20) -> ( 22, 20)
[2015-03-12 21:17:42]: avatar 3 (  6, 11) -> (  6, 12)
[2015-03-12 21:17:42]: avatar 1 ( 22,  0) -> ( 23,  0)
[2015-03-12 21:17:42]: avatar 2 ( 22, 20) -> ( 23, 20)
[2015-03-12 21:17:42]: avatar 3 (  6, 12) -> (  6, 12)
[2015-03-12 21:17:42]: avatar 1 ( 23,  0) -> ( 23,  0)
[2015-03-12 21:17:42]: avatar 2 ( 23, 20) -> ( 23, 20)
[2015-03-12 21:17:42]: avatar 3 (  6, 12) -> (  6, 12)
[2015-03-12 21:17:42]: avatar 1 ( 23,  0) -> ( 24,  0)
[2015-03-12 21:17:42]: avatar 2 ( 23, 20) -> ( 23, 20)
[2015-03-12 21:17:42]: avatar 3 (  6, 12) -> (  7, 12)
[2015-03-12 21:17:42]: avatar 1 ( 24,  0) -> ( 24,  1)
[2015-03-12 21:17:42]: avatar 2 ( 23, 20) -> ( 23, 19)
[2015-03-12 21:17:42]: avatar 3 (  7, 12) -> (  7, 13)
[2015-03-12 21:17:43]: avatar 1 ( 24,  1) -> ( 23,  1)
[2015-03-12 21:17:43]: avatar 2 ( 23, 19) -> ( 23, 19)
[2015-03-12 21:17:43]: avatar 3 (  7, 13) -> (  7, 13)
[2015-03-12 21:17:43]: avatar 1 ( 23,  1) -> ( 22,  1)
[2015-03-12 21:17:43]: avatar 2 ( 23, 19) -> ( 23, 18)
[2015-03-12 21:17:43]: avatar 3 (  7, 13) -> (  7, 14)
[2015-03-12 21:17:43]: avatar 1 ( 22,  1) -> ( 22,  2)
[2015-03-12 21:17:43]: avatar 2 ( 23, 18) -> ( 23, 18)
[2015-03-12 21:17:43]: avatar 3 (  7, 14) -> (  6, 14)
[2015-03-12 21:17:43]: avatar 1 ( 22,  2) -> ( 21,  2)
[2015-03-12 21:17:43]: avatar 2 ( 23, 18) -> ( 23, 17)
[2015-03-12 21:17:43]: avatar 3 (  6, 14) -> (  6, 13)
[2015-03-12 21:17:43]: avatar 1 ( 21,  2) -> ( 20,  2)
[2015-03-12 21:17:43]: avatar 2 ( 23, 17) -> ( 23, 17)
[2015-03-12 21:17:43]: avatar 3 (  6, 13) -> (  5, 13)
[2015-03-12 21:17:43]: avatar 1 ( 20,  2) -> ( 20,  1)
[2015-03-12 21:17:43]: avatar 2 ( 23, 17) -> ( 23, 16)
[2015-03-12 21:17:43]: avatar 3 (  5, 13) -> (  5, 12)
[2015-03-12 21:17:43]: avatar 1 ( 20,  1) -> ( 20,  0)
[2015-03-12 21:17:43]: avatar 2 ( 23, 16) -> ( 23, 16)
[2015-03-12 21:17:43]: avatar 3 (  5, 12) -> (  5, 11)
[2015-03-12 21:17:44]: avatar 1 ( 20,  0) -> ( 19,  0)
[2015-03-12 21:17:44]: avatar 2 ( 23, 16) -> ( 23, 15)
[2015-03-12 21:17:44]: avatar 3 (  5, 11) -> (  5, 12)
[2015-03-12 21:17:44]: avatar 1 ( 19,  0) -> ( 18,  0)
[2015-03-12 21:17:44]: avatar 2 ( 23, 15) -> ( 24, 15)
[2015-03-12 21:17:44]: avatar 3 (  5, 12) -> (  5, 13)
[2015-03-12 21:17:44]: avatar 1 ( 18,  0) -> ( 17,  0)
[2015-03-12 21:17:44]: avatar 2 ( 24, 15) -> ( 24, 16)
[2015-03-12 21:17:44]: avatar 3 (  5, 13) -> (  6, 13)
[2015-03-12 21:17:44]: avatar 1 ( 17,  0) -> ( 16,  0)
[2015-03-12 21:17:44]: avatar 2 ( 24, 16) -> ( 24, 17)
[2015-03-12 21:17:44]: avatar 3 (  6, 13) -> (  6, 14)
[2015-03-12 21:17:44]: avatar 1 ( 16,  0) -> ( 15,  0)
[2015-03-12 21:17:44]: avatar 2 ( 24, 17) -> ( 24, 18)
[2015-03-12 21:17:44]: avatar 3 (  6, 14) -> (  7, 14)
[2015-03-12 21:17:44]: avatar 1 ( 15,  0) -> ( 15,  0)
[2015-03-12 21:17:44]: avatar 2 ( 24, 18) -> ( 24, 19)
[2015-03-12 21:17:44]: avatar 3 (  7, 14) -> (  7, 14)
[2015-03-12 21:17:44]: avatar 1 ( 15,  0) -> ( 15,  1)
[2015-03-12 21:17:44]: avatar 2 ( 24, 19) -> ( 24, 20)
[2015-03-12 21:17:44]: avatar 3 (  7, 14) -> (  8, 14)
[2015-03-12 21:17:45]: avatar 1 ( 15,  1) -> ( 14,  1)
[2015-03-12 21:17:45]: avatar 2 ( 24, 20) -> ( 24, 21)
[2015-03-12 21:17:45]: avatar 3 (  8, 14) -> (  8, 15)
[2015-03-12 21:17:45]: avatar 1 ( 14,  1) -> ( 14,  1)
[2015-03-12 21:17:45]: avatar 2 ( 24, 21) -> ( 24, 21)
[2015-03-12 21:17:45]: avatar 3 (  8, 15) -> (  7, 15)
[2015-03-12 21:17:45]: avatar 1 ( 14,  1) -> ( 13,  1)
[2015-03-12 21:17:45]: avatar 2 ( 24, 21) -> ( 24, 22)
[2015-03-12 21:17:45]: avatar 3 (  7, 15) -> (  8, 15)
[2015-03-12 21:17:45]: avatar 1 ( 13,  1) -> ( 13,  1)
[2015-03-12 21:17:45]: avatar 2 ( 24, 22) -> ( 23, 22)
[2015-03-12 21:17:45]: avatar 3 (  8, 15) -> (  8, 14)
[2015-03-12 21:17:45]: avatar 1 ( 13,  1) -> ( 12,  1)
[2015-03-12 21:17:45]: avatar 2 ( 23, 22) -> ( 23, 22)
[2015-03-12 21:17:45]: avatar 3 (  8, 14) -> (  8, 13)
[2015-03-12 21:17:45]: avatar 1 ( 12,  1) -> ( 12,  0)
[2015-03-12 21:17:45]: avatar 2 ( 23, 22) -> ( 22, 22)
[2015-03-12 21:17:45]: avatar 3 (  8, 13) -> (  9, 13)
[2015-03-12 21:17:46]: avatar 1 ( 12,  0) -> ( 13,  0)
[2015-03-12 21:17:46]: avatar 2 ( 22, 22) -> ( 22, 21)
[2015-03-12 21:17:46]: avatar 3 (  9, 13) -> (  9, 12)
[2015-03-12 21:17:46]: avatar 1 ( 13,  0) -> ( 14,  0)
[2015-03-12 21:17:46]: avatar 2 ( 22, 21) -> ( 23, 21)
[2015-03-12 21:17:46]: avatar 3 (  9, 12) -> (  9, 11)
[2015-03-12 21:17:46]: avatar 1 ( 14,  0) -> ( 13,  0)
[2015-03-12 21:17:46]: avatar 2 ( 23, 21) -> ( 22, 21)
[2015-03-12 21:17:46]: avatar 3 (  9, 11) -> (  9, 10)
[2015-03-12 21:17:46]: avatar 1 ( 13,  0) -> ( 12,  0)
[2015-03-12 21:17:46]: avatar 2 ( 22, 21) -> ( 22, 22)
[2015-03-12 21:17:46]: avatar 3 (  9, 10) -> (  9,  9)
[2015-03-12 21:17:46]: avatar 1 ( 12,  0) -> ( 11,  0)
[2015-03-12 21:17:46]: avatar 2 ( 22, 22) -> ( 22, 23)
[2015-03-12 21:17:46]: avatar 3 (  9,  9) -> ( 10,  9)
[2015-03-12 21:17:46]: avatar 1 ( 11,  0) -> ( 10,  0)
[2015-03-12 21:17:46]: avatar 2 ( 22, 23) -> ( 22, 23)
[2015-03-12 21:17:46]: avatar 3 ( 10,  9) -> ( 11,  9)
[2015-03-12 21:17:46]: avatar 1 ( 10,  0) -> (  9,  0)
[2015-03-12 21:17:46]: avatar 2 ( 22, 23) -> ( 22, 23)
[2015-03-12 21:17:46]: avatar 3 ( 11,  9) -> ( 11,  9)
[2015-03-12 21:17:47]: avatar 1 (  9,  0) -> (  9,  0)
[2015-03-12 21:17:47]: avatar 2 ( 22, 23) -> ( 23, 23)
[2015-03-12 21:17:47]: avatar 3 ( 11,  9) -> ( 11,  8)
[2015-03-12 21:17:47]: avatar 1 (  9,  0) -> (  9,  0)
[2015-03-12 21:17:47]: avatar 2 ( 23, 23) -> ( 23, 23)
[2015-03-12 21:17:47]: avatar 3 ( 11,  8) -> ( 12,  8)
[2015-03-12 21:17:47]: avatar 1 (  9,  0) -> ( 10,  0)
[2015-03-12 21:17:47]: avatar 2 ( 23, 23) -> ( 24, 23)
[2015-03-12 21:17:47]: avatar 3 ( 12,  8) -> ( 12,  9)
[2015-03-12 21:17:47]: avatar 1 ( 10,  0) -> ( 10,  0)
[2015-03-12 21:17:47]: avatar 2 ( 24, 23) -> ( 24, 24)
[2015-03-12 21:17:47]: avatar 3 ( 12,  9) -> ( 12, 10)
[2015-03-12 21:17:47]: avatar 1 ( 10,  0) -> ( 11,  0)
[2015-03-12 21:17:47]: avatar 2 ( 24, 24) -> ( 23, 24)
[2015-03-12 21:17:47]: avatar 3 ( 12, 10) -> ( 13, 10)
[2015-03-12 21:17:47]: avatar 1 ( 11,  0) -> ( 11,  1)
[2015-03-12 21:17:47]: avatar 2 ( 23, 24) -> ( 22, 24)
[2015-03-12 21:17:47]: avatar 3 ( 13, 10) -> ( 14, 10)
[2015-03-12 21:17:47]: avatar 1 ( 11,  1) -> ( 11,  1)
[2015-03-12 21:17:47]: avatar 2 ( 22, 24) -> ( 21, 24)
[2015-03-12 21:17:47]: avatar 3 ( 14, 10) -> ( 14,  9)
[2015-03-12 21:17:48]: avatar 1 ( 11,  1) -> ( 11,  2)
[2015-03-12 21:17:48]: avatar 2 ( 21, 24) -> ( 21, 24)
[2015-03-12 21:17:48]: avatar 3 ( 14,  9) -> ( 14,  9)
[2015-03-12 21:17:48]: avatar 1 ( 11,  2) -> ( 11,  2)
[2015-03-12 21:17:48]: avatar 2 ( 21, 24) -> ( 20, 24)
[2015-03-12 21:17:48]: avatar 3 ( 14,  9) -> ( 13,  9)
[2015-03-12 21:17:48]: avatar 1 ( 11,  2) -> ( 11,  2)
[2015-03-12 21:17:48]: avatar 2 ( 20, 24) -> ( 20, 23)
[2015-03-12 21:17:48]: avatar 3 ( 13,  9) -> ( 13,  8)
[2015-03-12 21:17:48]: avatar 1 ( 11,  2) -> ( 12,  2)
[2015-03-12 21:17:48]: avatar 2 ( 20, 23) -> ( 21, 23)
[2015-03-12 21:17:48]: avatar 3 ( 13,  8) -> ( 14,  8)
[2015-03-12 21:17:48]: avatar 1 ( 12,  2) -> ( 12,  2)
[2015-03-12 21:17:48]: avatar 2 ( 21, 23) -> ( 20, 23)
[2015-03-12 21:17:48]: avatar 3 ( 14,  8) -> ( 14,  7)
[2015-03-12 21:17:48]: avatar 1 ( 12,  2) -> ( 13,  2)
[2015-03-12 21:17:48]: avatar 2 ( 20, 23) -> ( 20, 24)
[2015-03-12 21:17:48]: avatar 3 ( 14,  7) -> ( 15,  7)
[2015-03-12 21:17:48]: avatar 1 ( 13,  2) -> ( 13,  2)
[2015-03-12 21:17:48]: avatar 2 ( 20, 24) -> ( 21, 24)
[2015-03-12 21:17:48]: avatar 3 ( 15,  7) -> ( 15,  6)
[2015-03-12 21:17:48]: avatar 1 ( 13,  2) -> ( 14,  2)
[2015-03-12 21:17:48]: avatar 2 ( 21, 24) -> ( 22, 24)
[2015-03-12 21:17:48]: avatar 3 ( 15,  6) -> ( 14,  6)
[2015-03-12 21:17:49]: avatar 1 ( 14,  2) -> ( 14,  2)
[2015-03-12 21:17:49]: avatar 2 ( 22, 24) -> ( 23, 24)
[2015-03-12 21:17:49]: avatar 3 ( 14,  6) -> ( 14,  5)
[2015-03-12 21:17:49]: avatar 1 ( 14,  2) -> ( 14,  2)
[2015-03-12 21:17:49]: avatar 2 ( 23, 24) -> ( 24, 24)
[2015-03-12 21:17:49]: avatar 3 ( 14,  5) -> ( 14,  4)
[2015-03-12 21:17:49]: avatar 1 ( 14,  2) -> ( 14,  2)
[2015-03-12 21:17:49]: avatar 2 ( 24, 24) -> ( 24, 23)
[2015-03-12 21:17:49]: avatar 3 ( 14,  4) -> ( 14,  4)
[2015-03-12 21:17:49]: avatar 1 ( 14,  2) -> ( 13,  2)
[2015-03-12 21:17:49]: avatar 2 ( 24, 23) -> ( 24, 23)
[2015-03-12 21:17:49]: avatar 3 ( 14,  4) -> ( 13,  4)
[2015-03-12 21:17:49]: avatar 1 ( 13,  2) -> ( 13,  2)
[2015-03-12 21:17:49]: avatar 2 ( 24, 23) -> ( 23, 23)
[2015-03-12 21:17:49]: avatar 3 ( 13,  4) -> ( 13,  3)
[2015-03-12 21:17:49]: avatar 1 ( 13,  2) -> ( 12,  2)
[2015-03-12 21:17:49]: avatar 2 ( 23, 23) -> ( 23, 23)
[2015-03-12 21:17:49]: avatar 3 ( 13,  3) -> ( 14,  3)
[2015-03-12 21:17:49]: avatar 1 ( 12,  2) -> ( 12,  2)
[2015-03-12 21:17:49]: avatar 2 ( 23, 23) -> ( 22, 23)
[2015-03-12 21:17:49]: avatar 3 ( 14,  3) -> ( 15,  3)
[2015-03-12 21:17:50]: avatar 1 ( 12,  2) -> ( 11,  2)
[2015-03-12 21:17:50]: avatar 2 ( 22, 23) -> ( 22, 22)
[2015-03-12 21:17:50]: avatar 3 ( 15,  3) -> ( 15,  2)
[2015-03-12 21:17:50]: avatar 1 ( 11,  2) -> ( 11,  1)
[2015-03-12 21:17:50]: avatar 2 ( 22, 22) -> ( 23, 22)
[2015-03-12 21:17:50]: avatar 3 ( 15,  2) -> ( 16,  2)
[2015-03-12 21:17:50]: avatar 1 ( 11,  1) -> ( 11,  1)
[2015-03-12 21:17:50]: avatar 2 ( 23, 22) -> ( 24, 22)
[2015-03-12 21:17:50]: avatar 3 ( 16,  2) -> ( 17,  2)
[2015-03-12 21:17:50]: avatar 1 ( 11,  1) -> ( 11,  0)
[2015-03-12 21:17:50]: avatar 2 ( 24, 22) -> ( 24, 21)
[2015-03-12 21:17:50]: avatar 3 ( 17,  2) -> ( 17,  3)
[2015-03-12 21:17:50]: avatar 1 ( 11,  0) -> ( 12,  0)
[2015-03-12 21:17:50]: avatar 2 ( 24, 21) -> ( 24, 20)
[2015-03-12 21:17:50]: avatar 3 ( 17,  3) -> ( 17,  4)
[2015-03-12 21:17:50]: avatar 1 ( 12,  0) -> ( 12,  1)
[2015-03-12 21:17:50]: avatar 2 ( 24, 20) -> ( 24, 19)
[2015-03-12 21:17:50]: avatar 3 ( 17,  4) -> ( 17,  4)
[2015-03-12 21:17:50]: avatar 1 ( 12,  1) -> ( 13,  1)
[2015-03-12 21:17:50]: avatar 2 ( 24, 19) -> ( 24, 18)
[2015-03-12 21:17:50]: avatar 3 ( 17,  4) -> ( 18,  4)
[2015-03-12 21:17:51]: avatar 1 ( 13,  1) -> ( 14,  1)
[2015-03-12 21:17:51]: avatar 2 ( 24, 18) -> ( 24, 17)
[2015-03-12 21:17:51]: avatar 3 ( 18,  4) -> ( 18,  5)
[2015-03-12 21:17:51]: avatar 1 ( 14,  1) -> ( 15,  1)
[2015-03-12 21:17:51]: avatar 2 ( 24, 17) -> ( 24, 16)
[2015-03-12 21:17:51]: avatar 3 ( 18,  5) -> ( 18,  5)
[2015-03-12 21:17:51]: avatar 1 ( 15,  1) -> ( 15,  1)
[2015-03-12 21:17:51]: avatar 2 ( 24, 16) -> ( 24, 15)
[2015-03-12 21:17:51]: avatar 3 ( 18,  5) -> ( 18,  6)
[2015-03-12 21:17:51]: avatar 1 ( 15,  1) -> ( 16,  1)
[2015-03-12 21:17:51]: avatar 2 ( 24, 15) -> ( 24, 14)
[2015-03-12 21:17:51]: avatar 3 ( 18,  6) -> ( 18,  6)
[2015-03-12 21:17:51]: avatar 1 ( 16,  1) -> ( 16,  1)
[2015-03-12 21:17:51]: avatar 2 ( 24, 14) -> ( 23, 14)
[2015-03-12 21:17:51]: avatar 3 ( 18,  6) -> ( 18,  7)
[2015-03-12 21:17:52]: avatar 1 ( 16,  1) -> ( 17,  1)
[2015-03-12 21:17:52]: avatar 2 ( 23, 14) -> ( 22, 14)
[2015-03-12 21:17:52]: avatar 3 ( 18,  7) -> ( 17,  7)
[2015-03-12 21:17:52]: avatar 1 ( 17,  1) -> ( 17,  1)
[2015-03-12 21:17:52]: avatar 2 ( 22, 14) -> ( 22, 14)
[2015-03-12 21:17:52]: avatar 3 ( 17,  7) -> ( 17,  7)
[2015-03-12 21:17:52]: avatar 1 ( 17,  1) -> ( 17,  1)
[2015-03-12 21:17:52]: avatar 2 ( 22, 14) -> ( 22, 15)
[2015-03-12 21:17:52]: avatar 3 ( 17,  7) -> ( 16,  7)
[2015-03-12 21:17:52]: avatar 1 ( 17,  1) -> ( 17,  1)
[2015-03-12 21:17:52]: avatar 2 ( 22, 15) -> ( 22, 15)
[2015-03-12 21:17:52]: avatar 3 ( 16,  7) -> ( 16,  6)
[2015-03-12 21:17:53]: avatar 1 ( 17,  1) -> ( 16,  1)
[2015-03-12 21:17:53]: avatar 2 ( 22, 15) -> ( 22, 16)
[2015-03-12 21:17:53]: avatar 3 ( 16,  6) -> ( 17,  6)
[2015-03-12 21:17:53]: avatar 1 ( 16,  1) -> ( 16,  1)
[2015-03-12 21:17:53]: avatar 2 ( 22, 16) -> ( 22, 16)
[2015-03-12 21:17:53]: avatar 3 ( 17,  6) -> ( 17,  5)
[2015-03-12 21:17:53]: avatar 1 ( 16,  1) -> ( 15,  1)
[2015-03-12 21:17:53]: avatar 2 ( 22, 16) -> ( 22, 17)
[2015-03-12 21:17:53]: avatar 3 ( 17,  5) -> ( 17,  6)
[2015-03-12 21:17:53]: avatar 1 ( 15,  1) -> ( 15,  0)
[2015-03-12 21:17:53]: avatar 2 ( 22, 17) -> ( 22, 17)
[2015-03-12 21:17:53]: avatar 3 ( 17,  6) -> ( 16,  6)
[2015-03-12 21:17:54]: avatar 1 ( 15,  0) -> ( 16,  0)
[2015-03-12 21:17:54]: avatar 2 ( 22, 17) -> ( 22, 18)
[2015-03-12 21:17:54]: avatar 3 ( 16,  6) -> ( 16,  7)
[2015-03-12 21:17:54]: avatar 1 ( 16,  0) -> ( 17,  0)
[2015-03-12 21:17:54]: avatar 2 ( 22, 18) -> ( 21, 18)
[2015-03-12 21:17:54]: avatar 3 ( 16,  7) -> ( 16,  8)
[2015-03-12 21:17:54]: avatar 1 ( 17,  0) -> ( 18,  0)
[2015-03-12 21:17:54]: avatar 2 ( 21, 18) -> ( 21, 17)
[2015-03-12 21:17:54]: avatar 3 ( 16,  8) -> ( 17,  8)
[2015-03-12 21:17:54]: avatar 1 ( 18,  0) -> ( 18,  1)
[2015-03-12 21:17:54]: avatar 2 ( 21, 17) -> ( 21, 16)
[2015-03-12 21:17:54]: avatar 3 ( 17,  8) -> ( 17,  8)
[2015-03-12 21:17:55]: avatar 1 ( 18,  1) -> ( 18,  2)
[2015-03-12 21:17:55]: avatar 2 ( 21, 16) -> ( 21, 16)
[2015-03-12 21:17:55]: avatar 3 ( 17,  8) -> ( 17,  8)
[2015-03-12 21:17:55]: avatar 1 ( 18,  2) -> ( 18,  2)
[2015-03-12 21:17:55]: avatar 2 ( 21, 16) -> ( 20, 16)
[2015-03-12 21:17:55]: avatar 3 ( 17,  8) -> ( 16,  8)
[2015-03-12 21:17:55]: avatar 1 ( 18,  2) -> ( 18,  3)
[2015-03-12 21:17:55]: avatar 2 ( 20, 16) -> ( 20, 15)
[2015-03-12 21:17:55]: avatar 3 ( 16,  8) -> ( 16,  7)
[2015-03-12 21:17:55]: avatar 1 ( 18,  3) -> ( 18,  3)
[2015-03-12 21:17:55]: avatar 2 ( 20, 15) -> ( 20, 15)
[2015-03-12 21:17:55]: avatar 3 ( 16,  7) -> ( 17,  7)
[2015-03-12 21:17:56]: avatar 1 ( 18,  3) -> ( 18,  3)
[2015-03-12 21:17:56]: avatar 2 ( 20, 15) -> ( 20, 14)
[2015-03-12 21:17:56]: avatar 3 ( 17,  7) -> ( 18,  7)
[2015-03-12 21:17:56]: avatar 1 ( 18,  3) -> ( 18,  3)
[2015-03-12 21:17:56]: avatar 2 ( 20, 14) -> ( 20, 14)
[2015-03-12 21:17:56]: avatar 3 ( 18,  7) -> ( 18,  7)
[2015-03-12 21:17:56]: avatar 1 ( 18,  3) -> ( 18,  2)
[2015-03-12 21:17:56]: avatar 2 ( 20, 14) -> ( 20, 13)
[2015-03-12 21:17:56]: avatar 3 ( 18,  7) -> ( 18,  7)
[2015-03-12 21:17:56]: avatar 1 ( 18,  2) -> ( 19,  2)
[2015-03-12 21:17:56]: avatar 2 ( 20, 13) -> ( 21, 13)
[2015-03-12 21:17:56]: avatar 3 ( 18,  7) -> ( 18,  6)
[2015-03-12 21:17:57]: avatar 1 ( 19,  2) -> ( 19,  3)
[2015-03-12 21:17:57]: avatar 2 ( 21, 13) -> ( 21, 14)
[2015-03-12 21:17:57]: avatar 3 ( 18,  6) -> ( 18,  6)
[2015-03-12 21:17:57]: avatar 1 ( 19,  3) -> ( 19,  3)
[2015-03-12 21:17:57]: avatar 2 ( 21, 14) -> ( 21, 15)
[2015-03-12 21:17:57]: avatar 3 ( 18,  6) -> ( 18,  5)
[2015-03-12 21:17:57]: avatar 1 ( 19,  3) -> ( 20,  3)
[2015-03-12 21:17:57]: avatar 2 ( 21, 15) -> ( 21, 14)
[2015-03-12 21:17:57]: avatar 3 ( 18,  5) -> ( 18,  5)
[2015-03-12 21:17:58]: avatar 1 ( 20,  3) -> ( 20,  4)
[2015-03-12 21:17:58]: avatar 2 ( 21, 14) -> ( 21, 13)
[2015-03-12 21:17:58]: avatar 3 ( 18,  5) -> ( 18,  4)
[2015-03-12 21:17:58]: avatar 1 ( 20,  4) -> ( 19,  4)
[2015-03-12 21:17:58]: avatar 2 ( 21, 13) -> ( 21, 12)
[2015-03-12 21:17:58]: avatar 3 ( 18,  4) -> ( 18,  4)
[2015-03-12 21:17:58]: avatar 1 ( 19,  4) -> ( 19,  5)
[2015-03-12 21:17:58]: avatar 2 ( 21, 12) -> ( 20, 12)
[2015-03-12 21:17:58]: avatar 3 ( 18,  4) -> ( 17,  4)
[2015-03-12 21:17:59]: avatar 1 ( 19,  5) -> ( 20,  5)
[2015-03-12 21:17:59]: avatar 2 ( 20, 12) -> ( 20, 11)
[2015-03-12 21:17:59]: avatar 3 ( 17,  4) -> ( 17,  3)
[2015-03-12 21:17:59]: avatar 1 ( 20,  5) -> ( 20,  6)
[2015-03-12 21:17:59]: avatar 2 ( 20, 11) -> ( 20, 10)
[2015-03-12 21:17:59]: avatar 3 ( 17,  3) -> ( 17,  2)
[2015-03-12 21:17:59]: avatar 1 ( 20,  6) -> ( 19,  6)
[2015-03-12 21:17:59]: avatar 2 ( 20, 10) -> ( 20,  9)
[2015-03-12 21:17:59]: avatar 3 ( 17,  2) -> ( 16,  2)
[2015-03-12 21:17:59]: avatar 1 ( 19,  6) -> ( 19,  7)
[2015-03-12 21:17:59]: avatar 2 ( 20,  9) -> ( 20,  8)
[2015-03-12 21:17:59]: avatar 3 ( 16,  2) -> ( 15,  2)
[2015-03-12 21:17:59]: avatar 1 ( 19,  7) -> ( 19,  8)
[2015-03-12 21:17:59]: avatar 2 ( 20,  8) -> ( 19,  8)
[2015-03-12 21:17:59]: avatar 3 ( 15,  2) -> ( 15,  3)
[2015-03-12 21:17:59]: avatar 1 ( 19,  8) -> ( 20,  8)
[2015-03-12 21:17:59]: avatar 2 ( 19,  8) -> ( 20,  8)
[2015-03-12 21:17:59]: avatar 3 ( 15,  3) -> ( 14,  3)
[2015-03-12 21:17:59]: avatar 1 ( 20,  8) -> ( 20,  9)
[2015-03-12 21:17:59]: avatar 2 ( 20,  8) -> ( 20,  9)
[2015-03-12 21:17:59]: avatar 3 ( 14,  3) -> ( 13,  3)
[2015-03-12 21:17:59]: avatar 1 ( 20,  9) -> ( 20, 10)
[2015-03-12 21:17:59]: avatar 2 ( 20,  9) -> ( 20, 10)
[2015-03-12 21:17:59]: avatar 3 ( 13,  3) -> ( 13,  4)
[2015-03-12 21:18:00]: avatar 1 ( 20, 10) -> ( 20, 11)
[2015-03-12 21:18:00]: avatar 2 ( 20, 10) -> ( 20, 11)
[2015-03-12 21:18:00]: avatar 3 ( 13,  4) -> ( 14,  4)
[2015-03-12 21:18:00]: avatar 1 ( 20, 11) -> ( 20, 12)
[2015-03-12 21:18:00]: avatar 2 ( 20, 11) -> ( 20, 12)
[2015-03-12 21:18:00]: avatar 3 ( 14,  4) -> ( 14,  5)
[2015-03-12 21:18:00]: avatar 1 ( 20, 12) -> ( 21, 12)
[2015-03-12 21:18:00]: avatar 2 ( 20, 12) -> ( 21, 12)
[2015-03-12 21:18:00]: avatar 3 ( 14,  5) -> ( 14,  6)
[2015-03-12 21:18:00]: avatar 1 ( 21, 12) -> ( 21, 13)
[2015-03-12 21:18:00]: avatar 2 ( 21, 12) -> ( 21, 13)
[2015-03-12 21:18:00]: avatar 3 ( 14,  6) -> ( 15,  6)
[2015-03-12 21:18:00]: avatar 1 ( 21, 13) -> ( 20, 13)
[2015-03-12 21:18:00]: avatar 2 ( 21, 13) -> ( 20, 13)
[2015-03-12 21:18:00]: avatar 3 ( 15,  6) -> ( 15,  7)
[2015-03-12 21:18:00]: avatar 1 ( 20, 13) -> ( 20, 14)
[2015-03-12 21:18:00]: avatar 2 ( 20, 13) -> ( 20, 14)
[2015-03-12 21:18:00]: avatar 3 ( 15,  7) -> ( 14,  7)
[2015-03-12 21:18:00]: avatar 1 ( 20, 14) -> ( 20, 15)
[2015-03-12 21:18:00]: avatar 2 ( 20, 14) -> ( 20, 15)
[2015-03-12 21:18:00]: avatar 3 ( 14,  7) -> ( 14,  8)
[2015-03-12 21:18:00]: avatar 1 ( 20, 15) -> ( 20, 16)
[2015-03-12 21:18:00]: avatar 2 ( 20, 15) -> ( 20, 16)
[2015-03-12 21:18:00]: avatar 3 ( 14,  8) -> ( 13,  8)
[2015-03-12 21:18:01]: avatar 1 ( 20, 16) -> ( 21, 16)
[2015-03-12 21:18:01]: avatar 2 ( 20, 16) -> ( 21, 16)
[2015-03-12 21:18:01]: avatar 3 ( 13,  8) -> ( 13,  9)
[2015-03-12 21:18:01]: avatar 1 ( 21, 16) -> ( 21, 17)
[2015-03-12 21:18:01]: avatar 2 ( 21, 16) -> ( 21, 17)
[2015-03-12 21:18:01]: avatar 3 ( 13,  9) -> ( 14,  9)
[2015-03-12 21:18:01]: avatar 1 ( 21, 17) -> ( 21, 18)
[2015-03-12 21:18:01]: avatar 2 ( 21, 17) -> ( 21, 18)
[2015-03-12 21:18:01]: avatar 3 ( 14,  9) -> ( 14, 10)
[2015-03-12 21:18:01]: avatar 1 ( 21, 18) -> ( 22, 18)
[2015-03-12 21:18:01]: avatar 2 ( 21, 18) -> ( 22, 18)
[2015-03-12 21:18:01]: avatar 3 ( 14, 10) -> ( 13, 10)
[2015-03-12 21:18:01]: avatar 1 ( 22, 18) -> ( 22, 17)
[2015-03-12 21:18:01]: avatar 2 ( 22, 18) -> ( 22, 17)
[2015-03-12 21:18:01]: avatar 3 ( 13, 10) -> ( 12, 10)
[2015-03-12 21:18:01]: avatar 1 ( 22, 17) -> ( 22, 16)
[2015-03-12 21:18:01]: avatar 2 ( 22, 17) -> ( 22, 16)
[2015-03-12 21:18:01]: avatar 3 ( 12, 10) -> ( 12,  9)
[2015-03-12 21:18:01]: avatar 1 ( 22, 16) -> ( 22, 15)
[2015-03-12 21:18:01]: avatar 2 ( 22, 16) -> ( 22, 15)
[2015-03-12 21:18:01]: avatar 3 ( 12,  9) -> ( 12,  8)
[2015-03-12 21:18:02]: avatar 1 ( 22, 15) -> ( 22, 14)
[2015-03-12 21:18:02]: avatar 2 ( 22, 15) -> ( 22, 14)
[2015-03-12 21:18:02]: avatar 3 ( 12,  8) -> ( 11,  8)
[2015-03-12 21:18:02]: avatar 1 ( 22, 14) -> ( 23, 14)
[2015-03-12 21:18:02]: avatar 2 ( 22, 14) -> ( 23, 14)
[2015-03-12 21:18:02]: avatar 3 ( 11,  8) -> ( 11,  9)
[2015-03-12 21:18:02]: avatar 1 ( 23, 14) -> ( 24, 14)
[2015-03-12 21:18:02]: avatar 2 ( 23, 14) -> ( 24, 14)
[2015-03-12 21:18:02]: avatar 3 ( 11,  9) -> ( 10,  9)
[2015-03-12 21:18:02]: avatar 1 ( 24, 14) -> ( 24, 15)
[2015-03-12 21:18:02]: avatar 2 ( 24, 14) -> ( 24, 15)
[2015-03-12 21:18:02]: avatar 3 ( 10,  9) -> (  9,  9)
[2015-03-12 21:18:02]: avatar 1 ( 24, 15) -> ( 23, 15)
[2015-03-12 21:18:02]: avatar 2 ( 24, 15) -> ( 23, 15)
[2015-03-12 21:18:02]: avatar 3 (  9,  9) -> (  9, 10)
[2015-03-12 21:18:02]: avatar 1 ( 23, 15) -> ( 23, 16)
[2015-03-12 21:18:02]: avatar 2 ( 23, 15) -> ( 23, 16)
[2015-03-12 21:18:02]: avatar 3 (  9, 10) -> (  9, 11)
[2015-03-12 21:18:02]: avatar 1 ( 23, 16) -> ( 23, 17)
[2015-03-12 21:18:02]: avatar 2 ( 23, 16) -> ( 23, 17)
[2015-03-12 21:18:02]: avatar 3 (  9, 11) -> (  9, 12)
[2015-03-12 21:18:02]: avatar 1 ( 23, 17) -> ( 23, 18)
[2015-03-12 21:18:02]: avatar 2 ( 23, 17) -> ( 23, 18)
[2015-03-12 21:18:02]: avatar 3 (  9, 12) -> (  9, 13)
[2015-03-12 21:18:02]: avatar 1 ( 23, 18) -> ( 23, 19)
[2015-03-12 21:18:02]: avatar 2 ( 23, 18) -> ( 23, 19)
[2015-03-12 21:18:02]: avatar 3 (  9, 13) -> (  8, 13)
[2015-03-12 21:18:02]: avatar 1 ( 23, 19) -> ( 23, 20)
[2015-03-12 21:18:02]: avatar 2 ( 23, 19) -> ( 23, 20)
[2015-03-12 21:18:02]: avatar 3 (  8, 13) -> (  8, 14)
[2015-03-12 21:18:02]: avatar 1 ( 23, 20) -> ( 22, 20)
[2015-03-12 21:18:02]: avatar 2 ( 23, 20) -> ( 22, 20)
[2015-03-12 21:18:02]: avatar 3 (  8, 14) -> (  7, 14)
[2015-03-12 21:18:03]: avatar 1 ( 22, 20) -> ( 21, 20)
[2015-03-12 21:18:03]: avatar 2 ( 22, 20) -> ( 21, 20)
[2015-03-12 21:18:03]: avatar 3 (  7, 14) -> (  7, 13)
[2015-03-12 21:18:03]: avatar 1 ( 21, 20) -> ( 21, 21)
[2015-03-12 21:18:03]: avatar 2 ( 21, 20) -> ( 21, 21)
[2015-03-12 21:18:03]: avatar 3 (  7, 13) -> (  7, 12)
[2015-03-12 21:18:03]: avatar 1 ( 21, 21) -> ( 21, 22)
[2015-03-12 21:18:03]: avatar 2 ( 21, 21) -> ( 21, 22)
[2015-03-12 21:18:03]: avatar 3 (  7, 12) -> (  6, 12)
[2015-03-12 21:18:03]: avatar 1 ( 21, 22) -> ( 20, 22)
[2015-03-12 21:18:03]: avatar 2 ( 21, 22) -> ( 20, 22)
[2015-03-12 21:18:03]: avatar 3 (  6, 12) -> (  6, 11)
[2015-03-12 21:18:03]: avatar 1 ( 20, 22) -> ( 20, 21)
[2015-03-12 21:18:03]: avatar 2 ( 20, 22) -> ( 20, 21)
[2015-03-12 21:18:03]: avatar 3 (  6, 11) -> (  6, 10)
[2015-03-12 21:18:03]: avatar 1 ( 20, 21) -> ( 20, 20)
[2015-03-12 21:18:03]: avatar 2 ( 20, 21) -> ( 20, 20)
[2015-03-12 21:18:03]: avatar 3 (  6, 10) -> (  6,  9)
[2015-03-12 21:18:03]: avatar 1 ( 20, 20) -> ( 19, 20)
[2015-03-12 21:18:03]: avatar 2 ( 20, 20) -> ( 19, 20)
[2015-03-12 21:18:03]: avatar 3 (  6,  9) -> (  5,  9)
[2015-03-12 21:18:03]: avatar 1 ( 19, 20) -> ( 18, 20)
[2015-03-12 21:18:03]: avatar 2 ( 19, 20) -> ( 18, 20)
[2015-03-12 21:18:03]: avatar 3 (  5,  9) -> (  5, 10)
[2015-03-12 21:18:03]: avatar 1 ( 18, 20) -> ( 18, 19)
[2015-03-12 21:18:03]: avatar 2 ( 18, 20) -> ( 18, 19)
[2015-03-12 21:18:03]: avatar 3 (  5, 10) -> (  4, 10)
[2015-03-12 21:18:04]: avatar 1 ( 18, 19) -> ( 19, 19)
[2015-03-12 21:18:04]: avatar 2 ( 18, 19) -> ( 19, 19)
[2015-03-12 21:18:04]: avatar 3 (  4, 10) -> (  4, 11)
[2015-03-12 21:18:04]: avatar 1 ( 19, 19) -> ( 19, 18)
[2015-03-12 21:18:04]: avatar 2 ( 19, 19) -> ( 19, 18)
[2015-03-12 21:18:04]: avatar 3 (  4, 11) -> (  3, 11)
[2015-03-12 21:18:04]: avatar 1 ( 19, 18) -> ( 19, 17)
[2015-03-12 21:18:04]: avatar 2 ( 19, 18) -> ( 19, 17)
[2015-03-12 21:18:04]: avatar 3 (  3, 11) -> (  2, 11)
[2015-03-12 21:18:04]: avatar 1 ( 19, 17) -> ( 19, 16)
[2015-03-12 21:18:04]: avatar 2 ( 19, 17) -> ( 19, 16)
[2015-03-12 21:18:04]: avatar 3 (  2, 11) -> (  2, 12)
[2015-03-12 21:18:04]: avatar 1 ( 19, 16) -> ( 18, 16)
[2015-03-12 21:18:04]: avatar 2 ( 19, 16) -> ( 18, 16)
[2015-03-12 21:18:04]: avatar 3 (  2, 12) -> (  3, 12)
[2015-03-12 21:18:04]: avatar 1 ( 18, 16) -> ( 18, 15)
[2015-03-12 21:18:04]: avatar 2 ( 18, 16) -> ( 18, 15)
[2015-03-12 21:18:04]: avatar 3 (  3, 12) -> (  4, 12)
[2015-03-12 21:18:04]: avatar 1 ( 18, 15) -> ( 18, 14)
[2015-03-12 21:18:04]: avatar 2 ( 18, 15) -> ( 18, 14)
[2015-03-12 21:18:04]: avatar 3 (  4, 12) -> (  4, 13)
[2015-03-12 21:18:04]: avatar 1 ( 18, 14) -> ( 17, 14)
[2015-03-12 21:18:04]: avatar 2 ( 18, 14) -> ( 17, 14)
[2015-03-12 21:18:04]: avatar 3 (  4, 13) -> (  3, 13)
[2015-03-12 21:18:05]: avatar 1 ( 17, 14) -> ( 16, 14)
[2015-03-12 21:18:05]: avatar 2 ( 17, 14) -> ( 16, 14)
[2015-03-12 21:18:05]: avatar 3 (  3, 13) -> (  3, 14)
[2015-03-12 21:18:05]: avatar 1 ( 16, 14) -> ( 16, 13)
[2015-03-12 21:18:05]: avatar 2 ( 16, 14) -> ( 16, 13)
[2015-03-12 21:18:05]: avatar 3 (  3, 14) -> (  3, 15)
[2015-03-12 21:18:05]: avatar 1 ( 16, 13) -> ( 17, 13)
[2015-03-12 21:18:05]: avatar 2 ( 16, 13) -> ( 17, 13)
[2015-03-12 21:18:05]: avatar 3 (  3, 15) -> (  3, 16)
[2015-03-12 21:18:05]: avatar 1 ( 17, 13) -> ( 17, 12)
[2015-03-12 21:18:05]: avatar 2 ( 17, 13) -> ( 17, 12)
[2015-03-12 21:18:05]: avatar 3 (  3, 16) -> (  3, 17)
[2015-03-12 21:18:05]: avatar 1 ( 17, 12) -> ( 18, 12)
[2015-03-12 21:18:05]: avatar 2 ( 17, 12) -> ( 18, 12)
[2015-03-12 21:18:05]: avatar 3 (  3, 17) -> (  4, 17)
[2015-03-12 21:18:05]: avatar 1 ( 18, 12) -> ( 19, 12)
[2015-03-12 21:18:05]: avatar 2 ( 18, 12) -> ( 19, 12)
[2015-03-12 21:18:05]: avatar 3 (  4, 17) -> (  4, 18)
[2015-03-12 21:18:05]: avatar 1 ( 19, 12) -> ( 19, 11)
[2015-03-12 21:18:05]: avatar 2 ( 19, 12) -> ( 19, 11)
[2015-03-12 21:18:05]: avatar 3 (  4, 18) -> (  4, 19)
[2015-03-12 21:18:05]: avatar 1 ( 19, 11) -> ( 18, 11)
[2015-03-12 21:18:05]: avatar 2 ( 19, 11) -> ( 18, 11)
[2015-03-12 21:18:05]: avatar 3 (  4, 19) -> (  5, 19)
[2015-03-12 21:18:06]: avatar 1 ( 18, 11) -> ( 17, 11)
[2015-03-12 21:18:06]: avatar 2 ( 18, 11) -> ( 17, 11)
[2015-03-12 21:18:06]: avatar 3 (  5, 19) -> (  5, 18)
[2015-03-12 21:18:06]: avatar 1 ( 17, 11) -> ( 16, 11)
[2015-03-12 21:18:06]: avatar 2 ( 17, 11) -> ( 16, 11)
[2015-03-12 21:18:06]: avatar 3 (  5, 18) -> (  5, 17)
[2015-03-12 21:18:06]: avatar 1 ( 16, 11) -> ( 16, 10)
[2015-03-12 21:18:06]: avatar 2 ( 16, 11) -> ( 16, 10)
[2015-03-12 21:18:06]: avatar 3 (  5, 17) -> (  5, 16)
[2015-03-12 21:18:06]: avatar 1 ( 16, 10) -> ( 16,  9)
[2015-03-12 21:18:06]: avatar 2 ( 16, 10) -> ( 16,  9)
[2015-03-12 21:18:06]: avatar 3 (  5, 16) -> (  4, 16)
[2015-03-12 21:18:06]: avatar 1 ( 16,  9) -> ( 17,  9)
[2015-03-12 21:18:06]: avatar 2 ( 16,  9) -> ( 17,  9)
[2015-03-12 21:18:06]: avatar 3 (  4, 16) -> (  4, 15)
[2015-03-12 21:18:06]: avatar 1 ( 17,  9) -> ( 17,  8)
[2015-03-12 21:18:06]: avatar 2 ( 17,  9) -> ( 17,  8)
[2015-03-12 21:18:06]: avatar 3 (  4, 15) -> (  4, 14)
[2015-03-12 21:18:07]: avatar 1 ( 17,  8) -> ( 16,  8)
[2015-03-12 21:18:07]: avatar 2 ( 17,  8) -> ( 16,  8)
[2015-03-12 21:18:07]: avatar 3 (  4, 14) -> (  5, 14)
[2015-03-12 21:18:07]: avatar 1 ( 16,  8) -> ( 16,  7)
[2015-03-12 21:18:07]: avatar 2 ( 16,  8) -> ( 16,  7)
[2015-03-12 21:18:07]: avatar 3 (  5, 14) -> (  5, 15)
[2015-03-12 21:18:07]: avatar 1 ( 16,  7) -> ( 17,  7)
[2015-03-12 21:18:07]: avatar 2 ( 16,  7) -> ( 17,  7)
[2015-03-12 21:18:07]: avatar 3 (  5, 15) -> (  6, 15)
[2015-03-12 21:18:07]: avatar 1 ( 17,  7) -> ( 18,  7)
[2015-03-12 21:18:07]: avatar 2 ( 17,  7) -> ( 18,  7)
[2015-03-12 21:18:07]: avatar 3 (  6, 15) -> (  6, 16)
[2015-03-12 21:18:07]: avatar 1 ( 18,  7) -> ( 18,  6)
[2015-03-12 21:18:07]: avatar 2 ( 18,  7) -> ( 18,  6)
[2015-03-12 21:18:07]: avatar 3 (  6, 16) -> (  6, 17)
[2015-03-12 21:18:07]: avatar 1 ( 18,  6) -> ( 18,  5)
[2015-03-12 21:18:07]: avatar 2 ( 18,  6) -> ( 18,  5)
[2015-03-12 21:18:07]: avatar 3 (  6, 17) -> (  7, 17)
[2015-03-12 21:18:07]: avatar 1 ( 18,  5) -> ( 18,  4)
[2015-03-12 21:18:07]: avatar 2 ( 18,  5) -> ( 18,  4)
[2015-03-12 21:18:07]: avatar 3 (  7, 17) -> (  7, 16)
[2015-03-12 21:18:07]: avatar 1 ( 18,  4) -> ( 17,  4)
[2015-03-12 21:18:07]: avatar 2 ( 18,  4) -> ( 17,  4)
[2015-03-12 21:18:07]: avatar 3 (  7, 16) -> (  8, 16)
[2015-03-12 21:18:07]: avatar 1 ( 17,  4) -> ( 17,  3)
[2015-03-12 21:18:07]: avatar 2 ( 17,  4) -> ( 17,  3)
[2015-03-12 21:18:07]: avatar 3 (  8, 16) -> (  8, 17)
[2015-03-12 21:18:07]: avatar 1 ( 17,  3) -> ( 17,  2)
[2015-03-12 21:18:07]: avatar 2 ( 17,  3) -> ( 17,  2)
[2015-03-12 21:18:07]: avatar 3 (  8, 17) -> (  8, 18)
[2015-03-12 21:18:08]: avatar 1 ( 17,  2) -> ( 16,  2)
[2015-03-12 21:18:08]: avatar 2 ( 17,  2) -> ( 16,  2)
[2015-03-12 21:18:08]: avatar 3 (  8, 18) -> (  7, 18)
[2015-03-12 21:18:08]: avatar 1 ( 16,  2) -> ( 15,  2)
[2015-03-12 21:18:08]: avatar 2 ( 16,  2) -> ( 15,  2)
[2015-03-12 21:18:08]: avatar 3 (  7, 18) -> (  7, 19)
[2015-03-12 21:18:08]: avatar 1 ( 15,  2) -> ( 15,  3)
[2015-03-12 21:18:08]: avatar 2 ( 15,  2) -> ( 15,  3)
[2015-03-12 21:18:08]: avatar 3 (  7, 19) -> (  8, 19)
[2015-03-12 21:18:08]: avatar 1 ( 15,  3) -> ( 14,  3)
[2015-03-12 21:18:08]: avatar 2 ( 15,  3) -> ( 14,  3)
[2015-03-12 21:18:08]: avatar 3 (  8, 19) -> (  8, 20)
[2015-03-12 21:18:08]: avatar 1 ( 14,  3) -> ( 13,  3)
[2015-03-12 21:18:08]: avatar 2 ( 14,  3) -> ( 13,  3)
[2015-03-12 21:18:08]: avatar 3 (  8, 20) -> (  9, 20)
[2015-03-12 21:18:08]: avatar 1 ( 13,  3) -> ( 13,  4)
[2015-03-12 21:18:08]: avatar 2 ( 13,  3) -> ( 13,  4)
[2015-03-12 21:18:08]: avatar 3 (  9, 20) -> (  9, 21)
[2015-03-12 21:18:08]: avatar 1 ( 13,  4) -> ( 14,  4)
[2015-03-12 21:18:08]: avatar 2 ( 13,  4) -> ( 14,  4)
[2015-03-12 21:18:08]: avatar 3 (  9, 21) -> (  9, 22)
[2015-03-12 21:18:08]: avatar 1 ( 14,  4) -> ( 14,  5)
[2015-03-12 21:18:08]: avatar 2 ( 14,  4) -> ( 14,  5)
[2015-03-12 21:18:08]: avatar 3 (  9, 22) -> ( 10, 22)
[2015-03-12 21:18:08]: avatar 1 ( 14,  5) -> ( 14,  6)
[2015-03-12 21:18:08]: avatar 2 ( 14,  5) -> ( 14,  6)
[2015-03-12 21:18:08]: avatar 3 ( 10, 22) -> ( 11, 22)
[2015-03-12 21:18:08]: avatar 1 ( 14,  6) -> ( 15,  6)
[2015-03-12 21:18:08]: avatar 2 ( 14,  6) -> ( 15,  6)
[2015-03-12 21:18:08]: avatar 3 ( 11, 22) -> ( 12, 22)
[2015-03-12 21:18:08]: avatar 1 ( 15,  6) -> ( 15,  7)
[2015-03-12 21:18:08]: avatar 2 ( 15,  6) -> ( 15,  7)
[2015-03-12 21:18:08]: avatar 3 ( 12, 22) -> ( 12, 21)
[2015-03-12 21:18:09]: avatar 1 ( 15,  7) -> ( 14,  7)
[2015-03-12 21:18:09]: avatar 2 ( 15,  7) -> ( 14,  7)
[2015-03-12 21:18:09]: avatar 3 ( 12, 21) -> ( 11, 21)
[2015-03-12 21:18:09]: avatar 1 ( 14,  7) -> ( 14,  8)
[2015-03-12 21:18:09]: avatar 2 ( 14,  7) -> ( 14,  8)
[2015-03-12 21:18:09]: avatar 3 ( 11, 21) -> ( 11, 20)
[2015-03-12 21:18:09]: avatar 1 ( 14,  8) -> ( 13,  8)
[2015-03-12 21:18:09]: avatar 2 ( 14,  8) -> ( 13,  8)
[2015-03-12 21:18:09]: avatar 3 ( 11, 20) -> ( 11, 19)
[2015-03-12 21:18:09]: avatar 1 ( 13,  8) -> ( 13,  9)
[2015-03-12 21:18:09]: avatar 2 ( 13,  8) -> ( 13,  9)
[2015-03-12 21:18:09]: avatar 3 ( 11, 19) -> ( 10, 19)
[2015-03-12 21:18:09]: avatar 1 ( 13,  9) -> ( 14,  9)
[2015-03-12 21:18:09]: avatar 2 ( 13,  9) -> ( 14,  9)
[2015-03-12 21:18:09]: avatar 3 ( 10, 19) -> ( 10, 18)
[2015-03-12 21:18:09]: avatar 1 ( 14,  9) -> ( 14, 10)
[2015-03-12 21:18:09]: avatar 2 ( 14,  9) -> ( 14, 10)
[2015-03-12 21:18:09]: avatar 3 ( 10, 18) -> (  9, 18)
[2015-03-12 21:18:09]: avatar 1 ( 14, 10) -> ( 13, 10)
[2015-03-12 21:18:09]: avatar 2 ( 14, 10) -> ( 13, 10)
[2015-03-12 21:18:09]: avatar 3 (  9, 18) -> (  9, 17)
[2015-03-12 21:18:09]: avatar 1 ( 13, 10) -> ( 12, 10)
[2015-03-12 21:18:09]: avatar 2 ( 13, 10) -> ( 12, 10)
[2015-03-12 21:18:09]: avatar 3 (  9, 17) -> (  9, 16)
[2015-03-12 21:18:10]: avatar 1 ( 12, 10) -> ( 12,  9)
[2015-03-12 21:18:10]: avatar 2 ( 12, 10) -> ( 12,  9)
[2015-03-12 21:18:10]: avatar 3 (  9, 16) -> ( 10, 16)
[2015-03-12 21:18:10]: avatar 1 ( 12,  9) -> ( 12,  8)
[2015-03-12 21:18:10]: avatar 2 ( 12,  9) -> ( 12,  8)
[2015-03-12 21:18:10]: avatar 3 ( 10, 16) -> ( 10, 15)
[2015-03-12 21:18:10]: avatar 1 ( 12,  8) -> ( 11,  8)
[2015-03-12 21:18:10]: avatar 2 ( 12,  8) -> ( 11,  8)
[2015-03-12 21:18:10]: avatar 3 ( 10, 15) -> (  9, 15)
[2015-03-12 21:18:10]: avatar 1 ( 11,  8) -> ( 11,  9)
[2015-03-12 21:18:10]: avatar 2 ( 11,  8) -> ( 11,  9)
[2015-03-12 21:18:10]: avatar 3 (  9, 15) -> (  9, 14)
[2015-03-12 21:18:10]: avatar 1 ( 11,  9) -> ( 10,  9)
[2015-03-12 21:18:10]: avatar 2 ( 11,  9) -> ( 10,  9)
[2015-03-12 21:18:10]: avatar 3 (  9, 14) -> ( 10, 14)
[2015-03-12 21:18:10]: avatar 1 ( 10,  9) -> (  9,  9)
[2015-03-12 21:18:10]: avatar 2 ( 10,  9) -> (  9,  9)
[2015-03-12 21:18:10]: avatar 3 ( 10, 14) -> ( 10, 13)
[2015-03-12 21:18:10]: avatar 1 (  9,  9) -> (  9, 10)
[2015-03-12 21:18:10]: avatar 2 (  9,  9) -> (  9, 10)
[2015-03-12 21:18:10]: avatar 3 ( 10, 13) -> ( 11, 13)
[2015-03-12 21:18:10]: avatar 1 (  9, 10) -> (  9, 11)
[2015-03-12 21:18:10]: avatar 2 (  9, 10) -> (  9, 11)
[2015-03-12 21:18:10]: avatar 3 ( 11, 13) -> ( 12, 13)
[2015-03-12 21:18:10]: avatar 1 (  9, 11) -> (  9, 12)
[2015-03-12 21:18:10]: avatar 2 (  9, 11) -> (  9, 12)
[2015-03-12 21:18:10]: avatar 3 ( 12, 13) -> ( 13, 13)
[2015-03-12 21:18:11]: avatar 1 (  9, 12) -> (  9, 13)
[2015-03-12 21:18:11]: avatar 2 (  9, 12) -> (  9, 13)
[2015-03-12 21:18:11]: avatar 3 ( 13, 13) -> ( 13, 14)
[2015-03-12 21:18:11]: avatar 1 (  9, 13) -> (  8, 13)
[2015-03-12 21:18:11]: avatar 2 (  9, 13) -> (  8, 13)
[2015-03-12 21:18:11]: avatar 3 ( 13, 14) -> ( 13, 15)
[2015-03-12 21:18:11]: avatar 1 (  8, 13) -> (  8, 14)
[2015-03-12 21:18:11]: avatar 2 (  8, 13) -> (  8, 14)
[2015-03-12 21:18:11]: avatar 3 ( 13, 15) -> ( 14, 15)
[2015-03-12 21:18:11]: avatar 1 (  8, 14) -> (  7, 14)
[2015-03-12 21:18:11]: avatar 2 (  8, 14) -> (  7, 14)
[2015-03-12 21:18:11]: avatar 3 ( 14, 15) -> ( 14, 16)
[2015-03-12 21:18:11]: avatar 1 (  7, 14) -> (  7, 13)
[2015-03-12 21:18:11]: avatar 2 (  7, 14) -> (  7, 13)
[2015-03-12 21:18:11]: avatar 3 ( 14, 16) -> ( 15, 16)
[2015-03-12 21:18:11]: avatar 1 (  7, 13) -> (  7, 12)
[2015-03-12 21:18:11]: avatar 2 (  7, 13) -> (  7, 12)
[2015-03-12 21:18:11]: avatar 3 ( 15, 16) -> ( 15, 17)
[2015-03-12 21:18:11]: avatar 1 (  7, 12) -> (  6, 12)
[2015-03-12 21:18:11]: avatar 2 (  7, 12) -> (  6, 12)
[2015-03-12 21:18:11]: avatar 3 ( 15, 17) -> ( 15, 18)
[2015-03-12 21:18:12]: avatar 1 (  6, 12) -> (  6, 11)
[2015-03-12 21:18:12]: avatar 2 (  6, 12) -> (  6, 11)
[2015-03-12 21:18:12]: avatar 3 ( 15, 18) -> ( 15, 19)
[2015-03-12 21:18:12]: avatar 1 (  6, 11) -> (  6, 10)
[2015-03-12 21:18:12]: avatar 2 (  6, 11) -> (  6, 10)
[2015-03-12 21:18:12]: avatar 3 ( 15, 19) -> ( 15, 20)
[2015-03-12 21:18:12]: avatar 1 (  6, 10) -> (  6,  9)
[2015-03-12 21:18:12]: avatar 2 (  6, 10) -> (  6,  9)
[2015-03-12 21:18:12]: avatar 3 ( 15, 20) -> ( 14, 20)
[2015-03-12 21:18:12]: avatar 1 (  6,  9) -> (  5,  9)
[2015-03-12 21:18:12]: avatar 2 (  6,  9) -> (  5,  9)
[2015-03-12 21:18:12]: avatar 3 ( 14, 20) -> ( 14, 21)
[2015-03-12 21:18:12]: avatar 1 (  5,  9) -> (  5, 10)
[2015-03-12 21:18:12]: avatar 2 (  5,  9) -> (  5, 10)
[2015-03-12 21:18:12]: avatar 3 ( 14, 21) -> ( 13, 21)
[2015-03-12 21:18:12]: avatar 1 (  5, 10) -> (  4, 10)
[2015-03-12 21:18:12]: avatar 2 (  5, 10) -> (  4, 10)
[2015-03-12 21:18:12]: avatar 3 ( 13, 21) -> ( 13, 22)
[2015-03-12 21:18:12]: avatar 1 (  4, 10) -> (  4, 11)
[2015-03-12 21:18:12]: avatar 2 (  4, 10) -> (  4, 11)
[2015-03-12 21:18:12]: avatar 3 ( 13, 22) -> ( 14, 22)
[2015-03-12 21:18:13]: avatar 1 (  4, 11) -> (  3, 11)
[2015-03-12 21:18:13]: avatar 2 (  4, 11) -> (  3, 11)
[2015-03-12 21:18:13]: avatar 3 ( 14, 22) -> ( 15, 22)
[2015-03-12 21:18:13]: avatar 1 (  3, 11) -> (  2, 11)
[2015-03-12 21:18:13]: avatar 2 (  3, 11) -> (  2, 11)
[2015-03-12 21:18:13]: avatar 3 ( 15, 22) -> ( 15, 21)
[2015-03-12 21:18:13]: avatar 1 (  2, 11) -> (  2, 12)
[2015-03-12 21:18:13]: avatar 2 (  2, 11) -> (  2, 12)
[2015-03-12 21:18:13]: avatar 3 ( 15, 21) -> ( 16, 21)
[2015-03-12 21:18:13]: avatar 1 (  2, 12) -> (  3, 12)
[2015-03-12 21:18:13]: avatar 2 (  2, 12) -> (  3, 12)
[2015-03-12 21:18:13]: avatar 3 ( 16, 21) -> ( 16, 20)
[2015-03-12 21:18:13]: avatar 1 (  3, 12) -> (  4, 12)
[2015-03-12 21:18:13]: avatar 2 (  3, 12) -> (  4, 12)
[2015-03-12 21:18:13]: avatar 3 ( 16, 20) -> ( 17, 20)
[2015-03-12 21:18:13]: avatar 1 (  4, 12) -> (  4, 13)
[2015-03-12 21:18:13]: avatar 2 (  4, 12) -> (  4, 13)
[2015-03-12 21:18:13]: avatar 3 ( 17, 20) -> ( 17, 21)
[2015-03-12 21:18:13]: avatar 1 (  4, 13) -> (  3, 13)
[2015-03-12 21:18:13]: avatar 2 (  4, 13) -> (  3, 13)
[2015-03-12 21:18:13]: avatar 3 ( 17, 21) -> ( 17, 22)
[2015-03-12 21:18:13]: avatar 1 (  3, 13) -> (  3, 14)
[2015-03-12 21:18:13]: avatar 2 (  3, 13) -> (  3, 14)
[2015-03-12 21:18:13]: avatar 3 ( 17, 22) -> ( 17, 23)
[2015-03-12 21:18:13]: avatar 1 (  3, 14) -> (  3, 15)
[2015-03-12 21:18:13]: avatar 2 (  3, 14) -> (  3, 15)
[2015-03-12 21:18:13]: avatar 3 ( 17, 23) -> ( 18, 23)
[2015-03-12 21:18:13]: avatar 1 (  3, 15) -> (  3, 16)
[2015-03-12 21:18:13]: avatar 2 (  3, 15) -> (  3, 16)
[2015-03-12 21:18:13]: avatar 3 ( 18, 23) -> ( 19, 23)
[2015-03-12 21:18:14]: avatar 1 (  3, 16) -> (  3, 17)
[2015-03-12 21:18:14]: avatar 2 (  3, 16) -> (  3, 17)
[2015-03-12 21:18:14]: avatar 3 ( 19, 23) -> ( 19, 24)
[2015-03-12 21:18:14]: avatar 1 (  3, 17) -> (  4, 17)
[2015-03-12 21:18:14]: avatar 2 (  3, 17) -> (  4, 17)
[2015-03-12 21:18:14]: avatar 3 ( 19, 24) -> ( 18, 24)
[2015-03-12 21:18:14]: avatar 1 (  4, 17) -> (  4, 18)
[2015-03-12 21:18:14]: avatar 2 (  4, 17) -> (  4, 18)
[2015-03-12 21:18:14]: avatar 3 ( 18, 24) -> ( 17, 24)
[2015-03-12 21:18:14]: avatar 1 (  4, 18) -> (  4, 19)
[2015-03-12 21:18:14]: avatar 2 (  4, 18) -> (  4, 19)
[2015-03-12 21:18:14]: avatar 3 ( 17, 24) -> ( 16, 24)
[2015-03-12 21:18:14]: avatar 1 (  4, 19) -> (  5, 19)
[2015-03-12 21:18:14]: avatar 2 (  4, 19) -> (  5, 19)
[2015-03-12 21:18:14]: avatar 3 ( 16, 24) -> ( 16, 23)
[2015-03-12 21:18:14]: avatar 1 (  5, 19) -> (  5, 18)
[2015-03-12 21:18:14]: avatar 2 (  5, 19) -> (  5, 18)
[2015-03-12 21:18:14]: avatar 3 ( 16, 23) -> ( 15, 23)
[2015-03-12 21:18:14]: avatar 1 (  5, 18) -> (  5, 17)
[2015-03-12 21:18:14]: avatar 2 (  5, 18) -> (  5, 17)
[2015-03-12 21:18:14]: avatar 3 ( 15, 23) -> ( 15, 24)
[2015-03-12 21:18:14]: avatar 1 (  5, 17) -> (  5, 16)
[2015-03-12 21:18:14]: avatar 2 (  5, 17) -> (  5, 16)
[2015-03-12 21:18:14]: avatar 3 ( 15, 24) -> ( 14, 24)
[2015-03-12 21:18:14]: avatar 1 (  5, 16) -> (  4, 16)
[2015-03-12 21:18:14]: avatar 2 (  5, 16) -> (  4, 16)
[2015-03-12 21:18:14]: avatar 3 ( 14, 24) -> ( 13, 24)
[2015-03-12 21:18:15]: avatar 1 (  4, 16) -> (  4, 15)
[2015-03-12 21:18:15]: avatar 2 (  4, 16) -> (  4, 15)
[2015-03-12 21:18:15]: avatar 3 ( 13, 24) -> ( 13, 23)
[2015-03-12 21:18:15]: avatar 1 (  4, 15) -> (  4, 14)
[2015-03-12 21:18:15]: avatar 2 (  4, 15) -> (  4, 14)
[2015-03-12 21:18:15]: avatar 3 ( 13, 23) -> ( 12, 23)
[2015-03-12 21:18:15]: avatar 1 (  4, 14) -> (  5, 14)
[2015-03-12 21:18:15]: avatar 2 (  4, 14) -> (  5, 14)
[2015-03-12 21:18:15]: avatar 3 ( 12, 23) -> ( 12, 24)
[2015-03-12 21:18:15]: avatar 1 (  5, 14) -> (  5, 15)
[2015-03-12 21:18:15]: avatar 2 (  5, 14) -> (  5, 15)
[2015-03-12 21:18:15]: avatar 3 ( 12, 24) -> ( 11, 24)
[2015-03-12 21:18:15]: avatar 1 (  5, 15) -> (  6, 15)
[2015-03-12 21:18:15]: avatar 2 (  5, 15) -> (  6, 15)
[2015-03-12 21:18:15]: avatar 3 ( 11, 24) -> ( 11, 23)
[2015-03-12 21:18:15]: avatar 1 (  6, 15) -> (  6, 16)
[2015-03-12 21:18:15]: avatar 2 (  6, 15) -> (  6, 16)
[2015-03-12 21:18:15]: avatar 3 ( 11, 23) -> ( 10, 23)
[2015-03-12 21:18:15]: avatar 1 (  6, 16) -> (  6, 17)
[2015-03-12 21:18:15]: avatar 2 (  6, 16) -> (  6, 17)
[2015-03-12 21:18:15]: avatar 3 ( 10, 23) -> ( 10, 24)
[2015-03-12 21:18:15]: avatar 1 (  6, 17) -> (  7, 17)
[2015-03-12 21:18:15]: avatar 2 (  6, 17) -> (  7, 17)
[2015-03-12 21:18:15]: avatar 3 ( 10, 24) -> (  9, 24)
[2015-03-12 21:18:16]: avatar 1 (  7, 17) -> (  7, 16)
[2015-03-12 21:18:16]: avatar 2 (  7, 17) -> (  7, 16)
[2015-03-12 21:18:16]: avatar 3 (  9, 24) -> (  8, 24)
[2015-03-12 21:18:16]: avatar 1 (  7, 16) -> (  8, 16)
[2015-03-12 21:18:16]: avatar 2 (  7, 16) -> (  8, 16)
[2015-03-12 21:18:16]: avatar 3 (  8, 24) -> (  7, 24)
[2015-03-12 21:18:16]: avatar 1 (  8, 16) -> (  8, 17)
[2015-03-12 21:18:16]: avatar 2 (  8, 16) -> (  8, 17)
[2015-03-12 21:18:16]: avatar 3 (  7, 24) -> (  6, 24)
[2015-03-12 21:18:16]: avatar 1 (  8, 17) -> (  8, 18)
[2015-03-12 21:18:16]: avatar 2 (  8, 17) -> (  8, 18)
[2015-03-12 21:18:16]: avatar 3 (  6, 24) -> (  6, 23)
[2015-03-12 21:18:16]: avatar 1 (  8, 18) -> (  7, 18)
[2015-03-12 21:18:16]: avatar 2 (  8, 18) -> (  7, 18)
[2015-03-12 21:18:16]: avatar 3 (  6, 23) -> (  5, 23)
[2015-03-12 21:18:16]: avatar 1 (  7, 18) -> (  7, 19)
[2015-03-12 21:18:16]: avatar 2 (  7, 18) -> (  7, 19)
[2015-03-12 21:18:16]: avatar 3 (  5, 23) -> (  6, 23)
[2015-03-12 21:18:16]: avatar 1 (  7, 19) -> (  8, 19)
[2015-03-12 21:18:16]: avatar 2 (  7, 19) -> (  8, 19)
[2015-03-12 21:18:16]: avatar 3 (  6, 23) -> (  6, 24)
[2015-03-12 21:18:16]: avatar 1 (  8, 19) -> (  8, 20)
[2015-03-12 21:18:16]: avatar 2 (  8, 19) -> (  8, 20)
[2015-03-12 21:18:16]: avatar 3 (  6, 24) -> (  7, 24)
[2015-03-12 21:18:16]: avatar 1 (  8, 20) -> (  9, 20)
[2015-03-12 21:18:16]: avatar 2 (  8, 20) -> (  9, 20)
[2015-03-12 21:18:16]: avatar 3 (  7, 24) -> (  8, 24)
[2015-03-12 21:18:17]: avatar 1 (  9, 20) -> (  9, 21)
[2015-03-12 21:18:17]: avatar 2 (  9, 20) -> (  9, 21)
[2015-03-12 21:18:17]: avatar 3 (  8, 24) -> (  9, 24)
[2015-03-12 21:18:17]: avatar 1 (  9, 21) -> (  9, 22)
[2015-03-12 21:18:17]: avatar 2 (  9, 21) -> (  9, 22)
[2015-03-12 21:18:17]: avatar 3 (  9, 24) -> ( 10, 24)
[2015-03-12 21:18:17]: avatar 1 (  9, 22) -> ( 10, 22)
[2015-03-12 21:18:17]: avatar 2 (  9, 22) -> ( 10, 22)
[2015-03-12 21:18:17]: avatar 3 ( 10, 24) -> ( 10, 23)
[2015-03-12 21:18:17]: avatar 1 ( 10, 22) -> ( 11, 22)
[2015-03-12 21:18:17]: avatar 2 ( 10, 22) -> ( 11, 22)
[2015-03-12 21:18:17]: avatar 3 ( 10, 23) -> ( 11, 23)
[2015-03-12 21:18:17]: avatar 1 ( 11, 22) -> ( 12, 22)
[2015-03-12 21:18:17]: avatar 2 ( 11, 22) -> ( 12, 22)
[2015-03-12 21:18:17]: avatar 3 ( 11, 23) -> ( 11, 24)
[2015-03-12 21:18:17]: avatar 1 ( 12, 22) -> ( 12, 21)
[2015-03-12 21:18:17]: avatar 2 ( 12, 22) -> ( 12, 21)
[2015-03-12 21:18:17]: avatar 3 ( 11, 24) -> ( 12, 24)
[2015-03-12 21:18:17]: avatar 1 ( 12, 21) -> ( 11, 21)
[2015-03-12 21:18:17]: avatar 2 ( 12, 21) -> ( 11, 21)
[2015-03-12 21:18:17]: avatar 3 ( 12, 24) -> ( 12, 23)
[2015-03-12 21:18:17]: avatar 1 ( 11, 21) -> ( 11, 20)
[2015-03-12 21:18:17]: avatar 2 ( 11, 21) -> ( 11, 20)
[2015-03-12 21:18:17]: avatar 3 ( 12, 23) -> ( 13, 23)
[2015-03-12 21:18:17]: avatar 1 ( 11, 20) -> ( 11, 19)
[2015-03-12 21:18:17]: avatar 2 ( 11, 20) -> ( 11, 19)
[2015-03-12 21:18:17]: avatar 3 ( 13, 23) -> ( 13, 24)
[2015-03-12 21:18:18]: avatar 1 ( 11, 19) -> ( 10, 19)
[2015-03-12 21:18:18]: avatar 2 ( 11, 19) -> ( 10, 19)
[2015-03-12 21:18:18]: avatar 3 ( 13, 24) -> ( 14, 24)
[2015-03-12 21:18:18]: avatar 1 ( 10, 19) -> ( 10, 18)
[2015-03-12 21:18:18]: avatar 2 ( 10, 19) -> ( 10, 18)
[2015-03-12 21:18:18]: avatar 3 ( 14, 24) -> ( 15, 24)
[2015-03-12 21:18:18]: avatar 1 ( 10, 18) -> (  9, 18)
[2015-03-12 21:18:18]: avatar 2 ( 10, 18) -> (  9, 18)
[2015-03-12 21:18:18]: avatar 3 ( 15, 24) -> ( 15, 23)
[2015-03-12 21:18:18]: avatar 1 (  9, 18) -> (  9, 17)
[2015-03-12 21:18:18]: avatar 2 (  9, 18) -> (  9, 17)
[2015-03-12 21:18:18]: avatar 3 ( 15, 23) -> ( 16, 23)
[2015-03-12 21:18:18]: avatar 1 (  9, 17) -> (  9, 16)
[2015-03-12 21:18:18]: avatar 2 (  9, 17) -> (  9, 16)
[2015-03-12 21:18:18]: avatar 3 ( 16, 23) -> ( 16, 24)
[2015-03-12 21:18:18]: avatar 1 (  9, 16) -> ( 10, 16)
[2015-03-12 21:18:18]: avatar 2 (  9, 16) -> ( 10, 16)
[2015-03-12 21:18:18]: avatar 3 ( 16, 24) -> ( 17, 24)
[2015-03-12 21:18:18]: avatar 1 ( 10, 16) -> ( 10, 15)
[2015-03-12 21:18:18]: avatar 2 ( 10, 16) -> ( 10, 15)
[2015-03-12 21:18:18]: avatar 3 ( 17, 24) -> ( 18, 24)
[2015-03-12 21:18:18]: avatar 1 ( 10, 15) -> (  9, 15)
[2015-03-12 21:18:18]: avatar 2 ( 10, 15) -> (  9, 15)
[2015-03-12 21:18:18]: avatar 3 ( 18, 24) -> ( 19, 24)
[2015-03-12 21:18:18]: avatar 1 (  9, 15) -> (  9, 14)
[2015-03-12 21:18:18]: avatar 2 (  9, 15) -> (  9, 14)
[2015-03-12 21:18:18]: avatar 3 ( 19, 24) -> ( 19, 23)
[2015-03-12 21:18:19]: avatar 1 (  9, 14) -> ( 10, 14)
[2015-03-12 21:18:19]: avatar 2 (  9, 14) -> ( 10, 14)
[2015-03-12 21:18:19]: avatar 3 ( 19, 23) -> ( 18, 23)
[2015-03-12 21:18:19]: avatar 1 ( 10, 14) -> ( 10, 13)
[2015-03-12 21:18:19]: avatar 2 ( 10, 14) -> ( 10, 13)
[2015-03-12 21:18:19]: avatar 3 ( 18, 23) -> ( 17, 23)
[2015-03-12 21:18:19]: avatar 1 ( 10, 13) -> ( 11, 13)
[2015-03-12 21:18:19]: avatar 2 ( 10, 13) -> ( 11, 13)
[2015-03-12 21:18:19]: avatar 3 ( 17, 23) -> ( 17, 22)
[2015-03-12 21:18:19]: avatar 1 ( 11, 13) -> ( 12, 13)
[2015-03-12 21:18:19]: avatar 2 ( 11, 13) -> ( 12, 13)
[2015-03-12 21:18:19]: avatar 3 ( 17, 22) -> ( 17, 21)
[2015-03-12 21:18:19]: avatar 1 ( 12, 13) -> ( 13, 13)
[2015-03-12 21:18:19]: avatar 2 ( 12, 13) -> ( 13, 13)
[2015-03-12 21:18:19]: avatar 3 ( 17, 21) -> ( 17, 20)
[2015-03-12 21:18:19]: avatar 1 ( 13, 13) -> ( 13, 14)
[2015-03-12 21:18:19]: avatar 2 ( 13, 13) -> ( 13, 14)
[2015-03-12 21:18:19]: avatar 3 ( 17, 20) -> ( 16, 20)
[2015-03-12 21:18:19]: avatar 1 ( 13, 14) -> ( 13, 15)
[2015-03-12 21:18:19]: avatar 2 ( 13, 14) -> ( 13, 15)
[2015-03-12 21:18:19]: avatar 3 ( 16, 20) -> ( 16, 21)
[2015-03-12 21:18:19]: avatar 1 ( 13, 15) -> ( 14, 15)
[2015-03-12 21:18:19]: avatar 2 ( 13, 15) -> ( 14, 15)
[2015-03-12 21:18:19]: avatar 3 ( 16, 21) -> ( 15, 21)
[2015-03-12 21:18:19]: avatar 1 ( 14, 15) -> ( 14, 16)
[2015-03-12 21:18:19]: avatar 2 ( 14, 15) -> ( 14, 16)
[2015-03-12 21:18:19]: avatar 3 ( 15, 21) -> ( 15, 22)
[2015-03-12 21:18:20]: avatar 1 ( 14, 16) -> ( 15, 16)
[2015-03-12 21:18:20]: avatar 2 ( 14, 16) -> ( 15, 16)
[2015-03-12 21:18:20]: avatar 3 ( 15, 22) -> ( 14, 22)
[2015-03-12 21:18:20]: avatar 1 ( 15, 16) -> ( 15, 17)
[2015-03-12 21:18:20]: avatar 2 ( 15, 16) -> ( 15, 17)
[2015-03-12 21:18:20]: avatar 3 ( 14, 22) -> ( 13, 22)
[2015-03-12 21:18:20]: avatar 1 ( 15, 17) -> ( 15, 18)
[2015-03-12 21:18:20]: avatar 2 ( 15, 17) -> ( 15, 18)
[2015-03-12 21:18:20]: avatar 3 ( 13, 22) -> ( 13, 21)
[2015-03-12 21:18:20]: avatar 1 ( 15, 18) -> ( 15, 19)
[2015-03-12 21:18:20]: avatar 2 ( 15, 18) -> ( 15, 19)
[2015-03-12 21:18:20]: avatar 3 ( 13, 21) -> ( 14, 21)
[2015-03-12 21:18:20]: avatar 1 ( 15, 19) -> ( 15, 20)
[2015-03-12 21:18:20]: avatar 2 ( 15, 19) -> ( 15, 20)
[2015-03-12 21:18:20]: avatar 3 ( 14, 21) -> ( 14, 20)
[2015-03-12 21:18:20]: Moves to Solve: 1394
[2015-03-12 21:18:20]: Hash: 532635584
