[2015-03-12 21:11:39]: USER=matthew, algorithm=2, port=50772, time=Thu Mar 12 21:11:39 2015
[2015-03-12 21:11:39]: Maze size = 5x5
[2015-03-12 21:11:40]: avatar 1 ( 101, 101) -> (  0,  2)
[2015-03-12 21:11:40]: avatar 2 ( 101, 101) -> (  3,  2)
[2015-03-12 21:11:40]: avatar 3 ( 101, 101) -> (  0,  4)
[2015-03-12 21:11:40]: avatar 4 ( 101, 101) -> (  2,  2)
[2015-03-12 21:11:40]: avatar 5 ( 101, 101) -> (  3,  4)
[2015-03-12 21:11:40]: avatar 6 ( 101, 101) -> (  2,  3)
[2015-03-12 21:11:40]: avatar 7 ( 101, 101) -> (  1,  1)
[2015-03-12 21:11:40]: avatar 8 ( 101, 101) -> (  2,  4)
[2015-03-12 21:11:40]: avatar 9 ( 101, 101) -> (  3,  1)
[2015-03-12 21:11:40]: avatar 1 (  0,  2) -> (  1,  2)
[2015-03-12 21:11:40]: avatar 2 (  3,  2) -> (  4,  2)
[2015-03-12 21:11:40]: avatar 3 (  0,  4) -> (  0,  4)
[2015-03-12 21:11:40]: avatar 4 (  2,  2) -> (  2,  2)
[2015-03-12 21:11:40]: avatar 5 (  3,  4) -> (  4,  4)
[2015-03-12 21:11:40]: avatar 6 (  2,  3) -> (  3,  3)
[2015-03-12 21:11:40]: avatar 7 (  1,  1) -> (  1,  1)
[2015-03-12 21:11:40]: avatar 8 (  2,  4) -> (  3,  4)
[2015-03-12 21:11:40]: avatar 9 (  3,  1) -> (  3,  1)
[2015-03-12 21:11:40]: avatar 1 (  1,  2) -> (  1,  2)
[2015-03-12 21:11:40]: avatar 2 (  4,  2) -> (  4,  3)
[2015-03-12 21:11:40]: avatar 3 (  0,  4) -> (  0,  3)
[2015-03-12 21:11:40]: avatar 4 (  2,  2) -> (  2,  1)
[2015-03-12 21:11:40]: avatar 5 (  4,  4) -> (  4,  4)
[2015-03-12 21:11:40]: avatar 6 (  3,  3) -> (  4,  3)
[2015-03-12 21:11:40]: avatar 7 (  1,  1) -> (  1,  0)
[2015-03-12 21:11:40]: avatar 8 (  3,  4) -> (  3,  4)
[2015-03-12 21:11:40]: avatar 9 (  3,  1) -> (  3,  1)
[2015-03-12 21:11:40]: avatar 1 (  1,  2) -> (  2,  2)
[2015-03-12 21:11:40]: avatar 2 (  4,  3) -> (  3,  3)
[2015-03-12 21:11:40]: avatar 3 (  0,  3) -> (  1,  3)
[2015-03-12 21:11:40]: avatar 4 (  2,  1) -> (  2,  0)
[2015-03-12 21:11:40]: avatar 5 (  4,  4) -> (  4,  4)
[2015-03-12 21:11:40]: avatar 6 (  4,  3) -> (  4,  2)
[2015-03-12 21:11:40]: avatar 7 (  1,  0) -> (  2,  0)
[2015-03-12 21:11:40]: avatar 8 (  3,  4) -> (  2,  4)
[2015-03-12 21:11:40]: avatar 9 (  3,  1) -> (  3,  1)
[2015-03-12 21:11:40]: avatar 1 (  2,  2) -> (  2,  2)
[2015-03-12 21:11:40]: avatar 2 (  3,  3) -> (  3,  3)
[2015-03-12 21:11:40]: avatar 3 (  1,  3) -> (  1,  4)
[2015-03-12 21:11:40]: avatar 4 (  2,  0) -> (  3,  0)
[2015-03-12 21:11:40]: avatar 5 (  4,  4) -> (  3,  4)
[2015-03-12 21:11:40]: avatar 6 (  4,  2) -> (  4,  2)
[2015-03-12 21:11:40]: avatar 7 (  2,  0) -> (  2,  1)
[2015-03-12 21:11:40]: avatar 8 (  2,  4) -> (  2,  3)
[2015-03-12 21:11:40]: avatar 9 (  3,  1) -> (  3,  2)
[2015-03-12 21:11:40]: avatar 1 (  2,  2) -> (  1,  2)
[2015-03-12 21:11:40]: avatar 2 (  3,  3) -> (  4,  3)
[2015-03-12 21:11:40]: avatar 3 (  1,  4) -> (  2,  4)
[2015-03-12 21:11:40]: avatar 4 (  3,  0) -> (  4,  0)
[2015-03-12 21:11:40]: avatar 5 (  3,  4) -> (  2,  4)
[2015-03-12 21:11:40]: avatar 6 (  4,  2) -> (  4,  3)
[2015-03-12 21:11:40]: avatar 7 (  2,  1) -> (  2,  2)
[2015-03-12 21:11:40]: avatar 8 (  2,  3) -> (  2,  3)
[2015-03-12 21:11:40]: avatar 9 (  3,  2) -> (  4,  2)
[2015-03-12 21:11:40]: avatar 1 (  1,  2) -> (  1,  2)
[2015-03-12 21:11:40]: avatar 2 (  4,  3) -> (  3,  3)
[2015-03-12 21:11:40]: avatar 3 (  2,  4) -> (  1,  4)
[2015-03-12 21:11:40]: avatar 4 (  4,  0) -> (  4,  1)
[2015-03-12 21:11:40]: avatar 5 (  2,  4) -> (  1,  4)
[2015-03-12 21:11:40]: avatar 6 (  4,  3) -> (  3,  3)
[2015-03-12 21:11:40]: avatar 7 (  2,  2) -> (  1,  2)
[2015-03-12 21:11:40]: avatar 8 (  2,  3) -> (  2,  4)
[2015-03-12 21:11:40]: avatar 9 (  4,  2) -> (  4,  3)
[2015-03-12 21:11:40]: avatar 1 (  1,  2) -> (  0,  2)
[2015-03-12 21:11:40]: avatar 2 (  3,  3) -> (  2,  3)
[2015-03-12 21:11:40]: avatar 3 (  1,  4) -> (  1,  3)
[2015-03-12 21:11:40]: avatar 4 (  4,  1) -> (  4,  0)
[2015-03-12 21:11:40]: avatar 5 (  1,  4) -> (  1,  3)
[2015-03-12 21:11:40]: avatar 6 (  3,  3) -> (  2,  3)
[2015-03-12 21:11:40]: avatar 7 (  1,  2) -> (  0,  2)
[2015-03-12 21:11:40]: avatar 8 (  2,  4) -> (  1,  4)
[2015-03-12 21:11:40]: avatar 9 (  4,  3) -> (  3,  3)
[2015-03-12 21:11:40]: avatar 1 (  0,  2) -> (  0,  2)
[2015-03-12 21:11:40]: avatar 2 (  2,  3) -> (  2,  4)
[2015-03-12 21:11:40]: avatar 3 (  1,  3) -> (  0,  3)
[2015-03-12 21:11:40]: avatar 4 (  4,  0) -> (  3,  0)
[2015-03-12 21:11:40]: avatar 5 (  1,  3) -> (  0,  3)
[2015-03-12 21:11:40]: avatar 6 (  2,  3) -> (  2,  4)
[2015-03-12 21:11:40]: avatar 7 (  0,  2) -> (  0,  3)
[2015-03-12 21:11:40]: avatar 8 (  1,  4) -> (  1,  3)
[2015-03-12 21:11:40]: avatar 9 (  3,  3) -> (  2,  3)
[2015-03-12 21:11:40]: avatar 1 (  0,  2) -> (  1,  2)
[2015-03-12 21:11:40]: avatar 2 (  2,  4) -> (  1,  4)
[2015-03-12 21:11:40]: avatar 3 (  0,  3) -> (  0,  2)
[2015-03-12 21:11:40]: avatar 4 (  3,  0) -> (  2,  0)
[2015-03-12 21:11:40]: avatar 5 (  0,  3) -> (  0,  2)
[2015-03-12 21:11:40]: avatar 6 (  2,  4) -> (  1,  4)
[2015-03-12 21:11:40]: avatar 7 (  0,  3) -> (  0,  2)
[2015-03-12 21:11:40]: avatar 8 (  1,  3) -> (  0,  3)
[2015-03-12 21:11:40]: avatar 9 (  2,  3) -> (  2,  4)
[2015-03-12 21:11:40]: avatar 1 (  1,  2) -> (  2,  2)
[2015-03-12 21:11:40]: avatar 2 (  1,  4) -> (  1,  3)
[2015-03-12 21:11:40]: avatar 3 (  0,  2) -> (  1,  2)
[2015-03-12 21:11:40]: avatar 4 (  2,  0) -> (  1,  0)
[2015-03-12 21:11:40]: avatar 5 (  0,  2) -> (  1,  2)
[2015-03-12 21:11:40]: avatar 6 (  1,  4) -> (  1,  3)
[2015-03-12 21:11:40]: avatar 7 (  0,  2) -> (  1,  2)
[2015-03-12 21:11:40]: avatar 8 (  0,  3) -> (  0,  2)
[2015-03-12 21:11:40]: avatar 9 (  2,  4) -> (  1,  4)
[2015-03-12 21:11:40]: avatar 1 (  2,  2) -> (  2,  1)
[2015-03-12 21:11:40]: avatar 2 (  1,  3) -> (  0,  3)
[2015-03-12 21:11:40]: avatar 3 (  1,  2) -> (  2,  2)
[2015-03-12 21:11:40]: avatar 4 (  1,  0) -> (  1,  1)
[2015-03-12 21:11:40]: avatar 5 (  1,  2) -> (  2,  2)
[2015-03-12 21:11:40]: avatar 6 (  1,  3) -> (  0,  3)
[2015-03-12 21:11:40]: avatar 7 (  1,  2) -> (  2,  2)
[2015-03-12 21:11:40]: avatar 8 (  0,  2) -> (  1,  2)
[2015-03-12 21:11:40]: avatar 9 (  1,  4) -> (  1,  3)
[2015-03-12 21:11:40]: avatar 1 (  2,  1) -> (  2,  0)
[2015-03-12 21:11:40]: avatar 2 (  0,  3) -> (  0,  2)
[2015-03-12 21:11:40]: avatar 3 (  2,  2) -> (  2,  1)
[2015-03-12 21:11:40]: avatar 4 (  1,  1) -> (  1,  0)
[2015-03-12 21:11:40]: avatar 5 (  2,  2) -> (  2,  1)
[2015-03-12 21:11:40]: avatar 6 (  0,  3) -> (  0,  2)
[2015-03-12 21:11:40]: avatar 7 (  2,  2) -> (  2,  1)
[2015-03-12 21:11:40]: avatar 8 (  1,  2) -> (  2,  2)
[2015-03-12 21:11:40]: avatar 9 (  1,  3) -> (  0,  3)
[2015-03-12 21:11:41]: avatar 1 (  2,  0) -> (  2,  0)
[2015-03-12 21:11:41]: avatar 2 (  0,  2) -> (  1,  2)
[2015-03-12 21:11:41]: avatar 3 (  2,  1) -> (  2,  0)
[2015-03-12 21:11:41]: avatar 4 (  1,  0) -> (  2,  0)
[2015-03-12 21:11:41]: avatar 5 (  2,  1) -> (  2,  0)
[2015-03-12 21:11:41]: avatar 6 (  0,  2) -> (  1,  2)
[2015-03-12 21:11:41]: avatar 7 (  2,  1) -> (  2,  0)
[2015-03-12 21:11:41]: avatar 8 (  2,  2) -> (  2,  1)
[2015-03-12 21:11:41]: avatar 9 (  0,  3) -> (  0,  2)
[2015-03-12 21:11:41]: avatar 1 (  2,  0) -> (  2,  0)
[2015-03-12 21:11:41]: avatar 2 (  1,  2) -> (  2,  2)
[2015-03-12 21:11:41]: avatar 3 (  2,  0) -> (  2,  0)
[2015-03-12 21:11:41]: avatar 4 (  2,  0) -> (  2,  0)
[2015-03-12 21:11:41]: avatar 5 (  2,  0) -> (  2,  0)
[2015-03-12 21:11:41]: avatar 6 (  1,  2) -> (  2,  2)
[2015-03-12 21:11:41]: avatar 7 (  2,  0) -> (  2,  0)
[2015-03-12 21:11:41]: avatar 8 (  2,  1) -> (  2,  0)
[2015-03-12 21:11:41]: avatar 9 (  0,  2) -> (  1,  2)
[2015-03-12 21:11:41]: avatar 1 (  2,  0) -> (  2,  1)
[2015-03-12 21:11:41]: avatar 2 (  2,  2) -> (  2,  1)
[2015-03-12 21:11:41]: avatar 3 (  2,  0) -> (  2,  1)
[2015-03-12 21:11:41]: avatar 4 (  2,  0) -> (  2,  1)
[2015-03-12 21:11:41]: avatar 5 (  2,  0) -> (  2,  1)
[2015-03-12 21:11:41]: avatar 6 (  2,  2) -> (  2,  1)
[2015-03-12 21:11:41]: avatar 7 (  2,  0) -> (  2,  1)
[2015-03-12 21:11:41]: avatar 8 (  2,  0) -> (  2,  1)
[2015-03-12 21:11:41]: avatar 9 (  1,  2) -> (  2,  2)
[2015-03-12 21:11:41]: Moves to Solve: 143
[2015-03-12 21:11:41]: Hash: 1907375365
