[2015-03-12 21:11:21]: USER=matthew, algorithm=2, port=46889, time=Thu Mar 12 21:11:21 2015
[2015-03-12 21:11:21]: Maze size = 5x5
[2015-03-12 21:11:22]: avatar 1 ( 101, 101) -> (  0,  2)
[2015-03-12 21:11:22]: avatar 2 ( 101, 101) -> (  3,  2)
[2015-03-12 21:11:22]: avatar 3 ( 101, 101) -> (  0,  4)
[2015-03-12 21:11:22]: avatar 1 (  0,  2) -> (  1,  2)
[2015-03-12 21:11:22]: avatar 2 (  3,  2) -> (  4,  2)
[2015-03-12 21:11:22]: avatar 3 (  0,  4) -> (  0,  4)
[2015-03-12 21:11:22]: avatar 1 (  1,  2) -> (  1,  2)
[2015-03-12 21:11:22]: avatar 2 (  4,  2) -> (  4,  3)
[2015-03-12 21:11:22]: avatar 3 (  0,  4) -> (  0,  3)
[2015-03-12 21:11:22]: avatar 1 (  1,  2) -> (  2,  2)
[2015-03-12 21:11:22]: avatar 2 (  4,  3) -> (  3,  3)
[2015-03-12 21:11:22]: avatar 3 (  0,  3) -> (  1,  3)
[2015-03-12 21:11:22]: avatar 1 (  2,  2) -> (  2,  2)
[2015-03-12 21:11:22]: avatar 2 (  3,  3) -> (  3,  3)
[2015-03-12 21:11:22]: avatar 3 (  1,  3) -> (  1,  4)
[2015-03-12 21:11:22]: avatar 1 (  2,  2) -> (  2,  2)
[2015-03-12 21:11:22]: avatar 2 (  3,  3) -> (  2,  3)
[2015-03-12 21:11:22]: avatar 3 (  1,  4) -> (  2,  4)
[2015-03-12 21:11:23]: avatar 1 (  2,  2) -> (  2,  1)
[2015-03-12 21:11:23]: avatar 2 (  2,  3) -> (  2,  3)
[2015-03-12 21:11:23]: avatar 3 (  2,  4) -> (  3,  4)
[2015-03-12 21:11:23]: avatar 1 (  2,  1) -> (  2,  1)
[2015-03-12 21:11:23]: avatar 2 (  2,  3) -> (  2,  4)
[2015-03-12 21:11:23]: avatar 3 (  3,  4) -> (  4,  4)
[2015-03-12 21:11:23]: avatar 1 (  2,  1) -> (  2,  0)
[2015-03-12 21:11:23]: avatar 2 (  2,  4) -> (  1,  4)
[2015-03-12 21:11:23]: avatar 3 (  4,  4) -> (  4,  4)
[2015-03-12 21:11:23]: avatar 1 (  2,  0) -> (  3,  0)
[2015-03-12 21:11:23]: avatar 2 (  1,  4) -> (  1,  3)
[2015-03-12 21:11:23]: avatar 3 (  4,  4) -> (  3,  4)
[2015-03-12 21:11:23]: avatar 1 (  3,  0) -> (  3,  0)
[2015-03-12 21:11:23]: avatar 2 (  1,  3) -> (  0,  3)
[2015-03-12 21:11:23]: avatar 3 (  3,  4) -> (  3,  4)
[2015-03-12 21:11:23]: avatar 1 (  3,  0) -> (  4,  0)
[2015-03-12 21:11:23]: avatar 2 (  0,  3) -> (  0,  2)
[2015-03-12 21:11:23]: avatar 3 (  3,  4) -> (  2,  4)
[2015-03-12 21:11:23]: avatar 1 (  4,  0) -> (  3,  0)
[2015-03-12 21:11:23]: avatar 2 (  0,  2) -> (  1,  2)
[2015-03-12 21:11:23]: avatar 3 (  2,  4) -> (  2,  3)
[2015-03-12 21:11:23]: avatar 1 (  3,  0) -> (  2,  0)
[2015-03-12 21:11:23]: avatar 2 (  1,  2) -> (  2,  2)
[2015-03-12 21:11:23]: avatar 3 (  2,  3) -> (  3,  3)
[2015-03-12 21:11:23]: avatar 1 (  2,  0) -> (  2,  1)
[2015-03-12 21:11:23]: avatar 2 (  2,  2) -> (  2,  1)
[2015-03-12 21:11:23]: avatar 3 (  3,  3) -> (  4,  3)
[2015-03-12 21:11:23]: avatar 1 (  2,  1) -> (  2,  2)
[2015-03-12 21:11:23]: avatar 2 (  2,  1) -> (  2,  2)
[2015-03-12 21:11:23]: avatar 3 (  4,  3) -> (  4,  2)
[2015-03-12 21:11:23]: avatar 1 (  2,  2) -> (  1,  2)
[2015-03-12 21:11:23]: avatar 2 (  2,  2) -> (  1,  2)
[2015-03-12 21:11:23]: avatar 3 (  4,  2) -> (  3,  2)
[2015-03-12 21:11:23]: avatar 1 (  1,  2) -> (  0,  2)
[2015-03-12 21:11:23]: avatar 2 (  1,  2) -> (  0,  2)
[2015-03-12 21:11:23]: avatar 3 (  3,  2) -> (  4,  2)
[2015-03-12 21:11:23]: avatar 1 (  0,  2) -> (  0,  3)
[2015-03-12 21:11:23]: avatar 2 (  0,  2) -> (  0,  3)
[2015-03-12 21:11:23]: avatar 3 (  4,  2) -> (  4,  3)
[2015-03-12 21:11:23]: avatar 1 (  0,  3) -> (  1,  3)
[2015-03-12 21:11:23]: avatar 2 (  0,  3) -> (  1,  3)
[2015-03-12 21:11:23]: avatar 3 (  4,  3) -> (  3,  3)
[2015-03-12 21:11:23]: avatar 1 (  1,  3) -> (  1,  4)
[2015-03-12 21:11:23]: avatar 2 (  1,  3) -> (  1,  4)
[2015-03-12 21:11:23]: avatar 3 (  3,  3) -> (  2,  3)
[2015-03-12 21:11:23]: Moves to Solve: 62
[2015-03-12 21:11:23]: Hash: 2766708545
