[2015-03-12 20:56:39]: USER=matthew, algorithm=2, port=40515, time=Thu Mar 12 20:56:39 2015
[2015-03-12 20:56:39]: Maze size = 5x5
[2015-03-12 20:56:40]: Moves to Solve: 104
[2015-03-12 20:56:40]: Hash: 896429884
[2015-03-12 21:11:12]: USER=matthew, algorithm=2, port=53662, time=Thu Mar 12 21:11:12 2015
[2015-03-12 21:11:12]: Maze size = 5x5
[2015-03-12 21:11:13]: avatar 1 ( 101, 101) -> (  0,  2)
[2015-03-12 21:11:13]: avatar 2 ( 101, 101) -> (  3,  2)
[2015-03-12 21:11:13]: avatar 3 ( 101, 101) -> (  0,  4)
[2015-03-12 21:11:13]: avatar 4 ( 101, 101) -> (  2,  2)
[2015-03-12 21:11:13]: avatar 5 ( 101, 101) -> (  3,  4)
[2015-03-12 21:11:13]: avatar 1 (  0,  2) -> (  1,  2)
[2015-03-12 21:11:13]: avatar 2 (  3,  2) -> (  4,  2)
[2015-03-12 21:11:13]: avatar 3 (  0,  4) -> (  0,  4)
[2015-03-12 21:11:13]: avatar 4 (  2,  2) -> (  2,  2)
[2015-03-12 21:11:13]: avatar 5 (  3,  4) -> (  4,  4)
[2015-03-12 21:11:13]: avatar 1 (  1,  2) -> (  1,  2)
[2015-03-12 21:11:13]: avatar 2 (  4,  2) -> (  4,  3)
[2015-03-12 21:11:13]: avatar 3 (  0,  4) -> (  0,  3)
[2015-03-12 21:11:13]: avatar 4 (  2,  2) -> (  2,  1)
[2015-03-12 21:11:13]: avatar 5 (  4,  4) -> (  4,  4)
[2015-03-12 21:11:13]: avatar 1 (  1,  2) -> (  2,  2)
[2015-03-12 21:11:13]: avatar 2 (  4,  3) -> (  3,  3)
[2015-03-12 21:11:13]: avatar 3 (  0,  3) -> (  1,  3)
[2015-03-12 21:11:13]: avatar 4 (  2,  1) -> (  2,  1)
[2015-03-12 21:11:13]: avatar 5 (  4,  4) -> (  3,  4)
[2015-03-12 21:11:13]: avatar 1 (  2,  2) -> (  2,  2)
[2015-03-12 21:11:13]: avatar 2 (  3,  3) -> (  3,  3)
[2015-03-12 21:11:13]: avatar 3 (  1,  3) -> (  1,  4)
[2015-03-12 21:11:13]: avatar 4 (  2,  1) -> (  2,  0)
[2015-03-12 21:11:13]: avatar 5 (  3,  4) -> (  3,  4)
[2015-03-12 21:11:13]: avatar 1 (  2,  2) -> (  2,  1)
[2015-03-12 21:11:13]: avatar 2 (  3,  3) -> (  2,  3)
[2015-03-12 21:11:13]: avatar 3 (  1,  4) -> (  2,  4)
[2015-03-12 21:11:13]: avatar 4 (  2,  0) -> (  3,  0)
[2015-03-12 21:11:13]: avatar 5 (  3,  4) -> (  2,  4)
[2015-03-12 21:11:13]: avatar 1 (  2,  1) -> (  2,  1)
[2015-03-12 21:11:13]: avatar 2 (  2,  3) -> (  2,  3)
[2015-03-12 21:11:13]: avatar 3 (  2,  4) -> (  2,  3)
[2015-03-12 21:11:13]: avatar 4 (  3,  0) -> (  3,  0)
[2015-03-12 21:11:13]: avatar 5 (  2,  4) -> (  2,  3)
[2015-03-12 21:11:13]: avatar 1 (  2,  1) -> (  2,  2)
[2015-03-12 21:11:13]: avatar 2 (  2,  3) -> (  2,  4)
[2015-03-12 21:11:13]: avatar 3 (  2,  3) -> (  3,  3)
[2015-03-12 21:11:13]: avatar 4 (  3,  0) -> (  4,  0)
[2015-03-12 21:11:13]: avatar 5 (  2,  3) -> (  3,  3)
[2015-03-12 21:11:13]: avatar 1 (  2,  2) -> (  1,  2)
[2015-03-12 21:11:13]: avatar 2 (  2,  4) -> (  1,  4)
[2015-03-12 21:11:13]: avatar 3 (  3,  3) -> (  4,  3)
[2015-03-12 21:11:13]: avatar 4 (  4,  0) -> (  4,  1)
[2015-03-12 21:11:13]: avatar 5 (  3,  3) -> (  4,  3)
[2015-03-12 21:11:13]: avatar 1 (  1,  2) -> (  1,  2)
[2015-03-12 21:11:13]: avatar 2 (  1,  4) -> (  1,  3)
[2015-03-12 21:11:13]: avatar 3 (  4,  3) -> (  4,  2)
[2015-03-12 21:11:13]: avatar 4 (  4,  1) -> (  4,  1)
[2015-03-12 21:11:13]: avatar 5 (  4,  3) -> (  4,  2)
[2015-03-12 21:11:13]: avatar 1 (  1,  2) -> (  0,  2)
[2015-03-12 21:11:13]: avatar 2 (  1,  3) -> (  0,  3)
[2015-03-12 21:11:13]: avatar 3 (  4,  2) -> (  4,  2)
[2015-03-12 21:11:13]: avatar 4 (  4,  1) -> (  4,  1)
[2015-03-12 21:11:13]: avatar 5 (  4,  2) -> (  4,  2)
[2015-03-12 21:11:13]: avatar 1 (  0,  2) -> (  0,  2)
[2015-03-12 21:11:13]: avatar 2 (  0,  3) -> (  0,  2)
[2015-03-12 21:11:13]: avatar 3 (  4,  2) -> (  3,  2)
[2015-03-12 21:11:13]: avatar 4 (  4,  1) -> (  4,  0)
[2015-03-12 21:11:13]: avatar 5 (  4,  2) -> (  3,  2)
[2015-03-12 21:11:13]: avatar 1 (  0,  2) -> (  0,  3)
[2015-03-12 21:11:13]: avatar 2 (  0,  2) -> (  1,  2)
[2015-03-12 21:11:13]: avatar 3 (  3,  2) -> (  4,  2)
[2015-03-12 21:11:13]: avatar 4 (  4,  0) -> (  3,  0)
[2015-03-12 21:11:13]: avatar 5 (  3,  2) -> (  4,  2)
[2015-03-12 21:11:13]: avatar 1 (  0,  3) -> (  1,  3)
[2015-03-12 21:11:13]: avatar 2 (  1,  2) -> (  2,  2)
[2015-03-12 21:11:13]: avatar 3 (  4,  2) -> (  4,  3)
[2015-03-12 21:11:13]: avatar 4 (  3,  0) -> (  2,  0)
[2015-03-12 21:11:13]: avatar 5 (  4,  2) -> (  4,  3)
[2015-03-12 21:11:13]: avatar 1 (  1,  3) -> (  1,  4)
[2015-03-12 21:11:13]: avatar 2 (  2,  2) -> (  2,  1)
[2015-03-12 21:11:13]: avatar 3 (  4,  3) -> (  3,  3)
[2015-03-12 21:11:13]: avatar 4 (  2,  0) -> (  2,  1)
[2015-03-12 21:11:13]: avatar 5 (  4,  3) -> (  3,  3)
[2015-03-12 21:11:13]: avatar 1 (  1,  4) -> (  2,  4)
[2015-03-12 21:11:13]: avatar 2 (  2,  1) -> (  2,  2)
[2015-03-12 21:11:13]: avatar 3 (  3,  3) -> (  2,  3)
[2015-03-12 21:11:13]: avatar 4 (  2,  1) -> (  2,  2)
[2015-03-12 21:11:13]: avatar 5 (  3,  3) -> (  2,  3)
[2015-03-12 21:11:13]: avatar 1 (  2,  4) -> (  1,  4)
[2015-03-12 21:11:13]: avatar 2 (  2,  2) -> (  1,  2)
[2015-03-12 21:11:13]: avatar 3 (  2,  3) -> (  2,  4)
[2015-03-12 21:11:13]: avatar 4 (  2,  2) -> (  1,  2)
[2015-03-12 21:11:13]: avatar 5 (  2,  3) -> (  2,  4)
[2015-03-12 21:11:13]: avatar 1 (  1,  4) -> (  1,  3)
[2015-03-12 21:11:13]: avatar 2 (  1,  2) -> (  0,  2)
[2015-03-12 21:11:13]: avatar 3 (  2,  4) -> (  1,  4)
[2015-03-12 21:11:13]: avatar 4 (  1,  2) -> (  0,  2)
[2015-03-12 21:11:13]: avatar 5 (  2,  4) -> (  1,  4)
[2015-03-12 21:11:13]: avatar 1 (  1,  3) -> (  0,  3)
[2015-03-12 21:11:13]: avatar 2 (  0,  2) -> (  0,  3)
[2015-03-12 21:11:13]: avatar 3 (  1,  4) -> (  1,  3)
[2015-03-12 21:11:13]: avatar 4 (  0,  2) -> (  0,  3)
[2015-03-12 21:11:13]: avatar 5 (  1,  4) -> (  1,  3)
[2015-03-12 21:11:13]: avatar 1 (  0,  3) -> (  0,  3)
[2015-03-12 21:11:13]: avatar 2 (  0,  3) -> (  0,  3)
[2015-03-12 21:11:13]: avatar 3 (  1,  3) -> (  1,  3)
[2015-03-12 21:11:13]: avatar 4 (  0,  3) -> (  0,  3)
[2015-03-12 21:11:13]: avatar 5 (  1,  3) -> (  0,  3)
[2015-03-12 21:11:13]: avatar 1 (  0,  3) -> (  0,  3)
[2015-03-12 21:11:13]: avatar 2 (  0,  3) -> (  0,  3)
[2015-03-12 21:11:13]: avatar 3 (  1,  3) -> (  1,  3)
[2015-03-12 21:11:13]: avatar 4 (  0,  3) -> (  1,  3)
[2015-03-12 21:11:13]: avatar 5 (  0,  3) -> (  1,  3)
[2015-03-12 21:11:13]: Moves to Solve: 104
[2015-03-12 21:11:13]: Hash: 734640234
[2015-03-12 21:11:26]: USER=matthew, algorithm=2, port=37746, time=Thu Mar 12 21:11:26 2015
[2015-03-12 21:11:26]: Maze size = 5x5
[2015-03-12 21:11:27]: avatar 1 ( 101, 101) -> (  0,  2)
[2015-03-12 21:11:27]: avatar 2 ( 101, 101) -> (  3,  2)
[2015-03-12 21:11:27]: avatar 3 ( 101, 101) -> (  0,  4)
[2015-03-12 21:11:27]: avatar 4 ( 101, 101) -> (  2,  2)
[2015-03-12 21:11:27]: avatar 5 ( 101, 101) -> (  3,  4)
[2015-03-12 21:11:27]: avatar 1 (  0,  2) -> (  1,  2)
[2015-03-12 21:11:27]: avatar 2 (  3,  2) -> (  4,  2)
[2015-03-12 21:11:27]: avatar 3 (  0,  4) -> (  0,  4)
[2015-03-12 21:11:27]: avatar 4 (  2,  2) -> (  2,  2)
[2015-03-12 21:11:27]: avatar 5 (  3,  4) -> (  4,  4)
[2015-03-12 21:11:27]: avatar 1 (  1,  2) -> (  1,  2)
[2015-03-12 21:11:27]: avatar 2 (  4,  2) -> (  4,  3)
[2015-03-12 21:11:27]: avatar 3 (  0,  4) -> (  0,  3)
[2015-03-12 21:11:27]: avatar 4 (  2,  2) -> (  2,  1)
[2015-03-12 21:11:27]: avatar 5 (  4,  4) -> (  4,  4)
[2015-03-12 21:11:28]: avatar 1 (  1,  2) -> (  2,  2)
[2015-03-12 21:11:28]: avatar 2 (  4,  3) -> (  3,  3)
[2015-03-12 21:11:28]: avatar 3 (  0,  3) -> (  1,  3)
[2015-03-12 21:11:28]: avatar 4 (  2,  1) -> (  2,  1)
[2015-03-12 21:11:28]: avatar 5 (  4,  4) -> (  3,  4)
[2015-03-12 21:11:28]: avatar 1 (  2,  2) -> (  2,  2)
[2015-03-12 21:11:28]: avatar 2 (  3,  3) -> (  3,  3)
[2015-03-12 21:11:28]: avatar 3 (  1,  3) -> (  1,  4)
[2015-03-12 21:11:28]: avatar 4 (  2,  1) -> (  2,  0)
[2015-03-12 21:11:28]: avatar 5 (  3,  4) -> (  3,  4)
[2015-03-12 21:11:28]: avatar 1 (  2,  2) -> (  2,  1)
[2015-03-12 21:11:28]: avatar 2 (  3,  3) -> (  2,  3)
[2015-03-12 21:11:28]: avatar 3 (  1,  4) -> (  2,  4)
[2015-03-12 21:11:28]: avatar 4 (  2,  0) -> (  3,  0)
[2015-03-12 21:11:28]: avatar 5 (  3,  4) -> (  2,  4)
[2015-03-12 21:11:28]: avatar 1 (  2,  1) -> (  2,  1)
[2015-03-12 21:11:28]: avatar 2 (  2,  3) -> (  2,  3)
[2015-03-12 21:11:28]: avatar 3 (  2,  4) -> (  2,  3)
[2015-03-12 21:11:28]: avatar 4 (  3,  0) -> (  3,  0)
[2015-03-12 21:11:28]: avatar 5 (  2,  4) -> (  2,  3)
[2015-03-12 21:11:28]: avatar 1 (  2,  1) -> (  2,  2)
[2015-03-12 21:11:28]: avatar 2 (  2,  3) -> (  2,  4)
[2015-03-12 21:11:28]: avatar 3 (  2,  3) -> (  3,  3)
[2015-03-12 21:11:28]: avatar 4 (  3,  0) -> (  4,  0)
[2015-03-12 21:11:28]: avatar 5 (  2,  3) -> (  3,  3)
[2015-03-12 21:11:28]: avatar 1 (  2,  2) -> (  1,  2)
[2015-03-12 21:11:28]: avatar 2 (  2,  4) -> (  1,  4)
[2015-03-12 21:11:28]: avatar 3 (  3,  3) -> (  4,  3)
[2015-03-12 21:11:28]: avatar 4 (  4,  0) -> (  4,  1)
[2015-03-12 21:11:28]: avatar 5 (  3,  3) -> (  4,  3)
[2015-03-12 21:11:28]: avatar 1 (  1,  2) -> (  1,  2)
[2015-03-12 21:11:28]: avatar 2 (  1,  4) -> (  1,  3)
[2015-03-12 21:11:28]: avatar 3 (  4,  3) -> (  4,  2)
[2015-03-12 21:11:28]: avatar 4 (  4,  1) -> (  4,  1)
[2015-03-12 21:11:28]: avatar 5 (  4,  3) -> (  4,  2)
[2015-03-12 21:11:28]: avatar 1 (  1,  2) -> (  0,  2)
[2015-03-12 21:11:28]: avatar 2 (  1,  3) -> (  0,  3)
[2015-03-12 21:11:28]: avatar 3 (  4,  2) -> (  4,  2)
[2015-03-12 21:11:28]: avatar 4 (  4,  1) -> (  4,  1)
[2015-03-12 21:11:28]: avatar 5 (  4,  2) -> (  4,  2)
[2015-03-12 21:11:28]: avatar 1 (  0,  2) -> (  0,  2)
[2015-03-12 21:11:28]: avatar 2 (  0,  3) -> (  0,  2)
[2015-03-12 21:11:28]: avatar 3 (  4,  2) -> (  3,  2)
[2015-03-12 21:11:28]: avatar 4 (  4,  1) -> (  4,  0)
[2015-03-12 21:11:28]: avatar 5 (  4,  2) -> (  3,  2)
[2015-03-12 21:11:28]: avatar 1 (  0,  2) -> (  0,  3)
[2015-03-12 21:11:28]: avatar 2 (  0,  2) -> (  1,  2)
[2015-03-12 21:11:28]: avatar 3 (  3,  2) -> (  4,  2)
[2015-03-12 21:11:28]: avatar 4 (  4,  0) -> (  3,  0)
[2015-03-12 21:11:28]: avatar 5 (  3,  2) -> (  4,  2)
[2015-03-12 21:11:28]: avatar 1 (  0,  3) -> (  1,  3)
[2015-03-12 21:11:28]: avatar 2 (  1,  2) -> (  2,  2)
[2015-03-12 21:11:28]: avatar 3 (  4,  2) -> (  4,  3)
[2015-03-12 21:11:28]: avatar 4 (  3,  0) -> (  2,  0)
[2015-03-12 21:11:28]: avatar 5 (  4,  2) -> (  4,  3)
[2015-03-12 21:11:28]: avatar 1 (  1,  3) -> (  1,  4)
[2015-03-12 21:11:28]: avatar 2 (  2,  2) -> (  2,  1)
[2015-03-12 21:11:28]: avatar 3 (  4,  3) -> (  3,  3)
[2015-03-12 21:11:28]: avatar 4 (  2,  0) -> (  2,  1)
[2015-03-12 21:11:28]: avatar 5 (  4,  3) -> (  3,  3)
[2015-03-12 21:11:28]: avatar 1 (  1,  4) -> (  2,  4)
[2015-03-12 21:11:28]: avatar 2 (  2,  1) -> (  2,  2)
[2015-03-12 21:11:28]: avatar 3 (  3,  3) -> (  2,  3)
[2015-03-12 21:11:28]: avatar 4 (  2,  1) -> (  2,  2)
[2015-03-12 21:11:28]: avatar 5 (  3,  3) -> (  2,  3)
[2015-03-12 21:11:28]: avatar 1 (  2,  4) -> (  1,  4)
[2015-03-12 21:11:28]: avatar 2 (  2,  2) -> (  1,  2)
[2015-03-12 21:11:28]: avatar 3 (  2,  3) -> (  2,  4)
[2015-03-12 21:11:28]: avatar 4 (  2,  2) -> (  1,  2)
[2015-03-12 21:11:28]: avatar 5 (  2,  3) -> (  2,  4)
[2015-03-12 21:11:28]: avatar 1 (  1,  4) -> (  1,  3)
[2015-03-12 21:11:28]: avatar 2 (  1,  2) -> (  0,  2)
[2015-03-12 21:11:28]: avatar 3 (  2,  4) -> (  1,  4)
[2015-03-12 21:11:28]: avatar 4 (  1,  2) -> (  0,  2)
[2015-03-12 21:11:28]: avatar 5 (  2,  4) -> (  1,  4)
[2015-03-12 21:11:28]: avatar 1 (  1,  3) -> (  0,  3)
[2015-03-12 21:11:28]: avatar 2 (  0,  2) -> (  0,  3)
[2015-03-12 21:11:28]: avatar 3 (  1,  4) -> (  1,  3)
[2015-03-12 21:11:28]: avatar 4 (  0,  2) -> (  0,  3)
[2015-03-12 21:11:28]: avatar 5 (  1,  4) -> (  1,  3)
[2015-03-12 21:11:28]: avatar 1 (  0,  3) -> (  0,  3)
[2015-03-12 21:11:28]: avatar 2 (  0,  3) -> (  0,  3)
[2015-03-12 21:11:28]: avatar 3 (  1,  3) -> (  1,  3)
[2015-03-12 21:11:28]: avatar 4 (  0,  3) -> (  0,  3)
[2015-03-12 21:11:28]: avatar 5 (  1,  3) -> (  0,  3)
[2015-03-12 21:11:28]: avatar 1 (  0,  3) -> (  0,  3)
[2015-03-12 21:11:28]: avatar 2 (  0,  3) -> (  0,  3)
[2015-03-12 21:11:28]: avatar 3 (  1,  3) -> (  1,  3)
[2015-03-12 21:11:28]: avatar 4 (  0,  3) -> (  1,  3)
[2015-03-12 21:11:28]: avatar 5 (  0,  3) -> (  1,  3)
[2015-03-12 21:11:28]: Moves to Solve: 104
[2015-03-12 21:11:28]: Hash: 2851813339
