[2015-03-12 21:15:29]: USER=matthew, algorithm=2, port=42242, time=Thu Mar 12 21:15:29 2015
[2015-03-12 21:15:29]: Maze size = 20x20
[2015-03-12 21:15:30]: avatar 1 ( 101, 101) -> (  8,  9)
[2015-03-12 21:15:30]: avatar 2 ( 101, 101) -> ( 12,  8)
[2015-03-12 21:15:30]: avatar 3 ( 101, 101) -> ( 18, 18)
[2015-03-12 21:15:30]: avatar 4 ( 101, 101) -> ( 16,  8)
[2015-03-12 21:15:30]: avatar 5 ( 101, 101) -> ( 13,  8)
[2015-03-12 21:15:30]: avatar 6 ( 101, 101) -> (  3, 13)
[2015-03-12 21:15:30]: avatar 7 ( 101, 101) -> ( 13,  8)
[2015-03-12 21:15:30]: avatar 8 ( 101, 101) -> ( 10, 14)
[2015-03-12 21:15:31]: avatar 1 (  8,  9) -> (  8,  9)
[2015-03-12 21:15:31]: avatar 2 ( 12,  8) -> ( 12,  8)
[2015-03-12 21:15:31]: avatar 3 ( 18, 18) -> ( 18, 18)
[2015-03-12 21:15:31]: avatar 4 ( 16,  8) -> ( 16,  8)
[2015-03-12 21:15:31]: avatar 5 ( 13,  8) -> ( 14,  8)
[2015-03-12 21:15:31]: avatar 6 (  3, 13) -> (  4, 13)
[2015-03-12 21:15:31]: avatar 7 ( 13,  8) -> ( 13,  8)
[2015-03-12 21:15:31]: avatar 8 ( 10, 14) -> ( 10, 14)
[2015-03-12 21:15:31]: avatar 1 (  8,  9) -> (  8,  9)
[2015-03-12 21:15:31]: avatar 2 ( 12,  8) -> ( 12,  8)
[2015-03-12 21:15:31]: avatar 3 ( 18, 18) -> ( 18, 17)
[2015-03-12 21:15:31]: avatar 4 ( 16,  8) -> ( 16,  8)
[2015-03-12 21:15:31]: avatar 5 ( 14,  8) -> ( 14,  8)
[2015-03-12 21:15:31]: avatar 6 (  4, 13) -> (  4, 13)
[2015-03-12 21:15:31]: avatar 7 ( 13,  8) -> ( 12,  8)
[2015-03-12 21:15:31]: avatar 8 ( 10, 14) -> ( 10, 14)
[2015-03-12 21:15:31]: avatar 1 (  8,  9) -> (  7,  9)
[2015-03-12 21:15:31]: avatar 2 ( 12,  8) -> ( 12,  9)
[2015-03-12 21:15:31]: avatar 3 ( 18, 17) -> ( 18, 17)
[2015-03-12 21:15:31]: avatar 4 ( 16,  8) -> ( 15,  8)
[2015-03-12 21:15:31]: avatar 5 ( 14,  8) -> ( 14,  8)
[2015-03-12 21:15:31]: avatar 6 (  4, 13) -> (  4, 13)
[2015-03-12 21:15:31]: avatar 7 ( 12,  8) -> ( 12,  9)
[2015-03-12 21:15:31]: avatar 8 ( 10, 14) -> (  9, 14)
[2015-03-12 21:15:31]: avatar 1 (  7,  9) -> (  7,  8)
[2015-03-12 21:15:31]: avatar 2 ( 12,  9) -> ( 12,  9)
[2015-03-12 21:15:31]: avatar 3 ( 18, 17) -> ( 18, 16)
[2015-03-12 21:15:31]: avatar 4 ( 15,  8) -> ( 15,  8)
[2015-03-12 21:15:31]: avatar 5 ( 14,  8) -> ( 14,  7)
[2015-03-12 21:15:31]: avatar 6 (  4, 13) -> (  4, 12)
[2015-03-12 21:15:31]: avatar 7 ( 12,  9) -> ( 12,  9)
[2015-03-12 21:15:31]: avatar 8 (  9, 14) -> (  9, 13)
[2015-03-12 21:15:31]: avatar 1 (  7,  8) -> (  8,  8)
[2015-03-12 21:15:31]: avatar 2 ( 12,  9) -> ( 13,  9)
[2015-03-12 21:15:31]: avatar 3 ( 18, 16) -> ( 18, 16)
[2015-03-12 21:15:31]: avatar 4 ( 15,  8) -> ( 15,  9)
[2015-03-12 21:15:31]: avatar 5 ( 14,  7) -> ( 14,  7)
[2015-03-12 21:15:31]: avatar 6 (  4, 12) -> (  4, 12)
[2015-03-12 21:15:31]: avatar 7 ( 12,  9) -> ( 13,  9)
[2015-03-12 21:15:31]: avatar 8 (  9, 13) -> (  9, 13)
[2015-03-12 21:15:31]: avatar 1 (  8,  8) -> (  8,  8)
[2015-03-12 21:15:31]: avatar 2 ( 13,  9) -> ( 13, 10)
[2015-03-12 21:15:31]: avatar 3 ( 18, 16) -> ( 18, 16)
[2015-03-12 21:15:31]: avatar 4 ( 15,  9) -> ( 14,  9)
[2015-03-12 21:15:31]: avatar 5 ( 14,  7) -> ( 14,  6)
[2015-03-12 21:15:31]: avatar 6 (  4, 12) -> (  4, 11)
[2015-03-12 21:15:31]: avatar 7 ( 13,  9) -> ( 13,  9)
[2015-03-12 21:15:31]: avatar 8 (  9, 13) -> (  9, 13)
[2015-03-12 21:15:31]: avatar 1 (  8,  8) -> (  8,  7)
[2015-03-12 21:15:31]: avatar 2 ( 13, 10) -> ( 12, 10)
[2015-03-12 21:15:31]: avatar 3 ( 18, 16) -> ( 17, 16)
[2015-03-12 21:15:31]: avatar 4 ( 14,  9) -> ( 14, 10)
[2015-03-12 21:15:31]: avatar 5 ( 14,  6) -> ( 14,  6)
[2015-03-12 21:15:31]: avatar 6 (  4, 11) -> (  4, 11)
[2015-03-12 21:15:31]: avatar 7 ( 13,  9) -> ( 13,  9)
[2015-03-12 21:15:31]: avatar 8 (  9, 13) -> (  8, 13)
[2015-03-12 21:15:31]: avatar 1 (  8,  7) -> (  8,  7)
[2015-03-12 21:15:31]: avatar 2 ( 12, 10) -> ( 12, 10)
[2015-03-12 21:15:31]: avatar 3 ( 17, 16) -> ( 17, 15)
[2015-03-12 21:15:31]: avatar 4 ( 14, 10) -> ( 14, 10)
[2015-03-12 21:15:31]: avatar 5 ( 14,  6) -> ( 14,  5)
[2015-03-12 21:15:31]: avatar 6 (  4, 11) -> (  4, 11)
[2015-03-12 21:15:31]: avatar 7 ( 13,  9) -> ( 12,  9)
[2015-03-12 21:15:31]: avatar 8 (  8, 13) -> (  8, 12)
[2015-03-12 21:15:31]: avatar 1 (  8,  7) -> (  8,  6)
[2015-03-12 21:15:31]: avatar 2 ( 12, 10) -> ( 12, 11)
[2015-03-12 21:15:31]: avatar 3 ( 17, 15) -> ( 18, 15)
[2015-03-12 21:15:31]: avatar 4 ( 14, 10) -> ( 14, 10)
[2015-03-12 21:15:31]: avatar 5 ( 14,  5) -> ( 14,  5)
[2015-03-12 21:15:31]: avatar 6 (  4, 11) -> (  3, 11)
[2015-03-12 21:15:31]: avatar 7 ( 12,  9) -> ( 12,  8)
[2015-03-12 21:15:31]: avatar 8 (  8, 12) -> (  8, 12)
[2015-03-12 21:15:31]: avatar 1 (  8,  6) -> (  8,  6)
[2015-03-12 21:15:31]: avatar 2 ( 12, 11) -> ( 11, 11)
[2015-03-12 21:15:31]: avatar 3 ( 18, 15) -> ( 18, 15)
[2015-03-12 21:15:31]: avatar 4 ( 14, 10) -> ( 15, 10)
[2015-03-12 21:15:31]: avatar 5 ( 14,  5) -> ( 14,  4)
[2015-03-12 21:15:31]: avatar 6 (  3, 11) -> (  3, 11)
[2015-03-12 21:15:31]: avatar 7 ( 12,  8) -> ( 13,  8)
[2015-03-12 21:15:31]: avatar 8 (  8, 12) -> (  8, 12)
[2015-03-12 21:15:31]: avatar 1 (  8,  6) -> (  8,  6)
[2015-03-12 21:15:31]: avatar 2 ( 11, 11) -> ( 11, 11)
[2015-03-12 21:15:31]: avatar 3 ( 18, 15) -> ( 18, 14)
[2015-03-12 21:15:31]: avatar 4 ( 15, 10) -> ( 15, 10)
[2015-03-12 21:15:31]: avatar 5 ( 14,  4) -> ( 15,  4)
[2015-03-12 21:15:31]: avatar 6 (  3, 11) -> (  3, 11)
[2015-03-12 21:15:31]: avatar 7 ( 13,  8) -> ( 14,  8)
[2015-03-12 21:15:31]: avatar 8 (  8, 12) -> (  8, 12)
[2015-03-12 21:15:32]: avatar 1 (  8,  6) -> (  7,  6)
[2015-03-12 21:15:32]: avatar 2 ( 11, 11) -> ( 10, 11)
[2015-03-12 21:15:32]: avatar 3 ( 18, 14) -> ( 18, 14)
[2015-03-12 21:15:32]: avatar 4 ( 15, 10) -> ( 16, 10)
[2015-03-12 21:15:32]: avatar 5 ( 15,  4) -> ( 15,  5)
[2015-03-12 21:15:32]: avatar 6 (  3, 11) -> (  3, 11)
[2015-03-12 21:15:32]: avatar 7 ( 14,  8) -> ( 14,  7)
[2015-03-12 21:15:32]: avatar 8 (  8, 12) -> (  8, 13)
[2015-03-12 21:15:32]: avatar 1 (  7,  6) -> (  7,  5)
[2015-03-12 21:15:32]: avatar 2 ( 10, 11) -> ( 10, 10)
[2015-03-12 21:15:32]: avatar 3 ( 18, 14) -> ( 18, 14)
[2015-03-12 21:15:32]: avatar 4 ( 16, 10) -> ( 16, 11)
[2015-03-12 21:15:32]: avatar 5 ( 15,  5) -> ( 15,  6)
[2015-03-12 21:15:32]: avatar 6 (  3, 11) -> (  4, 11)
[2015-03-12 21:15:32]: avatar 7 ( 14,  7) -> ( 14,  7)
[2015-03-12 21:15:32]: avatar 8 (  8, 13) -> (  8, 13)
[2015-03-12 21:15:32]: avatar 1 (  7,  5) -> (  8,  5)
[2015-03-12 21:15:32]: avatar 2 ( 10, 10) -> ( 10, 10)
[2015-03-12 21:15:32]: avatar 3 ( 18, 14) -> ( 17, 14)
[2015-03-12 21:15:32]: avatar 4 ( 16, 11) -> ( 16, 11)
[2015-03-12 21:15:32]: avatar 5 ( 15,  6) -> ( 15,  7)
[2015-03-12 21:15:32]: avatar 6 (  4, 11) -> (  4, 12)
[2015-03-12 21:15:32]: avatar 7 ( 14,  7) -> ( 14,  8)
[2015-03-12 21:15:32]: avatar 8 (  8, 13) -> (  8, 14)
[2015-03-12 21:15:32]: avatar 1 (  8,  5) -> (  9,  5)
[2015-03-12 21:15:32]: avatar 2 ( 10, 10) -> ( 10,  9)
[2015-03-12 21:15:32]: avatar 3 ( 17, 14) -> ( 17, 13)
[2015-03-12 21:15:32]: avatar 4 ( 16, 11) -> ( 16, 11)
[2015-03-12 21:15:32]: avatar 5 ( 15,  7) -> ( 16,  7)
[2015-03-12 21:15:32]: avatar 6 (  4, 12) -> (  3, 12)
[2015-03-12 21:15:32]: avatar 7 ( 14,  8) -> ( 13,  8)
[2015-03-12 21:15:32]: avatar 8 (  8, 14) -> (  8, 14)
[2015-03-12 21:15:32]: avatar 1 (  9,  5) -> (  9,  5)
[2015-03-12 21:15:32]: avatar 2 ( 10,  9) -> ( 10,  9)
[2015-03-12 21:15:32]: avatar 3 ( 17, 13) -> ( 17, 13)
[2015-03-12 21:15:32]: avatar 4 ( 16, 11) -> ( 17, 11)
[2015-03-12 21:15:32]: avatar 5 ( 16,  7) -> ( 16,  7)
[2015-03-12 21:15:32]: avatar 6 (  3, 12) -> (  2, 12)
[2015-03-12 21:15:32]: avatar 7 ( 13,  8) -> ( 12,  8)
[2015-03-12 21:15:32]: avatar 8 (  8, 14) -> (  8, 14)
[2015-03-12 21:15:32]: avatar 1 (  9,  5) -> ( 10,  5)
[2015-03-12 21:15:32]: avatar 2 ( 10,  9) -> ( 10,  9)
[2015-03-12 21:15:32]: avatar 3 ( 17, 13) -> ( 17, 12)
[2015-03-12 21:15:32]: avatar 4 ( 17, 11) -> ( 17, 11)
[2015-03-12 21:15:32]: avatar 5 ( 16,  7) -> ( 16,  6)
[2015-03-12 21:15:32]: avatar 6 (  2, 12) -> (  2, 11)
[2015-03-12 21:15:32]: avatar 7 ( 12,  8) -> ( 12,  9)
[2015-03-12 21:15:32]: avatar 8 (  8, 14) -> (  8, 14)
[2015-03-12 21:15:32]: avatar 1 ( 10,  5) -> ( 10,  5)
[2015-03-12 21:15:32]: avatar 2 ( 10,  9) -> (  9,  9)
[2015-03-12 21:15:32]: avatar 3 ( 17, 12) -> ( 17, 12)
[2015-03-12 21:15:32]: avatar 4 ( 17, 11) -> ( 18, 11)
[2015-03-12 21:15:32]: avatar 5 ( 16,  6) -> ( 17,  6)
[2015-03-12 21:15:32]: avatar 6 (  2, 11) -> (  2, 10)
[2015-03-12 21:15:32]: avatar 7 ( 12,  9) -> ( 13,  9)
[2015-03-12 21:15:32]: avatar 8 (  8, 14) -> (  8, 13)
[2015-03-12 21:15:32]: avatar 1 ( 10,  5) -> ( 11,  5)
[2015-03-12 21:15:32]: avatar 2 (  9,  9) -> (  9,  8)
[2015-03-12 21:15:32]: avatar 3 ( 17, 12) -> ( 16, 12)
[2015-03-12 21:15:32]: avatar 4 ( 18, 11) -> ( 18, 12)
[2015-03-12 21:15:32]: avatar 5 ( 17,  6) -> ( 17,  7)
[2015-03-12 21:15:32]: avatar 6 (  2, 10) -> (  2, 10)
[2015-03-12 21:15:32]: avatar 7 ( 13,  9) -> ( 13, 10)
[2015-03-12 21:15:32]: avatar 8 (  8, 13) -> (  9, 13)
[2015-03-12 21:15:32]: avatar 1 ( 11,  5) -> ( 11,  5)
[2015-03-12 21:15:32]: avatar 2 (  9,  8) -> ( 10,  8)
[2015-03-12 21:15:32]: avatar 3 ( 16, 12) -> ( 16, 12)
[2015-03-12 21:15:32]: avatar 4 ( 18, 12) -> ( 18, 13)
[2015-03-12 21:15:32]: avatar 5 ( 17,  7) -> ( 17,  7)
[2015-03-12 21:15:32]: avatar 6 (  2, 10) -> (  2,  9)
[2015-03-12 21:15:32]: avatar 7 ( 13, 10) -> ( 13, 10)
[2015-03-12 21:15:32]: avatar 8 (  9, 13) -> (  9, 14)
[2015-03-12 21:15:33]: avatar 1 ( 11,  5) -> ( 11,  5)
[2015-03-12 21:15:33]: avatar 2 ( 10,  8) -> ( 10,  8)
[2015-03-12 21:15:33]: avatar 3 ( 16, 12) -> ( 16, 13)
[2015-03-12 21:15:33]: avatar 4 ( 18, 13) -> ( 19, 13)
[2015-03-12 21:15:33]: avatar 5 ( 17,  7) -> ( 18,  7)
[2015-03-12 21:15:33]: avatar 6 (  2,  9) -> (  2,  9)
[2015-03-12 21:15:33]: avatar 7 ( 13, 10) -> ( 13,  9)
[2015-03-12 21:15:33]: avatar 8 (  9, 14) -> (  9, 15)
[2015-03-12 21:15:33]: avatar 1 ( 11,  5) -> ( 11,  4)
[2015-03-12 21:15:33]: avatar 2 ( 10,  8) -> ( 10,  7)
[2015-03-12 21:15:33]: avatar 3 ( 16, 13) -> ( 16, 13)
[2015-03-12 21:15:33]: avatar 4 ( 19, 13) -> ( 19, 14)
[2015-03-12 21:15:33]: avatar 5 ( 18,  7) -> ( 18,  7)
[2015-03-12 21:15:33]: avatar 6 (  2,  9) -> (  2,  8)
[2015-03-12 21:15:33]: avatar 7 ( 13,  9) -> ( 12,  9)
[2015-03-12 21:15:33]: avatar 8 (  9, 15) -> (  9, 15)
[2015-03-12 21:15:33]: avatar 1 ( 11,  4) -> ( 11,  4)
[2015-03-12 21:15:33]: avatar 2 ( 10,  7) -> ( 10,  7)
[2015-03-12 21:15:33]: avatar 3 ( 16, 13) -> ( 16, 14)
[2015-03-12 21:15:33]: avatar 4 ( 19, 14) -> ( 19, 15)
[2015-03-12 21:15:33]: avatar 5 ( 18,  7) -> ( 19,  7)
[2015-03-12 21:15:33]: avatar 6 (  2,  8) -> (  3,  8)
[2015-03-12 21:15:33]: avatar 7 ( 12,  9) -> ( 12,  8)
[2015-03-12 21:15:33]: avatar 8 (  9, 15) -> (  9, 16)
[2015-03-12 21:15:33]: avatar 1 ( 11,  4) -> ( 11,  4)
[2015-03-12 21:15:33]: avatar 2 ( 10,  7) -> ( 10,  7)
[2015-03-12 21:15:33]: avatar 3 ( 16, 14) -> ( 15, 14)
[2015-03-12 21:15:33]: avatar 4 ( 19, 15) -> ( 19, 16)
[2015-03-12 21:15:33]: avatar 5 ( 19,  7) -> ( 19,  8)
[2015-03-12 21:15:33]: avatar 6 (  3,  8) -> (  3,  8)
[2015-03-12 21:15:33]: avatar 7 ( 12,  8) -> ( 13,  8)
[2015-03-12 21:15:33]: avatar 8 (  9, 16) -> (  9, 16)
[2015-03-12 21:15:33]: avatar 1 ( 11,  4) -> ( 10,  4)
[2015-03-12 21:15:33]: avatar 2 ( 10,  7) -> (  9,  7)
[2015-03-12 21:15:33]: avatar 3 ( 15, 14) -> ( 15, 14)
[2015-03-12 21:15:33]: avatar 4 ( 19, 16) -> ( 19, 17)
[2015-03-12 21:15:33]: avatar 5 ( 19,  8) -> ( 19,  8)
[2015-03-12 21:15:33]: avatar 6 (  3,  8) -> (  3,  8)
[2015-03-12 21:15:33]: avatar 7 ( 13,  8) -> ( 14,  8)
[2015-03-12 21:15:33]: avatar 8 (  9, 16) -> (  9, 17)
[2015-03-12 21:15:33]: avatar 1 ( 10,  4) -> ( 10,  3)
[2015-03-12 21:15:33]: avatar 2 (  9,  7) -> (  9,  6)
[2015-03-12 21:15:33]: avatar 3 ( 15, 14) -> ( 15, 14)
[2015-03-12 21:15:33]: avatar 4 ( 19, 17) -> ( 19, 18)
[2015-03-12 21:15:33]: avatar 5 ( 19,  8) -> ( 19,  9)
[2015-03-12 21:15:33]: avatar 6 (  3,  8) -> (  3,  7)
[2015-03-12 21:15:33]: avatar 7 ( 14,  8) -> ( 14,  7)
[2015-03-12 21:15:33]: avatar 8 (  9, 17) -> (  8, 17)
[2015-03-12 21:15:33]: avatar 1 ( 10,  3) -> ( 11,  3)
[2015-03-12 21:15:33]: avatar 2 (  9,  6) -> ( 10,  6)
[2015-03-12 21:15:33]: avatar 3 ( 15, 14) -> ( 15, 15)
[2015-03-12 21:15:33]: avatar 4 ( 19, 18) -> ( 19, 19)
[2015-03-12 21:15:33]: avatar 5 ( 19,  9) -> ( 18,  9)
[2015-03-12 21:15:33]: avatar 6 (  3,  7) -> (  3,  7)
[2015-03-12 21:15:33]: avatar 7 ( 14,  7) -> ( 14,  6)
[2015-03-12 21:15:33]: avatar 8 (  8, 17) -> (  8, 17)
[2015-03-12 21:15:33]: avatar 1 ( 11,  3) -> ( 12,  3)
[2015-03-12 21:15:33]: avatar 2 ( 10,  6) -> ( 11,  6)
[2015-03-12 21:15:33]: avatar 3 ( 15, 15) -> ( 15, 15)
[2015-03-12 21:15:33]: avatar 4 ( 19, 19) -> ( 18, 19)
[2015-03-12 21:15:33]: avatar 5 ( 18,  9) -> ( 18,  8)
[2015-03-12 21:15:33]: avatar 6 (  3,  7) -> (  3,  7)
[2015-03-12 21:15:33]: avatar 7 ( 14,  6) -> ( 14,  6)
[2015-03-12 21:15:33]: avatar 8 (  8, 17) -> (  7, 17)
[2015-03-12 21:15:33]: avatar 1 ( 12,  3) -> ( 12,  4)
[2015-03-12 21:15:33]: avatar 2 ( 11,  6) -> ( 11,  7)
[2015-03-12 21:15:33]: avatar 3 ( 15, 15) -> ( 15, 15)
[2015-03-12 21:15:33]: avatar 4 ( 18, 19) -> ( 18, 19)
[2015-03-12 21:15:33]: avatar 5 ( 18,  8) -> ( 17,  8)
[2015-03-12 21:15:33]: avatar 6 (  3,  7) -> (  2,  7)
[2015-03-12 21:15:33]: avatar 7 ( 14,  6) -> ( 14,  7)
[2015-03-12 21:15:33]: avatar 8 (  7, 17) -> (  7, 17)
[2015-03-12 21:15:34]: avatar 1 ( 12,  4) -> ( 12,  4)
[2015-03-12 21:15:34]: avatar 2 ( 11,  7) -> ( 11,  8)
[2015-03-12 21:15:34]: avatar 3 ( 15, 15) -> ( 16, 15)
[2015-03-12 21:15:34]: avatar 4 ( 18, 19) -> ( 17, 19)
[2015-03-12 21:15:34]: avatar 5 ( 17,  8) -> ( 17,  9)
[2015-03-12 21:15:34]: avatar 6 (  2,  7) -> (  2,  7)
[2015-03-12 21:15:34]: avatar 7 ( 14,  7) -> ( 14,  8)
[2015-03-12 21:15:34]: avatar 8 (  7, 17) -> (  7, 17)
[2015-03-12 21:15:34]: avatar 1 ( 12,  4) -> ( 13,  4)
[2015-03-12 21:15:34]: avatar 2 ( 11,  8) -> ( 11,  9)
[2015-03-12 21:15:34]: avatar 3 ( 16, 15) -> ( 16, 16)
[2015-03-12 21:15:34]: avatar 4 ( 17, 19) -> ( 17, 18)
[2015-03-12 21:15:34]: avatar 5 ( 17,  9) -> ( 16,  9)
[2015-03-12 21:15:34]: avatar 6 (  2,  7) -> (  1,  7)
[2015-03-12 21:15:34]: avatar 7 ( 14,  8) -> ( 13,  8)
[2015-03-12 21:15:34]: avatar 8 (  7, 17) -> (  7, 18)
[2015-03-12 21:15:34]: avatar 1 ( 13,  4) -> ( 13,  4)
[2015-03-12 21:15:34]: avatar 2 ( 11,  9) -> ( 11, 10)
[2015-03-12 21:15:34]: avatar 3 ( 16, 16) -> ( 15, 16)
[2015-03-12 21:15:34]: avatar 4 ( 17, 18) -> ( 18, 18)
[2015-03-12 21:15:34]: avatar 5 ( 16,  9) -> ( 16,  8)
[2015-03-12 21:15:34]: avatar 6 (  1,  7) -> (  1,  6)
[2015-03-12 21:15:34]: avatar 7 ( 13,  8) -> ( 12,  8)
[2015-03-12 21:15:34]: avatar 8 (  7, 18) -> (  7, 18)
[2015-03-12 21:15:34]: avatar 1 ( 13,  4) -> ( 13,  4)
[2015-03-12 21:15:34]: avatar 2 ( 11, 10) -> ( 11,  9)
[2015-03-12 21:15:34]: avatar 3 ( 15, 16) -> ( 15, 16)
[2015-03-12 21:15:34]: avatar 4 ( 18, 18) -> ( 18, 17)
[2015-03-12 21:15:34]: avatar 5 ( 16,  8) -> ( 15,  8)
[2015-03-12 21:15:34]: avatar 6 (  1,  6) -> (  1,  6)
[2015-03-12 21:15:34]: avatar 7 ( 12,  8) -> ( 12,  9)
[2015-03-12 21:15:34]: avatar 8 (  7, 18) -> (  7, 19)
[2015-03-12 21:15:35]: avatar 1 ( 13,  4) -> ( 13,  3)
[2015-03-12 21:15:35]: avatar 2 ( 11,  9) -> ( 11,  8)
[2015-03-12 21:15:35]: avatar 3 ( 15, 16) -> ( 15, 17)
[2015-03-12 21:15:35]: avatar 4 ( 18, 17) -> ( 18, 17)
[2015-03-12 21:15:35]: avatar 5 ( 15,  8) -> ( 15,  9)
[2015-03-12 21:15:35]: avatar 6 (  1,  6) -> (  1,  6)
[2015-03-12 21:15:35]: avatar 7 ( 12,  9) -> ( 13,  9)
[2015-03-12 21:15:35]: avatar 8 (  7, 19) -> (  6, 19)
[2015-03-12 21:15:35]: avatar 1 ( 13,  3) -> ( 14,  3)
[2015-03-12 21:15:35]: avatar 2 ( 11,  8) -> ( 11,  7)
[2015-03-12 21:15:35]: avatar 3 ( 15, 17) -> ( 14, 17)
[2015-03-12 21:15:35]: avatar 4 ( 18, 17) -> ( 18, 18)
[2015-03-12 21:15:35]: avatar 5 ( 15,  9) -> ( 15,  9)
[2015-03-12 21:15:35]: avatar 6 (  1,  6) -> (  0,  6)
[2015-03-12 21:15:35]: avatar 7 ( 13,  9) -> ( 13, 10)
[2015-03-12 21:15:35]: avatar 8 (  6, 19) -> (  6, 18)
[2015-03-12 21:15:35]: avatar 1 ( 14,  3) -> ( 14,  3)
[2015-03-12 21:15:35]: avatar 2 ( 11,  7) -> ( 12,  7)
[2015-03-12 21:15:35]: avatar 3 ( 14, 17) -> ( 14, 17)
[2015-03-12 21:15:35]: avatar 4 ( 18, 18) -> ( 17, 18)
[2015-03-12 21:15:35]: avatar 5 ( 15,  9) -> ( 15,  9)
[2015-03-12 21:15:35]: avatar 6 (  0,  6) -> (  0,  5)
[2015-03-12 21:15:35]: avatar 7 ( 13, 10) -> ( 12, 10)
[2015-03-12 21:15:35]: avatar 8 (  6, 18) -> (  6, 17)
[2015-03-12 21:15:35]: avatar 1 ( 14,  3) -> ( 14,  3)
[2015-03-12 21:15:35]: avatar 2 ( 12,  7) -> ( 13,  7)
[2015-03-12 21:15:35]: avatar 3 ( 14, 17) -> ( 14, 17)
[2015-03-12 21:15:35]: avatar 4 ( 17, 18) -> ( 17, 18)
[2015-03-12 21:15:35]: avatar 5 ( 15,  9) -> ( 15,  8)
[2015-03-12 21:15:35]: avatar 6 (  0,  5) -> (  1,  5)
[2015-03-12 21:15:35]: avatar 7 ( 12, 10) -> ( 12, 11)
[2015-03-12 21:15:35]: avatar 8 (  6, 17) -> (  6, 17)
[2015-03-12 21:15:36]: avatar 1 ( 14,  3) -> ( 14,  2)
[2015-03-12 21:15:36]: avatar 2 ( 13,  7) -> ( 13,  6)
[2015-03-12 21:15:36]: avatar 3 ( 14, 17) -> ( 14, 17)
[2015-03-12 21:15:36]: avatar 4 ( 17, 18) -> ( 17, 18)
[2015-03-12 21:15:36]: avatar 5 ( 15,  8) -> ( 16,  8)
[2015-03-12 21:15:36]: avatar 6 (  1,  5) -> (  2,  5)
[2015-03-12 21:15:36]: avatar 7 ( 12, 11) -> ( 12, 11)
[2015-03-12 21:15:36]: avatar 8 (  6, 17) -> (  6, 17)
[2015-03-12 21:15:36]: avatar 1 ( 14,  2) -> ( 14,  2)
[2015-03-12 21:15:36]: avatar 2 ( 13,  6) -> ( 13,  6)
[2015-03-12 21:15:36]: avatar 3 ( 14, 17) -> ( 15, 17)
[2015-03-12 21:15:36]: avatar 4 ( 17, 18) -> ( 17, 19)
[2015-03-12 21:15:36]: avatar 5 ( 16,  8) -> ( 16,  9)
[2015-03-12 21:15:36]: avatar 6 (  2,  5) -> (  2,  5)
[2015-03-12 21:15:36]: avatar 7 ( 12, 11) -> ( 13, 11)
[2015-03-12 21:15:36]: avatar 8 (  6, 17) -> (  6, 18)
[2015-03-12 21:15:36]: avatar 1 ( 14,  2) -> ( 14,  1)
[2015-03-12 21:15:36]: avatar 2 ( 13,  6) -> ( 12,  6)
[2015-03-12 21:15:36]: avatar 3 ( 15, 17) -> ( 15, 18)
[2015-03-12 21:15:36]: avatar 4 ( 17, 19) -> ( 16, 19)
[2015-03-12 21:15:36]: avatar 5 ( 16,  9) -> ( 16,  9)
[2015-03-12 21:15:36]: avatar 6 (  2,  5) -> (  2,  5)
[2015-03-12 21:15:36]: avatar 7 ( 13, 11) -> ( 13, 11)
[2015-03-12 21:15:36]: avatar 8 (  6, 18) -> (  5, 18)
[2015-03-12 21:15:36]: avatar 1 ( 14,  1) -> ( 14,  1)
[2015-03-12 21:15:36]: avatar 2 ( 12,  6) -> ( 12,  5)
[2015-03-12 21:15:36]: avatar 3 ( 15, 18) -> ( 15, 18)
[2015-03-12 21:15:36]: avatar 4 ( 16, 19) -> ( 16, 18)
[2015-03-12 21:15:36]: avatar 5 ( 16,  9) -> ( 17,  9)
[2015-03-12 21:15:36]: avatar 6 (  2,  5) -> (  2,  4)
[2015-03-12 21:15:36]: avatar 7 ( 13, 11) -> ( 14, 11)
[2015-03-12 21:15:36]: avatar 8 (  5, 18) -> (  5, 18)
[2015-03-12 21:15:36]: avatar 1 ( 14,  1) -> ( 14,  0)
[2015-03-12 21:15:36]: avatar 2 ( 12,  5) -> ( 13,  5)
[2015-03-12 21:15:36]: avatar 3 ( 15, 18) -> ( 15, 19)
[2015-03-12 21:15:36]: avatar 4 ( 16, 18) -> ( 16, 17)
[2015-03-12 21:15:36]: avatar 5 ( 17,  9) -> ( 17,  9)
[2015-03-12 21:15:36]: avatar 6 (  2,  4) -> (  2,  4)
[2015-03-12 21:15:36]: avatar 7 ( 14, 11) -> ( 14, 11)
[2015-03-12 21:15:36]: avatar 8 (  5, 18) -> (  4, 18)
[2015-03-12 21:15:37]: avatar 1 ( 14,  0) -> ( 14,  0)
[2015-03-12 21:15:37]: avatar 2 ( 13,  5) -> ( 13,  5)
[2015-03-12 21:15:37]: avatar 3 ( 15, 19) -> ( 14, 19)
[2015-03-12 21:15:37]: avatar 4 ( 16, 17) -> ( 17, 17)
[2015-03-12 21:15:37]: avatar 5 ( 17,  9) -> ( 17,  9)
[2015-03-12 21:15:37]: avatar 6 (  2,  4) -> (  2,  4)
[2015-03-12 21:15:37]: avatar 7 ( 14, 11) -> ( 15, 11)
[2015-03-12 21:15:37]: avatar 8 (  4, 18) -> (  4, 18)
[2015-03-12 21:15:37]: avatar 1 ( 14,  0) -> ( 13,  0)
[2015-03-12 21:15:37]: avatar 2 ( 13,  5) -> ( 12,  5)
[2015-03-12 21:15:37]: avatar 3 ( 14, 19) -> ( 14, 18)
[2015-03-12 21:15:37]: avatar 4 ( 17, 17) -> ( 17, 17)
[2015-03-12 21:15:37]: avatar 5 ( 17,  9) -> ( 17,  8)
[2015-03-12 21:15:37]: avatar 6 (  2,  4) -> (  1,  4)
[2015-03-12 21:15:37]: avatar 7 ( 15, 11) -> ( 15, 12)
[2015-03-12 21:15:37]: avatar 8 (  4, 18) -> (  4, 18)
[2015-03-12 21:15:37]: avatar 1 ( 13,  0) -> ( 12,  0)
[2015-03-12 21:15:37]: avatar 2 ( 12,  5) -> ( 12,  6)
[2015-03-12 21:15:37]: avatar 3 ( 14, 18) -> ( 13, 18)
[2015-03-12 21:15:37]: avatar 4 ( 17, 17) -> ( 16, 17)
[2015-03-12 21:15:37]: avatar 5 ( 17,  8) -> ( 18,  8)
[2015-03-12 21:15:37]: avatar 6 (  1,  4) -> (  1,  4)
[2015-03-12 21:15:37]: avatar 7 ( 15, 12) -> ( 15, 12)
[2015-03-12 21:15:37]: avatar 8 (  4, 18) -> (  4, 19)
[2015-03-12 21:15:37]: avatar 1 ( 12,  0) -> ( 11,  0)
[2015-03-12 21:15:37]: avatar 2 ( 12,  6) -> ( 12,  6)
[2015-03-12 21:15:37]: avatar 3 ( 13, 18) -> ( 13, 17)
[2015-03-12 21:15:37]: avatar 4 ( 16, 17) -> ( 16, 17)
[2015-03-12 21:15:37]: avatar 5 ( 18,  8) -> ( 18,  9)
[2015-03-12 21:15:37]: avatar 6 (  1,  4) -> (  0,  4)
[2015-03-12 21:15:37]: avatar 7 ( 15, 12) -> ( 15, 13)
[2015-03-12 21:15:37]: avatar 8 (  4, 19) -> (  4, 19)
[2015-03-12 21:15:38]: avatar 1 ( 11,  0) -> ( 10,  0)
[2015-03-12 21:15:38]: avatar 2 ( 12,  6) -> ( 12,  6)
[2015-03-12 21:15:38]: avatar 3 ( 13, 17) -> ( 13, 17)
[2015-03-12 21:15:38]: avatar 4 ( 16, 17) -> ( 16, 17)
[2015-03-12 21:15:38]: avatar 5 ( 18,  9) -> ( 18,  9)
[2015-03-12 21:15:38]: avatar 6 (  0,  4) -> (  0,  3)
[2015-03-12 21:15:38]: avatar 7 ( 15, 13) -> ( 14, 13)
[2015-03-12 21:15:38]: avatar 8 (  4, 19) -> (  5, 19)
[2015-03-12 21:15:38]: avatar 1 ( 10,  0) -> ( 10,  0)
[2015-03-12 21:15:38]: avatar 2 ( 12,  6) -> ( 13,  6)
[2015-03-12 21:15:38]: avatar 3 ( 13, 17) -> ( 12, 17)
[2015-03-12 21:15:38]: avatar 4 ( 16, 17) -> ( 16, 18)
[2015-03-12 21:15:38]: avatar 5 ( 18,  9) -> ( 19,  9)
[2015-03-12 21:15:38]: avatar 6 (  0,  3) -> (  1,  3)
[2015-03-12 21:15:38]: avatar 7 ( 14, 13) -> ( 14, 12)
[2015-03-12 21:15:38]: avatar 8 (  5, 19) -> (  5, 19)
[2015-03-12 21:15:38]: avatar 1 ( 10,  0) -> ( 10,  0)
[2015-03-12 21:15:38]: avatar 2 ( 13,  6) -> ( 13,  7)
[2015-03-12 21:15:38]: avatar 3 ( 12, 17) -> ( 12, 17)
[2015-03-12 21:15:38]: avatar 4 ( 16, 18) -> ( 16, 18)
[2015-03-12 21:15:38]: avatar 5 ( 19,  9) -> ( 19, 10)
[2015-03-12 21:15:38]: avatar 6 (  1,  3) -> (  1,  3)
[2015-03-12 21:15:38]: avatar 7 ( 14, 12) -> ( 14, 12)
[2015-03-12 21:15:38]: avatar 8 (  5, 19) -> (  5, 19)
[2015-03-12 21:15:39]: avatar 1 ( 10,  0) -> ( 11,  0)
[2015-03-12 21:15:39]: avatar 2 ( 13,  7) -> ( 12,  7)
[2015-03-12 21:15:39]: avatar 3 ( 12, 17) -> ( 11, 17)
[2015-03-12 21:15:39]: avatar 4 ( 16, 18) -> ( 16, 19)
[2015-03-12 21:15:39]: avatar 5 ( 19, 10) -> ( 18, 10)
[2015-03-12 21:15:39]: avatar 6 (  1,  3) -> (  1,  2)
[2015-03-12 21:15:39]: avatar 7 ( 14, 12) -> ( 14, 13)
[2015-03-12 21:15:39]: avatar 8 (  5, 19) -> (  4, 19)
[2015-03-12 21:15:39]: avatar 1 ( 11,  0) -> ( 11,  0)
[2015-03-12 21:15:39]: avatar 2 ( 12,  7) -> ( 11,  7)
[2015-03-12 21:15:39]: avatar 3 ( 11, 17) -> ( 11, 16)
[2015-03-12 21:15:39]: avatar 4 ( 16, 19) -> ( 16, 19)
[2015-03-12 21:15:39]: avatar 5 ( 18, 10) -> ( 17, 10)
[2015-03-12 21:15:39]: avatar 6 (  1,  2) -> (  1,  2)
[2015-03-12 21:15:39]: avatar 7 ( 14, 13) -> ( 14, 13)
[2015-03-12 21:15:39]: avatar 8 (  4, 19) -> (  4, 18)
[2015-03-12 21:15:39]: avatar 1 ( 11,  0) -> ( 12,  0)
[2015-03-12 21:15:39]: avatar 2 ( 11,  7) -> ( 11,  6)
[2015-03-12 21:15:39]: avatar 3 ( 11, 16) -> ( 12, 16)
[2015-03-12 21:15:39]: avatar 4 ( 16, 19) -> ( 17, 19)
[2015-03-12 21:15:39]: avatar 5 ( 17, 10) -> ( 17, 10)
[2015-03-12 21:15:39]: avatar 6 (  1,  2) -> (  1,  1)
[2015-03-12 21:15:39]: avatar 7 ( 14, 13) -> ( 14, 13)
[2015-03-12 21:15:39]: avatar 8 (  4, 18) -> (  5, 18)
[2015-03-12 21:15:40]: avatar 1 ( 12,  0) -> ( 12,  0)
[2015-03-12 21:15:40]: avatar 2 ( 11,  6) -> ( 10,  6)
[2015-03-12 21:15:40]: avatar 3 ( 12, 16) -> ( 13, 16)
[2015-03-12 21:15:40]: avatar 4 ( 17, 19) -> ( 18, 19)
[2015-03-12 21:15:40]: avatar 5 ( 17, 10) -> ( 17, 10)
[2015-03-12 21:15:40]: avatar 6 (  1,  1) -> (  2,  1)
[2015-03-12 21:15:40]: avatar 7 ( 14, 13) -> ( 15, 13)
[2015-03-12 21:15:40]: avatar 8 (  5, 18) -> (  6, 18)
[2015-03-12 21:15:40]: avatar 1 ( 12,  0) -> ( 13,  0)
[2015-03-12 21:15:40]: avatar 2 ( 10,  6) -> (  9,  6)
[2015-03-12 21:15:40]: avatar 3 ( 13, 16) -> ( 14, 16)
[2015-03-12 21:15:40]: avatar 4 ( 18, 19) -> ( 19, 19)
[2015-03-12 21:15:40]: avatar 5 ( 17, 10) -> ( 18, 10)
[2015-03-12 21:15:40]: avatar 6 (  2,  1) -> (  2,  2)
[2015-03-12 21:15:40]: avatar 7 ( 15, 13) -> ( 15, 12)
[2015-03-12 21:15:40]: avatar 8 (  6, 18) -> (  6, 19)
[2015-03-12 21:15:40]: avatar 1 ( 13,  0) -> ( 13,  1)
[2015-03-12 21:15:40]: avatar 2 (  9,  6) -> (  9,  7)
[2015-03-12 21:15:40]: avatar 3 ( 14, 16) -> ( 14, 15)
[2015-03-12 21:15:40]: avatar 4 ( 19, 19) -> ( 19, 18)
[2015-03-12 21:15:40]: avatar 5 ( 18, 10) -> ( 18, 10)
[2015-03-12 21:15:40]: avatar 6 (  2,  2) -> (  2,  2)
[2015-03-12 21:15:40]: avatar 7 ( 15, 12) -> ( 15, 11)
[2015-03-12 21:15:40]: avatar 8 (  6, 19) -> (  7, 19)
[2015-03-12 21:15:41]: avatar 1 ( 13,  1) -> ( 12,  1)
[2015-03-12 21:15:41]: avatar 2 (  9,  7) -> (  9,  7)
[2015-03-12 21:15:41]: avatar 3 ( 14, 15) -> ( 14, 14)
[2015-03-12 21:15:41]: avatar 4 ( 19, 18) -> ( 19, 17)
[2015-03-12 21:15:41]: avatar 5 ( 18, 10) -> ( 19, 10)
[2015-03-12 21:15:41]: avatar 6 (  2,  2) -> (  3,  2)
[2015-03-12 21:15:41]: avatar 7 ( 15, 11) -> ( 14, 11)
[2015-03-12 21:15:41]: avatar 8 (  7, 19) -> (  7, 19)
[2015-03-12 21:15:41]: avatar 1 ( 12,  1) -> ( 11,  1)
[2015-03-12 21:15:41]: avatar 2 (  9,  7) -> ( 10,  7)
[2015-03-12 21:15:41]: avatar 3 ( 14, 14) -> ( 13, 14)
[2015-03-12 21:15:41]: avatar 4 ( 19, 17) -> ( 19, 16)
[2015-03-12 21:15:41]: avatar 5 ( 19, 10) -> ( 19, 11)
[2015-03-12 21:15:41]: avatar 6 (  3,  2) -> (  3,  2)
[2015-03-12 21:15:41]: avatar 7 ( 14, 11) -> ( 13, 11)
[2015-03-12 21:15:41]: avatar 8 (  7, 19) -> (  7, 18)
[2015-03-12 21:15:41]: avatar 1 ( 11,  1) -> ( 10,  1)
[2015-03-12 21:15:41]: avatar 2 ( 10,  7) -> ( 10,  8)
[2015-03-12 21:15:41]: avatar 3 ( 13, 14) -> ( 13, 13)
[2015-03-12 21:15:41]: avatar 4 ( 19, 16) -> ( 19, 15)
[2015-03-12 21:15:41]: avatar 5 ( 19, 11) -> ( 19, 11)
[2015-03-12 21:15:41]: avatar 6 (  3,  2) -> (  3,  2)
[2015-03-12 21:15:41]: avatar 7 ( 13, 11) -> ( 12, 11)
[2015-03-12 21:15:41]: avatar 8 (  7, 18) -> (  7, 18)
[2015-03-12 21:15:41]: avatar 1 ( 10,  1) -> ( 10,  1)
[2015-03-12 21:15:41]: avatar 2 ( 10,  8) -> (  9,  8)
[2015-03-12 21:15:41]: avatar 3 ( 13, 13) -> ( 13, 12)
[2015-03-12 21:15:41]: avatar 4 ( 19, 15) -> ( 19, 14)
[2015-03-12 21:15:41]: avatar 5 ( 19, 11) -> ( 19, 12)
[2015-03-12 21:15:42]: avatar 6 (  3,  2) -> (  3,  1)
[2015-03-12 21:15:42]: avatar 7 ( 12, 11) -> ( 12, 10)
[2015-03-12 21:15:42]: avatar 8 (  7, 18) -> (  7, 17)
[2015-03-12 21:15:42]: avatar 1 ( 10,  1) -> ( 10,  2)
[2015-03-12 21:15:42]: avatar 2 (  9,  8) -> (  9,  9)
[2015-03-12 21:15:42]: avatar 3 ( 13, 12) -> ( 12, 12)
[2015-03-12 21:15:42]: avatar 4 ( 19, 14) -> ( 19, 13)
[2015-03-12 21:15:42]: avatar 5 ( 19, 12) -> ( 19, 12)
[2015-03-12 21:15:42]: avatar 6 (  3,  1) -> (  3,  1)
[2015-03-12 21:15:42]: avatar 7 ( 12, 10) -> ( 13, 10)
[2015-03-12 21:15:42]: avatar 8 (  7, 17) -> (  8, 17)
[2015-03-12 21:15:42]: avatar 1 ( 10,  2) -> (  9,  2)
[2015-03-12 21:15:42]: avatar 2 (  9,  9) -> (  9, 10)
[2015-03-12 21:15:42]: avatar 3 ( 12, 12) -> ( 12, 12)
[2015-03-12 21:15:42]: avatar 4 ( 19, 13) -> ( 19, 13)
[2015-03-12 21:15:42]: avatar 5 ( 19, 12) -> ( 19, 12)
[2015-03-12 21:15:42]: avatar 6 (  3,  1) -> (  3,  0)
[2015-03-12 21:15:42]: avatar 7 ( 13, 10) -> ( 13,  9)
[2015-03-12 21:15:42]: avatar 8 (  8, 17) -> (  8, 18)
[2015-03-12 21:15:42]: avatar 1 (  9,  2) -> (  9,  2)
[2015-03-12 21:15:42]: avatar 2 (  9, 10) -> (  9, 10)
[2015-03-12 21:15:42]: avatar 3 ( 12, 12) -> ( 12, 13)
[2015-03-12 21:15:42]: avatar 4 ( 19, 13) -> ( 18, 13)
[2015-03-12 21:15:42]: avatar 5 ( 19, 12) -> ( 19, 11)
[2015-03-12 21:15:42]: avatar 6 (  3,  0) -> (  4,  0)
[2015-03-12 21:15:42]: avatar 7 ( 13,  9) -> ( 12,  9)
[2015-03-12 21:15:42]: avatar 8 (  8, 18) -> (  8, 19)
[2015-03-12 21:15:43]: avatar 1 (  9,  2) -> (  9,  2)
[2015-03-12 21:15:43]: avatar 2 (  9, 10) -> (  9, 10)
[2015-03-12 21:15:43]: avatar 3 ( 12, 13) -> ( 11, 13)
[2015-03-12 21:15:43]: avatar 4 ( 18, 13) -> ( 18, 12)
[2015-03-12 21:15:43]: avatar 5 ( 19, 11) -> ( 19, 10)
[2015-03-12 21:15:43]: avatar 6 (  4,  0) -> (  4,  0)
[2015-03-12 21:15:43]: avatar 7 ( 12,  9) -> ( 12,  8)
[2015-03-12 21:15:43]: avatar 8 (  8, 19) -> (  9, 19)
[2015-03-12 21:15:43]: avatar 1 (  9,  2) -> (  9,  3)
[2015-03-12 21:15:43]: avatar 2 (  9, 10) -> (  9, 10)
[2015-03-12 21:15:43]: avatar 3 ( 11, 13) -> ( 11, 13)
[2015-03-12 21:15:43]: avatar 4 ( 18, 12) -> ( 18, 11)
[2015-03-12 21:15:43]: avatar 5 ( 19, 10) -> ( 19,  9)
[2015-03-12 21:15:43]: avatar 6 (  4,  0) -> (  5,  0)
[2015-03-12 21:15:43]: avatar 7 ( 12,  8) -> ( 13,  8)
[2015-03-12 21:15:43]: avatar 8 (  9, 19) -> (  9, 19)
[2015-03-12 21:15:43]: avatar 1 (  9,  3) -> (  8,  3)
[2015-03-12 21:15:43]: avatar 2 (  9, 10) -> (  9,  9)
[2015-03-12 21:15:43]: avatar 3 ( 11, 13) -> ( 10, 13)
[2015-03-12 21:15:43]: avatar 4 ( 18, 11) -> ( 17, 11)
[2015-03-12 21:15:43]: avatar 5 ( 19,  9) -> ( 19,  8)
[2015-03-12 21:15:43]: avatar 6 (  5,  0) -> (  5,  1)
[2015-03-12 21:15:43]: avatar 7 ( 13,  8) -> ( 14,  8)
[2015-03-12 21:15:43]: avatar 8 (  9, 19) -> (  9, 18)
[2015-03-12 21:15:43]: avatar 1 (  8,  3) -> (  8,  2)
[2015-03-12 21:15:43]: avatar 2 (  9,  9) -> ( 10,  9)
[2015-03-12 21:15:43]: avatar 3 ( 10, 13) -> ( 10, 12)
[2015-03-12 21:15:43]: avatar 4 ( 17, 11) -> ( 16, 11)
[2015-03-12 21:15:43]: avatar 5 ( 19,  8) -> ( 19,  7)
[2015-03-12 21:15:43]: avatar 6 (  5,  1) -> (  5,  1)
[2015-03-12 21:15:44]: avatar 7 ( 14,  8) -> ( 14,  7)
[2015-03-12 21:15:44]: avatar 8 (  9, 18) -> ( 10, 18)
[2015-03-12 21:15:44]: avatar 1 (  8,  2) -> (  8,  1)
[2015-03-12 21:15:44]: avatar 2 ( 10,  9) -> ( 10, 10)
[2015-03-12 21:15:44]: avatar 3 ( 10, 12) -> ( 10, 12)
[2015-03-12 21:15:44]: avatar 4 ( 16, 11) -> ( 16, 10)
[2015-03-12 21:15:44]: avatar 5 ( 19,  7) -> ( 19,  7)
[2015-03-12 21:15:44]: avatar 6 (  5,  1) -> (  5,  1)
[2015-03-12 21:15:44]: avatar 7 ( 14,  7) -> ( 14,  6)
[2015-03-12 21:15:44]: avatar 8 ( 10, 18) -> ( 10, 19)
[2015-03-12 21:15:44]: avatar 1 (  8,  1) -> (  9,  1)
[2015-03-12 21:15:44]: avatar 2 ( 10, 10) -> ( 10, 11)
[2015-03-12 21:15:44]: avatar 3 ( 10, 12) -> ( 10, 12)
[2015-03-12 21:15:44]: avatar 4 ( 16, 10) -> ( 15, 10)
[2015-03-12 21:15:44]: avatar 5 ( 19,  7) -> ( 18,  7)
[2015-03-12 21:15:44]: avatar 6 (  5,  1) -> (  6,  1)
[2015-03-12 21:15:44]: avatar 7 ( 14,  6) -> ( 14,  5)
[2015-03-12 21:15:44]: avatar 8 ( 10, 19) -> ( 11, 19)
[2015-03-12 21:15:45]: avatar 1 (  9,  1) -> (  9,  0)
[2015-03-12 21:15:45]: avatar 2 ( 10, 11) -> ( 10, 11)
[2015-03-12 21:15:45]: avatar 3 ( 10, 12) -> (  9, 12)
[2015-03-12 21:15:45]: avatar 4 ( 15, 10) -> ( 14, 10)
[2015-03-12 21:15:45]: avatar 5 ( 18,  7) -> ( 18,  7)
[2015-03-12 21:15:45]: avatar 6 (  6,  1) -> (  6,  1)
[2015-03-12 21:15:45]: avatar 7 ( 14,  5) -> ( 14,  4)
[2015-03-12 21:15:45]: avatar 8 ( 11, 19) -> ( 12, 19)
[2015-03-12 21:15:45]: avatar 1 (  9,  0) -> (  8,  0)
[2015-03-12 21:15:45]: avatar 2 ( 10, 11) -> ( 11, 11)
[2015-03-12 21:15:45]: avatar 3 (  9, 12) -> (  9, 11)
[2015-03-12 21:15:45]: avatar 4 ( 14, 10) -> ( 14,  9)
[2015-03-12 21:15:45]: avatar 5 ( 18,  7) -> ( 17,  7)
[2015-03-12 21:15:45]: avatar 6 (  6,  1) -> (  6,  1)
[2015-03-12 21:15:45]: avatar 7 ( 14,  4) -> ( 15,  4)
[2015-03-12 21:15:45]: avatar 8 ( 12, 19) -> ( 13, 19)
[2015-03-12 21:15:45]: avatar 1 (  8,  0) -> (  7,  0)
[2015-03-12 21:15:45]: avatar 2 ( 11, 11) -> ( 11, 12)
[2015-03-12 21:15:45]: avatar 3 (  9, 11) -> (  8, 11)
[2015-03-12 21:15:45]: avatar 4 ( 14,  9) -> ( 15,  9)
[2015-03-12 21:15:45]: avatar 5 ( 17,  7) -> ( 17,  6)
[2015-03-12 21:15:45]: avatar 6 (  6,  1) -> (  6,  0)
[2015-03-12 21:15:45]: avatar 7 ( 15,  4) -> ( 15,  4)
[2015-03-12 21:15:45]: avatar 8 ( 13, 19) -> ( 14, 19)
[2015-03-12 21:15:46]: avatar 1 (  7,  0) -> (  7,  0)
[2015-03-12 21:15:46]: avatar 2 ( 11, 12) -> ( 11, 11)
[2015-03-12 21:15:46]: avatar 3 (  8, 11) -> (  8, 10)
[2015-03-12 21:15:46]: avatar 4 ( 15,  9) -> ( 15,  8)
[2015-03-12 21:15:46]: avatar 5 ( 17,  6) -> ( 17,  6)
[2015-03-12 21:15:46]: avatar 6 (  6,  0) -> (  7,  0)
[2015-03-12 21:15:46]: avatar 7 ( 15,  4) -> ( 15,  3)
[2015-03-12 21:15:46]: avatar 8 ( 14, 19) -> ( 15, 19)
[2015-03-12 21:15:46]: avatar 1 (  7,  0) -> (  8,  0)
[2015-03-12 21:15:46]: avatar 2 ( 11, 11) -> ( 12, 11)
[2015-03-12 21:15:46]: avatar 3 (  8, 10) -> (  8,  9)
[2015-03-12 21:15:46]: avatar 4 ( 15,  8) -> ( 16,  8)
[2015-03-12 21:15:46]: avatar 5 ( 17,  6) -> ( 17,  6)
[2015-03-12 21:15:46]: avatar 6 (  7,  0) -> (  8,  0)
[2015-03-12 21:15:46]: avatar 7 ( 15,  3) -> ( 16,  3)
[2015-03-12 21:15:46]: avatar 8 ( 15, 19) -> ( 15, 18)
[2015-03-12 21:15:47]: avatar 1 (  8,  0) -> (  8,  0)
[2015-03-12 21:15:47]: avatar 2 ( 12, 11) -> ( 12, 10)
[2015-03-12 21:15:47]: avatar 3 (  8,  9) -> (  7,  9)
[2015-03-12 21:15:47]: avatar 4 ( 16,  8) -> ( 16,  9)
[2015-03-12 21:15:47]: avatar 5 ( 17,  6) -> ( 16,  6)
[2015-03-12 21:15:47]: avatar 6 (  8,  0) -> (  9,  0)
[2015-03-12 21:15:47]: avatar 7 ( 16,  3) -> ( 15,  3)
[2015-03-12 21:15:47]: avatar 8 ( 15, 18) -> ( 15, 17)
[2015-03-12 21:15:48]: avatar 1 (  8,  0) -> (  7,  0)
[2015-03-12 21:15:48]: avatar 2 ( 12, 10) -> ( 13, 10)
[2015-03-12 21:15:48]: avatar 3 (  7,  9) -> (  7,  8)
[2015-03-12 21:15:48]: avatar 4 ( 16,  9) -> ( 17,  9)
[2015-03-12 21:15:48]: avatar 5 ( 16,  6) -> ( 16,  7)
[2015-03-12 21:15:48]: avatar 6 (  9,  0) -> (  9,  1)
[2015-03-12 21:15:48]: avatar 7 ( 15,  3) -> ( 15,  4)
[2015-03-12 21:15:48]: avatar 8 ( 15, 17) -> ( 15, 16)
[2015-03-12 21:15:48]: avatar 1 (  7,  0) -> (  6,  0)
[2015-03-12 21:15:48]: avatar 2 ( 13, 10) -> ( 13,  9)
[2015-03-12 21:15:48]: avatar 3 (  7,  8) -> (  8,  8)
[2015-03-12 21:15:48]: avatar 4 ( 17,  9) -> ( 17,  8)
[2015-03-12 21:15:48]: avatar 5 ( 16,  7) -> ( 15,  7)
[2015-03-12 21:15:48]: avatar 6 (  9,  1) -> (  8,  1)
[2015-03-12 21:15:48]: avatar 7 ( 15,  4) -> ( 14,  4)
[2015-03-12 21:15:48]: avatar 8 ( 15, 16) -> ( 16, 16)
[2015-03-12 21:15:49]: avatar 1 (  6,  0) -> (  6,  1)
[2015-03-12 21:15:49]: avatar 2 ( 13,  9) -> ( 12,  9)
[2015-03-12 21:15:49]: avatar 3 (  8,  8) -> (  8,  7)
[2015-03-12 21:15:49]: avatar 4 ( 17,  8) -> ( 18,  8)
[2015-03-12 21:15:49]: avatar 5 ( 15,  7) -> ( 15,  6)
[2015-03-12 21:15:49]: avatar 6 (  8,  1) -> (  8,  2)
[2015-03-12 21:15:49]: avatar 7 ( 14,  4) -> ( 14,  5)
[2015-03-12 21:15:49]: avatar 8 ( 16, 16) -> ( 16, 15)
[2015-03-12 21:15:49]: avatar 1 (  6,  1) -> (  5,  1)
[2015-03-12 21:15:49]: avatar 2 ( 12,  9) -> ( 12,  8)
[2015-03-12 21:15:49]: avatar 3 (  8,  7) -> (  8,  6)
[2015-03-12 21:15:49]: avatar 4 ( 18,  8) -> ( 18,  9)
[2015-03-12 21:15:49]: avatar 5 ( 15,  6) -> ( 15,  5)
[2015-03-12 21:15:49]: avatar 6 (  8,  2) -> (  8,  3)
[2015-03-12 21:15:49]: avatar 7 ( 14,  5) -> ( 14,  6)
[2015-03-12 21:15:49]: avatar 8 ( 16, 15) -> ( 15, 15)
[2015-03-12 21:15:49]: avatar 1 (  5,  1) -> (  5,  0)
[2015-03-12 21:15:49]: avatar 2 ( 12,  8) -> ( 13,  8)
[2015-03-12 21:15:49]: avatar 3 (  8,  6) -> (  7,  6)
[2015-03-12 21:15:49]: avatar 4 ( 18,  9) -> ( 19,  9)
[2015-03-12 21:15:49]: avatar 5 ( 15,  5) -> ( 15,  4)
[2015-03-12 21:15:49]: avatar 6 (  8,  3) -> (  9,  3)
[2015-03-12 21:15:49]: avatar 7 ( 14,  6) -> ( 14,  7)
[2015-03-12 21:15:49]: avatar 8 ( 15, 15) -> ( 15, 14)
[2015-03-12 21:15:49]: avatar 1 (  5,  0) -> (  4,  0)
[2015-03-12 21:15:49]: avatar 2 ( 13,  8) -> ( 14,  8)
[2015-03-12 21:15:49]: avatar 3 (  7,  6) -> (  7,  5)
[2015-03-12 21:15:49]: avatar 4 ( 19,  9) -> ( 19,  8)
[2015-03-12 21:15:49]: avatar 5 ( 15,  4) -> ( 14,  4)
[2015-03-12 21:15:49]: avatar 6 (  9,  3) -> (  9,  2)
[2015-03-12 21:15:49]: avatar 7 ( 14,  7) -> ( 14,  8)
[2015-03-12 21:15:49]: avatar 8 ( 15, 14) -> ( 16, 14)
[2015-03-12 21:15:49]: avatar 1 (  4,  0) -> (  3,  0)
[2015-03-12 21:15:49]: avatar 2 ( 14,  8) -> ( 14,  7)
[2015-03-12 21:15:49]: avatar 3 (  7,  5) -> (  8,  5)
[2015-03-12 21:15:49]: avatar 4 ( 19,  8) -> ( 19,  7)
[2015-03-12 21:15:49]: avatar 5 ( 14,  4) -> ( 14,  5)
[2015-03-12 21:15:49]: avatar 6 (  9,  2) -> ( 10,  2)
[2015-03-12 21:15:49]: avatar 7 ( 14,  8) -> ( 14,  7)
[2015-03-12 21:15:49]: avatar 8 ( 16, 14) -> ( 16, 13)
[2015-03-12 21:15:50]: avatar 1 (  3,  0) -> (  3,  1)
[2015-03-12 21:15:50]: avatar 2 ( 14,  7) -> ( 14,  6)
[2015-03-12 21:15:50]: avatar 3 (  8,  5) -> (  9,  5)
[2015-03-12 21:15:50]: avatar 4 ( 19,  7) -> ( 18,  7)
[2015-03-12 21:15:50]: avatar 5 ( 14,  5) -> ( 14,  6)
[2015-03-12 21:15:50]: avatar 6 ( 10,  2) -> ( 10,  1)
[2015-03-12 21:15:50]: avatar 7 ( 14,  7) -> ( 14,  6)
[2015-03-12 21:15:50]: avatar 8 ( 16, 13) -> ( 16, 12)
[2015-03-12 21:15:50]: avatar 1 (  3,  1) -> (  3,  2)
[2015-03-12 21:15:50]: avatar 2 ( 14,  6) -> ( 14,  5)
[2015-03-12 21:15:50]: avatar 3 (  9,  5) -> ( 10,  5)
[2015-03-12 21:15:50]: avatar 4 ( 18,  7) -> ( 17,  7)
[2015-03-12 21:15:50]: avatar 5 ( 14,  6) -> ( 14,  5)
[2015-03-12 21:15:50]: avatar 6 ( 10,  1) -> ( 11,  1)
[2015-03-12 21:15:50]: avatar 7 ( 14,  6) -> ( 14,  5)
[2015-03-12 21:15:50]: avatar 8 ( 16, 12) -> ( 17, 12)
[2015-03-12 21:15:50]: avatar 1 (  3,  2) -> (  2,  2)
[2015-03-12 21:15:50]: avatar 2 ( 14,  5) -> ( 14,  4)
[2015-03-12 21:15:50]: avatar 3 ( 10,  5) -> ( 11,  5)
[2015-03-12 21:15:50]: avatar 4 ( 17,  7) -> ( 17,  6)
[2015-03-12 21:15:50]: avatar 5 ( 14,  5) -> ( 14,  4)
[2015-03-12 21:15:50]: avatar 6 ( 11,  1) -> ( 12,  1)
[2015-03-12 21:15:50]: avatar 7 ( 14,  5) -> ( 14,  4)
[2015-03-12 21:15:50]: avatar 8 ( 17, 12) -> ( 17, 13)
[2015-03-12 21:15:50]: avatar 1 (  2,  2) -> (  2,  1)
[2015-03-12 21:15:50]: avatar 2 ( 14,  4) -> ( 15,  4)
[2015-03-12 21:15:50]: avatar 3 ( 11,  5) -> ( 11,  4)
[2015-03-12 21:15:50]: avatar 4 ( 17,  6) -> ( 16,  6)
[2015-03-12 21:15:50]: avatar 5 ( 14,  4) -> ( 15,  4)
[2015-03-12 21:15:50]: avatar 6 ( 12,  1) -> ( 13,  1)
[2015-03-12 21:15:50]: avatar 7 ( 14,  4) -> ( 15,  4)
[2015-03-12 21:15:50]: avatar 8 ( 17, 13) -> ( 17, 14)
[2015-03-12 21:15:50]: avatar 1 (  2,  1) -> (  1,  1)
[2015-03-12 21:15:50]: avatar 2 ( 15,  4) -> ( 15,  5)
[2015-03-12 21:15:50]: avatar 3 ( 11,  4) -> ( 10,  4)
[2015-03-12 21:15:50]: avatar 4 ( 16,  6) -> ( 16,  7)
[2015-03-12 21:15:50]: avatar 5 ( 15,  4) -> ( 15,  5)
[2015-03-12 21:15:50]: avatar 6 ( 13,  1) -> ( 13,  0)
[2015-03-12 21:15:50]: avatar 7 ( 15,  4) -> ( 15,  5)
[2015-03-12 21:15:50]: avatar 8 ( 17, 14) -> ( 18, 14)
[2015-03-12 21:15:50]: avatar 1 (  1,  1) -> (  1,  2)
[2015-03-12 21:15:50]: avatar 2 ( 15,  5) -> ( 15,  6)
[2015-03-12 21:15:50]: avatar 3 ( 10,  4) -> ( 10,  3)
[2015-03-12 21:15:50]: avatar 4 ( 16,  7) -> ( 15,  7)
[2015-03-12 21:15:50]: avatar 5 ( 15,  5) -> ( 15,  6)
[2015-03-12 21:15:50]: avatar 6 ( 13,  0) -> ( 14,  0)
[2015-03-12 21:15:50]: avatar 7 ( 15,  5) -> ( 15,  6)
[2015-03-12 21:15:50]: avatar 8 ( 18, 14) -> ( 18, 15)
[2015-03-12 21:15:50]: avatar 1 (  1,  2) -> (  1,  3)
[2015-03-12 21:15:50]: avatar 2 ( 15,  6) -> ( 15,  6)
[2015-03-12 21:15:50]: avatar 3 ( 10,  3) -> ( 11,  3)
[2015-03-12 21:15:50]: avatar 4 ( 15,  7) -> ( 16,  7)
[2015-03-12 21:15:50]: avatar 5 ( 15,  6) -> ( 15,  7)
[2015-03-12 21:15:50]: avatar 6 ( 14,  0) -> ( 14,  1)
[2015-03-12 21:15:50]: avatar 7 ( 15,  6) -> ( 15,  7)
[2015-03-12 21:15:50]: avatar 8 ( 18, 15) -> ( 17, 15)
[2015-03-12 21:15:50]: avatar 1 (  1,  3) -> (  0,  3)
[2015-03-12 21:15:50]: avatar 2 ( 15,  6) -> ( 15,  6)
[2015-03-12 21:15:50]: avatar 3 ( 11,  3) -> ( 12,  3)
[2015-03-12 21:15:50]: avatar 4 ( 16,  7) -> ( 16,  6)
[2015-03-12 21:15:50]: avatar 5 ( 15,  7) -> ( 16,  7)
[2015-03-12 21:15:50]: avatar 6 ( 14,  1) -> ( 14,  2)
[2015-03-12 21:15:50]: avatar 7 ( 15,  7) -> ( 16,  7)
[2015-03-12 21:15:50]: avatar 8 ( 17, 15) -> ( 17, 16)
[2015-03-12 21:15:50]: avatar 1 (  0,  3) -> (  0,  4)
[2015-03-12 21:15:50]: avatar 2 ( 15,  6) -> ( 15,  7)
[2015-03-12 21:15:50]: avatar 3 ( 12,  3) -> ( 12,  4)
[2015-03-12 21:15:50]: avatar 4 ( 16,  6) -> ( 17,  6)
[2015-03-12 21:15:50]: avatar 5 ( 16,  7) -> ( 16,  6)
[2015-03-12 21:15:50]: avatar 6 ( 14,  2) -> ( 14,  3)
[2015-03-12 21:15:50]: avatar 7 ( 16,  7) -> ( 16,  6)
[2015-03-12 21:15:50]: avatar 8 ( 17, 16) -> ( 18, 16)
[2015-03-12 21:15:50]: avatar 1 (  0,  4) -> (  1,  4)
[2015-03-12 21:15:50]: avatar 2 ( 15,  7) -> ( 16,  7)
[2015-03-12 21:15:50]: avatar 3 ( 12,  4) -> ( 13,  4)
[2015-03-12 21:15:50]: avatar 4 ( 17,  6) -> ( 17,  7)
[2015-03-12 21:15:50]: avatar 5 ( 16,  6) -> ( 17,  6)
[2015-03-12 21:15:50]: avatar 6 ( 14,  3) -> ( 13,  3)
[2015-03-12 21:15:50]: avatar 7 ( 16,  6) -> ( 17,  6)
[2015-03-12 21:15:50]: avatar 8 ( 18, 16) -> ( 18, 17)
[2015-03-12 21:15:50]: avatar 1 (  1,  4) -> (  2,  4)
[2015-03-12 21:15:50]: avatar 2 ( 16,  7) -> ( 16,  6)
[2015-03-12 21:15:50]: avatar 3 ( 13,  4) -> ( 12,  4)
[2015-03-12 21:15:50]: avatar 4 ( 17,  7) -> ( 18,  7)
[2015-03-12 21:15:50]: avatar 5 ( 17,  6) -> ( 17,  7)
[2015-03-12 21:15:50]: avatar 6 ( 13,  3) -> ( 13,  4)
[2015-03-12 21:15:50]: avatar 7 ( 17,  6) -> ( 17,  7)
[2015-03-12 21:15:50]: avatar 8 ( 18, 17) -> ( 18, 18)
[2015-03-12 21:15:51]: avatar 1 (  2,  4) -> (  2,  5)
[2015-03-12 21:15:51]: avatar 2 ( 16,  6) -> ( 17,  6)
[2015-03-12 21:15:51]: avatar 3 ( 12,  4) -> ( 12,  3)
[2015-03-12 21:15:51]: avatar 4 ( 18,  7) -> ( 19,  7)
[2015-03-12 21:15:51]: avatar 5 ( 17,  7) -> ( 18,  7)
[2015-03-12 21:15:51]: avatar 6 ( 13,  4) -> ( 12,  4)
[2015-03-12 21:15:51]: avatar 7 ( 17,  7) -> ( 18,  7)
[2015-03-12 21:15:51]: avatar 8 ( 18, 18) -> ( 17, 18)
[2015-03-12 21:15:51]: avatar 1 (  2,  5) -> (  1,  5)
[2015-03-12 21:15:51]: avatar 2 ( 17,  6) -> ( 17,  7)
[2015-03-12 21:15:51]: avatar 3 ( 12,  3) -> ( 11,  3)
[2015-03-12 21:15:51]: avatar 4 ( 19,  7) -> ( 19,  8)
[2015-03-12 21:15:51]: avatar 5 ( 18,  7) -> ( 19,  7)
[2015-03-12 21:15:51]: avatar 6 ( 12,  4) -> ( 12,  3)
[2015-03-12 21:15:51]: avatar 7 ( 18,  7) -> ( 19,  7)
[2015-03-12 21:15:51]: avatar 8 ( 17, 18) -> ( 17, 19)
[2015-03-12 21:15:51]: avatar 1 (  1,  5) -> (  0,  5)
[2015-03-12 21:15:51]: avatar 2 ( 17,  7) -> ( 18,  7)
[2015-03-12 21:15:51]: avatar 3 ( 11,  3) -> ( 10,  3)
[2015-03-12 21:15:51]: avatar 4 ( 19,  8) -> ( 19,  9)
[2015-03-12 21:15:51]: avatar 5 ( 19,  7) -> ( 19,  8)
[2015-03-12 21:15:51]: avatar 6 ( 12,  3) -> ( 11,  3)
[2015-03-12 21:15:51]: avatar 7 ( 19,  7) -> ( 19,  8)
[2015-03-12 21:15:51]: avatar 8 ( 17, 19) -> ( 18, 19)
[2015-03-12 21:15:51]: avatar 1 (  0,  5) -> (  0,  6)
[2015-03-12 21:15:51]: avatar 2 ( 18,  7) -> ( 19,  7)
[2015-03-12 21:15:51]: avatar 3 ( 10,  3) -> ( 10,  4)
[2015-03-12 21:15:51]: avatar 4 ( 19,  9) -> ( 18,  9)
[2015-03-12 21:15:51]: avatar 5 ( 19,  8) -> ( 19,  9)
[2015-03-12 21:15:51]: avatar 6 ( 11,  3) -> ( 10,  3)
[2015-03-12 21:15:51]: avatar 7 ( 19,  8) -> ( 19,  9)
[2015-03-12 21:15:51]: avatar 8 ( 18, 19) -> ( 19, 19)
[2015-03-12 21:15:51]: avatar 1 (  0,  6) -> (  1,  6)
[2015-03-12 21:15:51]: avatar 2 ( 19,  7) -> ( 19,  8)
[2015-03-12 21:15:51]: avatar 3 ( 10,  4) -> ( 11,  4)
[2015-03-12 21:15:51]: avatar 4 ( 18,  9) -> ( 18,  8)
[2015-03-12 21:15:51]: avatar 5 ( 19,  9) -> ( 18,  9)
[2015-03-12 21:15:51]: avatar 6 ( 10,  3) -> ( 10,  4)
[2015-03-12 21:15:51]: avatar 7 ( 19,  9) -> ( 18,  9)
[2015-03-12 21:15:51]: avatar 8 ( 19, 19) -> ( 19, 18)
[2015-03-12 21:15:51]: avatar 1 (  1,  6) -> (  1,  7)
[2015-03-12 21:15:51]: avatar 2 ( 19,  8) -> ( 19,  9)
[2015-03-12 21:15:51]: avatar 3 ( 11,  4) -> ( 11,  5)
[2015-03-12 21:15:51]: avatar 4 ( 18,  8) -> ( 17,  8)
[2015-03-12 21:15:51]: avatar 5 ( 18,  9) -> ( 18,  8)
[2015-03-12 21:15:51]: avatar 6 ( 10,  4) -> ( 11,  4)
[2015-03-12 21:15:51]: avatar 7 ( 18,  9) -> ( 18,  8)
[2015-03-12 21:15:51]: avatar 8 ( 19, 18) -> ( 19, 17)
[2015-03-12 21:15:51]: avatar 1 (  1,  7) -> (  2,  7)
[2015-03-12 21:15:51]: avatar 2 ( 19,  9) -> ( 18,  9)
[2015-03-12 21:15:51]: avatar 3 ( 11,  5) -> ( 10,  5)
[2015-03-12 21:15:51]: avatar 4 ( 17,  8) -> ( 17,  9)
[2015-03-12 21:15:51]: avatar 5 ( 18,  8) -> ( 17,  8)
[2015-03-12 21:15:51]: avatar 6 ( 11,  4) -> ( 11,  5)
[2015-03-12 21:15:51]: avatar 7 ( 18,  8) -> ( 17,  8)
[2015-03-12 21:15:51]: avatar 8 ( 19, 17) -> ( 19, 16)
[2015-03-12 21:15:51]: avatar 1 (  2,  7) -> (  3,  7)
[2015-03-12 21:15:51]: avatar 2 ( 18,  9) -> ( 18,  8)
[2015-03-12 21:15:51]: avatar 3 ( 10,  5) -> (  9,  5)
[2015-03-12 21:15:51]: avatar 4 ( 17,  9) -> ( 16,  9)
[2015-03-12 21:15:51]: avatar 5 ( 17,  8) -> ( 17,  9)
[2015-03-12 21:15:51]: avatar 6 ( 11,  5) -> ( 10,  5)
[2015-03-12 21:15:51]: avatar 7 ( 17,  8) -> ( 17,  9)
[2015-03-12 21:15:51]: avatar 8 ( 19, 16) -> ( 19, 15)
[2015-03-12 21:15:51]: avatar 1 (  3,  7) -> (  3,  8)
[2015-03-12 21:15:51]: avatar 2 ( 18,  8) -> ( 17,  8)
[2015-03-12 21:15:51]: avatar 3 (  9,  5) -> (  8,  5)
[2015-03-12 21:15:51]: avatar 4 ( 16,  9) -> ( 16,  8)
[2015-03-12 21:15:51]: avatar 5 ( 17,  9) -> ( 16,  9)
[2015-03-12 21:15:51]: avatar 6 ( 10,  5) -> (  9,  5)
[2015-03-12 21:15:51]: avatar 7 ( 17,  9) -> ( 16,  9)
[2015-03-12 21:15:51]: avatar 8 ( 19, 15) -> ( 19, 14)
[2015-03-12 21:15:51]: avatar 1 (  3,  8) -> (  2,  8)
[2015-03-12 21:15:51]: avatar 2 ( 17,  8) -> ( 17,  9)
[2015-03-12 21:15:51]: avatar 3 (  8,  5) -> (  7,  5)
[2015-03-12 21:15:51]: avatar 4 ( 16,  8) -> ( 15,  8)
[2015-03-12 21:15:51]: avatar 5 ( 16,  9) -> ( 16,  8)
[2015-03-12 21:15:51]: avatar 6 (  9,  5) -> (  8,  5)
[2015-03-12 21:15:51]: avatar 7 ( 16,  9) -> ( 16,  8)
[2015-03-12 21:15:51]: avatar 8 ( 19, 14) -> ( 19, 13)
[2015-03-12 21:15:51]: avatar 1 (  2,  8) -> (  2,  9)
[2015-03-12 21:15:51]: avatar 2 ( 17,  9) -> ( 16,  9)
[2015-03-12 21:15:51]: avatar 3 (  7,  5) -> (  7,  6)
[2015-03-12 21:15:51]: avatar 4 ( 15,  8) -> ( 15,  9)
[2015-03-12 21:15:51]: avatar 5 ( 16,  8) -> ( 15,  8)
[2015-03-12 21:15:51]: avatar 6 (  8,  5) -> (  7,  5)
[2015-03-12 21:15:51]: avatar 7 ( 16,  8) -> ( 15,  8)
[2015-03-12 21:15:51]: avatar 8 ( 19, 13) -> ( 18, 13)
[2015-03-12 21:15:51]: avatar 1 (  2,  9) -> (  2, 10)
[2015-03-12 21:15:51]: avatar 2 ( 16,  9) -> ( 16,  8)
[2015-03-12 21:15:51]: avatar 3 (  7,  6) -> (  8,  6)
[2015-03-12 21:15:51]: avatar 4 ( 15,  9) -> ( 14,  9)
[2015-03-12 21:15:51]: avatar 5 ( 15,  8) -> ( 15,  9)
[2015-03-12 21:15:51]: avatar 6 (  7,  5) -> (  7,  6)
[2015-03-12 21:15:51]: avatar 7 ( 15,  8) -> ( 15,  9)
[2015-03-12 21:15:51]: avatar 8 ( 18, 13) -> ( 18, 12)
[2015-03-12 21:15:52]: avatar 1 (  2, 10) -> (  2, 11)
[2015-03-12 21:15:52]: avatar 2 ( 16,  8) -> ( 15,  8)
[2015-03-12 21:15:52]: avatar 3 (  8,  6) -> (  8,  7)
[2015-03-12 21:15:52]: avatar 4 ( 14,  9) -> ( 14, 10)
[2015-03-12 21:15:52]: avatar 5 ( 15,  9) -> ( 14,  9)
[2015-03-12 21:15:52]: avatar 6 (  7,  6) -> (  8,  6)
[2015-03-12 21:15:52]: avatar 7 ( 15,  9) -> ( 14,  9)
[2015-03-12 21:15:52]: avatar 8 ( 18, 12) -> ( 18, 11)
[2015-03-12 21:15:52]: avatar 1 (  2, 11) -> (  2, 12)
[2015-03-12 21:15:52]: avatar 2 ( 15,  8) -> ( 15,  9)
[2015-03-12 21:15:52]: avatar 3 (  8,  7) -> (  8,  8)
[2015-03-12 21:15:52]: avatar 4 ( 14, 10) -> ( 15, 10)
[2015-03-12 21:15:52]: avatar 5 ( 14,  9) -> ( 14, 10)
[2015-03-12 21:15:52]: avatar 6 (  8,  6) -> (  8,  7)
[2015-03-12 21:15:52]: avatar 7 ( 14,  9) -> ( 14, 10)
[2015-03-12 21:15:52]: avatar 8 ( 18, 11) -> ( 17, 11)
[2015-03-12 21:15:52]: avatar 1 (  2, 12) -> (  3, 12)
[2015-03-12 21:15:52]: avatar 2 ( 15,  9) -> ( 14,  9)
[2015-03-12 21:15:52]: avatar 3 (  8,  8) -> (  7,  8)
[2015-03-12 21:15:52]: avatar 4 ( 15, 10) -> ( 16, 10)
[2015-03-12 21:15:52]: avatar 5 ( 14, 10) -> ( 15, 10)
[2015-03-12 21:15:52]: avatar 6 (  8,  7) -> (  8,  8)
[2015-03-12 21:15:52]: avatar 7 ( 14, 10) -> ( 15, 10)
[2015-03-12 21:15:52]: avatar 8 ( 17, 11) -> ( 16, 11)
[2015-03-12 21:15:52]: avatar 1 (  3, 12) -> (  4, 12)
[2015-03-12 21:15:52]: avatar 2 ( 14,  9) -> ( 14, 10)
[2015-03-12 21:15:52]: avatar 3 (  7,  8) -> (  7,  9)
[2015-03-12 21:15:52]: avatar 4 ( 16, 10) -> ( 16, 10)
[2015-03-12 21:15:52]: avatar 5 ( 15, 10) -> ( 16, 10)
[2015-03-12 21:15:52]: avatar 6 (  8,  8) -> (  7,  8)
[2015-03-12 21:15:52]: avatar 7 ( 15, 10) -> ( 16, 10)
[2015-03-12 21:15:52]: avatar 8 ( 16, 11) -> ( 16, 10)
[2015-03-12 21:15:52]: avatar 1 (  4, 12) -> (  4, 13)
[2015-03-12 21:15:52]: avatar 2 ( 14, 10) -> ( 15, 10)
[2015-03-12 21:15:52]: avatar 3 (  7,  9) -> (  8,  9)
[2015-03-12 21:15:52]: avatar 4 ( 16, 10) -> ( 15, 10)
[2015-03-12 21:15:52]: avatar 5 ( 16, 10) -> ( 16, 11)
[2015-03-12 21:15:52]: avatar 6 (  7,  8) -> (  7,  9)
[2015-03-12 21:15:52]: avatar 7 ( 16, 10) -> ( 16, 11)
[2015-03-12 21:15:52]: avatar 8 ( 16, 10) -> ( 15, 10)
[2015-03-12 21:15:52]: avatar 1 (  4, 13) -> (  3, 13)
[2015-03-12 21:15:52]: avatar 2 ( 15, 10) -> ( 16, 10)
[2015-03-12 21:15:52]: avatar 3 (  8,  9) -> (  8, 10)
[2015-03-12 21:15:52]: avatar 4 ( 15, 10) -> ( 16, 10)
[2015-03-12 21:15:52]: avatar 5 ( 16, 11) -> ( 17, 11)
[2015-03-12 21:15:52]: avatar 6 (  7,  9) -> (  8,  9)
[2015-03-12 21:15:52]: avatar 7 ( 16, 11) -> ( 17, 11)
[2015-03-12 21:15:52]: avatar 8 ( 15, 10) -> ( 16, 10)
[2015-03-12 21:15:52]: avatar 1 (  3, 13) -> (  4, 13)
[2015-03-12 21:15:52]: avatar 2 ( 16, 10) -> ( 16, 11)
[2015-03-12 21:15:52]: avatar 3 (  8, 10) -> (  8, 11)
[2015-03-12 21:15:52]: avatar 4 ( 16, 10) -> ( 16, 11)
[2015-03-12 21:15:52]: avatar 5 ( 17, 11) -> ( 18, 11)
[2015-03-12 21:15:52]: avatar 6 (  8,  9) -> (  8, 10)
[2015-03-12 21:15:52]: avatar 7 ( 17, 11) -> ( 18, 11)
[2015-03-12 21:15:52]: avatar 8 ( 16, 10) -> ( 16, 11)
[2015-03-12 21:15:52]: avatar 1 (  4, 13) -> (  4, 12)
[2015-03-12 21:15:52]: avatar 2 ( 16, 11) -> ( 17, 11)
[2015-03-12 21:15:52]: avatar 3 (  8, 11) -> (  9, 11)
[2015-03-12 21:15:52]: avatar 4 ( 16, 11) -> ( 17, 11)
[2015-03-12 21:15:52]: avatar 5 ( 18, 11) -> ( 18, 12)
[2015-03-12 21:15:52]: avatar 6 (  8, 10) -> (  8, 11)
[2015-03-12 21:15:52]: avatar 7 ( 18, 11) -> ( 18, 12)
[2015-03-12 21:15:52]: avatar 8 ( 16, 11) -> ( 17, 11)
[2015-03-12 21:15:52]: avatar 1 (  4, 12) -> (  3, 12)
[2015-03-12 21:15:52]: avatar 2 ( 17, 11) -> ( 18, 11)
[2015-03-12 21:15:52]: avatar 3 (  9, 11) -> (  9, 12)
[2015-03-12 21:15:52]: avatar 4 ( 17, 11) -> ( 18, 11)
[2015-03-12 21:15:52]: avatar 5 ( 18, 12) -> ( 18, 13)
[2015-03-12 21:15:52]: avatar 6 (  8, 11) -> (  9, 11)
[2015-03-12 21:15:52]: avatar 7 ( 18, 12) -> ( 18, 13)
[2015-03-12 21:15:52]: avatar 8 ( 17, 11) -> ( 18, 11)
[2015-03-12 21:15:52]: avatar 1 (  3, 12) -> (  2, 12)
[2015-03-12 21:15:52]: avatar 2 ( 18, 11) -> ( 18, 12)
[2015-03-12 21:15:52]: avatar 3 (  9, 12) -> ( 10, 12)
[2015-03-12 21:15:52]: avatar 4 ( 18, 11) -> ( 18, 12)
[2015-03-12 21:15:52]: avatar 5 ( 18, 13) -> ( 19, 13)
[2015-03-12 21:15:52]: avatar 6 (  9, 11) -> (  9, 12)
[2015-03-12 21:15:52]: avatar 7 ( 18, 13) -> ( 19, 13)
[2015-03-12 21:15:52]: avatar 8 ( 18, 11) -> ( 18, 12)
[2015-03-12 21:15:52]: avatar 1 (  2, 12) -> (  2, 11)
[2015-03-12 21:15:52]: avatar 2 ( 18, 12) -> ( 18, 13)
[2015-03-12 21:15:52]: avatar 3 ( 10, 12) -> ( 10, 13)
[2015-03-12 21:15:52]: avatar 4 ( 18, 12) -> ( 18, 13)
[2015-03-12 21:15:52]: avatar 5 ( 19, 13) -> ( 19, 14)
[2015-03-12 21:15:52]: avatar 6 (  9, 12) -> ( 10, 12)
[2015-03-12 21:15:52]: avatar 7 ( 19, 13) -> ( 19, 14)
[2015-03-12 21:15:52]: avatar 8 ( 18, 12) -> ( 18, 13)
[2015-03-12 21:15:52]: avatar 1 (  2, 11) -> (  2, 10)
[2015-03-12 21:15:52]: avatar 2 ( 18, 13) -> ( 19, 13)
[2015-03-12 21:15:52]: avatar 3 ( 10, 13) -> ( 11, 13)
[2015-03-12 21:15:52]: avatar 4 ( 18, 13) -> ( 19, 13)
[2015-03-12 21:15:52]: avatar 5 ( 19, 14) -> ( 19, 15)
[2015-03-12 21:15:52]: avatar 6 ( 10, 12) -> ( 10, 13)
[2015-03-12 21:15:52]: avatar 7 ( 19, 14) -> ( 19, 15)
[2015-03-12 21:15:52]: avatar 8 ( 18, 13) -> ( 19, 13)
[2015-03-12 21:15:53]: avatar 1 (  2, 10) -> (  2,  9)
[2015-03-12 21:15:53]: avatar 2 ( 19, 13) -> ( 19, 14)
[2015-03-12 21:15:53]: avatar 3 ( 11, 13) -> ( 12, 13)
[2015-03-12 21:15:53]: avatar 4 ( 19, 13) -> ( 19, 14)
[2015-03-12 21:15:53]: avatar 5 ( 19, 15) -> ( 19, 16)
[2015-03-12 21:15:53]: avatar 6 ( 10, 13) -> ( 11, 13)
[2015-03-12 21:15:53]: avatar 7 ( 19, 15) -> ( 19, 16)
[2015-03-12 21:15:53]: avatar 8 ( 19, 13) -> ( 19, 14)
[2015-03-12 21:15:53]: avatar 1 (  2,  9) -> (  2,  8)
[2015-03-12 21:15:53]: avatar 2 ( 19, 14) -> ( 19, 15)
[2015-03-12 21:15:53]: avatar 3 ( 12, 13) -> ( 12, 12)
[2015-03-12 21:15:53]: avatar 4 ( 19, 14) -> ( 19, 15)
[2015-03-12 21:15:53]: avatar 5 ( 19, 16) -> ( 19, 17)
[2015-03-12 21:15:53]: avatar 6 ( 11, 13) -> ( 12, 13)
[2015-03-12 21:15:53]: avatar 7 ( 19, 16) -> ( 19, 17)
[2015-03-12 21:15:53]: avatar 8 ( 19, 14) -> ( 19, 15)
[2015-03-12 21:15:53]: avatar 1 (  2,  8) -> (  3,  8)
[2015-03-12 21:15:53]: avatar 2 ( 19, 15) -> ( 19, 16)
[2015-03-12 21:15:53]: avatar 3 ( 12, 12) -> ( 13, 12)
[2015-03-12 21:15:53]: avatar 4 ( 19, 15) -> ( 19, 16)
[2015-03-12 21:15:53]: avatar 5 ( 19, 17) -> ( 19, 18)
[2015-03-12 21:15:53]: avatar 6 ( 12, 13) -> ( 12, 12)
[2015-03-12 21:15:53]: avatar 7 ( 19, 17) -> ( 19, 18)
[2015-03-12 21:15:53]: avatar 8 ( 19, 15) -> ( 19, 16)
[2015-03-12 21:15:53]: avatar 1 (  3,  8) -> (  3,  7)
[2015-03-12 21:15:53]: avatar 2 ( 19, 16) -> ( 19, 17)
[2015-03-12 21:15:53]: avatar 3 ( 13, 12) -> ( 13, 13)
[2015-03-12 21:15:53]: avatar 4 ( 19, 16) -> ( 19, 17)
[2015-03-12 21:15:53]: avatar 5 ( 19, 18) -> ( 19, 19)
[2015-03-12 21:15:53]: avatar 6 ( 12, 12) -> ( 13, 12)
[2015-03-12 21:15:53]: avatar 7 ( 19, 18) -> ( 19, 19)
[2015-03-12 21:15:53]: avatar 8 ( 19, 16) -> ( 19, 17)
[2015-03-12 21:15:53]: avatar 1 (  3,  7) -> (  2,  7)
[2015-03-12 21:15:53]: avatar 2 ( 19, 17) -> ( 19, 18)
[2015-03-12 21:15:53]: avatar 3 ( 13, 13) -> ( 13, 14)
[2015-03-12 21:15:53]: avatar 4 ( 19, 17) -> ( 19, 18)
[2015-03-12 21:15:53]: avatar 5 ( 19, 19) -> ( 18, 19)
[2015-03-12 21:15:53]: avatar 6 ( 13, 12) -> ( 13, 13)
[2015-03-12 21:15:53]: avatar 7 ( 19, 19) -> ( 18, 19)
[2015-03-12 21:15:53]: avatar 8 ( 19, 17) -> ( 19, 18)
[2015-03-12 21:15:53]: avatar 1 (  2,  7) -> (  1,  7)
[2015-03-12 21:15:53]: avatar 2 ( 19, 18) -> ( 19, 19)
[2015-03-12 21:15:53]: avatar 3 ( 13, 14) -> ( 14, 14)
[2015-03-12 21:15:53]: avatar 4 ( 19, 18) -> ( 19, 19)
[2015-03-12 21:15:53]: avatar 5 ( 18, 19) -> ( 17, 19)
[2015-03-12 21:15:53]: avatar 6 ( 13, 13) -> ( 13, 14)
[2015-03-12 21:15:53]: avatar 7 ( 18, 19) -> ( 17, 19)
[2015-03-12 21:15:53]: avatar 8 ( 19, 18) -> ( 19, 19)
[2015-03-12 21:15:53]: avatar 1 (  1,  7) -> (  1,  6)
[2015-03-12 21:15:53]: avatar 2 ( 19, 19) -> ( 18, 19)
[2015-03-12 21:15:53]: avatar 3 ( 14, 14) -> ( 14, 15)
[2015-03-12 21:15:53]: avatar 4 ( 19, 19) -> ( 18, 19)
[2015-03-12 21:15:53]: avatar 5 ( 17, 19) -> ( 17, 18)
[2015-03-12 21:15:53]: avatar 6 ( 13, 14) -> ( 14, 14)
[2015-03-12 21:15:53]: avatar 7 ( 17, 19) -> ( 17, 18)
[2015-03-12 21:15:53]: avatar 8 ( 19, 19) -> ( 18, 19)
[2015-03-12 21:15:53]: avatar 1 (  1,  6) -> (  0,  6)
[2015-03-12 21:15:53]: avatar 2 ( 18, 19) -> ( 17, 19)
[2015-03-12 21:15:53]: avatar 3 ( 14, 15) -> ( 14, 16)
[2015-03-12 21:15:53]: avatar 4 ( 18, 19) -> ( 17, 19)
[2015-03-12 21:15:53]: avatar 5 ( 17, 18) -> ( 18, 18)
[2015-03-12 21:15:53]: avatar 6 ( 14, 14) -> ( 14, 15)
[2015-03-12 21:15:53]: avatar 7 ( 17, 18) -> ( 18, 18)
[2015-03-12 21:15:53]: avatar 8 ( 18, 19) -> ( 17, 19)
[2015-03-12 21:15:53]: avatar 1 (  0,  6) -> (  0,  5)
[2015-03-12 21:15:53]: avatar 2 ( 17, 19) -> ( 17, 18)
[2015-03-12 21:15:53]: avatar 3 ( 14, 16) -> ( 13, 16)
[2015-03-12 21:15:53]: avatar 4 ( 17, 19) -> ( 17, 18)
[2015-03-12 21:15:53]: avatar 5 ( 18, 18) -> ( 18, 17)
[2015-03-12 21:15:53]: avatar 6 ( 14, 15) -> ( 14, 16)
[2015-03-12 21:15:53]: avatar 7 ( 18, 18) -> ( 18, 17)
[2015-03-12 21:15:53]: avatar 8 ( 17, 19) -> ( 17, 18)
[2015-03-12 21:15:53]: avatar 1 (  0,  5) -> (  1,  5)
[2015-03-12 21:15:53]: avatar 2 ( 17, 18) -> ( 18, 18)
[2015-03-12 21:15:53]: avatar 3 ( 13, 16) -> ( 12, 16)
[2015-03-12 21:15:53]: avatar 4 ( 17, 18) -> ( 18, 18)
[2015-03-12 21:15:53]: avatar 5 ( 18, 17) -> ( 18, 16)
[2015-03-12 21:15:53]: avatar 6 ( 14, 16) -> ( 13, 16)
[2015-03-12 21:15:53]: avatar 7 ( 18, 17) -> ( 18, 16)
[2015-03-12 21:15:53]: avatar 8 ( 17, 18) -> ( 18, 18)
[2015-03-12 21:15:53]: avatar 1 (  1,  5) -> (  2,  5)
[2015-03-12 21:15:53]: avatar 2 ( 18, 18) -> ( 18, 17)
[2015-03-12 21:15:53]: avatar 3 ( 12, 16) -> ( 11, 16)
[2015-03-12 21:15:53]: avatar 4 ( 18, 18) -> ( 18, 17)
[2015-03-12 21:15:53]: avatar 5 ( 18, 16) -> ( 17, 16)
[2015-03-12 21:15:53]: avatar 6 ( 13, 16) -> ( 12, 16)
[2015-03-12 21:15:53]: avatar 7 ( 18, 16) -> ( 17, 16)
[2015-03-12 21:15:53]: avatar 8 ( 18, 18) -> ( 18, 17)
[2015-03-12 21:15:54]: avatar 1 (  2,  5) -> (  2,  4)
[2015-03-12 21:15:54]: avatar 2 ( 18, 17) -> ( 18, 16)
[2015-03-12 21:15:54]: avatar 3 ( 11, 16) -> ( 11, 17)
[2015-03-12 21:15:54]: avatar 4 ( 18, 17) -> ( 18, 16)
[2015-03-12 21:15:54]: avatar 5 ( 17, 16) -> ( 17, 15)
[2015-03-12 21:15:54]: avatar 6 ( 12, 16) -> ( 11, 16)
[2015-03-12 21:15:54]: avatar 7 ( 17, 16) -> ( 17, 15)
[2015-03-12 21:15:54]: avatar 8 ( 18, 17) -> ( 18, 16)
[2015-03-12 21:15:54]: avatar 1 (  2,  4) -> (  1,  4)
[2015-03-12 21:15:54]: avatar 2 ( 18, 16) -> ( 17, 16)
[2015-03-12 21:15:54]: avatar 3 ( 11, 17) -> ( 12, 17)
[2015-03-12 21:15:54]: avatar 4 ( 18, 16) -> ( 17, 16)
[2015-03-12 21:15:54]: avatar 5 ( 17, 15) -> ( 18, 15)
[2015-03-12 21:15:54]: avatar 6 ( 11, 16) -> ( 11, 17)
[2015-03-12 21:15:54]: avatar 7 ( 17, 15) -> ( 18, 15)
[2015-03-12 21:15:54]: avatar 8 ( 18, 16) -> ( 17, 16)
[2015-03-12 21:15:54]: avatar 1 (  1,  4) -> (  0,  4)
[2015-03-12 21:15:54]: avatar 2 ( 17, 16) -> ( 17, 15)
[2015-03-12 21:15:54]: avatar 3 ( 12, 17) -> ( 13, 17)
[2015-03-12 21:15:54]: avatar 4 ( 17, 16) -> ( 17, 15)
[2015-03-12 21:15:54]: avatar 5 ( 18, 15) -> ( 18, 14)
[2015-03-12 21:15:54]: avatar 6 ( 11, 17) -> ( 12, 17)
[2015-03-12 21:15:54]: avatar 7 ( 18, 15) -> ( 18, 14)
[2015-03-12 21:15:54]: avatar 8 ( 17, 16) -> ( 17, 15)
[2015-03-12 21:15:54]: avatar 1 (  0,  4) -> (  0,  3)
[2015-03-12 21:15:54]: avatar 2 ( 17, 15) -> ( 18, 15)
[2015-03-12 21:15:54]: avatar 3 ( 13, 17) -> ( 13, 18)
[2015-03-12 21:15:54]: avatar 4 ( 17, 15) -> ( 18, 15)
[2015-03-12 21:15:54]: avatar 5 ( 18, 14) -> ( 17, 14)
[2015-03-12 21:15:54]: avatar 6 ( 12, 17) -> ( 13, 17)
[2015-03-12 21:15:54]: avatar 7 ( 18, 14) -> ( 17, 14)
[2015-03-12 21:15:54]: avatar 8 ( 17, 15) -> ( 18, 15)
[2015-03-12 21:15:54]: avatar 1 (  0,  3) -> (  1,  3)
[2015-03-12 21:15:54]: avatar 2 ( 18, 15) -> ( 18, 14)
[2015-03-12 21:15:54]: avatar 3 ( 13, 18) -> ( 14, 18)
[2015-03-12 21:15:54]: avatar 4 ( 18, 15) -> ( 18, 14)
[2015-03-12 21:15:54]: avatar 5 ( 17, 14) -> ( 17, 13)
[2015-03-12 21:15:54]: avatar 6 ( 13, 17) -> ( 13, 18)
[2015-03-12 21:15:54]: avatar 7 ( 17, 14) -> ( 17, 13)
[2015-03-12 21:15:54]: avatar 8 ( 18, 15) -> ( 18, 14)
[2015-03-12 21:15:54]: avatar 1 (  1,  3) -> (  1,  2)
[2015-03-12 21:15:54]: avatar 2 ( 18, 14) -> ( 17, 14)
[2015-03-12 21:15:54]: avatar 3 ( 14, 18) -> ( 14, 19)
[2015-03-12 21:15:54]: avatar 4 ( 18, 14) -> ( 17, 14)
[2015-03-12 21:15:54]: avatar 5 ( 17, 13) -> ( 17, 12)
[2015-03-12 21:15:54]: avatar 6 ( 13, 18) -> ( 14, 18)
[2015-03-12 21:15:54]: avatar 7 ( 17, 13) -> ( 17, 12)
[2015-03-12 21:15:54]: avatar 8 ( 18, 14) -> ( 17, 14)
[2015-03-12 21:15:54]: avatar 1 (  1,  2) -> (  1,  1)
[2015-03-12 21:15:54]: avatar 2 ( 17, 14) -> ( 17, 13)
[2015-03-12 21:15:54]: avatar 3 ( 14, 19) -> ( 13, 19)
[2015-03-12 21:15:54]: avatar 4 ( 17, 14) -> ( 17, 13)
[2015-03-12 21:15:54]: avatar 5 ( 17, 12) -> ( 16, 12)
[2015-03-12 21:15:54]: avatar 6 ( 14, 18) -> ( 14, 19)
[2015-03-12 21:15:54]: avatar 7 ( 17, 12) -> ( 16, 12)
[2015-03-12 21:15:54]: avatar 8 ( 17, 14) -> ( 17, 13)
[2015-03-12 21:15:55]: avatar 1 (  1,  1) -> (  2,  1)
[2015-03-12 21:15:55]: avatar 2 ( 17, 13) -> ( 17, 12)
[2015-03-12 21:15:55]: avatar 3 ( 13, 19) -> ( 12, 19)
[2015-03-12 21:15:55]: avatar 4 ( 17, 13) -> ( 17, 12)
[2015-03-12 21:15:55]: avatar 5 ( 16, 12) -> ( 16, 13)
[2015-03-12 21:15:55]: avatar 6 ( 14, 19) -> ( 13, 19)
[2015-03-12 21:15:55]: avatar 7 ( 16, 12) -> ( 16, 13)
[2015-03-12 21:15:55]: avatar 8 ( 17, 13) -> ( 17, 12)
[2015-03-12 21:15:55]: avatar 1 (  2,  1) -> (  2,  2)
[2015-03-12 21:15:55]: avatar 2 ( 17, 12) -> ( 16, 12)
[2015-03-12 21:15:55]: avatar 3 ( 12, 19) -> ( 11, 19)
[2015-03-12 21:15:55]: avatar 4 ( 17, 12) -> ( 16, 12)
[2015-03-12 21:15:55]: avatar 5 ( 16, 13) -> ( 16, 14)
[2015-03-12 21:15:55]: avatar 6 ( 13, 19) -> ( 12, 19)
[2015-03-12 21:15:55]: avatar 7 ( 16, 13) -> ( 16, 14)
[2015-03-12 21:15:55]: avatar 8 ( 17, 12) -> ( 16, 12)
[2015-03-12 21:15:55]: avatar 1 (  2,  2) -> (  3,  2)
[2015-03-12 21:15:55]: avatar 2 ( 16, 12) -> ( 16, 13)
[2015-03-12 21:15:55]: avatar 3 ( 11, 19) -> ( 10, 19)
[2015-03-12 21:15:55]: avatar 4 ( 16, 12) -> ( 16, 13)
[2015-03-12 21:15:55]: avatar 5 ( 16, 14) -> ( 15, 14)
[2015-03-12 21:15:55]: avatar 6 ( 12, 19) -> ( 11, 19)
[2015-03-12 21:15:55]: avatar 7 ( 16, 14) -> ( 15, 14)
[2015-03-12 21:15:55]: avatar 8 ( 16, 12) -> ( 16, 13)
[2015-03-12 21:15:55]: avatar 1 (  3,  2) -> (  3,  1)
[2015-03-12 21:15:55]: avatar 2 ( 16, 13) -> ( 16, 14)
[2015-03-12 21:15:55]: avatar 3 ( 10, 19) -> ( 10, 18)
[2015-03-12 21:15:55]: avatar 4 ( 16, 13) -> ( 16, 14)
[2015-03-12 21:15:55]: avatar 5 ( 15, 14) -> ( 15, 15)
[2015-03-12 21:15:55]: avatar 6 ( 11, 19) -> ( 10, 19)
[2015-03-12 21:15:55]: avatar 7 ( 15, 14) -> ( 15, 15)
[2015-03-12 21:15:55]: avatar 8 ( 16, 13) -> ( 16, 14)
[2015-03-12 21:15:55]: avatar 1 (  3,  1) -> (  3,  0)
[2015-03-12 21:15:55]: avatar 2 ( 16, 14) -> ( 15, 14)
[2015-03-12 21:15:55]: avatar 3 ( 10, 18) -> (  9, 18)
[2015-03-12 21:15:55]: avatar 4 ( 16, 14) -> ( 15, 14)
[2015-03-12 21:15:55]: avatar 5 ( 15, 15) -> ( 16, 15)
[2015-03-12 21:15:55]: avatar 6 ( 10, 19) -> ( 10, 18)
[2015-03-12 21:15:55]: avatar 7 ( 15, 15) -> ( 16, 15)
[2015-03-12 21:15:55]: avatar 8 ( 16, 14) -> ( 15, 14)
[2015-03-12 21:15:55]: avatar 1 (  3,  0) -> (  4,  0)
[2015-03-12 21:15:55]: avatar 2 ( 15, 14) -> ( 15, 15)
[2015-03-12 21:15:55]: avatar 3 (  9, 18) -> (  9, 19)
[2015-03-12 21:15:55]: avatar 4 ( 15, 14) -> ( 15, 15)
[2015-03-12 21:15:55]: avatar 5 ( 16, 15) -> ( 16, 16)
[2015-03-12 21:15:55]: avatar 6 ( 10, 18) -> (  9, 18)
[2015-03-12 21:15:55]: avatar 7 ( 16, 15) -> ( 16, 16)
[2015-03-12 21:15:55]: avatar 8 ( 15, 14) -> ( 15, 15)
[2015-03-12 21:15:55]: avatar 1 (  4,  0) -> (  5,  0)
[2015-03-12 21:15:55]: avatar 2 ( 15, 15) -> ( 16, 15)
[2015-03-12 21:15:55]: avatar 3 (  9, 19) -> (  8, 19)
[2015-03-12 21:15:55]: avatar 4 ( 15, 15) -> ( 16, 15)
[2015-03-12 21:15:55]: avatar 5 ( 16, 16) -> ( 15, 16)
[2015-03-12 21:15:55]: avatar 6 (  9, 18) -> (  9, 19)
[2015-03-12 21:15:55]: avatar 7 ( 16, 16) -> ( 15, 16)
[2015-03-12 21:15:55]: avatar 8 ( 15, 15) -> ( 16, 15)
[2015-03-12 21:15:55]: avatar 1 (  5,  0) -> (  5,  1)
[2015-03-12 21:15:55]: avatar 2 ( 16, 15) -> ( 16, 16)
[2015-03-12 21:15:55]: avatar 3 (  8, 19) -> (  8, 18)
[2015-03-12 21:15:55]: avatar 4 ( 16, 15) -> ( 16, 16)
[2015-03-12 21:15:55]: avatar 5 ( 15, 16) -> ( 15, 17)
[2015-03-12 21:15:55]: avatar 6 (  9, 19) -> (  8, 19)
[2015-03-12 21:15:55]: avatar 7 ( 15, 16) -> ( 15, 17)
[2015-03-12 21:15:55]: avatar 8 ( 16, 15) -> ( 16, 16)
[2015-03-12 21:15:55]: avatar 1 (  5,  1) -> (  6,  1)
[2015-03-12 21:15:55]: avatar 2 ( 16, 16) -> ( 15, 16)
[2015-03-12 21:15:55]: avatar 3 (  8, 18) -> (  8, 17)
[2015-03-12 21:15:55]: avatar 4 ( 16, 16) -> ( 15, 16)
[2015-03-12 21:15:55]: avatar 5 ( 15, 17) -> ( 15, 18)
[2015-03-12 21:15:55]: avatar 6 (  8, 19) -> (  8, 18)
[2015-03-12 21:15:55]: avatar 7 ( 15, 17) -> ( 15, 18)
[2015-03-12 21:15:55]: avatar 8 ( 16, 16) -> ( 15, 16)
[2015-03-12 21:15:55]: avatar 1 (  6,  1) -> (  6,  0)
[2015-03-12 21:15:55]: avatar 2 ( 15, 16) -> ( 15, 17)
[2015-03-12 21:15:55]: avatar 3 (  8, 17) -> (  9, 17)
[2015-03-12 21:15:55]: avatar 4 ( 15, 16) -> ( 15, 17)
[2015-03-12 21:15:55]: avatar 5 ( 15, 18) -> ( 15, 19)
[2015-03-12 21:15:55]: avatar 6 (  8, 18) -> (  8, 17)
[2015-03-12 21:15:55]: avatar 7 ( 15, 18) -> ( 15, 19)
[2015-03-12 21:15:55]: avatar 8 ( 15, 16) -> ( 15, 17)
[2015-03-12 21:15:56]: avatar 1 (  6,  0) -> (  7,  0)
[2015-03-12 21:15:56]: avatar 2 ( 15, 17) -> ( 15, 18)
[2015-03-12 21:15:56]: avatar 3 (  9, 17) -> (  9, 16)
[2015-03-12 21:15:56]: avatar 4 ( 15, 17) -> ( 15, 18)
[2015-03-12 21:15:56]: avatar 5 ( 15, 19) -> ( 14, 19)
[2015-03-12 21:15:56]: avatar 6 (  8, 17) -> (  9, 17)
[2015-03-12 21:15:56]: avatar 7 ( 15, 19) -> ( 14, 19)
[2015-03-12 21:15:56]: avatar 8 ( 15, 17) -> ( 15, 18)
[2015-03-12 21:15:56]: avatar 1 (  7,  0) -> (  8,  0)
[2015-03-12 21:15:56]: avatar 2 ( 15, 18) -> ( 15, 19)
[2015-03-12 21:15:56]: avatar 3 (  9, 16) -> (  9, 15)
[2015-03-12 21:15:56]: avatar 4 ( 15, 18) -> ( 15, 19)
[2015-03-12 21:15:56]: avatar 5 ( 14, 19) -> ( 14, 18)
[2015-03-12 21:15:56]: avatar 6 (  9, 17) -> (  9, 16)
[2015-03-12 21:15:56]: avatar 7 ( 14, 19) -> ( 14, 18)
[2015-03-12 21:15:56]: avatar 8 ( 15, 18) -> ( 15, 19)
[2015-03-12 21:15:56]: avatar 1 (  8,  0) -> (  9,  0)
[2015-03-12 21:15:56]: avatar 2 ( 15, 19) -> ( 14, 19)
[2015-03-12 21:15:56]: avatar 3 (  9, 15) -> (  9, 14)
[2015-03-12 21:15:56]: avatar 4 ( 15, 19) -> ( 14, 19)
[2015-03-12 21:15:56]: avatar 5 ( 14, 18) -> ( 13, 18)
[2015-03-12 21:15:56]: avatar 6 (  9, 16) -> (  9, 15)
[2015-03-12 21:15:56]: avatar 7 ( 14, 18) -> ( 13, 18)
[2015-03-12 21:15:56]: avatar 8 ( 15, 19) -> ( 14, 19)
[2015-03-12 21:15:56]: avatar 1 (  9,  0) -> (  9,  1)
[2015-03-12 21:15:56]: avatar 2 ( 14, 19) -> ( 14, 18)
[2015-03-12 21:15:56]: avatar 3 (  9, 14) -> ( 10, 14)
[2015-03-12 21:15:56]: avatar 4 ( 14, 19) -> ( 14, 18)
[2015-03-12 21:15:56]: avatar 5 ( 13, 18) -> ( 13, 17)
[2015-03-12 21:15:56]: avatar 6 (  9, 15) -> (  9, 14)
[2015-03-12 21:15:56]: avatar 7 ( 13, 18) -> ( 13, 17)
[2015-03-12 21:15:56]: avatar 8 ( 14, 19) -> ( 14, 18)
[2015-03-12 21:15:56]: avatar 1 (  9,  1) -> (  8,  1)
[2015-03-12 21:15:56]: avatar 2 ( 14, 18) -> ( 13, 18)
[2015-03-12 21:15:56]: avatar 3 ( 10, 14) -> ( 10, 14)
[2015-03-12 21:15:56]: avatar 4 ( 14, 18) -> ( 13, 18)
[2015-03-12 21:15:56]: avatar 5 ( 13, 17) -> ( 12, 17)
[2015-03-12 21:15:56]: avatar 6 (  9, 14) -> ( 10, 14)
[2015-03-12 21:15:56]: avatar 7 ( 13, 17) -> ( 12, 17)
[2015-03-12 21:15:56]: avatar 8 ( 14, 18) -> ( 13, 18)
[2015-03-12 21:15:56]: avatar 1 (  8,  1) -> (  8,  2)
[2015-03-12 21:15:56]: avatar 2 ( 13, 18) -> ( 13, 17)
[2015-03-12 21:15:56]: avatar 3 ( 10, 14) -> (  9, 14)
[2015-03-12 21:15:56]: avatar 4 ( 13, 18) -> ( 13, 17)
[2015-03-12 21:15:56]: avatar 5 ( 12, 17) -> ( 11, 17)
[2015-03-12 21:15:56]: avatar 6 ( 10, 14) -> (  9, 14)
[2015-03-12 21:15:56]: avatar 7 ( 12, 17) -> ( 11, 17)
[2015-03-12 21:15:56]: avatar 8 ( 13, 18) -> ( 13, 17)
[2015-03-12 21:15:56]: avatar 1 (  8,  2) -> (  8,  3)
[2015-03-12 21:15:56]: avatar 2 ( 13, 17) -> ( 12, 17)
[2015-03-12 21:15:56]: avatar 3 (  9, 14) -> (  9, 15)
[2015-03-12 21:15:56]: avatar 4 ( 13, 17) -> ( 12, 17)
[2015-03-12 21:15:56]: avatar 5 ( 11, 17) -> ( 11, 16)
[2015-03-12 21:15:56]: avatar 6 (  9, 14) -> (  9, 15)
[2015-03-12 21:15:56]: avatar 7 ( 11, 17) -> ( 11, 16)
[2015-03-12 21:15:56]: avatar 8 ( 13, 17) -> ( 12, 17)
[2015-03-12 21:15:56]: avatar 1 (  8,  3) -> (  9,  3)
[2015-03-12 21:15:56]: avatar 2 ( 12, 17) -> ( 11, 17)
[2015-03-12 21:15:56]: avatar 3 (  9, 15) -> (  9, 16)
[2015-03-12 21:15:56]: avatar 4 ( 12, 17) -> ( 11, 17)
[2015-03-12 21:15:56]: avatar 5 ( 11, 16) -> ( 12, 16)
[2015-03-12 21:15:56]: avatar 6 (  9, 15) -> (  9, 16)
[2015-03-12 21:15:56]: avatar 7 ( 11, 16) -> ( 12, 16)
[2015-03-12 21:15:56]: avatar 8 ( 12, 17) -> ( 11, 17)
[2015-03-12 21:15:56]: avatar 1 (  9,  3) -> (  9,  2)
[2015-03-12 21:15:56]: avatar 2 ( 11, 17) -> ( 11, 16)
[2015-03-12 21:15:56]: avatar 3 (  9, 16) -> (  9, 17)
[2015-03-12 21:15:56]: avatar 4 ( 11, 17) -> ( 11, 16)
[2015-03-12 21:15:56]: avatar 5 ( 12, 16) -> ( 13, 16)
[2015-03-12 21:15:56]: avatar 6 (  9, 16) -> (  9, 17)
[2015-03-12 21:15:56]: avatar 7 ( 12, 16) -> ( 13, 16)
[2015-03-12 21:15:56]: avatar 8 ( 11, 17) -> ( 11, 16)
[2015-03-12 21:15:57]: avatar 1 (  9,  2) -> ( 10,  2)
[2015-03-12 21:15:57]: avatar 2 ( 11, 16) -> ( 12, 16)
[2015-03-12 21:15:57]: avatar 3 (  9, 17) -> (  8, 17)
[2015-03-12 21:15:57]: avatar 4 ( 11, 16) -> ( 12, 16)
[2015-03-12 21:15:57]: avatar 5 ( 13, 16) -> ( 14, 16)
[2015-03-12 21:15:57]: avatar 6 (  9, 17) -> (  8, 17)
[2015-03-12 21:15:57]: avatar 7 ( 13, 16) -> ( 14, 16)
[2015-03-12 21:15:57]: avatar 8 ( 11, 16) -> ( 12, 16)
[2015-03-12 21:15:57]: avatar 1 ( 10,  2) -> ( 10,  1)
[2015-03-12 21:15:57]: avatar 2 ( 12, 16) -> ( 13, 16)
[2015-03-12 21:15:57]: avatar 3 (  8, 17) -> (  8, 18)
[2015-03-12 21:15:57]: avatar 4 ( 12, 16) -> ( 13, 16)
[2015-03-12 21:15:57]: avatar 5 ( 14, 16) -> ( 14, 15)
[2015-03-12 21:15:57]: avatar 6 (  8, 17) -> (  8, 18)
[2015-03-12 21:15:57]: avatar 7 ( 14, 16) -> ( 14, 15)
[2015-03-12 21:15:57]: avatar 8 ( 12, 16) -> ( 13, 16)
[2015-03-12 21:15:57]: avatar 1 ( 10,  1) -> ( 11,  1)
[2015-03-12 21:15:57]: avatar 2 ( 13, 16) -> ( 14, 16)
[2015-03-12 21:15:57]: avatar 3 (  8, 18) -> (  8, 19)
[2015-03-12 21:15:57]: avatar 4 ( 13, 16) -> ( 14, 16)
[2015-03-12 21:15:57]: avatar 5 ( 14, 15) -> ( 14, 14)
[2015-03-12 21:15:57]: avatar 6 (  8, 18) -> (  8, 19)
[2015-03-12 21:15:57]: avatar 7 ( 14, 15) -> ( 14, 14)
[2015-03-12 21:15:57]: avatar 8 ( 13, 16) -> ( 14, 16)
[2015-03-12 21:15:57]: avatar 1 ( 11,  1) -> ( 12,  1)
[2015-03-12 21:15:57]: avatar 2 ( 14, 16) -> ( 14, 15)
[2015-03-12 21:15:57]: avatar 3 (  8, 19) -> (  9, 19)
[2015-03-12 21:15:57]: avatar 4 ( 14, 16) -> ( 14, 15)
[2015-03-12 21:15:57]: avatar 5 ( 14, 14) -> ( 13, 14)
[2015-03-12 21:15:57]: avatar 6 (  8, 19) -> (  9, 19)
[2015-03-12 21:15:57]: avatar 7 ( 14, 14) -> ( 13, 14)
[2015-03-12 21:15:57]: avatar 8 ( 14, 16) -> ( 14, 15)
[2015-03-12 21:15:57]: avatar 1 ( 12,  1) -> ( 13,  1)
[2015-03-12 21:15:57]: avatar 2 ( 14, 15) -> ( 14, 14)
[2015-03-12 21:15:57]: avatar 3 (  9, 19) -> (  9, 18)
[2015-03-12 21:15:57]: avatar 4 ( 14, 15) -> ( 14, 14)
[2015-03-12 21:15:57]: avatar 5 ( 13, 14) -> ( 13, 13)
[2015-03-12 21:15:57]: avatar 6 (  9, 19) -> (  9, 18)
[2015-03-12 21:15:57]: avatar 7 ( 13, 14) -> ( 13, 13)
[2015-03-12 21:15:57]: avatar 8 ( 14, 15) -> ( 14, 14)
[2015-03-12 21:15:57]: avatar 1 ( 13,  1) -> ( 13,  0)
[2015-03-12 21:15:57]: avatar 2 ( 14, 14) -> ( 13, 14)
[2015-03-12 21:15:57]: avatar 3 (  9, 18) -> ( 10, 18)
[2015-03-12 21:15:57]: avatar 4 ( 14, 14) -> ( 13, 14)
[2015-03-12 21:15:57]: avatar 5 ( 13, 13) -> ( 13, 12)
[2015-03-12 21:15:57]: avatar 6 (  9, 18) -> ( 10, 18)
[2015-03-12 21:15:57]: avatar 7 ( 13, 13) -> ( 13, 12)
[2015-03-12 21:15:57]: avatar 8 ( 14, 14) -> ( 13, 14)
[2015-03-12 21:15:57]: avatar 1 ( 13,  0) -> ( 14,  0)
[2015-03-12 21:15:57]: avatar 2 ( 13, 14) -> ( 13, 13)
[2015-03-12 21:15:57]: avatar 3 ( 10, 18) -> ( 10, 19)
[2015-03-12 21:15:57]: avatar 4 ( 13, 14) -> ( 13, 13)
[2015-03-12 21:15:57]: avatar 5 ( 13, 12) -> ( 12, 12)
[2015-03-12 21:15:57]: avatar 6 ( 10, 18) -> ( 10, 19)
[2015-03-12 21:15:57]: avatar 7 ( 13, 12) -> ( 12, 12)
[2015-03-12 21:15:57]: avatar 8 ( 13, 14) -> ( 13, 13)
[2015-03-12 21:15:57]: avatar 1 ( 14,  0) -> ( 14,  1)
[2015-03-12 21:15:57]: avatar 2 ( 13, 13) -> ( 13, 12)
[2015-03-12 21:15:57]: avatar 3 ( 10, 19) -> ( 11, 19)
[2015-03-12 21:15:57]: avatar 4 ( 13, 13) -> ( 13, 12)
[2015-03-12 21:15:57]: avatar 5 ( 12, 12) -> ( 12, 13)
[2015-03-12 21:15:57]: avatar 6 ( 10, 19) -> ( 11, 19)
[2015-03-12 21:15:57]: avatar 7 ( 12, 12) -> ( 12, 13)
[2015-03-12 21:15:57]: avatar 8 ( 13, 13) -> ( 13, 12)
[2015-03-12 21:15:57]: avatar 1 ( 14,  1) -> ( 14,  2)
[2015-03-12 21:15:57]: avatar 2 ( 13, 12) -> ( 12, 12)
[2015-03-12 21:15:57]: avatar 3 ( 11, 19) -> ( 12, 19)
[2015-03-12 21:15:57]: avatar 4 ( 13, 12) -> ( 12, 12)
[2015-03-12 21:15:57]: avatar 5 ( 12, 13) -> ( 11, 13)
[2015-03-12 21:15:57]: avatar 6 ( 11, 19) -> ( 12, 19)
[2015-03-12 21:15:57]: avatar 7 ( 12, 13) -> ( 11, 13)
[2015-03-12 21:15:57]: avatar 8 ( 13, 12) -> ( 12, 12)
[2015-03-12 21:15:57]: avatar 1 ( 14,  2) -> ( 14,  3)
[2015-03-12 21:15:57]: avatar 2 ( 12, 12) -> ( 12, 13)
[2015-03-12 21:15:57]: avatar 3 ( 12, 19) -> ( 13, 19)
[2015-03-12 21:15:57]: avatar 4 ( 12, 12) -> ( 12, 13)
[2015-03-12 21:15:57]: avatar 5 ( 11, 13) -> ( 10, 13)
[2015-03-12 21:15:57]: avatar 6 ( 12, 19) -> ( 13, 19)
[2015-03-12 21:15:57]: avatar 7 ( 11, 13) -> ( 10, 13)
[2015-03-12 21:15:57]: avatar 8 ( 12, 12) -> ( 12, 13)
[2015-03-12 21:15:57]: avatar 1 ( 14,  3) -> ( 13,  3)
[2015-03-12 21:15:57]: avatar 2 ( 12, 13) -> ( 11, 13)
[2015-03-12 21:15:57]: avatar 3 ( 13, 19) -> ( 14, 19)
[2015-03-12 21:15:57]: avatar 4 ( 12, 13) -> ( 11, 13)
[2015-03-12 21:15:57]: avatar 5 ( 10, 13) -> ( 10, 12)
[2015-03-12 21:15:57]: avatar 6 ( 13, 19) -> ( 14, 19)
[2015-03-12 21:15:57]: avatar 7 ( 10, 13) -> ( 10, 12)
[2015-03-12 21:15:57]: avatar 8 ( 12, 13) -> ( 11, 13)
[2015-03-12 21:15:57]: avatar 1 ( 13,  3) -> ( 13,  4)
[2015-03-12 21:15:57]: avatar 2 ( 11, 13) -> ( 10, 13)
[2015-03-12 21:15:57]: avatar 3 ( 14, 19) -> ( 14, 18)
[2015-03-12 21:15:57]: avatar 4 ( 11, 13) -> ( 10, 13)
[2015-03-12 21:15:57]: avatar 5 ( 10, 12) -> (  9, 12)
[2015-03-12 21:15:57]: avatar 6 ( 14, 19) -> ( 14, 18)
[2015-03-12 21:15:57]: avatar 7 ( 10, 12) -> (  9, 12)
[2015-03-12 21:15:57]: avatar 8 ( 11, 13) -> ( 10, 13)
[2015-03-12 21:15:58]: avatar 1 ( 13,  4) -> ( 12,  4)
[2015-03-12 21:15:58]: avatar 2 ( 10, 13) -> ( 10, 12)
[2015-03-12 21:15:58]: avatar 3 ( 14, 18) -> ( 13, 18)
[2015-03-12 21:15:58]: avatar 4 ( 10, 13) -> ( 10, 12)
[2015-03-12 21:15:58]: avatar 5 (  9, 12) -> (  9, 11)
[2015-03-12 21:15:58]: avatar 6 ( 14, 18) -> ( 13, 18)
[2015-03-12 21:15:58]: avatar 7 (  9, 12) -> (  9, 11)
[2015-03-12 21:15:58]: avatar 8 ( 10, 13) -> ( 10, 12)
[2015-03-12 21:15:58]: avatar 1 ( 12,  4) -> ( 12,  3)
[2015-03-12 21:15:58]: avatar 2 ( 10, 12) -> (  9, 12)
[2015-03-12 21:15:58]: avatar 3 ( 13, 18) -> ( 13, 17)
[2015-03-12 21:15:58]: avatar 4 ( 10, 12) -> (  9, 12)
[2015-03-12 21:15:58]: avatar 5 (  9, 11) -> (  8, 11)
[2015-03-12 21:15:58]: avatar 6 ( 13, 18) -> ( 13, 17)
[2015-03-12 21:15:58]: avatar 7 (  9, 11) -> (  8, 11)
[2015-03-12 21:15:58]: avatar 8 ( 10, 12) -> (  9, 12)
[2015-03-12 21:15:58]: avatar 1 ( 12,  3) -> ( 11,  3)
[2015-03-12 21:15:58]: avatar 2 (  9, 12) -> (  9, 11)
[2015-03-12 21:15:58]: avatar 3 ( 13, 17) -> ( 12, 17)
[2015-03-12 21:15:58]: avatar 4 (  9, 12) -> (  9, 11)
[2015-03-12 21:15:58]: avatar 5 (  8, 11) -> (  8, 10)
[2015-03-12 21:15:58]: avatar 6 ( 13, 17) -> ( 12, 17)
[2015-03-12 21:15:58]: avatar 7 (  8, 11) -> (  8, 10)
[2015-03-12 21:15:58]: avatar 8 (  9, 12) -> (  9, 11)
[2015-03-12 21:15:58]: avatar 1 ( 11,  3) -> ( 10,  3)
[2015-03-12 21:15:58]: avatar 2 (  9, 11) -> (  8, 11)
[2015-03-12 21:15:58]: avatar 3 ( 12, 17) -> ( 11, 17)
[2015-03-12 21:15:58]: avatar 4 (  9, 11) -> (  8, 11)
[2015-03-12 21:15:58]: avatar 5 (  8, 10) -> (  8,  9)
[2015-03-12 21:15:58]: avatar 6 ( 12, 17) -> ( 11, 17)
[2015-03-12 21:15:58]: avatar 7 (  8, 10) -> (  8,  9)
[2015-03-12 21:15:58]: avatar 8 (  9, 11) -> (  8, 11)
[2015-03-12 21:15:58]: avatar 1 ( 10,  3) -> ( 10,  4)
[2015-03-12 21:15:58]: avatar 2 (  8, 11) -> (  8, 10)
[2015-03-12 21:15:58]: avatar 3 ( 11, 17) -> ( 11, 16)
[2015-03-12 21:15:58]: avatar 4 (  8, 11) -> (  8, 10)
[2015-03-12 21:15:58]: avatar 5 (  8,  9) -> (  7,  9)
[2015-03-12 21:15:58]: avatar 6 ( 11, 17) -> ( 11, 16)
[2015-03-12 21:15:58]: avatar 7 (  8,  9) -> (  7,  9)
[2015-03-12 21:15:58]: avatar 8 (  8, 11) -> (  8, 10)
[2015-03-12 21:15:58]: avatar 1 ( 10,  4) -> ( 11,  4)
[2015-03-12 21:15:58]: avatar 2 (  8, 10) -> (  8,  9)
[2015-03-12 21:15:58]: avatar 3 ( 11, 16) -> ( 12, 16)
[2015-03-12 21:15:58]: avatar 4 (  8, 10) -> (  8,  9)
[2015-03-12 21:15:58]: avatar 5 (  7,  9) -> (  7,  8)
[2015-03-12 21:15:58]: avatar 6 ( 11, 16) -> ( 12, 16)
[2015-03-12 21:15:58]: avatar 7 (  7,  9) -> (  7,  8)
[2015-03-12 21:15:58]: avatar 8 (  8, 10) -> (  8,  9)
[2015-03-12 21:15:58]: avatar 1 ( 11,  4) -> ( 11,  5)
[2015-03-12 21:15:58]: avatar 2 (  8,  9) -> (  7,  9)
[2015-03-12 21:15:58]: avatar 3 ( 12, 16) -> ( 13, 16)
[2015-03-12 21:15:58]: avatar 4 (  8,  9) -> (  7,  9)
[2015-03-12 21:15:58]: avatar 5 (  7,  8) -> (  8,  8)
[2015-03-12 21:15:58]: avatar 6 ( 12, 16) -> ( 13, 16)
[2015-03-12 21:15:58]: avatar 7 (  7,  8) -> (  8,  8)
[2015-03-12 21:15:58]: avatar 8 (  8,  9) -> (  7,  9)
[2015-03-12 21:15:58]: avatar 1 ( 11,  5) -> ( 10,  5)
[2015-03-12 21:15:58]: avatar 2 (  7,  9) -> (  7,  8)
[2015-03-12 21:15:58]: avatar 3 ( 13, 16) -> ( 14, 16)
[2015-03-12 21:15:58]: avatar 4 (  7,  9) -> (  7,  8)
[2015-03-12 21:15:58]: avatar 5 (  8,  8) -> (  8,  7)
[2015-03-12 21:15:58]: avatar 6 ( 13, 16) -> ( 14, 16)
[2015-03-12 21:15:58]: avatar 7 (  8,  8) -> (  8,  7)
[2015-03-12 21:15:58]: avatar 8 (  7,  9) -> (  7,  8)
[2015-03-12 21:15:58]: avatar 1 ( 10,  5) -> (  9,  5)
[2015-03-12 21:15:58]: avatar 2 (  7,  8) -> (  8,  8)
[2015-03-12 21:15:58]: avatar 3 ( 14, 16) -> ( 14, 15)
[2015-03-12 21:15:58]: avatar 4 (  7,  8) -> (  8,  8)
[2015-03-12 21:15:58]: avatar 5 (  8,  7) -> (  8,  6)
[2015-03-12 21:15:58]: avatar 6 ( 14, 16) -> ( 14, 15)
[2015-03-12 21:15:58]: avatar 7 (  8,  7) -> (  8,  6)
[2015-03-12 21:15:58]: avatar 8 (  7,  8) -> (  8,  8)
[2015-03-12 21:15:58]: avatar 1 (  9,  5) -> (  8,  5)
[2015-03-12 21:15:58]: avatar 2 (  8,  8) -> (  8,  7)
[2015-03-12 21:15:58]: avatar 3 ( 14, 15) -> ( 14, 14)
[2015-03-12 21:15:58]: avatar 4 (  8,  8) -> (  8,  7)
[2015-03-12 21:15:58]: avatar 5 (  8,  6) -> (  7,  6)
[2015-03-12 21:15:58]: avatar 6 ( 14, 15) -> ( 14, 14)
[2015-03-12 21:15:58]: avatar 7 (  8,  6) -> (  7,  6)
[2015-03-12 21:15:58]: avatar 8 (  8,  8) -> (  8,  7)
[2015-03-12 21:15:58]: avatar 1 (  8,  5) -> (  7,  5)
[2015-03-12 21:15:58]: avatar 2 (  8,  7) -> (  8,  6)
[2015-03-12 21:15:58]: avatar 3 ( 14, 14) -> ( 13, 14)
[2015-03-12 21:15:58]: avatar 4 (  8,  7) -> (  8,  6)
[2015-03-12 21:15:58]: avatar 5 (  7,  6) -> (  7,  5)
[2015-03-12 21:15:58]: avatar 6 ( 14, 14) -> ( 13, 14)
[2015-03-12 21:15:58]: avatar 7 (  7,  6) -> (  7,  5)
[2015-03-12 21:15:58]: avatar 8 (  8,  7) -> (  8,  6)
[2015-03-12 21:15:59]: avatar 1 (  7,  5) -> (  7,  6)
[2015-03-12 21:15:59]: avatar 2 (  8,  6) -> (  7,  6)
[2015-03-12 21:15:59]: avatar 3 ( 13, 14) -> ( 13, 13)
[2015-03-12 21:15:59]: avatar 4 (  8,  6) -> (  7,  6)
[2015-03-12 21:15:59]: avatar 5 (  7,  5) -> (  7,  6)
[2015-03-12 21:15:59]: avatar 6 ( 13, 14) -> ( 13, 13)
[2015-03-12 21:15:59]: avatar 7 (  7,  5) -> (  7,  6)
[2015-03-12 21:15:59]: avatar 8 (  8,  6) -> (  7,  6)
[2015-03-12 21:15:59]: avatar 1 (  7,  6) -> (  8,  6)
[2015-03-12 21:15:59]: avatar 2 (  7,  6) -> (  8,  6)
[2015-03-12 21:15:59]: avatar 3 ( 13, 13) -> ( 13, 12)
[2015-03-12 21:15:59]: avatar 4 (  7,  6) -> (  8,  6)
[2015-03-12 21:15:59]: avatar 5 (  7,  6) -> (  8,  6)
[2015-03-12 21:15:59]: avatar 6 ( 13, 13) -> ( 13, 12)
[2015-03-12 21:15:59]: avatar 7 (  7,  6) -> (  8,  6)
[2015-03-12 21:15:59]: avatar 8 (  7,  6) -> (  8,  6)
[2015-03-12 21:15:59]: avatar 1 (  8,  6) -> (  8,  7)
[2015-03-12 21:15:59]: avatar 2 (  8,  6) -> (  8,  7)
[2015-03-12 21:15:59]: avatar 3 ( 13, 12) -> ( 12, 12)
[2015-03-12 21:15:59]: avatar 4 (  8,  6) -> (  8,  7)
[2015-03-12 21:15:59]: avatar 5 (  8,  6) -> (  8,  7)
[2015-03-12 21:15:59]: avatar 6 ( 13, 12) -> ( 12, 12)
[2015-03-12 21:15:59]: avatar 7 (  8,  6) -> (  8,  7)
[2015-03-12 21:15:59]: avatar 8 (  8,  6) -> (  8,  7)
[2015-03-12 21:15:59]: avatar 1 (  8,  7) -> (  8,  8)
[2015-03-12 21:15:59]: avatar 2 (  8,  7) -> (  8,  8)
[2015-03-12 21:15:59]: avatar 3 ( 12, 12) -> ( 12, 13)
[2015-03-12 21:15:59]: avatar 4 (  8,  7) -> (  8,  8)
[2015-03-12 21:15:59]: avatar 5 (  8,  7) -> (  8,  8)
[2015-03-12 21:15:59]: avatar 6 ( 12, 12) -> ( 12, 13)
[2015-03-12 21:15:59]: avatar 7 (  8,  7) -> (  8,  8)
[2015-03-12 21:15:59]: avatar 8 (  8,  7) -> (  8,  8)
[2015-03-12 21:15:59]: avatar 1 (  8,  8) -> (  7,  8)
[2015-03-12 21:15:59]: avatar 2 (  8,  8) -> (  7,  8)
[2015-03-12 21:15:59]: avatar 3 ( 12, 13) -> ( 11, 13)
[2015-03-12 21:15:59]: avatar 4 (  8,  8) -> (  7,  8)
[2015-03-12 21:15:59]: avatar 5 (  8,  8) -> (  7,  8)
[2015-03-12 21:15:59]: avatar 6 ( 12, 13) -> ( 11, 13)
[2015-03-12 21:15:59]: avatar 7 (  8,  8) -> (  7,  8)
[2015-03-12 21:15:59]: avatar 8 (  8,  8) -> (  7,  8)
[2015-03-12 21:15:59]: avatar 1 (  7,  8) -> (  7,  9)
[2015-03-12 21:15:59]: avatar 2 (  7,  8) -> (  7,  9)
[2015-03-12 21:15:59]: avatar 3 ( 11, 13) -> ( 10, 13)
[2015-03-12 21:15:59]: avatar 4 (  7,  8) -> (  7,  9)
[2015-03-12 21:15:59]: avatar 5 (  7,  8) -> (  7,  9)
[2015-03-12 21:15:59]: avatar 6 ( 11, 13) -> ( 10, 13)
[2015-03-12 21:15:59]: avatar 7 (  7,  8) -> (  7,  9)
[2015-03-12 21:15:59]: avatar 8 (  7,  8) -> (  7,  9)
[2015-03-12 21:15:59]: avatar 1 (  7,  9) -> (  8,  9)
[2015-03-12 21:15:59]: avatar 2 (  7,  9) -> (  8,  9)
[2015-03-12 21:15:59]: avatar 3 ( 10, 13) -> ( 10, 12)
[2015-03-12 21:15:59]: avatar 4 (  7,  9) -> (  8,  9)
[2015-03-12 21:15:59]: avatar 5 (  7,  9) -> (  8,  9)
[2015-03-12 21:15:59]: avatar 6 ( 10, 13) -> ( 10, 12)
[2015-03-12 21:15:59]: avatar 7 (  7,  9) -> (  8,  9)
[2015-03-12 21:15:59]: avatar 8 (  7,  9) -> (  8,  9)
[2015-03-12 21:15:59]: avatar 1 (  8,  9) -> (  8, 10)
[2015-03-12 21:15:59]: avatar 2 (  8,  9) -> (  8, 10)
[2015-03-12 21:15:59]: avatar 3 ( 10, 12) -> (  9, 12)
[2015-03-12 21:15:59]: avatar 4 (  8,  9) -> (  8, 10)
[2015-03-12 21:15:59]: avatar 5 (  8,  9) -> (  8, 10)
[2015-03-12 21:15:59]: avatar 6 ( 10, 12) -> (  9, 12)
[2015-03-12 21:15:59]: avatar 7 (  8,  9) -> (  8, 10)
[2015-03-12 21:15:59]: avatar 8 (  8,  9) -> (  8, 10)
[2015-03-12 21:15:59]: avatar 1 (  8, 10) -> (  8, 11)
[2015-03-12 21:15:59]: avatar 2 (  8, 10) -> (  8, 11)
[2015-03-12 21:15:59]: avatar 3 (  9, 12) -> (  9, 11)
[2015-03-12 21:15:59]: avatar 4 (  8, 10) -> (  8, 11)
[2015-03-12 21:15:59]: avatar 5 (  8, 10) -> (  8, 11)
[2015-03-12 21:15:59]: avatar 6 (  9, 12) -> (  9, 11)
[2015-03-12 21:15:59]: avatar 7 (  8, 10) -> (  8, 11)
[2015-03-12 21:15:59]: avatar 8 (  8, 10) -> (  8, 11)
[2015-03-12 21:15:59]: avatar 1 (  8, 11) -> (  8, 11)
[2015-03-12 21:15:59]: avatar 2 (  8, 11) -> (  8, 11)
[2015-03-12 21:15:59]: avatar 3 (  9, 11) -> (  9, 11)
[2015-03-12 21:15:59]: avatar 4 (  8, 11) -> (  8, 11)
[2015-03-12 21:15:59]: avatar 5 (  8, 11) -> (  8, 11)
[2015-03-12 21:15:59]: avatar 6 (  9, 11) -> (  9, 11)
[2015-03-12 21:15:59]: avatar 7 (  8, 11) -> (  9, 11)
[2015-03-12 21:15:59]: avatar 8 (  8, 11) -> (  9, 11)
[2015-03-12 21:16:00]: avatar 1 (  8, 11) -> (  8, 11)
[2015-03-12 21:16:00]: avatar 2 (  8, 11) -> (  8, 11)
[2015-03-12 21:16:00]: avatar 3 (  9, 11) -> (  9, 11)
[2015-03-12 21:16:00]: avatar 4 (  8, 11) -> (  8, 11)
[2015-03-12 21:16:00]: avatar 5 (  8, 11) -> (  8, 11)
[2015-03-12 21:16:00]: avatar 6 (  9, 11) -> (  8, 11)
[2015-03-12 21:16:00]: avatar 7 (  9, 11) -> (  8, 11)
[2015-03-12 21:16:00]: avatar 8 (  9, 11) -> (  8, 11)
[2015-03-12 21:16:00]: avatar 1 (  8, 11) -> (  8, 11)
[2015-03-12 21:16:00]: avatar 2 (  8, 11) -> (  8, 11)
[2015-03-12 21:16:00]: avatar 3 (  9, 11) -> (  9, 11)
[2015-03-12 21:16:00]: avatar 4 (  8, 11) -> (  9, 11)
[2015-03-12 21:16:00]: avatar 5 (  8, 11) -> (  9, 11)
[2015-03-12 21:16:00]: avatar 6 (  8, 11) -> (  9, 11)
[2015-03-12 21:16:00]: avatar 7 (  8, 11) -> (  9, 11)
[2015-03-12 21:16:00]: avatar 8 (  8, 11) -> (  9, 11)
[2015-03-12 21:16:00]: Moves to Solve: 1511
[2015-03-12 21:16:00]: Hash: 2441711198
