[2015-03-12 21:58:30]: USER=matthew, algorithm=2, port=44907, time=Thu Mar 12 21:58:30 2015
[2015-03-12 21:58:30]: Maze size = 35x35
[2015-03-12 21:58:31]: avatar 1 ( 101, 101) -> ( 27,  7)
[2015-03-12 21:58:31]: avatar 2 ( 101, 101) -> ( 22, 23)
[2015-03-12 21:58:31]: avatar 1 ( 27,  7) -> ( 28,  7)
[2015-03-12 21:58:31]: avatar 2 ( 22, 23) -> ( 23, 23)
[2015-03-12 21:58:32]: avatar 1 ( 28,  7) -> ( 28,  7)
[2015-03-12 21:58:32]: avatar 2 ( 23, 23) -> ( 23, 23)
[2015-03-12 21:58:32]: avatar 1 ( 28,  7) -> ( 28,  7)
[2015-03-12 21:58:32]: avatar 2 ( 23, 23) -> ( 24, 23)
[2015-03-12 21:58:32]: avatar 1 ( 28,  7) -> ( 28,  6)
[2015-03-12 21:58:32]: avatar 2 ( 24, 23) -> ( 24, 23)
[2015-03-12 21:58:32]: avatar 1 ( 28,  6) -> ( 29,  6)
[2015-03-12 21:58:32]: avatar 2 ( 24, 23) -> ( 24, 23)
[2015-03-12 21:58:32]: avatar 1 ( 29,  6) -> ( 29,  7)
[2015-03-12 21:58:32]: avatar 2 ( 24, 23) -> ( 24, 22)
[2015-03-12 21:58:32]: avatar 1 ( 29,  7) -> ( 29,  8)
[2015-03-12 21:58:32]: avatar 2 ( 24, 22) -> ( 24, 22)
[2015-03-12 21:58:33]: avatar 1 ( 29,  8) -> ( 29,  8)
[2015-03-12 21:58:33]: avatar 2 ( 24, 22) -> ( 24, 22)
[2015-03-12 21:58:33]: avatar 1 ( 29,  8) -> ( 29,  8)
[2015-03-12 21:58:33]: avatar 2 ( 24, 22) -> ( 23, 22)
[2015-03-12 21:58:33]: avatar 1 ( 29,  8) -> ( 30,  8)
[2015-03-12 21:58:33]: avatar 2 ( 23, 22) -> ( 23, 21)
[2015-03-12 21:58:33]: avatar 1 ( 30,  8) -> ( 30,  8)
[2015-03-12 21:58:33]: avatar 2 ( 23, 21) -> ( 23, 21)
[2015-03-12 21:58:33]: avatar 1 ( 30,  8) -> ( 31,  8)
[2015-03-12 21:58:33]: avatar 2 ( 23, 21) -> ( 23, 20)
[2015-03-12 21:58:34]: avatar 1 ( 31,  8) -> ( 31,  9)
[2015-03-12 21:58:34]: avatar 2 ( 23, 20) -> ( 23, 20)
[2015-03-12 21:58:34]: avatar 1 ( 31,  9) -> ( 30,  9)
[2015-03-12 21:58:34]: avatar 2 ( 23, 20) -> ( 23, 19)
[2015-03-12 21:58:34]: avatar 1 ( 30,  9) -> ( 30,  9)
[2015-03-12 21:58:34]: avatar 2 ( 23, 19) -> ( 23, 19)
[2015-03-12 21:58:34]: avatar 1 ( 30,  9) -> ( 30, 10)
[2015-03-12 21:58:34]: avatar 2 ( 23, 19) -> ( 23, 18)
[2015-03-12 21:58:34]: avatar 1 ( 30, 10) -> ( 30, 10)
[2015-03-12 21:58:34]: avatar 2 ( 23, 18) -> ( 23, 18)
[2015-03-12 21:58:35]: avatar 1 ( 30, 10) -> ( 30, 11)
[2015-03-12 21:58:35]: avatar 2 ( 23, 18) -> ( 23, 18)
[2015-03-12 21:58:35]: avatar 1 ( 30, 11) -> ( 30, 11)
[2015-03-12 21:58:35]: avatar 2 ( 23, 18) -> ( 22, 18)
[2015-03-12 21:58:35]: avatar 1 ( 30, 11) -> ( 30, 11)
[2015-03-12 21:58:35]: avatar 2 ( 22, 18) -> ( 22, 17)
[2015-03-12 21:58:35]: avatar 1 ( 30, 11) -> ( 31, 11)
[2015-03-12 21:58:35]: avatar 2 ( 22, 17) -> ( 23, 17)
[2015-03-12 21:58:35]: avatar 1 ( 31, 11) -> ( 31, 12)
[2015-03-12 21:58:35]: avatar 2 ( 23, 17) -> ( 24, 17)
[2015-03-12 21:58:36]: avatar 1 ( 31, 12) -> ( 31, 12)
[2015-03-12 21:58:36]: avatar 2 ( 24, 17) -> ( 24, 17)
[2015-03-12 21:58:36]: avatar 1 ( 31, 12) -> ( 31, 13)
[2015-03-12 21:58:36]: avatar 2 ( 24, 17) -> ( 24, 17)
[2015-03-12 21:58:36]: avatar 1 ( 31, 13) -> ( 31, 13)
[2015-03-12 21:58:36]: avatar 2 ( 24, 17) -> ( 24, 16)
[2015-03-12 21:58:36]: avatar 1 ( 31, 13) -> ( 31, 14)
[2015-03-12 21:58:36]: avatar 2 ( 24, 16) -> ( 24, 16)
[2015-03-12 21:58:36]: avatar 1 ( 31, 14) -> ( 31, 14)
[2015-03-12 21:58:36]: avatar 2 ( 24, 16) -> ( 24, 16)
[2015-03-12 21:58:36]: avatar 1 ( 31, 14) -> ( 31, 15)
[2015-03-12 21:58:36]: avatar 2 ( 24, 16) -> ( 24, 16)
[2015-03-12 21:58:37]: avatar 1 ( 31, 15) -> ( 31, 15)
[2015-03-12 21:58:37]: avatar 2 ( 24, 16) -> ( 24, 17)
[2015-03-12 21:58:37]: avatar 1 ( 31, 15) -> ( 31, 16)
[2015-03-12 21:58:37]: avatar 2 ( 24, 17) -> ( 23, 17)
[2015-03-12 21:58:37]: avatar 1 ( 31, 16) -> ( 31, 16)
[2015-03-12 21:58:37]: avatar 2 ( 23, 17) -> ( 23, 17)
[2015-03-12 21:58:37]: avatar 1 ( 31, 16) -> ( 31, 16)
[2015-03-12 21:58:37]: avatar 2 ( 23, 17) -> ( 22, 17)
[2015-03-12 21:58:37]: avatar 1 ( 31, 16) -> ( 32, 16)
[2015-03-12 21:58:37]: avatar 2 ( 22, 17) -> ( 22, 17)
[2015-03-12 21:58:37]: avatar 1 ( 32, 16) -> ( 32, 17)
[2015-03-12 21:58:37]: avatar 2 ( 22, 17) -> ( 22, 17)
[2015-03-12 21:58:37]: avatar 1 ( 32, 17) -> ( 31, 17)
[2015-03-12 21:58:37]: avatar 2 ( 22, 17) -> ( 22, 18)
[2015-03-12 21:58:38]: avatar 1 ( 31, 17) -> ( 30, 17)
[2015-03-12 21:58:38]: avatar 2 ( 22, 18) -> ( 22, 18)
[2015-03-12 21:58:38]: avatar 1 ( 30, 17) -> ( 30, 17)
[2015-03-12 21:58:38]: avatar 2 ( 22, 18) -> ( 22, 18)
[2015-03-12 21:58:38]: avatar 1 ( 30, 17) -> ( 29, 17)
[2015-03-12 21:58:38]: avatar 2 ( 22, 18) -> ( 23, 18)
[2015-03-12 21:58:38]: avatar 1 ( 29, 17) -> ( 29, 17)
[2015-03-12 21:58:38]: avatar 2 ( 23, 18) -> ( 23, 19)
[2015-03-12 21:58:39]: avatar 1 ( 29, 17) -> ( 28, 17)
[2015-03-12 21:58:39]: avatar 2 ( 23, 19) -> ( 22, 19)
[2015-03-12 21:58:39]: avatar 1 ( 28, 17) -> ( 28, 16)
[2015-03-12 21:58:39]: avatar 2 ( 22, 19) -> ( 21, 19)
[2015-03-12 21:58:39]: avatar 1 ( 28, 16) -> ( 29, 16)
[2015-03-12 21:58:39]: avatar 2 ( 21, 19) -> ( 21, 18)
[2015-03-12 21:58:39]: avatar 1 ( 29, 16) -> ( 29, 16)
[2015-03-12 21:58:39]: avatar 2 ( 21, 18) -> ( 21, 17)
[2015-03-12 21:58:39]: avatar 1 ( 29, 16) -> ( 29, 15)
[2015-03-12 21:58:39]: avatar 2 ( 21, 17) -> ( 21, 17)
[2015-03-12 21:58:40]: avatar 1 ( 29, 15) -> ( 29, 15)
[2015-03-12 21:58:40]: avatar 2 ( 21, 17) -> ( 20, 17)
[2015-03-12 21:58:40]: avatar 1 ( 29, 15) -> ( 29, 15)
[2015-03-12 21:58:40]: avatar 2 ( 20, 17) -> ( 20, 16)
[2015-03-12 21:58:40]: avatar 1 ( 29, 15) -> ( 28, 15)
[2015-03-12 21:58:40]: avatar 2 ( 20, 16) -> ( 21, 16)
[2015-03-12 21:58:40]: avatar 1 ( 28, 15) -> ( 28, 15)
[2015-03-12 21:58:40]: avatar 2 ( 21, 16) -> ( 22, 16)
[2015-03-12 21:58:40]: avatar 1 ( 28, 15) -> ( 27, 15)
[2015-03-12 21:58:40]: avatar 2 ( 22, 16) -> ( 23, 16)
[2015-03-12 21:58:40]: avatar 1 ( 27, 15) -> ( 27, 15)
[2015-03-12 21:58:40]: avatar 2 ( 23, 16) -> ( 23, 15)
[2015-03-12 21:58:41]: avatar 1 ( 27, 15) -> ( 27, 15)
[2015-03-12 21:58:41]: avatar 2 ( 23, 15) -> ( 23, 15)
[2015-03-12 21:58:41]: avatar 1 ( 27, 15) -> ( 27, 16)
[2015-03-12 21:58:41]: avatar 2 ( 23, 15) -> ( 23, 14)
[2015-03-12 21:58:41]: avatar 1 ( 27, 16) -> ( 26, 16)
[2015-03-12 21:58:41]: avatar 2 ( 23, 14) -> ( 23, 14)
[2015-03-12 21:58:41]: avatar 1 ( 26, 16) -> ( 26, 16)
[2015-03-12 21:58:41]: avatar 2 ( 23, 14) -> ( 23, 14)
[2015-03-12 21:58:41]: avatar 1 ( 26, 16) -> ( 25, 16)
[2015-03-12 21:58:41]: avatar 2 ( 23, 14) -> ( 22, 14)
[2015-03-12 21:58:42]: avatar 1 ( 25, 16) -> ( 25, 16)
[2015-03-12 21:58:42]: avatar 2 ( 22, 14) -> ( 22, 13)
[2015-03-12 21:58:42]: avatar 1 ( 25, 16) -> ( 25, 17)
[2015-03-12 21:58:42]: avatar 2 ( 22, 13) -> ( 22, 13)
[2015-03-12 21:58:42]: avatar 1 ( 25, 17) -> ( 25, 18)
[2015-03-12 21:58:42]: avatar 2 ( 22, 13) -> ( 22, 12)
[2015-03-12 21:58:42]: avatar 1 ( 25, 18) -> ( 24, 18)
[2015-03-12 21:58:42]: avatar 2 ( 22, 12) -> ( 22, 12)
[2015-03-12 21:58:42]: avatar 1 ( 24, 18) -> ( 24, 19)
[2015-03-12 21:58:42]: avatar 2 ( 22, 12) -> ( 22, 11)
[2015-03-12 21:58:42]: avatar 1 ( 24, 19) -> ( 24, 20)
[2015-03-12 21:58:42]: avatar 2 ( 22, 11) -> ( 22, 11)
[2015-03-12 21:58:43]: avatar 1 ( 24, 20) -> ( 24, 21)
[2015-03-12 21:58:43]: avatar 2 ( 22, 11) -> ( 22, 11)
[2015-03-12 21:58:43]: avatar 1 ( 24, 21) -> ( 25, 21)
[2015-03-12 21:58:43]: avatar 2 ( 22, 11) -> ( 21, 11)
[2015-03-12 21:58:43]: avatar 1 ( 25, 21) -> ( 25, 21)
[2015-03-12 21:58:43]: avatar 2 ( 21, 11) -> ( 21, 11)
[2015-03-12 21:58:43]: avatar 1 ( 25, 21) -> ( 25, 21)
[2015-03-12 21:58:43]: avatar 2 ( 21, 11) -> ( 21, 11)
[2015-03-12 21:58:43]: avatar 1 ( 25, 21) -> ( 25, 20)
[2015-03-12 21:58:43]: avatar 2 ( 21, 11) -> ( 21, 11)
[2015-03-12 21:58:43]: avatar 1 ( 25, 20) -> ( 25, 20)
[2015-03-12 21:58:43]: avatar 2 ( 21, 11) -> ( 22, 11)
[2015-03-12 21:58:44]: avatar 1 ( 25, 20) -> ( 25, 19)
[2015-03-12 21:58:44]: avatar 2 ( 22, 11) -> ( 22, 12)
[2015-03-12 21:58:44]: avatar 1 ( 25, 19) -> ( 26, 19)
[2015-03-12 21:58:44]: avatar 2 ( 22, 12) -> ( 22, 12)
[2015-03-12 21:58:44]: avatar 1 ( 26, 19) -> ( 26, 20)
[2015-03-12 21:58:44]: avatar 2 ( 22, 12) -> ( 22, 13)
[2015-03-12 21:58:44]: avatar 1 ( 26, 20) -> ( 26, 21)
[2015-03-12 21:58:44]: avatar 2 ( 22, 13) -> ( 22, 13)
[2015-03-12 21:58:44]: avatar 1 ( 26, 21) -> ( 26, 21)
[2015-03-12 21:58:44]: avatar 2 ( 22, 13) -> ( 22, 14)
[2015-03-12 21:58:44]: avatar 1 ( 26, 21) -> ( 27, 21)
[2015-03-12 21:58:44]: avatar 2 ( 22, 14) -> ( 22, 14)
[2015-03-12 21:58:45]: avatar 1 ( 27, 21) -> ( 27, 21)
[2015-03-12 21:58:45]: avatar 2 ( 22, 14) -> ( 22, 15)
[2015-03-12 21:58:45]: avatar 1 ( 27, 21) -> ( 27, 21)
[2015-03-12 21:58:45]: avatar 2 ( 22, 15) -> ( 21, 15)
[2015-03-12 21:58:45]: avatar 1 ( 27, 21) -> ( 27, 20)
[2015-03-12 21:58:45]: avatar 2 ( 21, 15) -> ( 21, 15)
[2015-03-12 21:58:45]: avatar 1 ( 27, 20) -> ( 28, 20)
[2015-03-12 21:58:45]: avatar 2 ( 21, 15) -> ( 20, 15)
[2015-03-12 21:58:45]: avatar 1 ( 28, 20) -> ( 28, 20)
[2015-03-12 21:58:45]: avatar 2 ( 20, 15) -> ( 20, 15)
[2015-03-12 21:58:45]: avatar 1 ( 28, 20) -> ( 28, 20)
[2015-03-12 21:58:45]: avatar 2 ( 20, 15) -> ( 19, 15)
[2015-03-12 21:58:46]: avatar 1 ( 28, 20) -> ( 28, 19)
[2015-03-12 21:58:46]: avatar 2 ( 19, 15) -> ( 19, 15)
[2015-03-12 21:58:46]: avatar 1 ( 28, 19) -> ( 29, 19)
[2015-03-12 21:58:46]: avatar 2 ( 19, 15) -> ( 18, 15)
[2015-03-12 21:58:46]: avatar 1 ( 29, 19) -> ( 29, 19)
[2015-03-12 21:58:46]: avatar 2 ( 18, 15) -> ( 18, 14)
[2015-03-12 21:58:46]: avatar 1 ( 29, 19) -> ( 29, 19)
[2015-03-12 21:58:46]: avatar 2 ( 18, 14) -> ( 19, 14)
[2015-03-12 21:58:46]: avatar 1 ( 29, 19) -> ( 29, 18)
[2015-03-12 21:58:46]: avatar 2 ( 19, 14) -> ( 20, 14)
[2015-03-12 21:58:46]: avatar 1 ( 29, 18) -> ( 30, 18)
[2015-03-12 21:58:46]: avatar 2 ( 20, 14) -> ( 21, 14)
[2015-03-12 21:58:47]: avatar 1 ( 30, 18) -> ( 30, 19)
[2015-03-12 21:58:47]: avatar 2 ( 21, 14) -> ( 21, 13)
[2015-03-12 21:58:47]: avatar 1 ( 30, 19) -> ( 30, 19)
[2015-03-12 21:58:47]: avatar 2 ( 21, 13) -> ( 21, 12)
[2015-03-12 21:58:47]: avatar 1 ( 30, 19) -> ( 31, 19)
[2015-03-12 21:58:47]: avatar 2 ( 21, 12) -> ( 20, 12)
[2015-03-12 21:58:47]: avatar 1 ( 31, 19) -> ( 31, 20)
[2015-03-12 21:58:47]: avatar 2 ( 20, 12) -> ( 20, 11)
[2015-03-12 21:58:47]: avatar 1 ( 31, 20) -> ( 30, 20)
[2015-03-12 21:58:47]: avatar 2 ( 20, 11) -> ( 20, 10)
[2015-03-12 21:58:48]: avatar 1 ( 30, 20) -> ( 29, 20)
[2015-03-12 21:58:48]: avatar 2 ( 20, 10) -> ( 21, 10)
[2015-03-12 21:58:48]: avatar 1 ( 29, 20) -> ( 29, 21)
[2015-03-12 21:58:48]: avatar 2 ( 21, 10) -> ( 21, 10)
[2015-03-12 21:58:48]: avatar 1 ( 29, 21) -> ( 28, 21)
[2015-03-12 21:58:48]: avatar 2 ( 21, 10) -> ( 21,  9)
[2015-03-12 21:58:48]: avatar 1 ( 28, 21) -> ( 28, 22)
[2015-03-12 21:58:48]: avatar 2 ( 21,  9) -> ( 22,  9)
[2015-03-12 21:58:48]: avatar 1 ( 28, 22) -> ( 28, 22)
[2015-03-12 21:58:48]: avatar 2 ( 22,  9) -> ( 22, 10)
[2015-03-12 21:58:49]: avatar 1 ( 28, 22) -> ( 28, 22)
[2015-03-12 21:58:49]: avatar 2 ( 22, 10) -> ( 23, 10)
[2015-03-12 21:58:49]: avatar 1 ( 28, 22) -> ( 29, 22)
[2015-03-12 21:58:49]: avatar 2 ( 23, 10) -> ( 23, 11)
[2015-03-12 21:58:49]: avatar 1 ( 29, 22) -> ( 29, 22)
[2015-03-12 21:58:49]: avatar 2 ( 23, 11) -> ( 23, 11)
[2015-03-12 21:58:49]: avatar 1 ( 29, 22) -> ( 30, 22)
[2015-03-12 21:58:49]: avatar 2 ( 23, 11) -> ( 24, 11)
[2015-03-12 21:58:49]: avatar 1 ( 30, 22) -> ( 30, 23)
[2015-03-12 21:58:49]: avatar 2 ( 24, 11) -> ( 24, 12)
[2015-03-12 21:58:50]: avatar 1 ( 30, 23) -> ( 30, 23)
[2015-03-12 21:58:50]: avatar 2 ( 24, 12) -> ( 23, 12)
[2015-03-12 21:58:50]: avatar 1 ( 30, 23) -> ( 30, 23)
[2015-03-12 21:58:50]: avatar 2 ( 23, 12) -> ( 23, 13)
[2015-03-12 21:58:50]: avatar 1 ( 30, 23) -> ( 31, 23)
[2015-03-12 21:58:50]: avatar 2 ( 23, 13) -> ( 24, 13)
[2015-03-12 21:58:50]: avatar 1 ( 31, 23) -> ( 31, 24)
[2015-03-12 21:58:50]: avatar 2 ( 24, 13) -> ( 24, 14)
[2015-03-12 21:58:50]: avatar 1 ( 31, 24) -> ( 30, 24)
[2015-03-12 21:58:50]: avatar 2 ( 24, 14) -> ( 24, 15)
[2015-03-12 21:58:50]: avatar 1 ( 30, 24) -> ( 30, 24)
[2015-03-12 21:58:50]: avatar 2 ( 24, 15) -> ( 25, 15)
[2015-03-12 21:58:51]: avatar 1 ( 30, 24) -> ( 30, 25)
[2015-03-12 21:58:51]: avatar 2 ( 25, 15) -> ( 26, 15)
[2015-03-12 21:58:51]: avatar 1 ( 30, 25) -> ( 30, 25)
[2015-03-12 21:58:51]: avatar 2 ( 26, 15) -> ( 26, 14)
[2015-03-12 21:58:51]: avatar 1 ( 30, 25) -> ( 30, 25)
[2015-03-12 21:58:51]: avatar 2 ( 26, 14) -> ( 26, 14)
[2015-03-12 21:58:51]: avatar 1 ( 30, 25) -> ( 31, 25)
[2015-03-12 21:58:51]: avatar 2 ( 26, 14) -> ( 26, 14)
[2015-03-12 21:58:51]: avatar 1 ( 31, 25) -> ( 31, 25)
[2015-03-12 21:58:51]: avatar 2 ( 26, 14) -> ( 25, 14)
[2015-03-12 21:58:52]: avatar 1 ( 31, 25) -> ( 32, 25)
[2015-03-12 21:58:52]: avatar 2 ( 25, 14) -> ( 25, 13)
[2015-03-12 21:58:52]: avatar 1 ( 32, 25) -> ( 32, 25)
[2015-03-12 21:58:52]: avatar 2 ( 25, 13) -> ( 25, 13)
[2015-03-12 21:58:52]: avatar 1 ( 32, 25) -> ( 32, 25)
[2015-03-12 21:58:52]: avatar 2 ( 25, 13) -> ( 25, 12)
[2015-03-12 21:58:52]: avatar 1 ( 32, 25) -> ( 32, 24)
[2015-03-12 21:58:52]: avatar 2 ( 25, 12) -> ( 26, 12)
[2015-03-12 21:58:52]: avatar 1 ( 32, 24) -> ( 32, 24)
[2015-03-12 21:58:52]: avatar 2 ( 26, 12) -> ( 26, 13)
[2015-03-12 21:58:53]: avatar 1 ( 32, 24) -> ( 32, 23)
[2015-03-12 21:58:53]: avatar 2 ( 26, 13) -> ( 27, 13)
[2015-03-12 21:58:53]: avatar 1 ( 32, 23) -> ( 32, 23)
[2015-03-12 21:58:53]: avatar 2 ( 27, 13) -> ( 27, 14)
[2015-03-12 21:58:53]: avatar 1 ( 32, 23) -> ( 32, 22)
[2015-03-12 21:58:53]: avatar 2 ( 27, 14) -> ( 28, 14)
[2015-03-12 21:58:53]: avatar 1 ( 32, 22) -> ( 32, 22)
[2015-03-12 21:58:53]: avatar 2 ( 28, 14) -> ( 28, 14)
[2015-03-12 21:58:53]: avatar 1 ( 32, 22) -> ( 32, 21)
[2015-03-12 21:58:53]: avatar 2 ( 28, 14) -> ( 28, 13)
[2015-03-12 21:58:53]: avatar 1 ( 32, 21) -> ( 32, 21)
[2015-03-12 21:58:53]: avatar 2 ( 28, 13) -> ( 29, 13)
[2015-03-12 21:58:54]: avatar 1 ( 32, 21) -> ( 32, 20)
[2015-03-12 21:58:54]: avatar 2 ( 29, 13) -> ( 29, 14)
[2015-03-12 21:58:54]: avatar 1 ( 32, 20) -> ( 33, 20)
[2015-03-12 21:58:54]: avatar 2 ( 29, 14) -> ( 30, 14)
[2015-03-12 21:58:54]: avatar 1 ( 33, 20) -> ( 33, 20)
[2015-03-12 21:58:54]: avatar 2 ( 30, 14) -> ( 30, 15)
[2015-03-12 21:58:54]: avatar 1 ( 33, 20) -> ( 33, 20)
[2015-03-12 21:58:54]: avatar 2 ( 30, 15) -> ( 30, 16)
[2015-03-12 21:58:54]: avatar 1 ( 33, 20) -> ( 33, 19)
[2015-03-12 21:58:54]: avatar 2 ( 30, 16) -> ( 30, 15)
[2015-03-12 21:58:55]: avatar 1 ( 33, 19) -> ( 34, 19)
[2015-03-12 21:58:55]: avatar 2 ( 30, 15) -> ( 30, 14)
[2015-03-12 21:58:55]: avatar 1 ( 34, 19) -> ( 34, 19)
[2015-03-12 21:58:55]: avatar 2 ( 30, 14) -> ( 30, 13)
[2015-03-12 21:58:55]: avatar 1 ( 34, 19) -> ( 34, 18)
[2015-03-12 21:58:55]: avatar 2 ( 30, 13) -> ( 30, 12)
[2015-03-12 21:58:55]: avatar 1 ( 34, 18) -> ( 34, 17)
[2015-03-12 21:58:55]: avatar 2 ( 30, 12) -> ( 29, 12)
[2015-03-12 21:58:55]: avatar 1 ( 34, 17) -> ( 34, 16)
[2015-03-12 21:58:55]: avatar 2 ( 29, 12) -> ( 29, 11)
[2015-03-12 21:58:55]: avatar 1 ( 34, 16) -> ( 34, 15)
[2015-03-12 21:58:55]: avatar 2 ( 29, 11) -> ( 29, 10)
[2015-03-12 21:58:55]: avatar 1 ( 34, 15) -> ( 34, 14)
[2015-03-12 21:58:55]: avatar 2 ( 29, 10) -> ( 29,  9)
[2015-03-12 21:58:56]: avatar 1 ( 34, 14) -> ( 34, 14)
[2015-03-12 21:58:56]: avatar 2 ( 29,  9) -> ( 29,  9)
[2015-03-12 21:58:56]: avatar 1 ( 34, 14) -> ( 33, 14)
[2015-03-12 21:58:56]: avatar 2 ( 29,  9) -> ( 29, 10)
[2015-03-12 21:58:56]: avatar 1 ( 33, 14) -> ( 33, 13)
[2015-03-12 21:58:56]: avatar 2 ( 29, 10) -> ( 28, 10)
[2015-03-12 21:58:56]: avatar 1 ( 33, 13) -> ( 34, 13)
[2015-03-12 21:58:56]: avatar 2 ( 28, 10) -> ( 28,  9)
[2015-03-12 21:58:56]: avatar 1 ( 34, 13) -> ( 34, 12)
[2015-03-12 21:58:56]: avatar 2 ( 28,  9) -> ( 28,  8)
[2015-03-12 21:58:57]: avatar 1 ( 34, 12) -> ( 34, 11)
[2015-03-12 21:58:57]: avatar 2 ( 28,  8) -> ( 27,  8)
[2015-03-12 21:58:57]: avatar 1 ( 34, 11) -> ( 34, 10)
[2015-03-12 21:58:57]: avatar 2 ( 27,  8) -> ( 27,  7)
[2015-03-12 21:58:57]: avatar 1 ( 34, 10) -> ( 34, 11)
[2015-03-12 21:58:57]: avatar 2 ( 27,  7) -> ( 28,  7)
[2015-03-12 21:58:58]: avatar 1 ( 34, 11) -> ( 34, 12)
[2015-03-12 21:58:58]: avatar 2 ( 28,  7) -> ( 28,  6)
[2015-03-12 21:58:58]: avatar 1 ( 34, 12) -> ( 34, 13)
[2015-03-12 21:58:58]: avatar 2 ( 28,  6) -> ( 29,  6)
[2015-03-12 21:58:58]: avatar 1 ( 34, 13) -> ( 33, 13)
[2015-03-12 21:58:58]: avatar 2 ( 29,  6) -> ( 29,  7)
[2015-03-12 21:58:58]: avatar 1 ( 33, 13) -> ( 33, 14)
[2015-03-12 21:58:58]: avatar 2 ( 29,  7) -> ( 29,  8)
[2015-03-12 21:58:58]: avatar 1 ( 33, 14) -> ( 34, 14)
[2015-03-12 21:58:58]: avatar 2 ( 29,  8) -> ( 30,  8)
[2015-03-12 21:58:59]: avatar 1 ( 34, 14) -> ( 34, 15)
[2015-03-12 21:58:59]: avatar 2 ( 30,  8) -> ( 31,  8)
[2015-03-12 21:58:59]: avatar 1 ( 34, 15) -> ( 34, 16)
[2015-03-12 21:58:59]: avatar 2 ( 31,  8) -> ( 31,  9)
[2015-03-12 21:58:59]: avatar 1 ( 34, 16) -> ( 34, 17)
[2015-03-12 21:58:59]: avatar 2 ( 31,  9) -> ( 30,  9)
[2015-03-12 21:58:59]: avatar 1 ( 34, 17) -> ( 34, 18)
[2015-03-12 21:58:59]: avatar 2 ( 30,  9) -> ( 30, 10)
[2015-03-12 21:58:59]: avatar 1 ( 34, 18) -> ( 34, 19)
[2015-03-12 21:58:59]: avatar 2 ( 30, 10) -> ( 30, 11)
[2015-03-12 21:59:00]: avatar 1 ( 34, 19) -> ( 33, 19)
[2015-03-12 21:59:00]: avatar 2 ( 30, 11) -> ( 31, 11)
[2015-03-12 21:59:00]: avatar 1 ( 33, 19) -> ( 33, 20)
[2015-03-12 21:59:00]: avatar 2 ( 31, 11) -> ( 31, 12)
[2015-03-12 21:59:00]: avatar 1 ( 33, 20) -> ( 32, 20)
[2015-03-12 21:59:00]: avatar 2 ( 31, 12) -> ( 31, 13)
[2015-03-12 21:59:00]: avatar 1 ( 32, 20) -> ( 32, 21)
[2015-03-12 21:59:00]: avatar 2 ( 31, 13) -> ( 31, 14)
[2015-03-12 21:59:00]: avatar 1 ( 32, 21) -> ( 32, 22)
[2015-03-12 21:59:00]: avatar 2 ( 31, 14) -> ( 31, 15)
[2015-03-12 21:59:01]: avatar 1 ( 32, 22) -> ( 32, 23)
[2015-03-12 21:59:01]: avatar 2 ( 31, 15) -> ( 31, 16)
[2015-03-12 21:59:01]: avatar 1 ( 32, 23) -> ( 32, 24)
[2015-03-12 21:59:01]: avatar 2 ( 31, 16) -> ( 32, 16)
[2015-03-12 21:59:01]: avatar 1 ( 32, 24) -> ( 32, 25)
[2015-03-12 21:59:01]: avatar 2 ( 32, 16) -> ( 32, 17)
[2015-03-12 21:59:01]: avatar 1 ( 32, 25) -> ( 31, 25)
[2015-03-12 21:59:01]: avatar 2 ( 32, 17) -> ( 31, 17)
[2015-03-12 21:59:01]: avatar 1 ( 31, 25) -> ( 30, 25)
[2015-03-12 21:59:01]: avatar 2 ( 31, 17) -> ( 30, 17)
[2015-03-12 21:59:02]: avatar 1 ( 30, 25) -> ( 30, 24)
[2015-03-12 21:59:02]: avatar 2 ( 30, 17) -> ( 29, 17)
[2015-03-12 21:59:02]: avatar 1 ( 30, 24) -> ( 31, 24)
[2015-03-12 21:59:02]: avatar 2 ( 29, 17) -> ( 28, 17)
[2015-03-12 21:59:02]: avatar 1 ( 31, 24) -> ( 31, 23)
[2015-03-12 21:59:02]: avatar 2 ( 28, 17) -> ( 28, 16)
[2015-03-12 21:59:02]: avatar 1 ( 31, 23) -> ( 30, 23)
[2015-03-12 21:59:02]: avatar 2 ( 28, 16) -> ( 29, 16)
[2015-03-12 21:59:02]: avatar 1 ( 30, 23) -> ( 30, 22)
[2015-03-12 21:59:02]: avatar 2 ( 29, 16) -> ( 29, 15)
[2015-03-12 21:59:02]: avatar 1 ( 30, 22) -> ( 29, 22)
[2015-03-12 21:59:02]: avatar 2 ( 29, 15) -> ( 28, 15)
[2015-03-12 21:59:03]: avatar 1 ( 29, 22) -> ( 28, 22)
[2015-03-12 21:59:03]: avatar 2 ( 28, 15) -> ( 27, 15)
[2015-03-12 21:59:03]: avatar 1 ( 28, 22) -> ( 28, 21)
[2015-03-12 21:59:03]: avatar 2 ( 27, 15) -> ( 27, 16)
[2015-03-12 21:59:03]: avatar 1 ( 28, 21) -> ( 29, 21)
[2015-03-12 21:59:03]: avatar 2 ( 27, 16) -> ( 26, 16)
[2015-03-12 21:59:03]: avatar 1 ( 29, 21) -> ( 29, 20)
[2015-03-12 21:59:03]: avatar 2 ( 26, 16) -> ( 25, 16)
[2015-03-12 21:59:04]: avatar 1 ( 29, 20) -> ( 30, 20)
[2015-03-12 21:59:04]: avatar 2 ( 25, 16) -> ( 25, 17)
[2015-03-12 21:59:04]: avatar 1 ( 30, 20) -> ( 31, 20)
[2015-03-12 21:59:04]: avatar 2 ( 25, 17) -> ( 25, 18)
[2015-03-12 21:59:04]: avatar 1 ( 31, 20) -> ( 31, 19)
[2015-03-12 21:59:04]: avatar 2 ( 25, 18) -> ( 24, 18)
[2015-03-12 21:59:04]: avatar 1 ( 31, 19) -> ( 30, 19)
[2015-03-12 21:59:04]: avatar 2 ( 24, 18) -> ( 24, 19)
[2015-03-12 21:59:04]: avatar 1 ( 30, 19) -> ( 30, 18)
[2015-03-12 21:59:04]: avatar 2 ( 24, 19) -> ( 24, 20)
[2015-03-12 21:59:04]: avatar 1 ( 30, 18) -> ( 29, 18)
[2015-03-12 21:59:04]: avatar 2 ( 24, 20) -> ( 24, 21)
[2015-03-12 21:59:05]: avatar 1 ( 29, 18) -> ( 29, 19)
[2015-03-12 21:59:05]: avatar 2 ( 24, 21) -> ( 25, 21)
[2015-03-12 21:59:05]: avatar 1 ( 29, 19) -> ( 28, 19)
[2015-03-12 21:59:05]: avatar 2 ( 25, 21) -> ( 25, 20)
[2015-03-12 21:59:05]: avatar 1 ( 28, 19) -> ( 28, 20)
[2015-03-12 21:59:05]: avatar 2 ( 25, 20) -> ( 25, 19)
[2015-03-12 21:59:05]: avatar 1 ( 28, 20) -> ( 27, 20)
[2015-03-12 21:59:05]: avatar 2 ( 25, 19) -> ( 26, 19)
[2015-03-12 21:59:05]: avatar 1 ( 27, 20) -> ( 27, 21)
[2015-03-12 21:59:05]: avatar 2 ( 26, 19) -> ( 26, 20)
[2015-03-12 21:59:05]: Moves to Solve: 367
[2015-03-12 21:59:05]: Hash: 3790048893
