[2015-03-12 21:33:50]: USER=matthew, algorithm=2, port=44457, time=Thu Mar 12 21:33:50 2015
[2015-03-12 21:33:50]: Maze size = 30x30
[2015-03-12 21:33:51]: avatar 1 ( 101, 101) -> ( 12,  2)
[2015-03-12 21:33:51]: avatar 2 ( 101, 101) -> ( 21,  6)
[2015-03-12 21:33:51]: avatar 3 ( 101, 101) -> ( 13, 10)
[2015-03-12 21:33:51]: avatar 1 ( 12,  2) -> ( 13,  2)
[2015-03-12 21:33:51]: avatar 2 ( 21,  6) -> ( 22,  6)
[2015-03-12 21:33:51]: avatar 3 ( 13, 10) -> ( 13, 10)
[2015-03-12 21:33:51]: avatar 1 ( 13,  2) -> ( 13,  3)
[2015-03-12 21:33:51]: avatar 2 ( 22,  6) -> ( 22,  7)
[2015-03-12 21:33:51]: avatar 3 ( 13, 10) -> ( 13, 10)
[2015-03-12 21:33:51]: avatar 1 ( 13,  3) -> ( 12,  3)
[2015-03-12 21:33:51]: avatar 2 ( 22,  7) -> ( 21,  7)
[2015-03-12 21:33:51]: avatar 3 ( 13, 10) -> ( 12, 10)
[2015-03-12 21:33:52]: avatar 1 ( 12,  3) -> ( 12,  3)
[2015-03-12 21:33:52]: avatar 2 ( 21,  7) -> ( 21,  7)
[2015-03-12 21:33:52]: avatar 3 ( 12, 10) -> ( 12,  9)
[2015-03-12 21:33:52]: avatar 1 ( 12,  3) -> ( 12,  3)
[2015-03-12 21:33:52]: avatar 2 ( 21,  7) -> ( 20,  7)
[2015-03-12 21:33:52]: avatar 3 ( 12,  9) -> ( 13,  9)
[2015-03-12 21:33:52]: avatar 1 ( 12,  3) -> ( 12,  4)
[2015-03-12 21:33:52]: avatar 2 ( 20,  7) -> ( 20,  7)
[2015-03-12 21:33:52]: avatar 3 ( 13,  9) -> ( 13,  9)
[2015-03-12 21:33:52]: avatar 1 ( 12,  4) -> ( 12,  4)
[2015-03-12 21:33:52]: avatar 2 ( 20,  7) -> ( 20,  7)
[2015-03-12 21:33:52]: avatar 3 ( 13,  9) -> ( 13,  8)
[2015-03-12 21:33:52]: avatar 1 ( 12,  4) -> ( 12,  5)
[2015-03-12 21:33:52]: avatar 2 ( 20,  7) -> ( 20,  7)
[2015-03-12 21:33:52]: avatar 3 ( 13,  8) -> ( 13,  8)
[2015-03-12 21:33:52]: avatar 1 ( 12,  5) -> ( 12,  5)
[2015-03-12 21:33:52]: avatar 2 ( 20,  7) -> ( 21,  7)
[2015-03-12 21:33:52]: avatar 3 ( 13,  8) -> ( 13,  7)
[2015-03-12 21:33:52]: avatar 1 ( 12,  5) -> ( 12,  6)
[2015-03-12 21:33:52]: avatar 2 ( 21,  7) -> ( 21,  8)
[2015-03-12 21:33:52]: avatar 3 ( 13,  7) -> ( 13,  7)
[2015-03-12 21:33:52]: avatar 1 ( 12,  6) -> ( 12,  6)
[2015-03-12 21:33:52]: avatar 2 ( 21,  8) -> ( 20,  8)
[2015-03-12 21:33:52]: avatar 3 ( 13,  7) -> ( 13,  6)
[2015-03-12 21:33:53]: avatar 1 ( 12,  6) -> ( 12,  6)
[2015-03-12 21:33:53]: avatar 2 ( 20,  8) -> ( 19,  8)
[2015-03-12 21:33:53]: avatar 3 ( 13,  6) -> ( 13,  6)
[2015-03-12 21:33:53]: avatar 1 ( 12,  6) -> ( 12,  6)
[2015-03-12 21:33:53]: avatar 2 ( 19,  8) -> ( 19,  8)
[2015-03-12 21:33:53]: avatar 3 ( 13,  6) -> ( 13,  6)
[2015-03-12 21:33:53]: avatar 1 ( 12,  6) -> ( 12,  6)
[2015-03-12 21:33:53]: avatar 2 ( 19,  8) -> ( 18,  8)
[2015-03-12 21:33:53]: avatar 3 ( 13,  6) -> ( 12,  6)
[2015-03-12 21:33:53]: avatar 1 ( 12,  6) -> ( 13,  6)
[2015-03-12 21:33:53]: avatar 2 ( 18,  8) -> ( 18,  8)
[2015-03-12 21:33:53]: avatar 3 ( 12,  6) -> ( 12,  5)
[2015-03-12 21:33:53]: avatar 1 ( 13,  6) -> ( 13,  7)
[2015-03-12 21:33:53]: avatar 2 ( 18,  8) -> ( 18,  8)
[2015-03-12 21:33:53]: avatar 3 ( 12,  5) -> ( 12,  5)
[2015-03-12 21:33:53]: avatar 1 ( 13,  7) -> ( 13,  7)
[2015-03-12 21:33:53]: avatar 2 ( 18,  8) -> ( 18,  9)
[2015-03-12 21:33:53]: avatar 3 ( 12,  5) -> ( 12,  4)
[2015-03-12 21:33:54]: avatar 1 ( 13,  7) -> ( 13,  8)
[2015-03-12 21:33:54]: avatar 2 ( 18,  9) -> ( 17,  9)
[2015-03-12 21:33:54]: avatar 3 ( 12,  4) -> ( 13,  4)
[2015-03-12 21:33:54]: avatar 1 ( 13,  8) -> ( 13,  8)
[2015-03-12 21:33:54]: avatar 2 ( 17,  9) -> ( 17,  9)
[2015-03-12 21:33:54]: avatar 3 ( 13,  4) -> ( 13,  5)
[2015-03-12 21:33:54]: avatar 1 ( 13,  8) -> ( 13,  9)
[2015-03-12 21:33:54]: avatar 2 ( 17,  9) -> ( 17,  9)
[2015-03-12 21:33:54]: avatar 3 ( 13,  5) -> ( 14,  5)
[2015-03-12 21:33:54]: avatar 1 ( 13,  9) -> ( 12,  9)
[2015-03-12 21:33:54]: avatar 2 ( 17,  9) -> ( 17, 10)
[2015-03-12 21:33:54]: avatar 3 ( 14,  5) -> ( 14,  5)
[2015-03-12 21:33:54]: avatar 1 ( 12,  9) -> ( 12,  8)
[2015-03-12 21:33:54]: avatar 2 ( 17, 10) -> ( 17, 10)
[2015-03-12 21:33:54]: avatar 3 ( 14,  5) -> ( 15,  5)
[2015-03-12 21:33:54]: avatar 1 ( 12,  8) -> ( 12,  8)
[2015-03-12 21:33:54]: avatar 2 ( 17, 10) -> ( 17, 11)
[2015-03-12 21:33:54]: avatar 3 ( 15,  5) -> ( 15,  5)
[2015-03-12 21:33:55]: avatar 1 ( 12,  8) -> ( 11,  8)
[2015-03-12 21:33:55]: avatar 2 ( 17, 11) -> ( 17, 11)
[2015-03-12 21:33:55]: avatar 3 ( 15,  5) -> ( 15,  5)
[2015-03-12 21:33:55]: avatar 1 ( 11,  8) -> ( 11,  8)
[2015-03-12 21:33:55]: avatar 2 ( 17, 11) -> ( 17, 11)
[2015-03-12 21:33:55]: avatar 3 ( 15,  5) -> ( 15,  4)
[2015-03-12 21:33:55]: avatar 1 ( 11,  8) -> ( 10,  8)
[2015-03-12 21:33:55]: avatar 2 ( 17, 11) -> ( 18, 11)
[2015-03-12 21:33:55]: avatar 3 ( 15,  4) -> ( 15,  4)
[2015-03-12 21:33:55]: avatar 1 ( 10,  8) -> ( 10,  7)
[2015-03-12 21:33:55]: avatar 2 ( 18, 11) -> ( 18, 11)
[2015-03-12 21:33:55]: avatar 3 ( 15,  4) -> ( 15,  4)
[2015-03-12 21:33:55]: avatar 1 ( 10,  7) -> ( 11,  7)
[2015-03-12 21:33:55]: avatar 2 ( 18, 11) -> ( 19, 11)
[2015-03-12 21:33:55]: avatar 3 ( 15,  4) -> ( 15,  4)
[2015-03-12 21:33:55]: avatar 1 ( 11,  7) -> ( 12,  7)
[2015-03-12 21:33:55]: avatar 2 ( 19, 11) -> ( 19, 11)
[2015-03-12 21:33:55]: avatar 3 ( 15,  4) -> ( 15,  5)
[2015-03-12 21:33:56]: avatar 1 ( 12,  7) -> ( 11,  7)
[2015-03-12 21:33:56]: avatar 2 ( 19, 11) -> ( 20, 11)
[2015-03-12 21:33:56]: avatar 3 ( 15,  5) -> ( 14,  5)
[2015-03-12 21:33:56]: avatar 1 ( 11,  7) -> ( 11,  6)
[2015-03-12 21:33:56]: avatar 2 ( 20, 11) -> ( 20, 11)
[2015-03-12 21:33:56]: avatar 3 ( 14,  5) -> ( 14,  4)
[2015-03-12 21:33:56]: avatar 1 ( 11,  6) -> ( 11,  6)
[2015-03-12 21:33:56]: avatar 2 ( 20, 11) -> ( 20, 11)
[2015-03-12 21:33:56]: avatar 3 ( 14,  4) -> ( 14,  3)
[2015-03-12 21:33:56]: avatar 1 ( 11,  6) -> ( 11,  6)
[2015-03-12 21:33:56]: avatar 2 ( 20, 11) -> ( 20, 10)
[2015-03-12 21:33:56]: avatar 3 ( 14,  3) -> ( 15,  3)
[2015-03-12 21:33:56]: avatar 1 ( 11,  6) -> ( 11,  7)
[2015-03-12 21:33:56]: avatar 2 ( 20, 10) -> ( 21, 10)
[2015-03-12 21:33:56]: avatar 3 ( 15,  3) -> ( 16,  3)
[2015-03-12 21:33:56]: avatar 1 ( 11,  7) -> ( 10,  7)
[2015-03-12 21:33:56]: avatar 2 ( 21, 10) -> ( 21, 11)
[2015-03-12 21:33:56]: avatar 3 ( 16,  3) -> ( 16,  4)
[2015-03-12 21:33:56]: avatar 1 ( 10,  7) -> ( 10,  7)
[2015-03-12 21:33:56]: avatar 2 ( 21, 11) -> ( 21, 12)
[2015-03-12 21:33:56]: avatar 3 ( 16,  4) -> ( 16,  5)
[2015-03-12 21:33:57]: avatar 1 ( 10,  7) -> ( 10,  7)
[2015-03-12 21:33:57]: avatar 2 ( 21, 12) -> ( 20, 12)
[2015-03-12 21:33:57]: avatar 3 ( 16,  5) -> ( 16,  6)
[2015-03-12 21:33:57]: avatar 1 ( 10,  7) -> ( 10,  8)
[2015-03-12 21:33:57]: avatar 2 ( 20, 12) -> ( 19, 12)
[2015-03-12 21:33:57]: avatar 3 ( 16,  6) -> ( 16,  6)
[2015-03-12 21:33:57]: avatar 1 ( 10,  8) -> ( 10,  8)
[2015-03-12 21:33:57]: avatar 2 ( 19, 12) -> ( 18, 12)
[2015-03-12 21:33:57]: avatar 3 ( 16,  6) -> ( 16,  7)
[2015-03-12 21:33:57]: avatar 1 ( 10,  8) -> ( 10,  8)
[2015-03-12 21:33:57]: avatar 2 ( 18, 12) -> ( 17, 12)
[2015-03-12 21:33:57]: avatar 3 ( 16,  7) -> ( 16,  7)
[2015-03-12 21:33:57]: avatar 1 ( 10,  8) -> ( 11,  8)
[2015-03-12 21:33:57]: avatar 2 ( 17, 12) -> ( 16, 12)
[2015-03-12 21:33:57]: avatar 3 ( 16,  7) -> ( 16,  7)
[2015-03-12 21:33:57]: avatar 1 ( 11,  8) -> ( 11,  8)
[2015-03-12 21:33:57]: avatar 2 ( 16, 12) -> ( 16, 11)
[2015-03-12 21:33:57]: avatar 3 ( 16,  7) -> ( 17,  7)
[2015-03-12 21:33:58]: avatar 1 ( 11,  8) -> ( 12,  8)
[2015-03-12 21:33:58]: avatar 2 ( 16, 11) -> ( 16, 11)
[2015-03-12 21:33:58]: avatar 3 ( 17,  7) -> ( 17,  8)
[2015-03-12 21:33:58]: avatar 1 ( 12,  8) -> ( 12,  9)
[2015-03-12 21:33:58]: avatar 2 ( 16, 11) -> ( 15, 11)
[2015-03-12 21:33:58]: avatar 3 ( 17,  8) -> ( 16,  8)
[2015-03-12 21:33:58]: avatar 1 ( 12,  9) -> ( 12,  9)
[2015-03-12 21:33:58]: avatar 2 ( 15, 11) -> ( 15, 11)
[2015-03-12 21:33:58]: avatar 3 ( 16,  8) -> ( 16,  8)
[2015-03-12 21:33:58]: avatar 1 ( 12,  9) -> ( 12, 10)
[2015-03-12 21:33:58]: avatar 2 ( 15, 11) -> ( 15, 11)
[2015-03-12 21:33:58]: avatar 3 ( 16,  8) -> ( 16,  9)
[2015-03-12 21:33:58]: avatar 1 ( 12, 10) -> ( 12, 10)
[2015-03-12 21:33:58]: avatar 2 ( 15, 11) -> ( 15, 12)
[2015-03-12 21:33:58]: avatar 3 ( 16,  9) -> ( 16,  9)
[2015-03-12 21:33:58]: avatar 1 ( 12, 10) -> ( 12, 10)
[2015-03-12 21:33:58]: avatar 2 ( 15, 12) -> ( 14, 12)
[2015-03-12 21:33:58]: avatar 3 ( 16,  9) -> ( 16, 10)
[2015-03-12 21:33:59]: avatar 1 ( 12, 10) -> ( 13, 10)
[2015-03-12 21:33:59]: avatar 2 ( 14, 12) -> ( 14, 12)
[2015-03-12 21:33:59]: avatar 3 ( 16, 10) -> ( 15, 10)
[2015-03-12 21:33:59]: avatar 1 ( 13, 10) -> ( 13, 10)
[2015-03-12 21:33:59]: avatar 2 ( 14, 12) -> ( 13, 12)
[2015-03-12 21:33:59]: avatar 3 ( 15, 10) -> ( 15,  9)
[2015-03-12 21:33:59]: avatar 1 ( 13, 10) -> ( 12, 10)
[2015-03-12 21:33:59]: avatar 2 ( 13, 12) -> ( 13, 12)
[2015-03-12 21:33:59]: avatar 3 ( 15,  9) -> ( 15,  8)
[2015-03-12 21:33:59]: avatar 1 ( 12, 10) -> ( 12,  9)
[2015-03-12 21:33:59]: avatar 2 ( 13, 12) -> ( 12, 12)
[2015-03-12 21:33:59]: avatar 3 ( 15,  8) -> ( 15,  7)
[2015-03-12 21:33:59]: avatar 1 ( 12,  9) -> ( 13,  9)
[2015-03-12 21:33:59]: avatar 2 ( 12, 12) -> ( 12, 12)
[2015-03-12 21:33:59]: avatar 3 ( 15,  7) -> ( 15,  6)
[2015-03-12 21:33:59]: avatar 1 ( 13,  9) -> ( 13,  8)
[2015-03-12 21:33:59]: avatar 2 ( 12, 12) -> ( 11, 12)
[2015-03-12 21:33:59]: avatar 3 ( 15,  6) -> ( 14,  6)
[2015-03-12 21:34:00]: avatar 1 ( 13,  8) -> ( 13,  7)
[2015-03-12 21:34:00]: avatar 2 ( 11, 12) -> ( 11, 12)
[2015-03-12 21:34:00]: avatar 3 ( 14,  6) -> ( 14,  7)
[2015-03-12 21:34:00]: avatar 1 ( 13,  7) -> ( 13,  6)
[2015-03-12 21:34:00]: avatar 2 ( 11, 12) -> ( 11, 12)
[2015-03-12 21:34:00]: avatar 3 ( 14,  7) -> ( 14,  8)
[2015-03-12 21:34:00]: avatar 1 ( 13,  6) -> ( 12,  6)
[2015-03-12 21:34:00]: avatar 2 ( 11, 12) -> ( 11, 13)
[2015-03-12 21:34:00]: avatar 3 ( 14,  8) -> ( 14,  9)
[2015-03-12 21:34:00]: avatar 1 ( 12,  6) -> ( 12,  5)
[2015-03-12 21:34:00]: avatar 2 ( 11, 13) -> ( 11, 13)
[2015-03-12 21:34:00]: avatar 3 ( 14,  9) -> ( 14, 10)
[2015-03-12 21:34:00]: avatar 1 ( 12,  5) -> ( 12,  4)
[2015-03-12 21:34:00]: avatar 2 ( 11, 13) -> ( 11, 14)
[2015-03-12 21:34:00]: avatar 3 ( 14, 10) -> ( 14, 11)
[2015-03-12 21:34:00]: avatar 1 ( 12,  4) -> ( 13,  4)
[2015-03-12 21:34:00]: avatar 2 ( 11, 14) -> ( 11, 14)
[2015-03-12 21:34:00]: avatar 3 ( 14, 11) -> ( 13, 11)
[2015-03-12 21:34:01]: avatar 1 ( 13,  4) -> ( 13,  4)
[2015-03-12 21:34:01]: avatar 2 ( 11, 14) -> ( 11, 15)
[2015-03-12 21:34:01]: avatar 3 ( 13, 11) -> ( 12, 11)
[2015-03-12 21:34:01]: avatar 1 ( 13,  4) -> ( 13,  4)
[2015-03-12 21:34:01]: avatar 2 ( 11, 15) -> ( 11, 15)
[2015-03-12 21:34:01]: avatar 3 ( 12, 11) -> ( 11, 11)
[2015-03-12 21:34:01]: avatar 1 ( 13,  4) -> ( 12,  4)
[2015-03-12 21:34:01]: avatar 2 ( 11, 15) -> ( 11, 16)
[2015-03-12 21:34:01]: avatar 3 ( 11, 11) -> ( 11, 11)
[2015-03-12 21:34:01]: avatar 1 ( 12,  4) -> ( 12,  3)
[2015-03-12 21:34:01]: avatar 2 ( 11, 16) -> ( 11, 16)
[2015-03-12 21:34:01]: avatar 3 ( 11, 11) -> ( 10, 11)
[2015-03-12 21:34:01]: avatar 1 ( 12,  3) -> ( 13,  3)
[2015-03-12 21:34:01]: avatar 2 ( 11, 16) -> ( 11, 16)
[2015-03-12 21:34:01]: avatar 3 ( 10, 11) -> ( 10, 10)
[2015-03-12 21:34:01]: avatar 1 ( 13,  3) -> ( 13,  3)
[2015-03-12 21:34:01]: avatar 2 ( 11, 16) -> ( 12, 16)
[2015-03-12 21:34:01]: avatar 3 ( 10, 10) -> ( 11, 10)
[2015-03-12 21:34:01]: avatar 1 ( 13,  3) -> ( 13,  2)
[2015-03-12 21:34:01]: avatar 2 ( 12, 16) -> ( 12, 16)
[2015-03-12 21:34:01]: avatar 3 ( 11, 10) -> ( 11,  9)
[2015-03-12 21:34:02]: avatar 1 ( 13,  2) -> ( 13,  2)
[2015-03-12 21:34:02]: avatar 2 ( 12, 16) -> ( 13, 16)
[2015-03-12 21:34:02]: avatar 3 ( 11,  9) -> ( 10,  9)
[2015-03-12 21:34:02]: avatar 1 ( 13,  2) -> ( 13,  2)
[2015-03-12 21:34:02]: avatar 2 ( 13, 16) -> ( 13, 16)
[2015-03-12 21:34:02]: avatar 3 ( 10,  9) -> (  9,  9)
[2015-03-12 21:34:02]: avatar 1 ( 13,  2) -> ( 12,  2)
[2015-03-12 21:34:02]: avatar 2 ( 13, 16) -> ( 13, 16)
[2015-03-12 21:34:02]: avatar 3 (  9,  9) -> (  9,  9)
[2015-03-12 21:34:02]: avatar 1 ( 12,  2) -> ( 12,  1)
[2015-03-12 21:34:02]: avatar 2 ( 13, 16) -> ( 13, 15)
[2015-03-12 21:34:02]: avatar 3 (  9,  9) -> (  8,  9)
[2015-03-12 21:34:02]: avatar 1 ( 12,  1) -> ( 12,  1)
[2015-03-12 21:34:02]: avatar 2 ( 13, 15) -> ( 13, 15)
[2015-03-12 21:34:02]: avatar 3 (  8,  9) -> (  8,  8)
[2015-03-12 21:34:02]: avatar 1 ( 12,  1) -> ( 12,  0)
[2015-03-12 21:34:02]: avatar 2 ( 13, 15) -> ( 13, 15)
[2015-03-12 21:34:02]: avatar 3 (  8,  8) -> (  9,  8)
[2015-03-12 21:34:03]: avatar 1 ( 12,  0) -> ( 13,  0)
[2015-03-12 21:34:03]: avatar 2 ( 13, 15) -> ( 12, 15)
[2015-03-12 21:34:03]: avatar 3 (  9,  8) -> (  9,  7)
[2015-03-12 21:34:03]: avatar 1 ( 13,  0) -> ( 13,  1)
[2015-03-12 21:34:03]: avatar 2 ( 12, 15) -> ( 12, 14)
[2015-03-12 21:34:03]: avatar 3 (  9,  7) -> (  9,  6)
[2015-03-12 21:34:03]: avatar 1 ( 13,  1) -> ( 14,  1)
[2015-03-12 21:34:03]: avatar 2 ( 12, 14) -> ( 13, 14)
[2015-03-12 21:34:03]: avatar 3 (  9,  6) -> ( 10,  6)
[2015-03-12 21:34:03]: avatar 1 ( 14,  1) -> ( 14,  1)
[2015-03-12 21:34:03]: avatar 2 ( 13, 14) -> ( 14, 14)
[2015-03-12 21:34:03]: avatar 3 ( 10,  6) -> ( 10,  5)
[2015-03-12 21:34:03]: avatar 1 ( 14,  1) -> ( 15,  1)
[2015-03-12 21:34:03]: avatar 2 ( 14, 14) -> ( 14, 14)
[2015-03-12 21:34:03]: avatar 3 ( 10,  5) -> ( 11,  5)
[2015-03-12 21:34:03]: avatar 1 ( 15,  1) -> ( 15,  2)
[2015-03-12 21:34:03]: avatar 2 ( 14, 14) -> ( 14, 14)
[2015-03-12 21:34:03]: avatar 3 ( 11,  5) -> ( 11,  4)
[2015-03-12 21:34:04]: avatar 1 ( 15,  2) -> ( 14,  2)
[2015-03-12 21:34:04]: avatar 2 ( 14, 14) -> ( 14, 13)
[2015-03-12 21:34:04]: avatar 3 ( 11,  4) -> ( 11,  3)
[2015-03-12 21:34:04]: avatar 1 ( 14,  2) -> ( 14,  2)
[2015-03-12 21:34:04]: avatar 2 ( 14, 13) -> ( 15, 13)
[2015-03-12 21:34:04]: avatar 3 ( 11,  3) -> ( 11,  2)
[2015-03-12 21:34:04]: avatar 1 ( 14,  2) -> ( 15,  2)
[2015-03-12 21:34:04]: avatar 2 ( 15, 13) -> ( 15, 14)
[2015-03-12 21:34:04]: avatar 3 ( 11,  2) -> ( 11,  2)
[2015-03-12 21:34:04]: avatar 1 ( 15,  2) -> ( 15,  2)
[2015-03-12 21:34:04]: avatar 2 ( 15, 14) -> ( 15, 15)
[2015-03-12 21:34:04]: avatar 3 ( 11,  2) -> ( 11,  1)
[2015-03-12 21:34:04]: avatar 1 ( 15,  2) -> ( 16,  2)
[2015-03-12 21:34:04]: avatar 2 ( 15, 15) -> ( 15, 15)
[2015-03-12 21:34:04]: avatar 3 ( 11,  1) -> ( 11,  1)
[2015-03-12 21:34:05]: avatar 1 ( 16,  2) -> ( 16,  2)
[2015-03-12 21:34:05]: avatar 2 ( 15, 15) -> ( 15, 16)
[2015-03-12 21:34:05]: avatar 3 ( 11,  1) -> ( 11,  1)
[2015-03-12 21:34:05]: avatar 1 ( 16,  2) -> ( 16,  2)
[2015-03-12 21:34:05]: avatar 2 ( 15, 16) -> ( 15, 16)
[2015-03-12 21:34:05]: avatar 3 ( 11,  1) -> ( 10,  1)
[2015-03-12 21:34:05]: avatar 1 ( 16,  2) -> ( 16,  1)
[2015-03-12 21:34:05]: avatar 2 ( 15, 16) -> ( 15, 16)
[2015-03-12 21:34:05]: avatar 3 ( 10,  1) -> ( 10,  1)
[2015-03-12 21:34:05]: avatar 1 ( 16,  1) -> ( 17,  1)
[2015-03-12 21:34:05]: avatar 2 ( 15, 16) -> ( 16, 16)
[2015-03-12 21:34:05]: avatar 3 ( 10,  1) -> (  9,  1)
[2015-03-12 21:34:05]: avatar 1 ( 17,  1) -> ( 17,  2)
[2015-03-12 21:34:05]: avatar 2 ( 16, 16) -> ( 16, 16)
[2015-03-12 21:34:05]: avatar 3 (  9,  1) -> (  9,  0)
[2015-03-12 21:34:05]: avatar 1 ( 17,  2) -> ( 17,  3)
[2015-03-12 21:34:05]: avatar 2 ( 16, 16) -> ( 17, 16)
[2015-03-12 21:34:05]: avatar 3 (  9,  0) -> (  9,  0)
[2015-03-12 21:34:05]: avatar 1 ( 17,  3) -> ( 17,  3)
[2015-03-12 21:34:05]: avatar 2 ( 17, 16) -> ( 17, 17)
[2015-03-12 21:34:05]: avatar 3 (  9,  0) -> (  8,  0)
[2015-03-12 21:34:06]: avatar 1 ( 17,  3) -> ( 17,  4)
[2015-03-12 21:34:06]: avatar 2 ( 17, 17) -> ( 16, 17)
[2015-03-12 21:34:06]: avatar 3 (  8,  0) -> (  8,  0)
[2015-03-12 21:34:06]: avatar 1 ( 17,  4) -> ( 17,  4)
[2015-03-12 21:34:06]: avatar 2 ( 16, 17) -> ( 16, 17)
[2015-03-12 21:34:06]: avatar 3 (  8,  0) -> (  8,  1)
[2015-03-12 21:34:06]: avatar 1 ( 17,  4) -> ( 17,  4)
[2015-03-12 21:34:06]: avatar 2 ( 16, 17) -> ( 16, 18)
[2015-03-12 21:34:06]: avatar 3 (  8,  1) -> (  8,  1)
[2015-03-12 21:34:06]: avatar 1 ( 17,  4) -> ( 18,  4)
[2015-03-12 21:34:06]: avatar 2 ( 16, 18) -> ( 15, 18)
[2015-03-12 21:34:06]: avatar 3 (  8,  1) -> (  8,  2)
[2015-03-12 21:34:06]: avatar 1 ( 18,  4) -> ( 18,  4)
[2015-03-12 21:34:06]: avatar 2 ( 15, 18) -> ( 15, 18)
[2015-03-12 21:34:06]: avatar 3 (  8,  2) -> (  7,  2)
[2015-03-12 21:34:07]: avatar 1 ( 18,  4) -> ( 19,  4)
[2015-03-12 21:34:07]: avatar 2 ( 15, 18) -> ( 14, 18)
[2015-03-12 21:34:07]: avatar 3 (  7,  2) -> (  7,  2)
[2015-03-12 21:34:07]: avatar 1 ( 19,  4) -> ( 19,  5)
[2015-03-12 21:34:07]: avatar 2 ( 14, 18) -> ( 14, 18)
[2015-03-12 21:34:07]: avatar 3 (  7,  2) -> (  6,  2)
[2015-03-12 21:34:07]: avatar 1 ( 19,  5) -> ( 18,  5)
[2015-03-12 21:34:07]: avatar 2 ( 14, 18) -> ( 13, 18)
[2015-03-12 21:34:07]: avatar 3 (  6,  2) -> (  6,  1)
[2015-03-12 21:34:07]: avatar 1 ( 18,  5) -> ( 18,  5)
[2015-03-12 21:34:07]: avatar 2 ( 13, 18) -> ( 13, 18)
[2015-03-12 21:34:07]: avatar 3 (  6,  1) -> (  7,  1)
[2015-03-12 21:34:07]: avatar 1 ( 18,  5) -> ( 18,  6)
[2015-03-12 21:34:07]: avatar 2 ( 13, 18) -> ( 12, 18)
[2015-03-12 21:34:07]: avatar 3 (  7,  1) -> (  7,  0)
[2015-03-12 21:34:07]: avatar 1 ( 18,  6) -> ( 17,  6)
[2015-03-12 21:34:07]: avatar 2 ( 12, 18) -> ( 12, 17)
[2015-03-12 21:34:07]: avatar 3 (  7,  0) -> (  6,  0)
[2015-03-12 21:34:07]: avatar 1 ( 17,  6) -> ( 17,  5)
[2015-03-12 21:34:07]: avatar 2 ( 12, 17) -> ( 13, 17)
[2015-03-12 21:34:07]: avatar 3 (  6,  0) -> (  5,  0)
[2015-03-12 21:34:08]: avatar 1 ( 17,  5) -> ( 17,  5)
[2015-03-12 21:34:08]: avatar 2 ( 13, 17) -> ( 14, 17)
[2015-03-12 21:34:08]: avatar 3 (  5,  0) -> (  4,  0)
[2015-03-12 21:34:08]: avatar 1 ( 17,  5) -> ( 17,  6)
[2015-03-12 21:34:08]: avatar 2 ( 14, 17) -> ( 15, 17)
[2015-03-12 21:34:08]: avatar 3 (  4,  0) -> (  3,  0)
[2015-03-12 21:34:08]: avatar 1 ( 17,  6) -> ( 17,  6)
[2015-03-12 21:34:08]: avatar 2 ( 15, 17) -> ( 14, 17)
[2015-03-12 21:34:08]: avatar 3 (  3,  0) -> (  2,  0)
[2015-03-12 21:34:08]: avatar 1 ( 17,  6) -> ( 17,  6)
[2015-03-12 21:34:08]: avatar 2 ( 14, 17) -> ( 14, 16)
[2015-03-12 21:34:08]: avatar 3 (  2,  0) -> (  1,  0)
[2015-03-12 21:34:08]: avatar 1 ( 17,  6) -> ( 18,  6)
[2015-03-12 21:34:08]: avatar 2 ( 14, 16) -> ( 14, 15)
[2015-03-12 21:34:08]: avatar 3 (  1,  0) -> (  0,  0)
[2015-03-12 21:34:09]: avatar 1 ( 18,  6) -> ( 18,  7)
[2015-03-12 21:34:09]: avatar 2 ( 14, 15) -> ( 14, 16)
[2015-03-12 21:34:09]: avatar 3 (  0,  0) -> (  0,  1)
[2015-03-12 21:34:09]: avatar 1 ( 18,  7) -> ( 18,  7)
[2015-03-12 21:34:09]: avatar 2 ( 14, 16) -> ( 14, 17)
[2015-03-12 21:34:09]: avatar 3 (  0,  1) -> (  0,  2)
[2015-03-12 21:34:09]: avatar 1 ( 18,  7) -> ( 19,  7)
[2015-03-12 21:34:09]: avatar 2 ( 14, 17) -> ( 13, 17)
[2015-03-12 21:34:09]: avatar 3 (  0,  2) -> (  0,  3)
[2015-03-12 21:34:09]: avatar 1 ( 19,  7) -> ( 19,  6)
[2015-03-12 21:34:09]: avatar 2 ( 13, 17) -> ( 12, 17)
[2015-03-12 21:34:09]: avatar 3 (  0,  3) -> (  0,  4)
[2015-03-12 21:34:09]: avatar 1 ( 19,  6) -> ( 20,  6)
[2015-03-12 21:34:09]: avatar 2 ( 12, 17) -> ( 11, 17)
[2015-03-12 21:34:09]: avatar 3 (  0,  4) -> (  0,  5)
[2015-03-12 21:34:10]: avatar 1 ( 20,  6) -> ( 20,  6)
[2015-03-12 21:34:10]: avatar 2 ( 11, 17) -> ( 10, 17)
[2015-03-12 21:34:10]: avatar 3 (  0,  5) -> (  0,  5)
[2015-03-12 21:34:10]: avatar 1 ( 20,  6) -> ( 20,  5)
[2015-03-12 21:34:10]: avatar 2 ( 10, 17) -> ( 10, 16)
[2015-03-12 21:34:10]: avatar 3 (  0,  5) -> (  0,  5)
[2015-03-12 21:34:10]: avatar 1 ( 20,  5) -> ( 21,  5)
[2015-03-12 21:34:10]: avatar 2 ( 10, 16) -> ( 10, 15)
[2015-03-12 21:34:10]: avatar 3 (  0,  5) -> (  0,  4)
[2015-03-12 21:34:10]: avatar 1 ( 21,  5) -> ( 21,  5)
[2015-03-12 21:34:10]: avatar 2 ( 10, 15) -> ( 10, 14)
[2015-03-12 21:34:10]: avatar 3 (  0,  4) -> (  0,  4)
[2015-03-12 21:34:11]: avatar 1 ( 21,  5) -> ( 22,  5)
[2015-03-12 21:34:11]: avatar 2 ( 10, 14) -> ( 10, 13)
[2015-03-12 21:34:11]: avatar 3 (  0,  4) -> (  0,  3)
[2015-03-12 21:34:11]: avatar 1 ( 22,  5) -> ( 22,  5)
[2015-03-12 21:34:11]: avatar 2 ( 10, 13) -> ( 10, 12)
[2015-03-12 21:34:11]: avatar 3 (  0,  3) -> (  1,  3)
[2015-03-12 21:34:11]: avatar 1 ( 22,  5) -> ( 22,  5)
[2015-03-12 21:34:11]: avatar 2 ( 10, 12) -> ( 10, 12)
[2015-03-12 21:34:11]: avatar 3 (  1,  3) -> (  1,  3)
[2015-03-12 21:34:11]: avatar 1 ( 22,  5) -> ( 22,  4)
[2015-03-12 21:34:11]: avatar 2 ( 10, 12) -> ( 10, 12)
[2015-03-12 21:34:11]: avatar 3 (  1,  3) -> (  1,  3)
[2015-03-12 21:34:11]: avatar 1 ( 22,  4) -> ( 22,  4)
[2015-03-12 21:34:11]: avatar 2 ( 10, 12) -> ( 10, 13)
[2015-03-12 21:34:11]: avatar 3 (  1,  3) -> (  1,  2)
[2015-03-12 21:34:12]: avatar 1 ( 22,  4) -> ( 22,  4)
[2015-03-12 21:34:12]: avatar 2 ( 10, 13) -> ( 10, 13)
[2015-03-12 21:34:12]: avatar 3 (  1,  2) -> (  2,  2)
[2015-03-12 21:34:12]: avatar 1 ( 22,  4) -> ( 21,  4)
[2015-03-12 21:34:12]: avatar 2 ( 10, 13) -> ( 10, 14)
[2015-03-12 21:34:12]: avatar 3 (  2,  2) -> (  2,  2)
[2015-03-12 21:34:12]: avatar 1 ( 21,  4) -> ( 21,  4)
[2015-03-12 21:34:12]: avatar 2 ( 10, 14) -> ( 10, 14)
[2015-03-12 21:34:12]: avatar 3 (  2,  2) -> (  3,  2)
[2015-03-12 21:34:12]: avatar 1 ( 21,  4) -> ( 20,  4)
[2015-03-12 21:34:12]: avatar 2 ( 10, 14) -> ( 10, 15)
[2015-03-12 21:34:12]: avatar 3 (  3,  2) -> (  3,  2)
[2015-03-12 21:34:13]: avatar 1 ( 20,  4) -> ( 20,  3)
[2015-03-12 21:34:13]: avatar 2 ( 10, 15) -> ( 10, 15)
[2015-03-12 21:34:13]: avatar 3 (  3,  2) -> (  3,  2)
[2015-03-12 21:34:13]: avatar 1 ( 20,  3) -> ( 21,  3)
[2015-03-12 21:34:13]: avatar 2 ( 10, 15) -> ( 10, 16)
[2015-03-12 21:34:13]: avatar 3 (  3,  2) -> (  3,  2)
[2015-03-12 21:34:13]: avatar 1 ( 21,  3) -> ( 22,  3)
[2015-03-12 21:34:13]: avatar 2 ( 10, 16) -> ( 10, 16)
[2015-03-12 21:34:13]: avatar 3 (  3,  2) -> (  2,  2)
[2015-03-12 21:34:13]: avatar 1 ( 22,  3) -> ( 22,  3)
[2015-03-12 21:34:13]: avatar 2 ( 10, 16) -> ( 10, 17)
[2015-03-12 21:34:13]: avatar 3 (  2,  2) -> (  2,  2)
[2015-03-12 21:34:14]: avatar 1 ( 22,  3) -> ( 22,  2)
[2015-03-12 21:34:14]: avatar 2 ( 10, 17) -> ( 10, 17)
[2015-03-12 21:34:14]: avatar 3 (  2,  2) -> (  1,  2)
[2015-03-12 21:34:14]: avatar 1 ( 22,  2) -> ( 23,  2)
[2015-03-12 21:34:14]: avatar 2 ( 10, 17) -> ( 10, 17)
[2015-03-12 21:34:14]: avatar 3 (  1,  2) -> (  1,  2)
[2015-03-12 21:34:14]: avatar 1 ( 23,  2) -> ( 23,  3)
[2015-03-12 21:34:14]: avatar 2 ( 10, 17) -> ( 11, 17)
[2015-03-12 21:34:14]: avatar 3 (  1,  2) -> (  1,  2)
[2015-03-12 21:34:14]: avatar 1 ( 23,  3) -> ( 23,  4)
[2015-03-12 21:34:14]: avatar 2 ( 11, 17) -> ( 11, 17)
[2015-03-12 21:34:14]: avatar 3 (  1,  2) -> (  1,  3)
[2015-03-12 21:34:14]: avatar 1 ( 23,  4) -> ( 23,  5)
[2015-03-12 21:34:14]: avatar 2 ( 11, 17) -> ( 12, 17)
[2015-03-12 21:34:14]: avatar 3 (  1,  3) -> (  0,  3)
[2015-03-12 21:34:15]: avatar 1 ( 23,  5) -> ( 23,  6)
[2015-03-12 21:34:15]: avatar 2 ( 12, 17) -> ( 12, 18)
[2015-03-12 21:34:15]: avatar 3 (  0,  3) -> (  0,  2)
[2015-03-12 21:34:15]: avatar 1 ( 23,  6) -> ( 23,  6)
[2015-03-12 21:34:15]: avatar 2 ( 12, 18) -> ( 12, 18)
[2015-03-12 21:34:15]: avatar 3 (  0,  2) -> (  0,  1)
[2015-03-12 21:34:15]: avatar 1 ( 23,  6) -> ( 23,  7)
[2015-03-12 21:34:15]: avatar 2 ( 12, 18) -> ( 12, 18)
[2015-03-12 21:34:15]: avatar 3 (  0,  1) -> (  0,  1)
[2015-03-12 21:34:16]: avatar 1 ( 23,  7) -> ( 23,  7)
[2015-03-12 21:34:16]: avatar 2 ( 12, 18) -> ( 13, 18)
[2015-03-12 21:34:16]: avatar 3 (  0,  1) -> (  0,  0)
[2015-03-12 21:34:16]: avatar 1 ( 23,  7) -> ( 23,  7)
[2015-03-12 21:34:16]: avatar 2 ( 13, 18) -> ( 13, 18)
[2015-03-12 21:34:16]: avatar 3 (  0,  0) -> (  1,  0)
[2015-03-12 21:34:16]: avatar 1 ( 23,  7) -> ( 24,  7)
[2015-03-12 21:34:16]: avatar 2 ( 13, 18) -> ( 14, 18)
[2015-03-12 21:34:16]: avatar 3 (  1,  0) -> (  1,  1)
[2015-03-12 21:34:16]: avatar 1 ( 24,  7) -> ( 24,  8)
[2015-03-12 21:34:16]: avatar 2 ( 14, 18) -> ( 14, 19)
[2015-03-12 21:34:16]: avatar 3 (  1,  1) -> (  2,  1)
[2015-03-12 21:34:17]: avatar 1 ( 24,  8) -> ( 23,  8)
[2015-03-12 21:34:17]: avatar 2 ( 14, 19) -> ( 14, 19)
[2015-03-12 21:34:17]: avatar 3 (  2,  1) -> (  3,  1)
[2015-03-12 21:34:17]: avatar 1 ( 23,  8) -> ( 23,  8)
[2015-03-12 21:34:17]: avatar 2 ( 14, 19) -> ( 14, 20)
[2015-03-12 21:34:17]: avatar 3 (  3,  1) -> (  4,  1)
[2015-03-12 21:34:17]: avatar 1 ( 23,  8) -> ( 23,  9)
[2015-03-12 21:34:17]: avatar 2 ( 14, 20) -> ( 14, 20)
[2015-03-12 21:34:17]: avatar 3 (  4,  1) -> (  4,  2)
[2015-03-12 21:34:17]: avatar 1 ( 23,  9) -> ( 23,  9)
[2015-03-12 21:34:17]: avatar 2 ( 14, 20) -> ( 14, 20)
[2015-03-12 21:34:17]: avatar 3 (  4,  2) -> (  4,  2)
[2015-03-12 21:34:18]: avatar 1 ( 23,  9) -> ( 23,  9)
[2015-03-12 21:34:18]: avatar 2 ( 14, 20) -> ( 15, 20)
[2015-03-12 21:34:18]: avatar 3 (  4,  2) -> (  5,  2)
[2015-03-12 21:34:18]: avatar 1 ( 23,  9) -> ( 24,  9)
[2015-03-12 21:34:18]: avatar 2 ( 15, 20) -> ( 15, 21)
[2015-03-12 21:34:18]: avatar 3 (  5,  2) -> (  5,  3)
[2015-03-12 21:34:18]: avatar 1 ( 24,  9) -> ( 24,  9)
[2015-03-12 21:34:18]: avatar 2 ( 15, 21) -> ( 15, 21)
[2015-03-12 21:34:18]: avatar 3 (  5,  3) -> (  5,  3)
[2015-03-12 21:34:18]: avatar 1 ( 24,  9) -> ( 25,  9)
[2015-03-12 21:34:18]: avatar 2 ( 15, 21) -> ( 15, 22)
[2015-03-12 21:34:18]: avatar 3 (  5,  3) -> (  5,  4)
[2015-03-12 21:34:19]: avatar 1 ( 25,  9) -> ( 25,  9)
[2015-03-12 21:34:19]: avatar 2 ( 15, 22) -> ( 15, 22)
[2015-03-12 21:34:19]: avatar 3 (  5,  4) -> (  5,  4)
[2015-03-12 21:34:19]: avatar 1 ( 25,  9) -> ( 25,  9)
[2015-03-12 21:34:19]: avatar 2 ( 15, 22) -> ( 15, 23)
[2015-03-12 21:34:19]: avatar 3 (  5,  4) -> (  5,  4)
[2015-03-12 21:34:19]: avatar 1 ( 25,  9) -> ( 25,  8)
[2015-03-12 21:34:19]: avatar 2 ( 15, 23) -> ( 15, 23)
[2015-03-12 21:34:19]: avatar 3 (  5,  4) -> (  6,  4)
[2015-03-12 21:34:19]: avatar 1 ( 25,  8) -> ( 25,  8)
[2015-03-12 21:34:19]: avatar 2 ( 15, 23) -> ( 15, 24)
[2015-03-12 21:34:19]: avatar 3 (  6,  4) -> (  6,  5)
[2015-03-12 21:34:19]: avatar 1 ( 25,  8) -> ( 25,  7)
[2015-03-12 21:34:19]: avatar 2 ( 15, 24) -> ( 15, 24)
[2015-03-12 21:34:19]: avatar 3 (  6,  5) -> (  6,  5)
[2015-03-12 21:34:20]: avatar 1 ( 25,  7) -> ( 26,  7)
[2015-03-12 21:34:20]: avatar 2 ( 15, 24) -> ( 15, 25)
[2015-03-12 21:34:20]: avatar 3 (  6,  5) -> (  6,  6)
[2015-03-12 21:34:20]: avatar 1 ( 26,  7) -> ( 26,  7)
[2015-03-12 21:34:20]: avatar 2 ( 15, 25) -> ( 15, 25)
[2015-03-12 21:34:20]: avatar 3 (  6,  6) -> (  6,  6)
[2015-03-12 21:34:20]: avatar 1 ( 26,  7) -> ( 26,  7)
[2015-03-12 21:34:20]: avatar 2 ( 15, 25) -> ( 15, 26)
[2015-03-12 21:34:20]: avatar 3 (  6,  6) -> (  6,  6)
[2015-03-12 21:34:21]: avatar 1 ( 26,  7) -> ( 26,  6)
[2015-03-12 21:34:21]: avatar 2 ( 15, 26) -> ( 14, 26)
[2015-03-12 21:34:21]: avatar 3 (  6,  6) -> (  6,  6)
[2015-03-12 21:34:21]: avatar 1 ( 26,  6) -> ( 26,  6)
[2015-03-12 21:34:21]: avatar 2 ( 14, 26) -> ( 14, 25)
[2015-03-12 21:34:21]: avatar 3 (  6,  6) -> (  6,  5)
[2015-03-12 21:34:21]: avatar 1 ( 26,  6) -> ( 26,  6)
[2015-03-12 21:34:21]: avatar 2 ( 14, 25) -> ( 14, 24)
[2015-03-12 21:34:21]: avatar 3 (  6,  5) -> (  6,  5)
[2015-03-12 21:34:21]: avatar 1 ( 26,  6) -> ( 25,  6)
[2015-03-12 21:34:21]: avatar 2 ( 14, 24) -> ( 14, 23)
[2015-03-12 21:34:21]: avatar 3 (  6,  5) -> (  6,  4)
[2015-03-12 21:34:22]: avatar 1 ( 25,  6) -> ( 25,  5)
[2015-03-12 21:34:22]: avatar 2 ( 14, 23) -> ( 14, 23)
[2015-03-12 21:34:22]: avatar 3 (  6,  4) -> (  6,  4)
[2015-03-12 21:34:22]: avatar 1 ( 25,  5) -> ( 25,  5)
[2015-03-12 21:34:22]: avatar 2 ( 14, 23) -> ( 14, 23)
[2015-03-12 21:34:22]: avatar 3 (  6,  4) -> (  6,  4)
[2015-03-12 21:34:22]: avatar 1 ( 25,  5) -> ( 25,  5)
[2015-03-12 21:34:22]: avatar 2 ( 14, 23) -> ( 14, 24)
[2015-03-12 21:34:22]: avatar 3 (  6,  4) -> (  5,  4)
[2015-03-12 21:34:23]: avatar 1 ( 25,  5) -> ( 24,  5)
[2015-03-12 21:34:23]: avatar 2 ( 14, 24) -> ( 14, 24)
[2015-03-12 21:34:23]: avatar 3 (  5,  4) -> (  5,  3)
[2015-03-12 21:34:23]: avatar 1 ( 24,  5) -> ( 24,  4)
[2015-03-12 21:34:23]: avatar 2 ( 14, 24) -> ( 14, 25)
[2015-03-12 21:34:23]: avatar 3 (  5,  3) -> (  6,  3)
[2015-03-12 21:34:23]: avatar 1 ( 24,  4) -> ( 24,  4)
[2015-03-12 21:34:23]: avatar 2 ( 14, 25) -> ( 14, 25)
[2015-03-12 21:34:23]: avatar 3 (  6,  3) -> (  7,  3)
[2015-03-12 21:34:23]: avatar 1 ( 24,  4) -> ( 24,  3)
[2015-03-12 21:34:23]: avatar 2 ( 14, 25) -> ( 14, 26)
[2015-03-12 21:34:23]: avatar 3 (  7,  3) -> (  7,  4)
[2015-03-12 21:34:24]: avatar 1 ( 24,  3) -> ( 25,  3)
[2015-03-12 21:34:24]: avatar 2 ( 14, 26) -> ( 14, 26)
[2015-03-12 21:34:24]: avatar 3 (  7,  4) -> (  7,  5)
[2015-03-12 21:34:24]: avatar 1 ( 25,  3) -> ( 25,  3)
[2015-03-12 21:34:24]: avatar 2 ( 14, 26) -> ( 14, 26)
[2015-03-12 21:34:24]: avatar 3 (  7,  5) -> (  7,  5)
[2015-03-12 21:34:24]: avatar 1 ( 25,  3) -> ( 25,  3)
[2015-03-12 21:34:24]: avatar 2 ( 14, 26) -> ( 15, 26)
[2015-03-12 21:34:24]: avatar 3 (  7,  5) -> (  8,  5)
[2015-03-12 21:34:24]: avatar 1 ( 25,  3) -> ( 25,  2)
[2015-03-12 21:34:24]: avatar 2 ( 15, 26) -> ( 15, 27)
[2015-03-12 21:34:24]: avatar 3 (  8,  5) -> (  8,  6)
[2015-03-12 21:34:25]: avatar 1 ( 25,  2) -> ( 25,  2)
[2015-03-12 21:34:25]: avatar 2 ( 15, 27) -> ( 15, 27)
[2015-03-12 21:34:25]: avatar 3 (  8,  6) -> (  7,  6)
[2015-03-12 21:34:25]: avatar 1 ( 25,  2) -> ( 25,  2)
[2015-03-12 21:34:25]: avatar 2 ( 15, 27) -> ( 15, 27)
[2015-03-12 21:34:25]: avatar 3 (  7,  6) -> (  7,  7)
[2015-03-12 21:34:25]: avatar 1 ( 25,  2) -> ( 24,  2)
[2015-03-12 21:34:25]: avatar 2 ( 15, 27) -> ( 15, 27)
[2015-03-12 21:34:25]: avatar 3 (  7,  7) -> (  6,  7)
[2015-03-12 21:34:25]: avatar 1 ( 24,  2) -> ( 24,  1)
[2015-03-12 21:34:25]: avatar 2 ( 15, 27) -> ( 15, 26)
[2015-03-12 21:34:25]: avatar 3 (  6,  7) -> (  5,  7)
[2015-03-12 21:34:26]: avatar 1 ( 24,  1) -> ( 24,  1)
[2015-03-12 21:34:26]: avatar 2 ( 15, 26) -> ( 15, 26)
[2015-03-12 21:34:26]: avatar 3 (  5,  7) -> (  5,  6)
[2015-03-12 21:34:26]: avatar 1 ( 24,  1) -> ( 24,  0)
[2015-03-12 21:34:26]: avatar 2 ( 15, 26) -> ( 15, 25)
[2015-03-12 21:34:26]: avatar 3 (  5,  6) -> (  5,  5)
[2015-03-12 21:34:26]: avatar 1 ( 24,  0) -> ( 25,  0)
[2015-03-12 21:34:26]: avatar 2 ( 15, 25) -> ( 15, 25)
[2015-03-12 21:34:26]: avatar 3 (  5,  5) -> (  4,  5)
[2015-03-12 21:34:26]: avatar 1 ( 25,  0) -> ( 25,  1)
[2015-03-12 21:34:26]: avatar 2 ( 15, 25) -> ( 15, 24)
[2015-03-12 21:34:26]: avatar 3 (  4,  5) -> (  4,  4)
[2015-03-12 21:34:26]: avatar 1 ( 25,  1) -> ( 26,  1)
[2015-03-12 21:34:26]: avatar 2 ( 15, 24) -> ( 15, 24)
[2015-03-12 21:34:26]: avatar 3 (  4,  4) -> (  4,  3)
[2015-03-12 21:34:27]: avatar 1 ( 26,  1) -> ( 26,  1)
[2015-03-12 21:34:27]: avatar 2 ( 15, 24) -> ( 15, 23)
[2015-03-12 21:34:27]: avatar 3 (  4,  3) -> (  3,  3)
[2015-03-12 21:34:27]: avatar 1 ( 26,  1) -> ( 26,  1)
[2015-03-12 21:34:27]: avatar 2 ( 15, 23) -> ( 15, 23)
[2015-03-12 21:34:27]: avatar 3 (  3,  3) -> (  2,  3)
[2015-03-12 21:34:27]: avatar 1 ( 26,  1) -> ( 26,  0)
[2015-03-12 21:34:27]: avatar 2 ( 15, 23) -> ( 15, 22)
[2015-03-12 21:34:27]: avatar 3 (  2,  3) -> (  2,  4)
[2015-03-12 21:34:27]: avatar 1 ( 26,  0) -> ( 27,  0)
[2015-03-12 21:34:27]: avatar 2 ( 15, 22) -> ( 15, 22)
[2015-03-12 21:34:27]: avatar 3 (  2,  4) -> (  1,  4)
[2015-03-12 21:34:28]: avatar 1 ( 27,  0) -> ( 27,  0)
[2015-03-12 21:34:28]: avatar 2 ( 15, 22) -> ( 15, 21)
[2015-03-12 21:34:28]: avatar 3 (  1,  4) -> (  1,  5)
[2015-03-12 21:34:28]: avatar 1 ( 27,  0) -> ( 28,  0)
[2015-03-12 21:34:28]: avatar 2 ( 15, 21) -> ( 15, 21)
[2015-03-12 21:34:28]: avatar 3 (  1,  5) -> (  1,  6)
[2015-03-12 21:34:28]: avatar 1 ( 28,  0) -> ( 28,  0)
[2015-03-12 21:34:28]: avatar 2 ( 15, 21) -> ( 15, 20)
[2015-03-12 21:34:28]: avatar 3 (  1,  6) -> (  0,  6)
[2015-03-12 21:34:29]: avatar 1 ( 28,  0) -> ( 29,  0)
[2015-03-12 21:34:29]: avatar 2 ( 15, 20) -> ( 16, 20)
[2015-03-12 21:34:29]: avatar 3 (  0,  6) -> (  0,  7)
[2015-03-12 21:34:29]: avatar 1 ( 29,  0) -> ( 29,  1)
[2015-03-12 21:34:29]: avatar 2 ( 16, 20) -> ( 16, 20)
[2015-03-12 21:34:29]: avatar 3 (  0,  7) -> (  0,  7)
[2015-03-12 21:34:29]: avatar 1 ( 29,  1) -> ( 29,  1)
[2015-03-12 21:34:29]: avatar 2 ( 16, 20) -> ( 16, 20)
[2015-03-12 21:34:29]: avatar 3 (  0,  7) -> (  1,  7)
[2015-03-12 21:34:29]: avatar 1 ( 29,  1) -> ( 29,  2)
[2015-03-12 21:34:29]: avatar 2 ( 16, 20) -> ( 16, 19)
[2015-03-12 21:34:29]: avatar 3 (  1,  7) -> (  1,  8)
[2015-03-12 21:34:29]: avatar 1 ( 29,  2) -> ( 28,  2)
[2015-03-12 21:34:30]: avatar 2 ( 16, 19) -> ( 17, 19)
[2015-03-12 21:34:30]: avatar 3 (  1,  8) -> (  0,  8)
[2015-03-12 21:34:30]: avatar 1 ( 28,  2) -> ( 28,  2)
[2015-03-12 21:34:30]: avatar 2 ( 17, 19) -> ( 17, 19)
[2015-03-12 21:34:30]: avatar 3 (  0,  8) -> (  0,  9)
[2015-03-12 21:34:30]: avatar 1 ( 28,  2) -> ( 27,  2)
[2015-03-12 21:34:30]: avatar 2 ( 17, 19) -> ( 17, 19)
[2015-03-12 21:34:30]: avatar 3 (  0,  9) -> (  0, 10)
[2015-03-12 21:34:30]: avatar 1 ( 27,  2) -> ( 27,  1)
[2015-03-12 21:34:30]: avatar 2 ( 17, 19) -> ( 17, 18)
[2015-03-12 21:34:30]: avatar 3 (  0, 10) -> (  0, 11)
[2015-03-12 21:34:31]: avatar 1 ( 27,  1) -> ( 28,  1)
[2015-03-12 21:34:31]: avatar 2 ( 17, 18) -> ( 18, 18)
[2015-03-12 21:34:31]: avatar 3 (  0, 11) -> (  0, 12)
[2015-03-12 21:34:31]: avatar 1 ( 28,  1) -> ( 27,  1)
[2015-03-12 21:34:31]: avatar 2 ( 18, 18) -> ( 18, 19)
[2015-03-12 21:34:31]: avatar 3 (  0, 12) -> (  0, 13)
[2015-03-12 21:34:31]: avatar 1 ( 27,  1) -> ( 27,  2)
[2015-03-12 21:34:31]: avatar 2 ( 18, 19) -> ( 18, 20)
[2015-03-12 21:34:31]: avatar 3 (  0, 13) -> (  0, 13)
[2015-03-12 21:34:31]: avatar 1 ( 27,  2) -> ( 26,  2)
[2015-03-12 21:34:31]: avatar 2 ( 18, 20) -> ( 17, 20)
[2015-03-12 21:34:31]: avatar 3 (  0, 13) -> (  1, 13)
[2015-03-12 21:34:32]: avatar 1 ( 26,  2) -> ( 26,  3)
[2015-03-12 21:34:32]: avatar 2 ( 17, 20) -> ( 17, 20)
[2015-03-12 21:34:32]: avatar 3 (  1, 13) -> (  1, 14)
[2015-03-12 21:34:32]: avatar 1 ( 26,  3) -> ( 26,  3)
[2015-03-12 21:34:32]: avatar 2 ( 17, 20) -> ( 18, 20)
[2015-03-12 21:34:32]: avatar 3 (  1, 14) -> (  0, 14)
[2015-03-12 21:34:32]: avatar 1 ( 26,  3) -> ( 27,  3)
[2015-03-12 21:34:32]: avatar 2 ( 18, 20) -> ( 18, 20)
[2015-03-12 21:34:32]: avatar 3 (  0, 14) -> (  0, 15)
[2015-03-12 21:34:32]: avatar 1 ( 27,  3) -> ( 27,  3)
[2015-03-12 21:34:32]: avatar 2 ( 18, 20) -> ( 19, 20)
[2015-03-12 21:34:32]: avatar 3 (  0, 15) -> (  0, 16)
[2015-03-12 21:34:33]: avatar 1 ( 27,  3) -> ( 28,  3)
[2015-03-12 21:34:33]: avatar 2 ( 19, 20) -> ( 19, 20)
[2015-03-12 21:34:33]: avatar 3 (  0, 16) -> (  0, 16)
[2015-03-12 21:34:33]: avatar 1 ( 28,  3) -> ( 28,  3)
[2015-03-12 21:34:33]: avatar 2 ( 19, 20) -> ( 19, 20)
[2015-03-12 21:34:33]: avatar 3 (  0, 16) -> (  1, 16)
[2015-03-12 21:34:33]: avatar 1 ( 28,  3) -> ( 29,  3)
[2015-03-12 21:34:33]: avatar 2 ( 19, 20) -> ( 19, 19)
[2015-03-12 21:34:33]: avatar 3 (  1, 16) -> (  1, 16)
[2015-03-12 21:34:33]: avatar 1 ( 29,  3) -> ( 29,  4)
[2015-03-12 21:34:33]: avatar 2 ( 19, 19) -> ( 20, 19)
[2015-03-12 21:34:33]: avatar 3 (  1, 16) -> (  1, 16)
[2015-03-12 21:34:34]: avatar 1 ( 29,  4) -> ( 29,  4)
[2015-03-12 21:34:34]: avatar 2 ( 20, 19) -> ( 20, 20)
[2015-03-12 21:34:34]: avatar 3 (  1, 16) -> (  1, 15)
[2015-03-12 21:34:34]: avatar 1 ( 29,  4) -> ( 29,  5)
[2015-03-12 21:34:34]: avatar 2 ( 20, 20) -> ( 20, 21)
[2015-03-12 21:34:34]: avatar 3 (  1, 15) -> (  2, 15)
[2015-03-12 21:34:34]: avatar 1 ( 29,  5) -> ( 29,  5)
[2015-03-12 21:34:34]: avatar 2 ( 20, 21) -> ( 19, 21)
[2015-03-12 21:34:34]: avatar 3 (  2, 15) -> (  2, 16)
[2015-03-12 21:34:34]: avatar 1 ( 29,  5) -> ( 29,  6)
[2015-03-12 21:34:34]: avatar 2 ( 19, 21) -> ( 19, 21)
[2015-03-12 21:34:34]: avatar 3 (  2, 16) -> (  2, 16)
[2015-03-12 21:34:35]: avatar 1 ( 29,  6) -> ( 29,  6)
[2015-03-12 21:34:35]: avatar 2 ( 19, 21) -> ( 19, 21)
[2015-03-12 21:34:35]: avatar 3 (  2, 16) -> (  3, 16)
[2015-03-12 21:34:35]: avatar 1 ( 29,  6) -> ( 29,  7)
[2015-03-12 21:34:35]: avatar 2 ( 19, 21) -> ( 20, 21)
[2015-03-12 21:34:35]: avatar 3 (  3, 16) -> (  3, 17)
[2015-03-12 21:34:35]: avatar 1 ( 29,  7) -> ( 29,  7)
[2015-03-12 21:34:35]: avatar 2 ( 20, 21) -> ( 20, 21)
[2015-03-12 21:34:35]: avatar 3 (  3, 17) -> (  2, 17)
[2015-03-12 21:34:36]: avatar 1 ( 29,  7) -> ( 29,  8)
[2015-03-12 21:34:36]: avatar 2 ( 20, 21) -> ( 20, 21)
[2015-03-12 21:34:36]: avatar 3 (  2, 17) -> (  2, 17)
[2015-03-12 21:34:36]: avatar 1 ( 29,  8) -> ( 29,  8)
[2015-03-12 21:34:36]: avatar 2 ( 20, 21) -> ( 20, 20)
[2015-03-12 21:34:36]: avatar 3 (  2, 17) -> (  2, 18)
[2015-03-12 21:34:36]: avatar 1 ( 29,  8) -> ( 29,  9)
[2015-03-12 21:34:36]: avatar 2 ( 20, 20) -> ( 21, 20)
[2015-03-12 21:34:36]: avatar 3 (  2, 18) -> (  1, 18)
[2015-03-12 21:34:36]: avatar 1 ( 29,  9) -> ( 29,  9)
[2015-03-12 21:34:36]: avatar 2 ( 21, 20) -> ( 21, 20)
[2015-03-12 21:34:36]: avatar 3 (  1, 18) -> (  1, 18)
[2015-03-12 21:34:37]: avatar 1 ( 29,  9) -> ( 29, 10)
[2015-03-12 21:34:37]: avatar 2 ( 21, 20) -> ( 21, 20)
[2015-03-12 21:34:37]: avatar 3 (  1, 18) -> (  0, 18)
[2015-03-12 21:34:37]: avatar 1 ( 29, 10) -> ( 28, 10)
[2015-03-12 21:34:37]: avatar 2 ( 21, 20) -> ( 21, 19)
[2015-03-12 21:34:37]: avatar 3 (  0, 18) -> (  0, 17)
[2015-03-12 21:34:37]: avatar 1 ( 28, 10) -> ( 28,  9)
[2015-03-12 21:34:37]: avatar 2 ( 21, 19) -> ( 21, 19)
[2015-03-12 21:34:37]: avatar 3 (  0, 17) -> (  1, 17)
[2015-03-12 21:34:37]: avatar 1 ( 28,  9) -> ( 28,  8)
[2015-03-12 21:34:37]: avatar 2 ( 21, 19) -> ( 21, 18)
[2015-03-12 21:34:37]: avatar 3 (  1, 17) -> (  0, 17)
[2015-03-12 21:34:38]: avatar 1 ( 28,  8) -> ( 28,  8)
[2015-03-12 21:34:38]: avatar 2 ( 21, 18) -> ( 21, 18)
[2015-03-12 21:34:38]: avatar 3 (  0, 17) -> (  0, 18)
[2015-03-12 21:34:38]: avatar 1 ( 28,  8) -> ( 27,  8)
[2015-03-12 21:34:38]: avatar 2 ( 21, 18) -> ( 21, 17)
[2015-03-12 21:34:38]: avatar 3 (  0, 18) -> (  0, 19)
[2015-03-12 21:34:38]: avatar 1 ( 27,  8) -> ( 27,  7)
[2015-03-12 21:34:38]: avatar 2 ( 21, 17) -> ( 21, 17)
[2015-03-12 21:34:38]: avatar 3 (  0, 19) -> (  0, 19)
[2015-03-12 21:34:39]: avatar 1 ( 27,  7) -> ( 28,  7)
[2015-03-12 21:34:39]: avatar 2 ( 21, 17) -> ( 21, 17)
[2015-03-12 21:34:39]: avatar 3 (  0, 19) -> (  1, 19)
[2015-03-12 21:34:39]: avatar 1 ( 28,  7) -> ( 28,  6)
[2015-03-12 21:34:39]: avatar 2 ( 21, 17) -> ( 20, 17)
[2015-03-12 21:34:39]: avatar 3 (  1, 19) -> (  1, 19)
[2015-03-12 21:34:39]: avatar 1 ( 28,  6) -> ( 28,  6)
[2015-03-12 21:34:39]: avatar 2 ( 20, 17) -> ( 20, 16)
[2015-03-12 21:34:39]: avatar 3 (  1, 19) -> (  2, 19)
[2015-03-12 21:34:39]: avatar 1 ( 28,  6) -> ( 27,  6)
[2015-03-12 21:34:39]: avatar 2 ( 20, 16) -> ( 21, 16)
[2015-03-12 21:34:39]: avatar 3 (  2, 19) -> (  2, 19)
[2015-03-12 21:34:40]: avatar 1 ( 27,  6) -> ( 27,  5)
[2015-03-12 21:34:40]: avatar 2 ( 21, 16) -> ( 22, 16)
[2015-03-12 21:34:40]: avatar 3 (  2, 19) -> (  3, 19)
[2015-03-12 21:34:40]: avatar 1 ( 27,  5) -> ( 27,  5)
[2015-03-12 21:34:40]: avatar 2 ( 22, 16) -> ( 22, 16)
[2015-03-12 21:34:40]: avatar 3 (  3, 19) -> (  3, 20)
[2015-03-12 21:34:40]: avatar 1 ( 27,  5) -> ( 27,  4)
[2015-03-12 21:34:40]: avatar 2 ( 22, 16) -> ( 23, 16)
[2015-03-12 21:34:40]: avatar 3 (  3, 20) -> (  2, 20)
[2015-03-12 21:34:40]: avatar 1 ( 27,  4) -> ( 28,  4)
[2015-03-12 21:34:40]: avatar 2 ( 23, 16) -> ( 23, 17)
[2015-03-12 21:34:40]: avatar 3 (  2, 20) -> (  1, 20)
[2015-03-12 21:34:41]: avatar 1 ( 28,  4) -> ( 28,  5)
[2015-03-12 21:34:41]: avatar 2 ( 23, 17) -> ( 22, 17)
[2015-03-12 21:34:41]: avatar 3 (  1, 20) -> (  0, 20)
[2015-03-12 21:34:41]: avatar 1 ( 28,  5) -> ( 28,  4)
[2015-03-12 21:34:41]: avatar 2 ( 22, 17) -> ( 22, 18)
[2015-03-12 21:34:41]: avatar 3 (  0, 20) -> (  0, 21)
[2015-03-12 21:34:41]: avatar 1 ( 28,  4) -> ( 27,  4)
[2015-03-12 21:34:41]: avatar 2 ( 22, 18) -> ( 22, 18)
[2015-03-12 21:34:41]: avatar 3 (  0, 21) -> (  0, 22)
[2015-03-12 21:34:42]: avatar 1 ( 27,  4) -> ( 26,  4)
[2015-03-12 21:34:42]: avatar 2 ( 22, 18) -> ( 23, 18)
[2015-03-12 21:34:42]: avatar 3 (  0, 22) -> (  0, 22)
[2015-03-12 21:34:42]: avatar 1 ( 26,  4) -> ( 25,  4)
[2015-03-12 21:34:42]: avatar 2 ( 23, 18) -> ( 23, 19)
[2015-03-12 21:34:42]: avatar 3 (  0, 22) -> (  1, 22)
[2015-03-12 21:34:42]: avatar 1 ( 25,  4) -> ( 26,  4)
[2015-03-12 21:34:42]: avatar 2 ( 23, 19) -> ( 22, 19)
[2015-03-12 21:34:42]: avatar 3 (  1, 22) -> (  1, 22)
[2015-03-12 21:34:42]: avatar 1 ( 26,  4) -> ( 26,  5)
[2015-03-12 21:34:42]: avatar 2 ( 22, 19) -> ( 22, 20)
[2015-03-12 21:34:42]: avatar 3 (  1, 22) -> (  1, 22)
[2015-03-12 21:34:43]: avatar 1 ( 26,  5) -> ( 26,  5)
[2015-03-12 21:34:43]: avatar 2 ( 22, 20) -> ( 22, 20)
[2015-03-12 21:34:43]: avatar 3 (  1, 22) -> (  1, 21)
[2015-03-12 21:34:43]: avatar 1 ( 26,  5) -> ( 26,  4)
[2015-03-12 21:34:43]: avatar 2 ( 22, 20) -> ( 23, 20)
[2015-03-12 21:34:43]: avatar 3 (  1, 21) -> (  1, 21)
[2015-03-12 21:34:44]: avatar 1 ( 26,  4) -> ( 27,  4)
[2015-03-12 21:34:44]: avatar 2 ( 23, 20) -> ( 23, 21)
[2015-03-12 21:34:44]: avatar 3 (  1, 21) -> (  1, 21)
[2015-03-12 21:34:44]: avatar 1 ( 27,  4) -> ( 27,  5)
[2015-03-12 21:34:44]: avatar 2 ( 23, 21) -> ( 23, 21)
[2015-03-12 21:34:44]: avatar 3 (  1, 21) -> (  1, 21)
[2015-03-12 21:34:44]: avatar 1 ( 27,  5) -> ( 27,  6)
[2015-03-12 21:34:44]: avatar 2 ( 23, 21) -> ( 23, 21)
[2015-03-12 21:34:44]: avatar 3 (  1, 21) -> (  1, 22)
[2015-03-12 21:34:45]: avatar 1 ( 27,  6) -> ( 27,  6)
[2015-03-12 21:34:45]: avatar 2 ( 23, 21) -> ( 24, 21)
[2015-03-12 21:34:45]: avatar 3 (  1, 22) -> (  0, 22)
[2015-03-12 21:34:46]: avatar 1 ( 27,  6) -> ( 28,  6)
[2015-03-12 21:34:46]: avatar 2 ( 24, 21) -> ( 24, 21)
[2015-03-12 21:34:46]: avatar 3 (  0, 22) -> (  0, 21)
[2015-03-12 21:34:46]: avatar 1 ( 28,  6) -> ( 28,  7)
[2015-03-12 21:34:46]: avatar 2 ( 24, 21) -> ( 24, 21)
[2015-03-12 21:34:46]: avatar 3 (  0, 21) -> (  0, 20)
[2015-03-12 21:34:46]: avatar 1 ( 28,  7) -> ( 27,  7)
[2015-03-12 21:34:46]: avatar 2 ( 24, 21) -> ( 24, 20)
[2015-03-12 21:34:46]: avatar 3 (  0, 20) -> (  1, 20)
[2015-03-12 21:34:47]: avatar 1 ( 27,  7) -> ( 27,  8)
[2015-03-12 21:34:47]: avatar 2 ( 24, 20) -> ( 24, 20)
[2015-03-12 21:34:47]: avatar 3 (  1, 20) -> (  2, 20)
[2015-03-12 21:34:47]: avatar 1 ( 27,  8) -> ( 27,  8)
[2015-03-12 21:34:47]: avatar 2 ( 24, 20) -> ( 24, 19)
[2015-03-12 21:34:47]: avatar 3 (  2, 20) -> (  2, 20)
[2015-03-12 21:34:47]: avatar 1 ( 27,  8) -> ( 27,  9)
[2015-03-12 21:34:47]: avatar 2 ( 24, 19) -> ( 24, 19)
[2015-03-12 21:34:47]: avatar 3 (  2, 20) -> (  3, 20)
[2015-03-12 21:34:48]: avatar 1 ( 27,  9) -> ( 26,  9)
[2015-03-12 21:34:48]: avatar 2 ( 24, 19) -> ( 24, 18)
[2015-03-12 21:34:48]: avatar 3 (  3, 20) -> (  3, 20)
[2015-03-12 21:34:48]: avatar 1 ( 26,  9) -> ( 26,  8)
[2015-03-12 21:34:48]: avatar 2 ( 24, 18) -> ( 25, 18)
[2015-03-12 21:34:48]: avatar 3 (  3, 20) -> (  3, 20)
[2015-03-12 21:34:48]: avatar 1 ( 26,  8) -> ( 26,  9)
[2015-03-12 21:34:48]: avatar 2 ( 25, 18) -> ( 25, 19)
[2015-03-12 21:34:48]: avatar 3 (  3, 20) -> (  3, 19)
[2015-03-12 21:34:49]: avatar 1 ( 26,  9) -> ( 26, 10)
[2015-03-12 21:34:49]: avatar 2 ( 25, 19) -> ( 25, 19)
[2015-03-12 21:34:49]: avatar 3 (  3, 19) -> (  3, 19)
[2015-03-12 21:34:49]: avatar 1 ( 26, 10) -> ( 26, 10)
[2015-03-12 21:34:49]: avatar 2 ( 25, 19) -> ( 26, 19)
[2015-03-12 21:34:49]: avatar 3 (  3, 19) -> (  3, 18)
[2015-03-12 21:34:49]: avatar 1 ( 26, 10) -> ( 26, 11)
[2015-03-12 21:34:49]: avatar 2 ( 26, 19) -> ( 26, 20)
[2015-03-12 21:34:49]: avatar 3 (  3, 18) -> (  3, 18)
[2015-03-12 21:34:50]: avatar 1 ( 26, 11) -> ( 26, 11)
[2015-03-12 21:34:50]: avatar 2 ( 26, 20) -> ( 25, 20)
[2015-03-12 21:34:50]: avatar 3 (  3, 18) -> (  3, 18)
[2015-03-12 21:34:51]: avatar 1 ( 26, 11) -> ( 26, 12)
[2015-03-12 21:34:51]: avatar 2 ( 25, 20) -> ( 25, 20)
[2015-03-12 21:34:51]: avatar 3 (  3, 18) -> (  3, 18)
[2015-03-12 21:34:51]: avatar 1 ( 26, 12) -> ( 26, 12)
[2015-03-12 21:34:51]: avatar 2 ( 25, 20) -> ( 26, 20)
[2015-03-12 21:34:51]: avatar 3 (  3, 18) -> (  3, 19)
[2015-03-12 21:34:52]: avatar 1 ( 26, 12) -> ( 26, 13)
[2015-03-12 21:34:52]: avatar 2 ( 26, 20) -> ( 26, 20)
[2015-03-12 21:34:52]: avatar 3 (  3, 19) -> (  2, 19)
[2015-03-12 21:34:52]: avatar 1 ( 26, 13) -> ( 25, 13)
[2015-03-12 21:34:52]: avatar 2 ( 26, 20) -> ( 27, 20)
[2015-03-12 21:34:52]: avatar 3 (  2, 19) -> (  2, 19)
[2015-03-12 21:34:52]: avatar 1 ( 25, 13) -> ( 25, 13)
[2015-03-12 21:34:52]: avatar 2 ( 27, 20) -> ( 27, 20)
[2015-03-12 21:34:52]: avatar 3 (  2, 19) -> (  1, 19)
[2015-03-12 21:34:53]: avatar 1 ( 25, 13) -> ( 25, 13)
[2015-03-12 21:34:53]: avatar 2 ( 27, 20) -> ( 28, 20)
[2015-03-12 21:34:53]: avatar 3 (  1, 19) -> (  1, 19)
[2015-03-12 21:34:53]: avatar 1 ( 25, 13) -> ( 25, 14)
[2015-03-12 21:34:53]: avatar 2 ( 28, 20) -> ( 28, 21)
[2015-03-12 21:34:53]: avatar 3 (  1, 19) -> (  0, 19)
[2015-03-12 21:34:53]: avatar 1 ( 25, 14) -> ( 25, 14)
[2015-03-12 21:34:53]: avatar 2 ( 28, 21) -> ( 28, 21)
[2015-03-12 21:34:53]: avatar 3 (  0, 19) -> (  0, 18)
[2015-03-12 21:34:54]: avatar 1 ( 25, 14) -> ( 25, 14)
[2015-03-12 21:34:54]: avatar 2 ( 28, 21) -> ( 28, 22)
[2015-03-12 21:34:54]: avatar 3 (  0, 18) -> (  1, 18)
[2015-03-12 21:34:54]: avatar 1 ( 25, 14) -> ( 26, 14)
[2015-03-12 21:34:54]: avatar 2 ( 28, 22) -> ( 28, 22)
[2015-03-12 21:34:54]: avatar 3 (  1, 18) -> (  2, 18)
[2015-03-12 21:34:54]: avatar 1 ( 26, 14) -> ( 26, 15)
[2015-03-12 21:34:54]: avatar 2 ( 28, 22) -> ( 28, 22)
[2015-03-12 21:34:54]: avatar 3 (  2, 18) -> (  2, 17)
[2015-03-12 21:34:55]: avatar 1 ( 26, 15) -> ( 25, 15)
[2015-03-12 21:34:55]: avatar 2 ( 28, 22) -> ( 29, 22)
[2015-03-12 21:34:55]: avatar 3 (  2, 17) -> (  3, 17)
[2015-03-12 21:34:55]: avatar 1 ( 25, 15) -> ( 25, 15)
[2015-03-12 21:34:55]: avatar 2 ( 29, 22) -> ( 29, 23)
[2015-03-12 21:34:55]: avatar 3 (  3, 17) -> (  3, 17)
[2015-03-12 21:34:55]: avatar 1 ( 25, 15) -> ( 25, 16)
[2015-03-12 21:34:55]: avatar 2 ( 29, 23) -> ( 28, 23)
[2015-03-12 21:34:55]: avatar 3 (  3, 17) -> (  3, 16)
[2015-03-12 21:34:56]: avatar 1 ( 25, 16) -> ( 25, 16)
[2015-03-12 21:34:56]: avatar 2 ( 28, 23) -> ( 28, 23)
[2015-03-12 21:34:56]: avatar 3 (  3, 16) -> (  3, 16)
[2015-03-12 21:34:57]: avatar 1 ( 25, 16) -> ( 25, 16)
[2015-03-12 21:34:57]: avatar 2 ( 28, 23) -> ( 28, 24)
[2015-03-12 21:34:57]: avatar 3 (  3, 16) -> (  3, 16)
[2015-03-12 21:34:57]: avatar 1 ( 25, 16) -> ( 26, 16)
[2015-03-12 21:34:57]: avatar 2 ( 28, 24) -> ( 28, 24)
[2015-03-12 21:34:57]: avatar 3 (  3, 16) -> (  2, 16)
[2015-03-12 21:34:57]: avatar 1 ( 26, 16) -> ( 26, 17)
[2015-03-12 21:34:57]: avatar 2 ( 28, 24) -> ( 28, 24)
[2015-03-12 21:34:57]: avatar 3 (  2, 16) -> (  2, 15)
[2015-03-12 21:34:57]: avatar 1 ( 26, 17) -> ( 25, 17)
[2015-03-12 21:34:57]: avatar 2 ( 28, 24) -> ( 29, 24)
[2015-03-12 21:34:57]: avatar 3 (  2, 15) -> (  2, 15)
[2015-03-12 21:34:58]: avatar 1 ( 25, 17) -> ( 24, 17)
[2015-03-12 21:34:58]: avatar 2 ( 29, 24) -> ( 29, 25)
[2015-03-12 21:34:58]: avatar 3 (  2, 15) -> (  2, 15)
[2015-03-12 21:34:58]: avatar 1 ( 24, 17) -> ( 24, 16)
[2015-03-12 21:34:58]: avatar 2 ( 29, 25) -> ( 28, 25)
[2015-03-12 21:34:58]: avatar 3 (  2, 15) -> (  1, 15)
[2015-03-12 21:34:58]: avatar 1 ( 24, 16) -> ( 24, 15)
[2015-03-12 21:34:58]: avatar 2 ( 28, 25) -> ( 28, 25)
[2015-03-12 21:34:58]: avatar 3 (  1, 15) -> (  1, 15)
[2015-03-12 21:34:59]: avatar 1 ( 24, 15) -> ( 24, 15)
[2015-03-12 21:34:59]: avatar 2 ( 28, 25) -> ( 28, 25)
[2015-03-12 21:34:59]: avatar 3 (  1, 15) -> (  1, 15)
[2015-03-12 21:34:59]: avatar 1 ( 24, 15) -> ( 23, 15)
[2015-03-12 21:34:59]: avatar 2 ( 28, 25) -> ( 29, 25)
[2015-03-12 21:34:59]: avatar 3 (  1, 15) -> (  1, 16)
[2015-03-12 21:35:00]: avatar 1 ( 23, 15) -> ( 23, 15)
[2015-03-12 21:35:00]: avatar 2 ( 29, 25) -> ( 29, 25)
[2015-03-12 21:35:00]: avatar 3 (  1, 16) -> (  0, 16)
[2015-03-12 21:35:00]: avatar 1 ( 23, 15) -> ( 22, 15)
[2015-03-12 21:35:00]: avatar 2 ( 29, 25) -> ( 29, 24)
[2015-03-12 21:35:00]: avatar 3 (  0, 16) -> (  0, 15)
[2015-03-12 21:35:00]: avatar 1 ( 22, 15) -> ( 22, 15)
[2015-03-12 21:35:00]: avatar 2 ( 29, 24) -> ( 29, 24)
[2015-03-12 21:35:00]: avatar 3 (  0, 15) -> (  0, 14)
[2015-03-12 21:35:01]: avatar 1 ( 22, 15) -> ( 21, 15)
[2015-03-12 21:35:01]: avatar 2 ( 29, 24) -> ( 28, 24)
[2015-03-12 21:35:01]: avatar 3 (  0, 14) -> (  1, 14)
[2015-03-12 21:35:01]: avatar 1 ( 21, 15) -> ( 21, 14)
[2015-03-12 21:35:01]: avatar 2 ( 28, 24) -> ( 28, 23)
[2015-03-12 21:35:01]: avatar 3 (  1, 14) -> (  1, 14)
[2015-03-12 21:35:02]: avatar 1 ( 21, 14) -> ( 21, 14)
[2015-03-12 21:35:02]: avatar 2 ( 28, 23) -> ( 29, 23)
[2015-03-12 21:35:02]: avatar 3 (  1, 14) -> (  1, 13)
[2015-03-12 21:35:02]: avatar 1 ( 21, 14) -> ( 21, 13)
[2015-03-12 21:35:02]: avatar 2 ( 29, 23) -> ( 29, 22)
[2015-03-12 21:35:02]: avatar 3 (  1, 13) -> (  1, 13)
[2015-03-12 21:35:02]: avatar 1 ( 21, 13) -> ( 22, 13)
[2015-03-12 21:35:02]: avatar 2 ( 29, 22) -> ( 29, 21)
[2015-03-12 21:35:02]: avatar 3 (  1, 13) -> (  1, 12)
[2015-03-12 21:35:02]: avatar 1 ( 22, 13) -> ( 22, 13)
[2015-03-12 21:35:02]: avatar 2 ( 29, 21) -> ( 29, 20)
[2015-03-12 21:35:02]: avatar 3 (  1, 12) -> (  1, 12)
[2015-03-12 21:35:03]: avatar 1 ( 22, 13) -> ( 23, 13)
[2015-03-12 21:35:03]: avatar 2 ( 29, 20) -> ( 29, 19)
[2015-03-12 21:35:03]: avatar 3 (  1, 12) -> (  1, 12)
[2015-03-12 21:35:03]: avatar 1 ( 23, 13) -> ( 23, 13)
[2015-03-12 21:35:03]: avatar 2 ( 29, 19) -> ( 29, 18)
[2015-03-12 21:35:03]: avatar 3 (  1, 12) -> (  1, 12)
[2015-03-12 21:35:03]: avatar 1 ( 23, 13) -> ( 24, 13)
[2015-03-12 21:35:03]: avatar 2 ( 29, 18) -> ( 29, 17)
[2015-03-12 21:35:03]: avatar 3 (  1, 12) -> (  1, 13)
[2015-03-12 21:35:03]: avatar 1 ( 24, 13) -> ( 24, 14)
[2015-03-12 21:35:03]: avatar 2 ( 29, 17) -> ( 29, 16)
[2015-03-12 21:35:03]: avatar 3 (  1, 13) -> (  0, 13)
[2015-03-12 21:35:04]: avatar 1 ( 24, 14) -> ( 23, 14)
[2015-03-12 21:35:04]: avatar 2 ( 29, 16) -> ( 29, 16)
[2015-03-12 21:35:04]: avatar 3 (  0, 13) -> (  0, 12)
[2015-03-12 21:35:04]: avatar 1 ( 23, 14) -> ( 22, 14)
[2015-03-12 21:35:04]: avatar 2 ( 29, 16) -> ( 28, 16)
[2015-03-12 21:35:04]: avatar 3 (  0, 12) -> (  0, 11)
[2015-03-12 21:35:04]: avatar 1 ( 22, 14) -> ( 23, 14)
[2015-03-12 21:35:04]: avatar 2 ( 28, 16) -> ( 28, 15)
[2015-03-12 21:35:04]: avatar 3 (  0, 11) -> (  0, 11)
[2015-03-12 21:35:05]: avatar 1 ( 23, 14) -> ( 24, 14)
[2015-03-12 21:35:05]: avatar 2 ( 28, 15) -> ( 28, 15)
[2015-03-12 21:35:05]: avatar 3 (  0, 11) -> (  0, 10)
[2015-03-12 21:35:05]: avatar 1 ( 24, 14) -> ( 24, 13)
[2015-03-12 21:35:05]: avatar 2 ( 28, 15) -> ( 28, 14)
[2015-03-12 21:35:05]: avatar 3 (  0, 10) -> (  0, 10)
[2015-03-12 21:35:05]: avatar 1 ( 24, 13) -> ( 24, 12)
[2015-03-12 21:35:05]: avatar 2 ( 28, 14) -> ( 28, 14)
[2015-03-12 21:35:05]: avatar 3 (  0, 10) -> (  0,  9)
[2015-03-12 21:35:06]: avatar 1 ( 24, 12) -> ( 25, 12)
[2015-03-12 21:35:06]: avatar 2 ( 28, 14) -> ( 28, 13)
[2015-03-12 21:35:06]: avatar 3 (  0,  9) -> (  1,  9)
[2015-03-12 21:35:06]: avatar 1 ( 25, 12) -> ( 25, 11)
[2015-03-12 21:35:06]: avatar 2 ( 28, 13) -> ( 29, 13)
[2015-03-12 21:35:06]: avatar 3 (  1,  9) -> (  1,  9)
[2015-03-12 21:35:06]: avatar 1 ( 25, 11) -> ( 25, 11)
[2015-03-12 21:35:06]: avatar 2 ( 29, 13) -> ( 29, 14)
[2015-03-12 21:35:06]: avatar 3 (  1,  9) -> (  2,  9)
[2015-03-12 21:35:06]: avatar 1 ( 25, 11) -> ( 24, 11)
[2015-03-12 21:35:06]: avatar 2 ( 29, 14) -> ( 29, 15)
[2015-03-12 21:35:06]: avatar 3 (  2,  9) -> (  2, 10)
[2015-03-12 21:35:07]: avatar 1 ( 24, 11) -> ( 24, 10)
[2015-03-12 21:35:07]: avatar 2 ( 29, 15) -> ( 29, 14)
[2015-03-12 21:35:07]: avatar 3 (  2, 10) -> (  1, 10)
[2015-03-12 21:35:07]: avatar 1 ( 24, 10) -> ( 25, 10)
[2015-03-12 21:35:07]: avatar 2 ( 29, 14) -> ( 29, 13)
[2015-03-12 21:35:07]: avatar 3 (  1, 10) -> (  1, 11)
[2015-03-12 21:35:08]: avatar 1 ( 25, 10) -> ( 24, 10)
[2015-03-12 21:35:08]: avatar 2 ( 29, 13) -> ( 29, 12)
[2015-03-12 21:35:08]: avatar 3 (  1, 11) -> (  2, 11)
[2015-03-12 21:35:09]: avatar 1 ( 24, 10) -> ( 23, 10)
[2015-03-12 21:35:09]: avatar 2 ( 29, 12) -> ( 29, 12)
[2015-03-12 21:35:09]: avatar 3 (  2, 11) -> (  2, 12)
[2015-03-12 21:35:09]: avatar 1 ( 23, 10) -> ( 22, 10)
[2015-03-12 21:35:09]: avatar 2 ( 29, 12) -> ( 28, 12)
[2015-03-12 21:35:09]: avatar 3 (  2, 12) -> (  2, 13)
[2015-03-12 21:35:09]: avatar 1 ( 22, 10) -> ( 22,  9)
[2015-03-12 21:35:09]: avatar 2 ( 28, 12) -> ( 28, 11)
[2015-03-12 21:35:09]: avatar 3 (  2, 13) -> (  2, 14)
[2015-03-12 21:35:09]: avatar 1 ( 22,  9) -> ( 22,  9)
[2015-03-12 21:35:09]: avatar 2 ( 28, 11) -> ( 29, 11)
[2015-03-12 21:35:09]: avatar 3 (  2, 14) -> (  3, 14)
[2015-03-12 21:35:10]: avatar 1 ( 22,  9) -> ( 21,  9)
[2015-03-12 21:35:10]: avatar 2 ( 29, 11) -> ( 29, 11)
[2015-03-12 21:35:10]: avatar 3 (  3, 14) -> (  3, 15)
[2015-03-12 21:35:10]: avatar 1 ( 21,  9) -> ( 21,  9)
[2015-03-12 21:35:10]: avatar 2 ( 29, 11) -> ( 28, 11)
[2015-03-12 21:35:10]: avatar 3 (  3, 15) -> (  4, 15)
[2015-03-12 21:35:10]: avatar 1 ( 21,  9) -> ( 20,  9)
[2015-03-12 21:35:10]: avatar 2 ( 28, 11) -> ( 28, 11)
[2015-03-12 21:35:10]: avatar 3 (  4, 15) -> (  4, 16)
[2015-03-12 21:35:10]: avatar 1 ( 20,  9) -> ( 20,  8)
[2015-03-12 21:35:10]: avatar 2 ( 28, 11) -> ( 27, 11)
[2015-03-12 21:35:10]: avatar 3 (  4, 16) -> (  4, 17)
[2015-03-12 21:35:11]: avatar 1 ( 20,  8) -> ( 21,  8)
[2015-03-12 21:35:11]: avatar 2 ( 27, 11) -> ( 27, 10)
[2015-03-12 21:35:11]: avatar 3 (  4, 17) -> (  4, 18)
[2015-03-12 21:35:12]: avatar 1 ( 21,  8) -> ( 21,  8)
[2015-03-12 21:35:12]: avatar 2 ( 27, 10) -> ( 27, 10)
[2015-03-12 21:35:12]: avatar 3 (  4, 18) -> (  4, 17)
[2015-03-12 21:35:12]: avatar 1 ( 21,  8) -> ( 21,  7)
[2015-03-12 21:35:12]: avatar 2 ( 27, 10) -> ( 27, 11)
[2015-03-12 21:35:12]: avatar 3 (  4, 17) -> (  4, 16)
[2015-03-12 21:35:13]: avatar 1 ( 21,  7) -> ( 22,  7)
[2015-03-12 21:35:13]: avatar 2 ( 27, 11) -> ( 28, 11)
[2015-03-12 21:35:13]: avatar 3 (  4, 16) -> (  4, 15)
[2015-03-12 21:35:13]: avatar 1 ( 22,  7) -> ( 22,  6)
[2015-03-12 21:35:13]: avatar 2 ( 28, 11) -> ( 28, 12)
[2015-03-12 21:35:13]: avatar 3 (  4, 15) -> (  3, 15)
[2015-03-12 21:35:13]: avatar 1 ( 22,  6) -> ( 21,  6)
[2015-03-12 21:35:13]: avatar 2 ( 28, 12) -> ( 29, 12)
[2015-03-12 21:35:13]: avatar 3 (  3, 15) -> (  3, 14)
[2015-03-12 21:35:13]: avatar 1 ( 21,  6) -> ( 22,  6)
[2015-03-12 21:35:13]: avatar 2 ( 29, 12) -> ( 29, 13)
[2015-03-12 21:35:13]: avatar 3 (  3, 14) -> (  2, 14)
[2015-03-12 21:35:14]: avatar 1 ( 22,  6) -> ( 22,  7)
[2015-03-12 21:35:14]: avatar 2 ( 29, 13) -> ( 28, 13)
[2015-03-12 21:35:14]: avatar 3 (  2, 14) -> (  2, 13)
[2015-03-12 21:35:14]: avatar 1 ( 22,  7) -> ( 21,  7)
[2015-03-12 21:35:14]: avatar 2 ( 28, 13) -> ( 28, 14)
[2015-03-12 21:35:14]: avatar 3 (  2, 13) -> (  2, 12)
[2015-03-12 21:35:14]: avatar 1 ( 21,  7) -> ( 21,  8)
[2015-03-12 21:35:14]: avatar 2 ( 28, 14) -> ( 28, 15)
[2015-03-12 21:35:14]: avatar 3 (  2, 12) -> (  2, 11)
[2015-03-12 21:35:14]: avatar 1 ( 21,  8) -> ( 20,  8)
[2015-03-12 21:35:14]: avatar 2 ( 28, 15) -> ( 28, 16)
[2015-03-12 21:35:14]: avatar 3 (  2, 11) -> (  1, 11)
[2015-03-12 21:35:14]: avatar 1 ( 20,  8) -> ( 19,  8)
[2015-03-12 21:35:14]: avatar 2 ( 28, 16) -> ( 29, 16)
[2015-03-12 21:35:14]: avatar 3 (  1, 11) -> (  1, 10)
[2015-03-12 21:35:14]: avatar 1 ( 19,  8) -> ( 18,  8)
[2015-03-12 21:35:14]: avatar 2 ( 29, 16) -> ( 29, 17)
[2015-03-12 21:35:14]: avatar 3 (  1, 10) -> (  2, 10)
[2015-03-12 21:35:15]: avatar 1 ( 18,  8) -> ( 18,  9)
[2015-03-12 21:35:15]: avatar 2 ( 29, 17) -> ( 29, 18)
[2015-03-12 21:35:15]: avatar 3 (  2, 10) -> (  2,  9)
[2015-03-12 21:35:15]: avatar 1 ( 18,  9) -> ( 17,  9)
[2015-03-12 21:35:15]: avatar 2 ( 29, 18) -> ( 29, 19)
[2015-03-12 21:35:15]: avatar 3 (  2,  9) -> (  1,  9)
[2015-03-12 21:35:15]: avatar 1 ( 17,  9) -> ( 17, 10)
[2015-03-12 21:35:15]: avatar 2 ( 29, 19) -> ( 29, 20)
[2015-03-12 21:35:15]: avatar 3 (  1,  9) -> (  0,  9)
[2015-03-12 21:35:15]: avatar 1 ( 17, 10) -> ( 17, 11)
[2015-03-12 21:35:15]: avatar 2 ( 29, 20) -> ( 29, 21)
[2015-03-12 21:35:15]: avatar 3 (  0,  9) -> (  0,  8)
[2015-03-12 21:35:15]: avatar 1 ( 17, 11) -> ( 18, 11)
[2015-03-12 21:35:15]: avatar 2 ( 29, 21) -> ( 29, 22)
[2015-03-12 21:35:15]: avatar 3 (  0,  8) -> (  1,  8)
[2015-03-12 21:35:15]: avatar 1 ( 18, 11) -> ( 19, 11)
[2015-03-12 21:35:15]: avatar 2 ( 29, 22) -> ( 28, 22)
[2015-03-12 21:35:15]: avatar 3 (  1,  8) -> (  1,  7)
[2015-03-12 21:35:16]: avatar 1 ( 19, 11) -> ( 20, 11)
[2015-03-12 21:35:16]: avatar 2 ( 28, 22) -> ( 28, 21)
[2015-03-12 21:35:16]: avatar 3 (  1,  7) -> (  0,  7)
[2015-03-12 21:35:16]: avatar 1 ( 20, 11) -> ( 20, 10)
[2015-03-12 21:35:16]: avatar 2 ( 28, 21) -> ( 28, 20)
[2015-03-12 21:35:16]: avatar 3 (  0,  7) -> (  0,  6)
[2015-03-12 21:35:16]: avatar 1 ( 20, 10) -> ( 21, 10)
[2015-03-12 21:35:16]: avatar 2 ( 28, 20) -> ( 27, 20)
[2015-03-12 21:35:16]: avatar 3 (  0,  6) -> (  1,  6)
[2015-03-12 21:35:16]: avatar 1 ( 21, 10) -> ( 21, 11)
[2015-03-12 21:35:16]: avatar 2 ( 27, 20) -> ( 26, 20)
[2015-03-12 21:35:16]: avatar 3 (  1,  6) -> (  1,  5)
[2015-03-12 21:35:17]: avatar 1 ( 21, 11) -> ( 21, 12)
[2015-03-12 21:35:17]: avatar 2 ( 26, 20) -> ( 26, 19)
[2015-03-12 21:35:17]: avatar 3 (  1,  5) -> (  1,  4)
[2015-03-12 21:35:17]: avatar 1 ( 21, 12) -> ( 20, 12)
[2015-03-12 21:35:17]: avatar 2 ( 26, 19) -> ( 25, 19)
[2015-03-12 21:35:17]: avatar 3 (  1,  4) -> (  2,  4)
[2015-03-12 21:35:17]: avatar 1 ( 20, 12) -> ( 19, 12)
[2015-03-12 21:35:17]: avatar 2 ( 25, 19) -> ( 25, 18)
[2015-03-12 21:35:17]: avatar 3 (  2,  4) -> (  2,  3)
[2015-03-12 21:35:17]: avatar 1 ( 19, 12) -> ( 18, 12)
[2015-03-12 21:35:17]: avatar 2 ( 25, 18) -> ( 24, 18)
[2015-03-12 21:35:17]: avatar 3 (  2,  3) -> (  3,  3)
[2015-03-12 21:35:17]: avatar 1 ( 18, 12) -> ( 17, 12)
[2015-03-12 21:35:17]: avatar 2 ( 24, 18) -> ( 24, 19)
[2015-03-12 21:35:17]: avatar 3 (  3,  3) -> (  4,  3)
[2015-03-12 21:35:18]: avatar 1 ( 17, 12) -> ( 16, 12)
[2015-03-12 21:35:18]: avatar 2 ( 24, 19) -> ( 24, 20)
[2015-03-12 21:35:18]: avatar 3 (  4,  3) -> (  4,  4)
[2015-03-12 21:35:18]: avatar 1 ( 16, 12) -> ( 16, 11)
[2015-03-12 21:35:18]: avatar 2 ( 24, 20) -> ( 24, 21)
[2015-03-12 21:35:18]: avatar 3 (  4,  4) -> (  4,  5)
[2015-03-12 21:35:18]: avatar 1 ( 16, 11) -> ( 15, 11)
[2015-03-12 21:35:18]: avatar 2 ( 24, 21) -> ( 23, 21)
[2015-03-12 21:35:18]: avatar 3 (  4,  5) -> (  5,  5)
[2015-03-12 21:35:18]: avatar 1 ( 15, 11) -> ( 15, 12)
[2015-03-12 21:35:18]: avatar 2 ( 23, 21) -> ( 23, 20)
[2015-03-12 21:35:18]: avatar 3 (  5,  5) -> (  5,  6)
[2015-03-12 21:35:18]: avatar 1 ( 15, 12) -> ( 14, 12)
[2015-03-12 21:35:18]: avatar 2 ( 23, 20) -> ( 22, 20)
[2015-03-12 21:35:18]: avatar 3 (  5,  6) -> (  5,  7)
[2015-03-12 21:35:18]: avatar 1 ( 14, 12) -> ( 13, 12)
[2015-03-12 21:35:18]: avatar 2 ( 22, 20) -> ( 22, 19)
[2015-03-12 21:35:18]: avatar 3 (  5,  7) -> (  6,  7)
[2015-03-12 21:35:19]: avatar 1 ( 13, 12) -> ( 12, 12)
[2015-03-12 21:35:19]: avatar 2 ( 22, 19) -> ( 23, 19)
[2015-03-12 21:35:19]: avatar 3 (  6,  7) -> (  7,  7)
[2015-03-12 21:35:19]: avatar 1 ( 12, 12) -> ( 11, 12)
[2015-03-12 21:35:19]: avatar 2 ( 23, 19) -> ( 23, 18)
[2015-03-12 21:35:19]: avatar 3 (  7,  7) -> (  7,  6)
[2015-03-12 21:35:19]: avatar 1 ( 11, 12) -> ( 11, 13)
[2015-03-12 21:35:19]: avatar 2 ( 23, 18) -> ( 22, 18)
[2015-03-12 21:35:19]: avatar 3 (  7,  6) -> (  8,  6)
[2015-03-12 21:35:19]: avatar 1 ( 11, 13) -> ( 11, 14)
[2015-03-12 21:35:19]: avatar 2 ( 22, 18) -> ( 22, 17)
[2015-03-12 21:35:19]: avatar 3 (  8,  6) -> (  8,  5)
[2015-03-12 21:35:19]: avatar 1 ( 11, 14) -> ( 11, 15)
[2015-03-12 21:35:19]: avatar 2 ( 22, 17) -> ( 23, 17)
[2015-03-12 21:35:19]: avatar 3 (  8,  5) -> (  7,  5)
[2015-03-12 21:35:19]: avatar 1 ( 11, 15) -> ( 11, 16)
[2015-03-12 21:35:19]: avatar 2 ( 23, 17) -> ( 23, 16)
[2015-03-12 21:35:19]: avatar 3 (  7,  5) -> (  7,  4)
[2015-03-12 21:35:20]: avatar 1 ( 11, 16) -> ( 12, 16)
[2015-03-12 21:35:20]: avatar 2 ( 23, 16) -> ( 22, 16)
[2015-03-12 21:35:20]: avatar 3 (  7,  4) -> (  7,  3)
[2015-03-12 21:35:20]: avatar 1 ( 12, 16) -> ( 13, 16)
[2015-03-12 21:35:20]: avatar 2 ( 22, 16) -> ( 21, 16)
[2015-03-12 21:35:20]: avatar 3 (  7,  3) -> (  6,  3)
[2015-03-12 21:35:20]: avatar 1 ( 13, 16) -> ( 13, 15)
[2015-03-12 21:35:20]: avatar 2 ( 21, 16) -> ( 20, 16)
[2015-03-12 21:35:20]: avatar 3 (  6,  3) -> (  5,  3)
[2015-03-12 21:35:20]: avatar 1 ( 13, 15) -> ( 12, 15)
[2015-03-12 21:35:20]: avatar 2 ( 20, 16) -> ( 20, 17)
[2015-03-12 21:35:20]: avatar 3 (  5,  3) -> (  5,  2)
[2015-03-12 21:35:20]: avatar 1 ( 12, 15) -> ( 12, 14)
[2015-03-12 21:35:20]: avatar 2 ( 20, 17) -> ( 21, 17)
[2015-03-12 21:35:20]: avatar 3 (  5,  2) -> (  4,  2)
[2015-03-12 21:35:20]: avatar 1 ( 12, 14) -> ( 13, 14)
[2015-03-12 21:35:20]: avatar 2 ( 21, 17) -> ( 21, 18)
[2015-03-12 21:35:20]: avatar 3 (  4,  2) -> (  4,  1)
[2015-03-12 21:35:21]: avatar 1 ( 13, 14) -> ( 14, 14)
[2015-03-12 21:35:21]: avatar 2 ( 21, 18) -> ( 21, 19)
[2015-03-12 21:35:21]: avatar 3 (  4,  1) -> (  3,  1)
[2015-03-12 21:35:21]: avatar 1 ( 14, 14) -> ( 14, 13)
[2015-03-12 21:35:21]: avatar 2 ( 21, 19) -> ( 21, 20)
[2015-03-12 21:35:21]: avatar 3 (  3,  1) -> (  2,  1)
[2015-03-12 21:35:21]: avatar 1 ( 14, 13) -> ( 15, 13)
[2015-03-12 21:35:21]: avatar 2 ( 21, 20) -> ( 20, 20)
[2015-03-12 21:35:21]: avatar 3 (  2,  1) -> (  1,  1)
[2015-03-12 21:35:21]: avatar 1 ( 15, 13) -> ( 15, 14)
[2015-03-12 21:35:21]: avatar 2 ( 20, 20) -> ( 20, 19)
[2015-03-12 21:35:21]: avatar 3 (  1,  1) -> (  1,  0)
[2015-03-12 21:35:22]: avatar 1 ( 15, 14) -> ( 15, 15)
[2015-03-12 21:35:22]: avatar 2 ( 20, 19) -> ( 19, 19)
[2015-03-12 21:35:22]: avatar 3 (  1,  0) -> (  2,  0)
[2015-03-12 21:35:22]: avatar 1 ( 15, 15) -> ( 15, 16)
[2015-03-12 21:35:22]: avatar 2 ( 19, 19) -> ( 19, 20)
[2015-03-12 21:35:22]: avatar 3 (  2,  0) -> (  3,  0)
[2015-03-12 21:35:22]: avatar 1 ( 15, 16) -> ( 16, 16)
[2015-03-12 21:35:22]: avatar 2 ( 19, 20) -> ( 18, 20)
[2015-03-12 21:35:22]: avatar 3 (  3,  0) -> (  4,  0)
[2015-03-12 21:35:22]: avatar 1 ( 16, 16) -> ( 17, 16)
[2015-03-12 21:35:22]: avatar 2 ( 18, 20) -> ( 18, 19)
[2015-03-12 21:35:22]: avatar 3 (  4,  0) -> (  5,  0)
[2015-03-12 21:35:22]: avatar 1 ( 17, 16) -> ( 17, 17)
[2015-03-12 21:35:22]: avatar 2 ( 18, 19) -> ( 18, 18)
[2015-03-12 21:35:22]: avatar 3 (  5,  0) -> (  6,  0)
[2015-03-12 21:35:22]: avatar 1 ( 17, 17) -> ( 16, 17)
[2015-03-12 21:35:22]: avatar 2 ( 18, 18) -> ( 17, 18)
[2015-03-12 21:35:22]: avatar 3 (  6,  0) -> (  7,  0)
[2015-03-12 21:35:23]: avatar 1 ( 16, 17) -> ( 16, 18)
[2015-03-12 21:35:23]: avatar 2 ( 17, 18) -> ( 17, 19)
[2015-03-12 21:35:23]: avatar 3 (  7,  0) -> (  7,  1)
[2015-03-12 21:35:23]: avatar 1 ( 16, 18) -> ( 15, 18)
[2015-03-12 21:35:23]: avatar 2 ( 17, 19) -> ( 16, 19)
[2015-03-12 21:35:23]: avatar 3 (  7,  1) -> (  6,  1)
[2015-03-12 21:35:23]: avatar 1 ( 15, 18) -> ( 14, 18)
[2015-03-12 21:35:23]: avatar 2 ( 16, 19) -> ( 16, 20)
[2015-03-12 21:35:23]: avatar 3 (  6,  1) -> (  6,  2)
[2015-03-12 21:35:23]: avatar 1 ( 14, 18) -> ( 14, 19)
[2015-03-12 21:35:23]: avatar 2 ( 16, 20) -> ( 15, 20)
[2015-03-12 21:35:23]: avatar 3 (  6,  2) -> (  7,  2)
[2015-03-12 21:35:23]: avatar 1 ( 14, 19) -> ( 14, 20)
[2015-03-12 21:35:23]: avatar 2 ( 15, 20) -> ( 14, 20)
[2015-03-12 21:35:23]: avatar 3 (  7,  2) -> (  8,  2)
[2015-03-12 21:35:23]: avatar 1 ( 14, 20) -> ( 14, 19)
[2015-03-12 21:35:23]: avatar 2 ( 14, 20) -> ( 14, 19)
[2015-03-12 21:35:23]: avatar 3 (  8,  2) -> (  8,  1)
[2015-03-12 21:35:24]: avatar 1 ( 14, 19) -> ( 14, 18)
[2015-03-12 21:35:24]: avatar 2 ( 14, 19) -> ( 14, 18)
[2015-03-12 21:35:24]: avatar 3 (  8,  1) -> (  8,  0)
[2015-03-12 21:35:24]: avatar 1 ( 14, 18) -> ( 15, 18)
[2015-03-12 21:35:24]: avatar 2 ( 14, 18) -> ( 15, 18)
[2015-03-12 21:35:24]: avatar 3 (  8,  0) -> (  9,  0)
[2015-03-12 21:35:24]: avatar 1 ( 15, 18) -> ( 16, 18)
[2015-03-12 21:35:24]: avatar 2 ( 15, 18) -> ( 16, 18)
[2015-03-12 21:35:24]: avatar 3 (  9,  0) -> (  9,  1)
[2015-03-12 21:35:24]: avatar 1 ( 16, 18) -> ( 16, 17)
[2015-03-12 21:35:24]: avatar 2 ( 16, 18) -> ( 16, 17)
[2015-03-12 21:35:24]: avatar 3 (  9,  1) -> ( 10,  1)
[2015-03-12 21:35:24]: avatar 1 ( 16, 17) -> ( 17, 17)
[2015-03-12 21:35:24]: avatar 2 ( 16, 17) -> ( 17, 17)
[2015-03-12 21:35:24]: avatar 3 ( 10,  1) -> ( 11,  1)
[2015-03-12 21:35:25]: avatar 1 ( 17, 17) -> ( 17, 16)
[2015-03-12 21:35:25]: avatar 2 ( 17, 17) -> ( 17, 16)
[2015-03-12 21:35:25]: avatar 3 ( 11,  1) -> ( 11,  2)
[2015-03-12 21:35:25]: avatar 1 ( 17, 16) -> ( 16, 16)
[2015-03-12 21:35:25]: avatar 2 ( 17, 16) -> ( 16, 16)
[2015-03-12 21:35:25]: avatar 3 ( 11,  2) -> ( 11,  3)
[2015-03-12 21:35:25]: avatar 1 ( 16, 16) -> ( 15, 16)
[2015-03-12 21:35:25]: avatar 2 ( 16, 16) -> ( 15, 16)
[2015-03-12 21:35:25]: avatar 3 ( 11,  3) -> ( 11,  4)
[2015-03-12 21:35:25]: avatar 1 ( 15, 16) -> ( 15, 15)
[2015-03-12 21:35:25]: avatar 2 ( 15, 16) -> ( 15, 15)
[2015-03-12 21:35:25]: avatar 3 ( 11,  4) -> ( 11,  5)
[2015-03-12 21:35:25]: avatar 1 ( 15, 15) -> ( 15, 14)
[2015-03-12 21:35:25]: avatar 2 ( 15, 15) -> ( 15, 14)
[2015-03-12 21:35:25]: avatar 3 ( 11,  5) -> ( 10,  5)
[2015-03-12 21:35:26]: avatar 1 ( 15, 14) -> ( 15, 13)
[2015-03-12 21:35:26]: avatar 2 ( 15, 14) -> ( 15, 13)
[2015-03-12 21:35:26]: avatar 3 ( 10,  5) -> ( 10,  6)
[2015-03-12 21:35:26]: avatar 1 ( 15, 13) -> ( 14, 13)
[2015-03-12 21:35:26]: avatar 2 ( 15, 13) -> ( 14, 13)
[2015-03-12 21:35:26]: avatar 3 ( 10,  6) -> (  9,  6)
[2015-03-12 21:35:26]: avatar 1 ( 14, 13) -> ( 14, 14)
[2015-03-12 21:35:26]: avatar 2 ( 14, 13) -> ( 14, 14)
[2015-03-12 21:35:26]: avatar 3 (  9,  6) -> (  9,  7)
[2015-03-12 21:35:26]: avatar 1 ( 14, 14) -> ( 13, 14)
[2015-03-12 21:35:26]: avatar 2 ( 14, 14) -> ( 13, 14)
[2015-03-12 21:35:26]: avatar 3 (  9,  7) -> (  9,  8)
[2015-03-12 21:35:26]: avatar 1 ( 13, 14) -> ( 12, 14)
[2015-03-12 21:35:26]: avatar 2 ( 13, 14) -> ( 12, 14)
[2015-03-12 21:35:26]: avatar 3 (  9,  8) -> (  8,  8)
[2015-03-12 21:35:27]: avatar 1 ( 12, 14) -> ( 12, 15)
[2015-03-12 21:35:27]: avatar 2 ( 12, 14) -> ( 12, 15)
[2015-03-12 21:35:27]: avatar 3 (  8,  8) -> (  8,  9)
[2015-03-12 21:35:27]: avatar 1 ( 12, 15) -> ( 13, 15)
[2015-03-12 21:35:27]: avatar 2 ( 12, 15) -> ( 13, 15)
[2015-03-12 21:35:27]: avatar 3 (  8,  9) -> (  9,  9)
[2015-03-12 21:35:27]: avatar 1 ( 13, 15) -> ( 13, 16)
[2015-03-12 21:35:27]: avatar 2 ( 13, 15) -> ( 13, 16)
[2015-03-12 21:35:27]: avatar 3 (  9,  9) -> ( 10,  9)
[2015-03-12 21:35:27]: avatar 1 ( 13, 16) -> ( 12, 16)
[2015-03-12 21:35:27]: avatar 2 ( 13, 16) -> ( 12, 16)
[2015-03-12 21:35:27]: avatar 3 ( 10,  9) -> ( 11,  9)
[2015-03-12 21:35:27]: avatar 1 ( 12, 16) -> ( 11, 16)
[2015-03-12 21:35:27]: avatar 2 ( 12, 16) -> ( 11, 16)
[2015-03-12 21:35:27]: avatar 3 ( 11,  9) -> ( 11, 10)
[2015-03-12 21:35:27]: avatar 1 ( 11, 16) -> ( 11, 15)
[2015-03-12 21:35:27]: avatar 2 ( 11, 16) -> ( 11, 15)
[2015-03-12 21:35:27]: avatar 3 ( 11, 10) -> ( 10, 10)
[2015-03-12 21:35:27]: avatar 1 ( 11, 15) -> ( 11, 14)
[2015-03-12 21:35:27]: avatar 2 ( 11, 15) -> ( 11, 14)
[2015-03-12 21:35:27]: avatar 3 ( 10, 10) -> ( 10, 11)
[2015-03-12 21:35:28]: avatar 1 ( 11, 14) -> ( 11, 13)
[2015-03-12 21:35:28]: avatar 2 ( 11, 14) -> ( 11, 13)
[2015-03-12 21:35:28]: avatar 3 ( 10, 11) -> ( 11, 11)
[2015-03-12 21:35:28]: avatar 1 ( 11, 13) -> ( 11, 12)
[2015-03-12 21:35:28]: avatar 2 ( 11, 13) -> ( 11, 12)
[2015-03-12 21:35:28]: avatar 3 ( 11, 11) -> ( 12, 11)
[2015-03-12 21:35:28]: avatar 1 ( 11, 12) -> ( 12, 12)
[2015-03-12 21:35:28]: avatar 2 ( 11, 12) -> ( 12, 12)
[2015-03-12 21:35:28]: avatar 3 ( 12, 11) -> ( 13, 11)
[2015-03-12 21:35:28]: avatar 1 ( 12, 12) -> ( 13, 12)
[2015-03-12 21:35:28]: avatar 2 ( 12, 12) -> ( 13, 12)
[2015-03-12 21:35:28]: avatar 3 ( 13, 11) -> ( 14, 11)
[2015-03-12 21:35:28]: avatar 1 ( 13, 12) -> ( 14, 12)
[2015-03-12 21:35:28]: avatar 2 ( 13, 12) -> ( 14, 12)
[2015-03-12 21:35:28]: avatar 3 ( 14, 11) -> ( 14, 10)
[2015-03-12 21:35:28]: avatar 1 ( 14, 12) -> ( 15, 12)
[2015-03-12 21:35:28]: avatar 2 ( 14, 12) -> ( 15, 12)
[2015-03-12 21:35:28]: avatar 3 ( 14, 10) -> ( 14,  9)
[2015-03-12 21:35:29]: avatar 1 ( 15, 12) -> ( 15, 11)
[2015-03-12 21:35:29]: avatar 2 ( 15, 12) -> ( 15, 11)
[2015-03-12 21:35:29]: avatar 3 ( 14,  9) -> ( 14,  8)
[2015-03-12 21:35:29]: avatar 1 ( 15, 11) -> ( 16, 11)
[2015-03-12 21:35:29]: avatar 2 ( 15, 11) -> ( 16, 11)
[2015-03-12 21:35:29]: avatar 3 ( 14,  8) -> ( 14,  7)
[2015-03-12 21:35:29]: avatar 1 ( 16, 11) -> ( 16, 12)
[2015-03-12 21:35:29]: avatar 2 ( 16, 11) -> ( 16, 12)
[2015-03-12 21:35:29]: avatar 3 ( 14,  7) -> ( 14,  6)
[2015-03-12 21:35:29]: avatar 1 ( 16, 12) -> ( 17, 12)
[2015-03-12 21:35:29]: avatar 2 ( 16, 12) -> ( 17, 12)
[2015-03-12 21:35:29]: avatar 3 ( 14,  6) -> ( 15,  6)
[2015-03-12 21:35:29]: avatar 1 ( 17, 12) -> ( 18, 12)
[2015-03-12 21:35:29]: avatar 2 ( 17, 12) -> ( 18, 12)
[2015-03-12 21:35:29]: avatar 3 ( 15,  6) -> ( 15,  7)
[2015-03-12 21:35:30]: avatar 1 ( 18, 12) -> ( 19, 12)
[2015-03-12 21:35:30]: avatar 2 ( 18, 12) -> ( 19, 12)
[2015-03-12 21:35:30]: avatar 3 ( 15,  7) -> ( 15,  8)
[2015-03-12 21:35:30]: avatar 1 ( 19, 12) -> ( 20, 12)
[2015-03-12 21:35:30]: avatar 2 ( 19, 12) -> ( 20, 12)
[2015-03-12 21:35:30]: avatar 3 ( 15,  8) -> ( 15,  9)
[2015-03-12 21:35:30]: avatar 1 ( 20, 12) -> ( 21, 12)
[2015-03-12 21:35:30]: avatar 2 ( 20, 12) -> ( 21, 12)
[2015-03-12 21:35:30]: avatar 3 ( 15,  9) -> ( 15, 10)
[2015-03-12 21:35:30]: avatar 1 ( 21, 12) -> ( 21, 11)
[2015-03-12 21:35:30]: avatar 2 ( 21, 12) -> ( 21, 11)
[2015-03-12 21:35:30]: avatar 3 ( 15, 10) -> ( 16, 10)
[2015-03-12 21:35:30]: avatar 1 ( 21, 11) -> ( 21, 10)
[2015-03-12 21:35:30]: avatar 2 ( 21, 11) -> ( 21, 10)
[2015-03-12 21:35:30]: avatar 3 ( 16, 10) -> ( 16,  9)
[2015-03-12 21:35:30]: avatar 1 ( 21, 10) -> ( 20, 10)
[2015-03-12 21:35:30]: avatar 2 ( 21, 10) -> ( 20, 10)
[2015-03-12 21:35:30]: avatar 3 ( 16,  9) -> ( 16,  8)
[2015-03-12 21:35:30]: avatar 1 ( 20, 10) -> ( 20, 11)
[2015-03-12 21:35:30]: avatar 2 ( 20, 10) -> ( 20, 11)
[2015-03-12 21:35:30]: avatar 3 ( 16,  8) -> ( 17,  8)
[2015-03-12 21:35:31]: avatar 1 ( 20, 11) -> ( 19, 11)
[2015-03-12 21:35:31]: avatar 2 ( 20, 11) -> ( 19, 11)
[2015-03-12 21:35:31]: avatar 3 ( 17,  8) -> ( 17,  7)
[2015-03-12 21:35:31]: avatar 1 ( 19, 11) -> ( 18, 11)
[2015-03-12 21:35:31]: avatar 2 ( 19, 11) -> ( 18, 11)
[2015-03-12 21:35:31]: avatar 3 ( 17,  7) -> ( 16,  7)
[2015-03-12 21:35:31]: avatar 1 ( 18, 11) -> ( 17, 11)
[2015-03-12 21:35:31]: avatar 2 ( 18, 11) -> ( 17, 11)
[2015-03-12 21:35:31]: avatar 3 ( 16,  7) -> ( 16,  6)
[2015-03-12 21:35:31]: avatar 1 ( 17, 11) -> ( 17, 10)
[2015-03-12 21:35:31]: avatar 2 ( 17, 11) -> ( 17, 10)
[2015-03-12 21:35:31]: avatar 3 ( 16,  6) -> ( 16,  5)
[2015-03-12 21:35:31]: avatar 1 ( 17, 10) -> ( 17,  9)
[2015-03-12 21:35:31]: avatar 2 ( 17, 10) -> ( 17,  9)
[2015-03-12 21:35:31]: avatar 3 ( 16,  5) -> ( 16,  4)
[2015-03-12 21:35:32]: avatar 1 ( 17,  9) -> ( 18,  9)
[2015-03-12 21:35:32]: avatar 2 ( 17,  9) -> ( 18,  9)
[2015-03-12 21:35:32]: avatar 3 ( 16,  4) -> ( 16,  3)
[2015-03-12 21:35:32]: avatar 1 ( 18,  9) -> ( 18,  8)
[2015-03-12 21:35:32]: avatar 2 ( 18,  9) -> ( 18,  8)
[2015-03-12 21:35:32]: avatar 3 ( 16,  3) -> ( 15,  3)
[2015-03-12 21:35:32]: avatar 1 ( 18,  8) -> ( 19,  8)
[2015-03-12 21:35:32]: avatar 2 ( 18,  8) -> ( 19,  8)
[2015-03-12 21:35:32]: avatar 3 ( 15,  3) -> ( 14,  3)
[2015-03-12 21:35:32]: avatar 1 ( 19,  8) -> ( 20,  8)
[2015-03-12 21:35:32]: avatar 2 ( 19,  8) -> ( 20,  8)
[2015-03-12 21:35:32]: avatar 3 ( 14,  3) -> ( 14,  4)
[2015-03-12 21:35:32]: avatar 1 ( 20,  8) -> ( 20,  9)
[2015-03-12 21:35:32]: avatar 2 ( 20,  8) -> ( 20,  9)
[2015-03-12 21:35:32]: avatar 3 ( 14,  4) -> ( 14,  5)
[2015-03-12 21:35:32]: avatar 1 ( 20,  9) -> ( 21,  9)
[2015-03-12 21:35:32]: avatar 2 ( 20,  9) -> ( 21,  9)
[2015-03-12 21:35:32]: avatar 3 ( 14,  5) -> ( 13,  5)
[2015-03-12 21:35:32]: avatar 1 ( 21,  9) -> ( 22,  9)
[2015-03-12 21:35:32]: avatar 2 ( 21,  9) -> ( 22,  9)
[2015-03-12 21:35:32]: avatar 3 ( 13,  5) -> ( 13,  4)
[2015-03-12 21:35:33]: avatar 1 ( 22,  9) -> ( 22, 10)
[2015-03-12 21:35:33]: avatar 2 ( 22,  9) -> ( 22, 10)
[2015-03-12 21:35:33]: avatar 3 ( 13,  4) -> ( 12,  4)
[2015-03-12 21:35:33]: avatar 1 ( 22, 10) -> ( 23, 10)
[2015-03-12 21:35:33]: avatar 2 ( 22, 10) -> ( 23, 10)
[2015-03-12 21:35:33]: avatar 3 ( 12,  4) -> ( 12,  3)
[2015-03-12 21:35:33]: avatar 1 ( 23, 10) -> ( 24, 10)
[2015-03-12 21:35:33]: avatar 2 ( 23, 10) -> ( 24, 10)
[2015-03-12 21:35:33]: avatar 3 ( 12,  3) -> ( 13,  3)
[2015-03-12 21:35:33]: avatar 1 ( 24, 10) -> ( 24, 11)
[2015-03-12 21:35:33]: avatar 2 ( 24, 10) -> ( 24, 11)
[2015-03-12 21:35:33]: avatar 3 ( 13,  3) -> ( 13,  2)
[2015-03-12 21:35:33]: avatar 1 ( 24, 11) -> ( 25, 11)
[2015-03-12 21:35:33]: avatar 2 ( 24, 11) -> ( 25, 11)
[2015-03-12 21:35:33]: avatar 3 ( 13,  2) -> ( 12,  2)
[2015-03-12 21:35:34]: avatar 1 ( 25, 11) -> ( 25, 12)
[2015-03-12 21:35:34]: avatar 2 ( 25, 11) -> ( 25, 12)
[2015-03-12 21:35:34]: avatar 3 ( 12,  2) -> ( 12,  1)
[2015-03-12 21:35:34]: avatar 1 ( 25, 12) -> ( 24, 12)
[2015-03-12 21:35:34]: avatar 2 ( 25, 12) -> ( 24, 12)
[2015-03-12 21:35:34]: avatar 3 ( 12,  1) -> ( 12,  0)
[2015-03-12 21:35:34]: avatar 1 ( 24, 12) -> ( 24, 13)
[2015-03-12 21:35:34]: avatar 2 ( 24, 12) -> ( 24, 13)
[2015-03-12 21:35:34]: avatar 3 ( 12,  0) -> ( 13,  0)
[2015-03-12 21:35:34]: avatar 1 ( 24, 13) -> ( 23, 13)
[2015-03-12 21:35:34]: avatar 2 ( 24, 13) -> ( 23, 13)
[2015-03-12 21:35:34]: avatar 3 ( 13,  0) -> ( 13,  1)
[2015-03-12 21:35:34]: avatar 1 ( 23, 13) -> ( 22, 13)
[2015-03-12 21:35:34]: avatar 2 ( 23, 13) -> ( 22, 13)
[2015-03-12 21:35:34]: avatar 3 ( 13,  1) -> ( 14,  1)
[2015-03-12 21:35:34]: avatar 1 ( 22, 13) -> ( 21, 13)
[2015-03-12 21:35:34]: avatar 2 ( 22, 13) -> ( 21, 13)
[2015-03-12 21:35:34]: avatar 3 ( 14,  1) -> ( 15,  1)
[2015-03-12 21:35:34]: avatar 1 ( 21, 13) -> ( 21, 14)
[2015-03-12 21:35:34]: avatar 2 ( 21, 13) -> ( 21, 14)
[2015-03-12 21:35:34]: avatar 3 ( 15,  1) -> ( 15,  2)
[2015-03-12 21:35:35]: avatar 1 ( 21, 14) -> ( 21, 15)
[2015-03-12 21:35:35]: avatar 2 ( 21, 14) -> ( 21, 15)
[2015-03-12 21:35:35]: avatar 3 ( 15,  2) -> ( 16,  2)
[2015-03-12 21:35:35]: avatar 1 ( 21, 15) -> ( 22, 15)
[2015-03-12 21:35:35]: avatar 2 ( 21, 15) -> ( 22, 15)
[2015-03-12 21:35:35]: avatar 3 ( 16,  2) -> ( 16,  1)
[2015-03-12 21:35:35]: avatar 1 ( 22, 15) -> ( 23, 15)
[2015-03-12 21:35:35]: avatar 2 ( 22, 15) -> ( 23, 15)
[2015-03-12 21:35:35]: avatar 3 ( 16,  1) -> ( 17,  1)
[2015-03-12 21:35:35]: avatar 1 ( 23, 15) -> ( 24, 15)
[2015-03-12 21:35:35]: avatar 2 ( 23, 15) -> ( 24, 15)
[2015-03-12 21:35:35]: avatar 3 ( 17,  1) -> ( 17,  2)
[2015-03-12 21:35:35]: avatar 1 ( 24, 15) -> ( 24, 16)
[2015-03-12 21:35:35]: avatar 2 ( 24, 15) -> ( 24, 16)
[2015-03-12 21:35:35]: avatar 3 ( 17,  2) -> ( 17,  3)
[2015-03-12 21:35:35]: avatar 1 ( 24, 16) -> ( 24, 17)
[2015-03-12 21:35:35]: avatar 2 ( 24, 16) -> ( 24, 17)
[2015-03-12 21:35:35]: avatar 3 ( 17,  3) -> ( 17,  4)
[2015-03-12 21:35:36]: avatar 1 ( 24, 17) -> ( 25, 17)
[2015-03-12 21:35:36]: avatar 2 ( 24, 17) -> ( 25, 17)
[2015-03-12 21:35:36]: avatar 3 ( 17,  4) -> ( 18,  4)
[2015-03-12 21:35:36]: avatar 1 ( 25, 17) -> ( 26, 17)
[2015-03-12 21:35:36]: avatar 2 ( 25, 17) -> ( 26, 17)
[2015-03-12 21:35:36]: avatar 3 ( 18,  4) -> ( 19,  4)
[2015-03-12 21:35:36]: avatar 1 ( 26, 17) -> ( 26, 16)
[2015-03-12 21:35:36]: avatar 2 ( 26, 17) -> ( 26, 16)
[2015-03-12 21:35:36]: avatar 3 ( 19,  4) -> ( 19,  5)
[2015-03-12 21:35:36]: avatar 1 ( 26, 16) -> ( 25, 16)
[2015-03-12 21:35:36]: avatar 2 ( 26, 16) -> ( 25, 16)
[2015-03-12 21:35:36]: avatar 3 ( 19,  5) -> ( 18,  5)
[2015-03-12 21:35:36]: avatar 1 ( 25, 16) -> ( 25, 15)
[2015-03-12 21:35:36]: avatar 2 ( 25, 16) -> ( 25, 15)
[2015-03-12 21:35:36]: avatar 3 ( 18,  5) -> ( 18,  6)
[2015-03-12 21:35:37]: avatar 1 ( 25, 15) -> ( 26, 15)
[2015-03-12 21:35:37]: avatar 2 ( 25, 15) -> ( 26, 15)
[2015-03-12 21:35:37]: avatar 3 ( 18,  6) -> ( 18,  7)
[2015-03-12 21:35:37]: avatar 1 ( 26, 15) -> ( 26, 14)
[2015-03-12 21:35:37]: avatar 2 ( 26, 15) -> ( 26, 14)
[2015-03-12 21:35:37]: avatar 3 ( 18,  7) -> ( 19,  7)
[2015-03-12 21:35:37]: avatar 1 ( 26, 14) -> ( 25, 14)
[2015-03-12 21:35:37]: avatar 2 ( 26, 14) -> ( 25, 14)
[2015-03-12 21:35:37]: avatar 3 ( 19,  7) -> ( 19,  6)
[2015-03-12 21:35:37]: avatar 1 ( 25, 14) -> ( 25, 13)
[2015-03-12 21:35:37]: avatar 2 ( 25, 14) -> ( 25, 13)
[2015-03-12 21:35:37]: avatar 3 ( 19,  6) -> ( 20,  6)
[2015-03-12 21:35:37]: avatar 1 ( 25, 13) -> ( 26, 13)
[2015-03-12 21:35:37]: avatar 2 ( 25, 13) -> ( 26, 13)
[2015-03-12 21:35:37]: avatar 3 ( 20,  6) -> ( 20,  5)
[2015-03-12 21:35:38]: avatar 1 ( 26, 13) -> ( 26, 12)
[2015-03-12 21:35:38]: avatar 2 ( 26, 13) -> ( 26, 12)
[2015-03-12 21:35:38]: avatar 3 ( 20,  5) -> ( 21,  5)
[2015-03-12 21:35:38]: avatar 1 ( 26, 12) -> ( 26, 11)
[2015-03-12 21:35:38]: avatar 2 ( 26, 12) -> ( 26, 11)
[2015-03-12 21:35:38]: avatar 3 ( 21,  5) -> ( 22,  5)
[2015-03-12 21:35:38]: avatar 1 ( 26, 11) -> ( 26, 10)
[2015-03-12 21:35:38]: avatar 2 ( 26, 11) -> ( 26, 10)
[2015-03-12 21:35:38]: avatar 3 ( 22,  5) -> ( 22,  4)
[2015-03-12 21:35:38]: avatar 1 ( 26, 10) -> ( 26,  9)
[2015-03-12 21:35:38]: avatar 2 ( 26, 10) -> ( 26,  9)
[2015-03-12 21:35:38]: avatar 3 ( 22,  4) -> ( 21,  4)
[2015-03-12 21:35:38]: avatar 1 ( 26,  9) -> ( 27,  9)
[2015-03-12 21:35:38]: avatar 2 ( 26,  9) -> ( 27,  9)
[2015-03-12 21:35:38]: avatar 3 ( 21,  4) -> ( 20,  4)
[2015-03-12 21:35:38]: avatar 1 ( 27,  9) -> ( 27,  8)
[2015-03-12 21:35:38]: avatar 2 ( 27,  9) -> ( 27,  8)
[2015-03-12 21:35:38]: avatar 3 ( 20,  4) -> ( 20,  3)
[2015-03-12 21:35:39]: avatar 1 ( 27,  8) -> ( 28,  8)
[2015-03-12 21:35:39]: avatar 2 ( 27,  8) -> ( 28,  8)
[2015-03-12 21:35:39]: avatar 3 ( 20,  3) -> ( 21,  3)
[2015-03-12 21:35:39]: avatar 1 ( 28,  8) -> ( 28,  9)
[2015-03-12 21:35:39]: avatar 2 ( 28,  8) -> ( 28,  9)
[2015-03-12 21:35:39]: avatar 3 ( 21,  3) -> ( 22,  3)
[2015-03-12 21:35:39]: avatar 1 ( 28,  9) -> ( 28, 10)
[2015-03-12 21:35:39]: avatar 2 ( 28,  9) -> ( 28, 10)
[2015-03-12 21:35:39]: avatar 3 ( 22,  3) -> ( 22,  2)
[2015-03-12 21:35:39]: avatar 1 ( 28, 10) -> ( 29, 10)
[2015-03-12 21:35:39]: avatar 2 ( 28, 10) -> ( 29, 10)
[2015-03-12 21:35:39]: avatar 3 ( 22,  2) -> ( 23,  2)
[2015-03-12 21:35:39]: avatar 1 ( 29, 10) -> ( 29,  9)
[2015-03-12 21:35:39]: avatar 2 ( 29, 10) -> ( 29,  9)
[2015-03-12 21:35:39]: avatar 3 ( 23,  2) -> ( 23,  3)
[2015-03-12 21:35:39]: avatar 1 ( 29,  9) -> ( 29,  8)
[2015-03-12 21:35:39]: avatar 2 ( 29,  9) -> ( 29,  8)
[2015-03-12 21:35:39]: avatar 3 ( 23,  3) -> ( 23,  4)
[2015-03-12 21:35:39]: avatar 1 ( 29,  8) -> ( 29,  7)
[2015-03-12 21:35:39]: avatar 2 ( 29,  8) -> ( 29,  7)
[2015-03-12 21:35:39]: avatar 3 ( 23,  4) -> ( 23,  5)
[2015-03-12 21:35:39]: avatar 1 ( 29,  7) -> ( 29,  6)
[2015-03-12 21:35:39]: avatar 2 ( 29,  7) -> ( 29,  6)
[2015-03-12 21:35:39]: avatar 3 ( 23,  5) -> ( 23,  6)
[2015-03-12 21:35:40]: avatar 1 ( 29,  6) -> ( 29,  5)
[2015-03-12 21:35:40]: avatar 2 ( 29,  6) -> ( 29,  5)
[2015-03-12 21:35:40]: avatar 3 ( 23,  6) -> ( 23,  7)
[2015-03-12 21:35:40]: avatar 1 ( 29,  5) -> ( 29,  4)
[2015-03-12 21:35:40]: avatar 2 ( 29,  5) -> ( 29,  4)
[2015-03-12 21:35:40]: avatar 3 ( 23,  7) -> ( 24,  7)
[2015-03-12 21:35:40]: avatar 1 ( 29,  4) -> ( 29,  3)
[2015-03-12 21:35:40]: avatar 2 ( 29,  4) -> ( 29,  3)
[2015-03-12 21:35:40]: avatar 3 ( 24,  7) -> ( 24,  8)
[2015-03-12 21:35:40]: avatar 1 ( 29,  3) -> ( 28,  3)
[2015-03-12 21:35:40]: avatar 2 ( 29,  3) -> ( 28,  3)
[2015-03-12 21:35:40]: avatar 3 ( 24,  8) -> ( 23,  8)
[2015-03-12 21:35:40]: avatar 1 ( 28,  3) -> ( 27,  3)
[2015-03-12 21:35:40]: avatar 2 ( 28,  3) -> ( 27,  3)
[2015-03-12 21:35:40]: avatar 3 ( 23,  8) -> ( 23,  9)
[2015-03-12 21:35:40]: avatar 1 ( 27,  3) -> ( 26,  3)
[2015-03-12 21:35:40]: avatar 2 ( 27,  3) -> ( 26,  3)
[2015-03-12 21:35:40]: avatar 3 ( 23,  9) -> ( 24,  9)
[2015-03-12 21:35:40]: avatar 1 ( 26,  3) -> ( 26,  2)
[2015-03-12 21:35:40]: avatar 2 ( 26,  3) -> ( 26,  2)
[2015-03-12 21:35:40]: avatar 3 ( 24,  9) -> ( 25,  9)
[2015-03-12 21:35:41]: avatar 1 ( 26,  2) -> ( 27,  2)
[2015-03-12 21:35:41]: avatar 2 ( 26,  2) -> ( 27,  2)
[2015-03-12 21:35:41]: avatar 3 ( 25,  9) -> ( 25,  8)
[2015-03-12 21:35:41]: avatar 1 ( 27,  2) -> ( 28,  2)
[2015-03-12 21:35:41]: avatar 2 ( 27,  2) -> ( 28,  2)
[2015-03-12 21:35:41]: avatar 3 ( 25,  8) -> ( 25,  7)
[2015-03-12 21:35:41]: avatar 1 ( 28,  2) -> ( 29,  2)
[2015-03-12 21:35:41]: avatar 2 ( 28,  2) -> ( 29,  2)
[2015-03-12 21:35:41]: avatar 3 ( 25,  7) -> ( 26,  7)
[2015-03-12 21:35:41]: avatar 1 ( 29,  2) -> ( 29,  1)
[2015-03-12 21:35:41]: avatar 2 ( 29,  2) -> ( 29,  1)
[2015-03-12 21:35:41]: avatar 3 ( 26,  7) -> ( 26,  6)
[2015-03-12 21:35:41]: avatar 1 ( 29,  1) -> ( 29,  0)
[2015-03-12 21:35:41]: avatar 2 ( 29,  1) -> ( 29,  0)
[2015-03-12 21:35:41]: avatar 3 ( 26,  6) -> ( 25,  6)
[2015-03-12 21:35:41]: avatar 1 ( 29,  0) -> ( 28,  0)
[2015-03-12 21:35:41]: avatar 2 ( 29,  0) -> ( 28,  0)
[2015-03-12 21:35:41]: avatar 3 ( 25,  6) -> ( 25,  5)
[2015-03-12 21:35:41]: avatar 1 ( 28,  0) -> ( 27,  0)
[2015-03-12 21:35:41]: avatar 2 ( 28,  0) -> ( 27,  0)
[2015-03-12 21:35:41]: avatar 3 ( 25,  5) -> ( 24,  5)
[2015-03-12 21:35:42]: avatar 1 ( 27,  0) -> ( 26,  0)
[2015-03-12 21:35:42]: avatar 2 ( 27,  0) -> ( 26,  0)
[2015-03-12 21:35:42]: avatar 3 ( 24,  5) -> ( 24,  4)
[2015-03-12 21:35:42]: avatar 1 ( 26,  0) -> ( 26,  1)
[2015-03-12 21:35:42]: avatar 2 ( 26,  0) -> ( 26,  1)
[2015-03-12 21:35:42]: avatar 3 ( 24,  4) -> ( 24,  3)
[2015-03-12 21:35:42]: avatar 1 ( 26,  1) -> ( 25,  1)
[2015-03-12 21:35:42]: avatar 2 ( 26,  1) -> ( 25,  1)
[2015-03-12 21:35:42]: avatar 3 ( 24,  3) -> ( 25,  3)
[2015-03-12 21:35:42]: avatar 1 ( 25,  1) -> ( 25,  0)
[2015-03-12 21:35:42]: avatar 2 ( 25,  1) -> ( 25,  0)
[2015-03-12 21:35:42]: avatar 3 ( 25,  3) -> ( 25,  2)
[2015-03-12 21:35:42]: avatar 1 ( 25,  0) -> ( 24,  0)
[2015-03-12 21:35:42]: avatar 2 ( 25,  0) -> ( 24,  0)
[2015-03-12 21:35:42]: avatar 3 ( 25,  2) -> ( 24,  2)
[2015-03-12 21:35:42]: Moves to Solve: 1484
[2015-03-12 21:35:42]: Hash: 2659570548
