[2015-03-12 21:11:43]: USER=matthew, algorithm=2, port=33685, time=Thu Mar 12 21:11:43 2015
[2015-03-12 21:11:43]: Maze size = 6x9
[2015-03-12 21:11:44]: avatar 1 ( 101, 101) -> (  2,  0)
[2015-03-12 21:11:44]: avatar 2 ( 101, 101) -> (  2,  5)
[2015-03-12 21:11:44]: avatar 1 (  2,  0) -> (  3,  0)
[2015-03-12 21:11:44]: avatar 2 (  2,  5) -> (  2,  5)
[2015-03-12 21:11:44]: avatar 1 (  3,  0) -> (  3,  0)
[2015-03-12 21:11:44]: avatar 2 (  2,  5) -> (  2,  5)
[2015-03-12 21:11:44]: avatar 1 (  3,  0) -> (  3,  0)
[2015-03-12 21:11:44]: avatar 2 (  2,  5) -> (  1,  5)
[2015-03-12 21:11:44]: avatar 1 (  3,  0) -> (  2,  0)
[2015-03-12 21:11:44]: avatar 2 (  1,  5) -> (  1,  5)
[2015-03-12 21:11:44]: avatar 1 (  2,  0) -> (  1,  0)
[2015-03-12 21:11:44]: avatar 2 (  1,  5) -> (  1,  5)
[2015-03-12 21:11:44]: avatar 1 (  1,  0) -> (  1,  0)
[2015-03-12 21:11:44]: avatar 2 (  1,  5) -> (  1,  6)
[2015-03-12 21:11:44]: avatar 1 (  1,  0) -> (  1,  1)
[2015-03-12 21:11:44]: avatar 2 (  1,  6) -> (  0,  6)
[2015-03-12 21:11:44]: avatar 1 (  1,  1) -> (  1,  1)
[2015-03-12 21:11:44]: avatar 2 (  0,  6) -> (  0,  5)
[2015-03-12 21:11:44]: avatar 1 (  1,  1) -> (  1,  2)
[2015-03-12 21:11:44]: avatar 2 (  0,  5) -> (  0,  4)
[2015-03-12 21:11:44]: avatar 1 (  1,  2) -> (  0,  2)
[2015-03-12 21:11:44]: avatar 2 (  0,  4) -> (  0,  4)
[2015-03-12 21:11:44]: avatar 1 (  0,  2) -> (  0,  1)
[2015-03-12 21:11:44]: avatar 2 (  0,  4) -> (  0,  3)
[2015-03-12 21:11:44]: avatar 1 (  0,  1) -> (  0,  0)
[2015-03-12 21:11:44]: avatar 2 (  0,  3) -> (  0,  3)
[2015-03-12 21:11:44]: avatar 1 (  0,  0) -> (  0,  1)
[2015-03-12 21:11:44]: avatar 2 (  0,  3) -> (  0,  2)
[2015-03-12 21:11:44]: avatar 1 (  0,  1) -> (  0,  1)
[2015-03-12 21:11:44]: avatar 2 (  0,  2) -> (  1,  2)
[2015-03-12 21:11:44]: avatar 1 (  0,  1) -> (  0,  2)
[2015-03-12 21:11:44]: avatar 2 (  1,  2) -> (  1,  1)
[2015-03-12 21:11:44]: avatar 1 (  0,  2) -> (  0,  3)
[2015-03-12 21:11:44]: avatar 2 (  1,  1) -> (  1,  0)
[2015-03-12 21:11:44]: avatar 1 (  0,  3) -> (  0,  4)
[2015-03-12 21:11:44]: avatar 2 (  1,  0) -> (  2,  0)
[2015-03-12 21:11:44]: avatar 1 (  0,  4) -> (  0,  5)
[2015-03-12 21:11:44]: avatar 2 (  2,  0) -> (  1,  0)
[2015-03-12 21:11:44]: avatar 1 (  0,  5) -> (  0,  6)
[2015-03-12 21:11:44]: avatar 2 (  1,  0) -> (  1,  1)
[2015-03-12 21:11:44]: avatar 1 (  0,  6) -> (  1,  6)
[2015-03-12 21:11:44]: avatar 2 (  1,  1) -> (  1,  2)
[2015-03-12 21:11:44]: avatar 1 (  1,  6) -> (  1,  5)
[2015-03-12 21:11:44]: avatar 2 (  1,  2) -> (  0,  2)
[2015-03-12 21:11:44]: avatar 1 (  1,  5) -> (  2,  5)
[2015-03-12 21:11:44]: avatar 2 (  0,  2) -> (  0,  3)
[2015-03-12 21:11:44]: avatar 1 (  2,  5) -> (  1,  5)
[2015-03-12 21:11:44]: avatar 2 (  0,  3) -> (  0,  4)
[2015-03-12 21:11:44]: avatar 1 (  1,  5) -> (  1,  6)
[2015-03-12 21:11:44]: avatar 2 (  0,  4) -> (  0,  5)
[2015-03-12 21:11:44]: Moves to Solve: 49
[2015-03-12 21:11:44]: Hash: 3528977034
