[2015-03-12 21:13:02]: USER=matthew, algorithm=2, port=55712, time=Thu Mar 12 21:13:02 2015
[2015-03-12 21:13:02]: Maze size = 20x20
[2015-03-12 21:13:03]: avatar 1 ( 101, 101) -> (  8,  9)
[2015-03-12 21:13:03]: avatar 2 ( 101, 101) -> ( 12,  8)
[2015-03-12 21:13:03]: avatar 1 (  8,  9) -> (  8,  9)
[2015-03-12 21:13:03]: avatar 2 ( 12,  8) -> ( 13,  8)
[2015-03-12 21:13:04]: avatar 1 (  8,  9) -> (  8,  9)
[2015-03-12 21:13:04]: avatar 2 ( 13,  8) -> ( 13,  8)
[2015-03-12 21:13:04]: avatar 1 (  8,  9) -> (  7,  9)
[2015-03-12 21:13:04]: avatar 2 ( 13,  8) -> ( 14,  8)
[2015-03-12 21:13:04]: avatar 1 (  7,  9) -> (  7,  8)
[2015-03-12 21:13:04]: avatar 2 ( 14,  8) -> ( 14,  8)
[2015-03-12 21:13:04]: avatar 1 (  7,  8) -> (  8,  8)
[2015-03-12 21:13:04]: avatar 2 ( 14,  8) -> ( 14,  8)
[2015-03-12 21:13:04]: avatar 1 (  8,  8) -> (  8,  8)
[2015-03-12 21:13:04]: avatar 2 ( 14,  8) -> ( 14,  7)
[2015-03-12 21:13:04]: avatar 1 (  8,  8) -> (  8,  7)
[2015-03-12 21:13:04]: avatar 2 ( 14,  7) -> ( 14,  7)
[2015-03-12 21:13:04]: avatar 1 (  8,  7) -> (  8,  7)
[2015-03-12 21:13:04]: avatar 2 ( 14,  7) -> ( 14,  6)
[2015-03-12 21:13:04]: avatar 1 (  8,  7) -> (  8,  6)
[2015-03-12 21:13:04]: avatar 2 ( 14,  6) -> ( 14,  6)
[2015-03-12 21:13:04]: avatar 1 (  8,  6) -> (  8,  6)
[2015-03-12 21:13:04]: avatar 2 ( 14,  6) -> ( 14,  5)
[2015-03-12 21:13:04]: avatar 1 (  8,  6) -> (  8,  6)
[2015-03-12 21:13:04]: avatar 2 ( 14,  5) -> ( 14,  5)
[2015-03-12 21:13:05]: avatar 1 (  8,  6) -> (  7,  6)
[2015-03-12 21:13:05]: avatar 2 ( 14,  5) -> ( 14,  4)
[2015-03-12 21:13:05]: avatar 1 (  7,  6) -> (  7,  5)
[2015-03-12 21:13:05]: avatar 2 ( 14,  4) -> ( 15,  4)
[2015-03-12 21:13:05]: avatar 1 (  7,  5) -> (  8,  5)
[2015-03-12 21:13:05]: avatar 2 ( 15,  4) -> ( 15,  5)
[2015-03-12 21:13:05]: avatar 1 (  8,  5) -> (  9,  5)
[2015-03-12 21:13:05]: avatar 2 ( 15,  5) -> ( 15,  6)
[2015-03-12 21:13:05]: avatar 1 (  9,  5) -> (  9,  5)
[2015-03-12 21:13:05]: avatar 2 ( 15,  6) -> ( 15,  7)
[2015-03-12 21:13:05]: avatar 1 (  9,  5) -> ( 10,  5)
[2015-03-12 21:13:05]: avatar 2 ( 15,  7) -> ( 15,  7)
[2015-03-12 21:13:05]: avatar 1 ( 10,  5) -> ( 10,  5)
[2015-03-12 21:13:05]: avatar 2 ( 15,  7) -> ( 16,  7)
[2015-03-12 21:13:05]: avatar 1 ( 10,  5) -> ( 11,  5)
[2015-03-12 21:13:05]: avatar 2 ( 16,  7) -> ( 16,  7)
[2015-03-12 21:13:05]: avatar 1 ( 11,  5) -> ( 11,  5)
[2015-03-12 21:13:05]: avatar 2 ( 16,  7) -> ( 16,  7)
[2015-03-12 21:13:05]: avatar 1 ( 11,  5) -> ( 11,  5)
[2015-03-12 21:13:05]: avatar 2 ( 16,  7) -> ( 16,  6)
[2015-03-12 21:13:05]: avatar 1 ( 11,  5) -> ( 11,  4)
[2015-03-12 21:13:05]: avatar 2 ( 16,  6) -> ( 17,  6)
[2015-03-12 21:13:05]: avatar 1 ( 11,  4) -> ( 11,  4)
[2015-03-12 21:13:05]: avatar 2 ( 17,  6) -> ( 17,  7)
[2015-03-12 21:13:05]: avatar 1 ( 11,  4) -> ( 11,  4)
[2015-03-12 21:13:05]: avatar 2 ( 17,  7) -> ( 17,  7)
[2015-03-12 21:13:06]: avatar 1 ( 11,  4) -> ( 10,  4)
[2015-03-12 21:13:06]: avatar 2 ( 17,  7) -> ( 18,  7)
[2015-03-12 21:13:06]: avatar 1 ( 10,  4) -> ( 10,  3)
[2015-03-12 21:13:06]: avatar 2 ( 18,  7) -> ( 18,  7)
[2015-03-12 21:13:06]: avatar 1 ( 10,  3) -> ( 11,  3)
[2015-03-12 21:13:06]: avatar 2 ( 18,  7) -> ( 19,  7)
[2015-03-12 21:13:06]: avatar 1 ( 11,  3) -> ( 12,  3)
[2015-03-12 21:13:06]: avatar 2 ( 19,  7) -> ( 19,  8)
[2015-03-12 21:13:06]: avatar 1 ( 12,  3) -> ( 12,  4)
[2015-03-12 21:13:06]: avatar 2 ( 19,  8) -> ( 19,  8)
[2015-03-12 21:13:06]: avatar 1 ( 12,  4) -> ( 12,  4)
[2015-03-12 21:13:06]: avatar 2 ( 19,  8) -> ( 19,  9)
[2015-03-12 21:13:06]: avatar 1 ( 12,  4) -> ( 13,  4)
[2015-03-12 21:13:06]: avatar 2 ( 19,  9) -> ( 18,  9)
[2015-03-12 21:13:06]: avatar 1 ( 13,  4) -> ( 13,  4)
[2015-03-12 21:13:06]: avatar 2 ( 18,  9) -> ( 18,  8)
[2015-03-12 21:13:06]: avatar 1 ( 13,  4) -> ( 13,  4)
[2015-03-12 21:13:06]: avatar 2 ( 18,  8) -> ( 17,  8)
[2015-03-12 21:13:06]: avatar 1 ( 13,  4) -> ( 13,  3)
[2015-03-12 21:13:06]: avatar 2 ( 17,  8) -> ( 17,  8)
[2015-03-12 21:13:06]: avatar 1 ( 13,  3) -> ( 14,  3)
[2015-03-12 21:13:06]: avatar 2 ( 17,  8) -> ( 17,  9)
[2015-03-12 21:13:06]: avatar 1 ( 14,  3) -> ( 14,  3)
[2015-03-12 21:13:06]: avatar 2 ( 17,  9) -> ( 16,  9)
[2015-03-12 21:13:06]: avatar 1 ( 14,  3) -> ( 14,  3)
[2015-03-12 21:13:06]: avatar 2 ( 16,  9) -> ( 16,  8)
[2015-03-12 21:13:06]: avatar 1 ( 14,  3) -> ( 14,  2)
[2015-03-12 21:13:06]: avatar 2 ( 16,  8) -> ( 15,  8)
[2015-03-12 21:13:07]: avatar 1 ( 14,  2) -> ( 14,  2)
[2015-03-12 21:13:07]: avatar 2 ( 15,  8) -> ( 15,  9)
[2015-03-12 21:13:07]: avatar 1 ( 14,  2) -> ( 14,  1)
[2015-03-12 21:13:07]: avatar 2 ( 15,  9) -> ( 14,  9)
[2015-03-12 21:13:07]: avatar 1 ( 14,  1) -> ( 14,  1)
[2015-03-12 21:13:07]: avatar 2 ( 14,  9) -> ( 14,  9)
[2015-03-12 21:13:07]: avatar 1 ( 14,  1) -> ( 14,  0)
[2015-03-12 21:13:07]: avatar 2 ( 14,  9) -> ( 14, 10)
[2015-03-12 21:13:07]: avatar 1 ( 14,  0) -> ( 14,  0)
[2015-03-12 21:13:07]: avatar 2 ( 14, 10) -> ( 14, 10)
[2015-03-12 21:13:07]: avatar 1 ( 14,  0) -> ( 13,  0)
[2015-03-12 21:13:07]: avatar 2 ( 14, 10) -> ( 14, 10)
[2015-03-12 21:13:07]: avatar 1 ( 13,  0) -> ( 12,  0)
[2015-03-12 21:13:07]: avatar 2 ( 14, 10) -> ( 15, 10)
[2015-03-12 21:13:07]: avatar 1 ( 12,  0) -> ( 11,  0)
[2015-03-12 21:13:07]: avatar 2 ( 15, 10) -> ( 15, 10)
[2015-03-12 21:13:07]: avatar 1 ( 11,  0) -> ( 10,  0)
[2015-03-12 21:13:07]: avatar 2 ( 15, 10) -> ( 16, 10)
[2015-03-12 21:13:07]: avatar 1 ( 10,  0) -> ( 10,  0)
[2015-03-12 21:13:07]: avatar 2 ( 16, 10) -> ( 16, 11)
[2015-03-12 21:13:07]: avatar 1 ( 10,  0) -> ( 10,  0)
[2015-03-12 21:13:07]: avatar 2 ( 16, 11) -> ( 16, 11)
[2015-03-12 21:13:07]: avatar 1 ( 10,  0) -> ( 11,  0)
[2015-03-12 21:13:07]: avatar 2 ( 16, 11) -> ( 16, 11)
[2015-03-12 21:13:07]: avatar 1 ( 11,  0) -> ( 11,  0)
[2015-03-12 21:13:07]: avatar 2 ( 16, 11) -> ( 17, 11)
[2015-03-12 21:13:07]: avatar 1 ( 11,  0) -> ( 12,  0)
[2015-03-12 21:13:07]: avatar 2 ( 17, 11) -> ( 17, 11)
[2015-03-12 21:13:08]: avatar 1 ( 12,  0) -> ( 12,  0)
[2015-03-12 21:13:08]: avatar 2 ( 17, 11) -> ( 18, 11)
[2015-03-12 21:13:08]: avatar 1 ( 12,  0) -> ( 13,  0)
[2015-03-12 21:13:08]: avatar 2 ( 18, 11) -> ( 18, 12)
[2015-03-12 21:13:08]: avatar 1 ( 13,  0) -> ( 13,  1)
[2015-03-12 21:13:08]: avatar 2 ( 18, 12) -> ( 18, 12)
[2015-03-12 21:13:08]: avatar 1 ( 13,  1) -> ( 12,  1)
[2015-03-12 21:13:08]: avatar 2 ( 18, 12) -> ( 18, 13)
[2015-03-12 21:13:08]: avatar 1 ( 12,  1) -> ( 11,  1)
[2015-03-12 21:13:08]: avatar 2 ( 18, 13) -> ( 18, 13)
[2015-03-12 21:13:08]: avatar 1 ( 11,  1) -> ( 10,  1)
[2015-03-12 21:13:08]: avatar 2 ( 18, 13) -> ( 18, 13)
[2015-03-12 21:13:08]: avatar 1 ( 10,  1) -> ( 10,  1)
[2015-03-12 21:13:08]: avatar 2 ( 18, 13) -> ( 19, 13)
[2015-03-12 21:13:08]: avatar 1 ( 10,  1) -> ( 10,  2)
[2015-03-12 21:13:08]: avatar 2 ( 19, 13) -> ( 19, 14)
[2015-03-12 21:13:08]: avatar 1 ( 10,  2) -> (  9,  2)
[2015-03-12 21:13:08]: avatar 2 ( 19, 14) -> ( 19, 14)
[2015-03-12 21:13:08]: avatar 1 (  9,  2) -> (  9,  2)
[2015-03-12 21:13:08]: avatar 2 ( 19, 14) -> ( 19, 15)
[2015-03-12 21:13:08]: avatar 1 (  9,  2) -> (  9,  2)
[2015-03-12 21:13:08]: avatar 2 ( 19, 15) -> ( 19, 15)
[2015-03-12 21:13:08]: avatar 1 (  9,  2) -> (  9,  3)
[2015-03-12 21:13:08]: avatar 2 ( 19, 15) -> ( 19, 16)
[2015-03-12 21:13:08]: avatar 1 (  9,  3) -> (  8,  3)
[2015-03-12 21:13:08]: avatar 2 ( 19, 16) -> ( 19, 16)
[2015-03-12 21:13:08]: avatar 1 (  8,  3) -> (  8,  2)
[2015-03-12 21:13:08]: avatar 2 ( 19, 16) -> ( 19, 17)
[2015-03-12 21:13:09]: avatar 1 (  8,  2) -> (  8,  1)
[2015-03-12 21:13:09]: avatar 2 ( 19, 17) -> ( 19, 17)
[2015-03-12 21:13:09]: avatar 1 (  8,  1) -> (  9,  1)
[2015-03-12 21:13:09]: avatar 2 ( 19, 17) -> ( 19, 18)
[2015-03-12 21:13:09]: avatar 1 (  9,  1) -> (  9,  0)
[2015-03-12 21:13:09]: avatar 2 ( 19, 18) -> ( 19, 18)
[2015-03-12 21:13:09]: avatar 1 (  9,  0) -> (  8,  0)
[2015-03-12 21:13:09]: avatar 2 ( 19, 18) -> ( 19, 19)
[2015-03-12 21:13:09]: avatar 1 (  8,  0) -> (  7,  0)
[2015-03-12 21:13:09]: avatar 2 ( 19, 19) -> ( 18, 19)
[2015-03-12 21:13:09]: avatar 1 (  7,  0) -> (  6,  0)
[2015-03-12 21:13:09]: avatar 2 ( 18, 19) -> ( 18, 19)
[2015-03-12 21:13:09]: avatar 1 (  6,  0) -> (  6,  0)
[2015-03-12 21:13:09]: avatar 2 ( 18, 19) -> ( 17, 19)
[2015-03-12 21:13:09]: avatar 1 (  6,  0) -> (  6,  1)
[2015-03-12 21:13:09]: avatar 2 ( 17, 19) -> ( 17, 18)
[2015-03-12 21:13:09]: avatar 1 (  6,  1) -> (  5,  1)
[2015-03-12 21:13:09]: avatar 2 ( 17, 18) -> ( 18, 18)
[2015-03-12 21:13:09]: avatar 1 (  5,  1) -> (  5,  0)
[2015-03-12 21:13:09]: avatar 2 ( 18, 18) -> ( 18, 17)
[2015-03-12 21:13:09]: avatar 1 (  5,  0) -> (  4,  0)
[2015-03-12 21:13:09]: avatar 2 ( 18, 17) -> ( 18, 16)
[2015-03-12 21:13:09]: avatar 1 (  4,  0) -> (  3,  0)
[2015-03-12 21:13:09]: avatar 2 ( 18, 16) -> ( 18, 16)
[2015-03-12 21:13:09]: avatar 1 (  3,  0) -> (  2,  0)
[2015-03-12 21:13:09]: avatar 2 ( 18, 16) -> ( 17, 16)
[2015-03-12 21:13:09]: avatar 1 (  2,  0) -> (  1,  0)
[2015-03-12 21:13:09]: avatar 2 ( 17, 16) -> ( 17, 15)
[2015-03-12 21:13:10]: avatar 1 (  1,  0) -> (  0,  0)
[2015-03-12 21:13:10]: avatar 2 ( 17, 15) -> ( 18, 15)
[2015-03-12 21:13:10]: avatar 1 (  0,  0) -> (  0,  1)
[2015-03-12 21:13:10]: avatar 2 ( 18, 15) -> ( 18, 14)
[2015-03-12 21:13:10]: avatar 1 (  0,  1) -> (  0,  2)
[2015-03-12 21:13:10]: avatar 2 ( 18, 14) -> ( 17, 14)
[2015-03-12 21:13:10]: avatar 1 (  0,  2) -> (  0,  2)
[2015-03-12 21:13:10]: avatar 2 ( 17, 14) -> ( 17, 13)
[2015-03-12 21:13:10]: avatar 1 (  0,  2) -> (  0,  2)
[2015-03-12 21:13:10]: avatar 2 ( 17, 13) -> ( 17, 12)
[2015-03-12 21:13:10]: avatar 1 (  0,  2) -> (  0,  1)
[2015-03-12 21:13:10]: avatar 2 ( 17, 12) -> ( 16, 12)
[2015-03-12 21:13:10]: avatar 1 (  0,  1) -> (  0,  1)
[2015-03-12 21:13:10]: avatar 2 ( 16, 12) -> ( 16, 12)
[2015-03-12 21:13:10]: avatar 1 (  0,  1) -> (  0,  0)
[2015-03-12 21:13:10]: avatar 2 ( 16, 12) -> ( 16, 13)
[2015-03-12 21:13:10]: avatar 1 (  0,  0) -> (  1,  0)
[2015-03-12 21:13:10]: avatar 2 ( 16, 13) -> ( 16, 13)
[2015-03-12 21:13:10]: avatar 1 (  1,  0) -> (  1,  0)
[2015-03-12 21:13:10]: avatar 2 ( 16, 13) -> ( 16, 14)
[2015-03-12 21:13:10]: avatar 1 (  1,  0) -> (  2,  0)
[2015-03-12 21:13:10]: avatar 2 ( 16, 14) -> ( 15, 14)
[2015-03-12 21:13:10]: avatar 1 (  2,  0) -> (  2,  0)
[2015-03-12 21:13:10]: avatar 2 ( 15, 14) -> ( 15, 14)
[2015-03-12 21:13:11]: avatar 1 (  2,  0) -> (  3,  0)
[2015-03-12 21:13:11]: avatar 2 ( 15, 14) -> ( 15, 14)
[2015-03-12 21:13:11]: avatar 1 (  3,  0) -> (  3,  1)
[2015-03-12 21:13:11]: avatar 2 ( 15, 14) -> ( 15, 15)
[2015-03-12 21:13:11]: avatar 1 (  3,  1) -> (  3,  1)
[2015-03-12 21:13:11]: avatar 2 ( 15, 15) -> ( 15, 15)
[2015-03-12 21:13:11]: avatar 1 (  3,  1) -> (  3,  2)
[2015-03-12 21:13:11]: avatar 2 ( 15, 15) -> ( 15, 15)
[2015-03-12 21:13:11]: avatar 1 (  3,  2) -> (  2,  2)
[2015-03-12 21:13:11]: avatar 2 ( 15, 15) -> ( 16, 15)
[2015-03-12 21:13:11]: avatar 1 (  2,  2) -> (  2,  1)
[2015-03-12 21:13:11]: avatar 2 ( 16, 15) -> ( 16, 16)
[2015-03-12 21:13:11]: avatar 1 (  2,  1) -> (  1,  1)
[2015-03-12 21:13:11]: avatar 2 ( 16, 16) -> ( 15, 16)
[2015-03-12 21:13:11]: avatar 1 (  1,  1) -> (  1,  2)
[2015-03-12 21:13:11]: avatar 2 ( 15, 16) -> ( 15, 16)
[2015-03-12 21:13:11]: avatar 1 (  1,  2) -> (  1,  3)
[2015-03-12 21:13:11]: avatar 2 ( 15, 16) -> ( 15, 17)
[2015-03-12 21:13:11]: avatar 1 (  1,  3) -> (  0,  3)
[2015-03-12 21:13:11]: avatar 2 ( 15, 17) -> ( 14, 17)
[2015-03-12 21:13:12]: avatar 1 (  0,  3) -> (  0,  4)
[2015-03-12 21:13:12]: avatar 2 ( 14, 17) -> ( 14, 17)
[2015-03-12 21:13:12]: avatar 1 (  0,  4) -> (  0,  4)
[2015-03-12 21:13:12]: avatar 2 ( 14, 17) -> ( 14, 17)
[2015-03-12 21:13:12]: avatar 1 (  0,  4) -> (  1,  4)
[2015-03-12 21:13:12]: avatar 2 ( 14, 17) -> ( 14, 17)
[2015-03-12 21:13:12]: avatar 1 (  1,  4) -> (  1,  4)
[2015-03-12 21:13:12]: avatar 2 ( 14, 17) -> ( 15, 17)
[2015-03-12 21:13:12]: avatar 1 (  1,  4) -> (  2,  4)
[2015-03-12 21:13:12]: avatar 2 ( 15, 17) -> ( 15, 18)
[2015-03-12 21:13:12]: avatar 1 (  2,  4) -> (  2,  5)
[2015-03-12 21:13:12]: avatar 2 ( 15, 18) -> ( 15, 18)
[2015-03-12 21:13:12]: avatar 1 (  2,  5) -> (  1,  5)
[2015-03-12 21:13:12]: avatar 2 ( 15, 18) -> ( 15, 19)
[2015-03-12 21:13:12]: avatar 1 (  1,  5) -> (  0,  5)
[2015-03-12 21:13:12]: avatar 2 ( 15, 19) -> ( 14, 19)
[2015-03-12 21:13:12]: avatar 1 (  0,  5) -> (  0,  6)
[2015-03-12 21:13:12]: avatar 2 ( 14, 19) -> ( 14, 18)
[2015-03-12 21:13:12]: avatar 1 (  0,  6) -> (  0,  7)
[2015-03-12 21:13:12]: avatar 2 ( 14, 18) -> ( 13, 18)
[2015-03-12 21:13:12]: avatar 1 (  0,  7) -> (  0,  7)
[2015-03-12 21:13:12]: avatar 2 ( 13, 18) -> ( 13, 17)
[2015-03-12 21:13:13]: avatar 1 (  0,  7) -> (  0,  7)
[2015-03-12 21:13:13]: avatar 2 ( 13, 17) -> ( 13, 17)
[2015-03-12 21:13:13]: avatar 1 (  0,  7) -> (  0,  6)
[2015-03-12 21:13:13]: avatar 2 ( 13, 17) -> ( 12, 17)
[2015-03-12 21:13:13]: avatar 1 (  0,  6) -> (  1,  6)
[2015-03-12 21:13:13]: avatar 2 ( 12, 17) -> ( 12, 17)
[2015-03-12 21:13:13]: avatar 1 (  1,  6) -> (  1,  7)
[2015-03-12 21:13:13]: avatar 2 ( 12, 17) -> ( 11, 17)
[2015-03-12 21:13:13]: avatar 1 (  1,  7) -> (  1,  7)
[2015-03-12 21:13:13]: avatar 2 ( 11, 17) -> ( 11, 16)
[2015-03-12 21:13:13]: avatar 1 (  1,  7) -> (  2,  7)
[2015-03-12 21:13:13]: avatar 2 ( 11, 16) -> ( 12, 16)
[2015-03-12 21:13:13]: avatar 1 (  2,  7) -> (  2,  7)
[2015-03-12 21:13:13]: avatar 2 ( 12, 16) -> ( 13, 16)
[2015-03-12 21:13:13]: avatar 1 (  2,  7) -> (  3,  7)
[2015-03-12 21:13:13]: avatar 2 ( 13, 16) -> ( 14, 16)
[2015-03-12 21:13:13]: avatar 1 (  3,  7) -> (  3,  8)
[2015-03-12 21:13:13]: avatar 2 ( 14, 16) -> ( 14, 15)
[2015-03-12 21:13:13]: avatar 1 (  3,  8) -> (  2,  8)
[2015-03-12 21:13:13]: avatar 2 ( 14, 15) -> ( 14, 14)
[2015-03-12 21:13:13]: avatar 1 (  2,  8) -> (  1,  8)
[2015-03-12 21:13:13]: avatar 2 ( 14, 14) -> ( 14, 14)
[2015-03-12 21:13:13]: avatar 1 (  1,  8) -> (  0,  8)
[2015-03-12 21:13:13]: avatar 2 ( 14, 14) -> ( 13, 14)
[2015-03-12 21:13:13]: avatar 1 (  0,  8) -> (  0,  9)
[2015-03-12 21:13:13]: avatar 2 ( 13, 14) -> ( 13, 13)
[2015-03-12 21:13:13]: avatar 1 (  0,  9) -> (  0, 10)
[2015-03-12 21:13:13]: avatar 2 ( 13, 13) -> ( 13, 13)
[2015-03-12 21:13:14]: avatar 1 (  0, 10) -> (  0, 10)
[2015-03-12 21:13:14]: avatar 2 ( 13, 13) -> ( 13, 12)
[2015-03-12 21:13:14]: avatar 1 (  0, 10) -> (  1, 10)
[2015-03-12 21:13:14]: avatar 2 ( 13, 12) -> ( 13, 12)
[2015-03-12 21:13:14]: avatar 1 (  1, 10) -> (  1, 11)
[2015-03-12 21:13:14]: avatar 2 ( 13, 12) -> ( 13, 12)
[2015-03-12 21:13:14]: avatar 1 (  1, 11) -> (  0, 11)
[2015-03-12 21:13:14]: avatar 2 ( 13, 12) -> ( 12, 12)
[2015-03-12 21:13:14]: avatar 1 (  0, 11) -> (  0, 12)
[2015-03-12 21:13:14]: avatar 2 ( 12, 12) -> ( 12, 12)
[2015-03-12 21:13:14]: avatar 1 (  0, 12) -> (  0, 13)
[2015-03-12 21:13:14]: avatar 2 ( 12, 12) -> ( 12, 12)
[2015-03-12 21:13:14]: avatar 1 (  0, 13) -> (  0, 13)
[2015-03-12 21:13:14]: avatar 2 ( 12, 12) -> ( 12, 13)
[2015-03-12 21:13:14]: avatar 1 (  0, 13) -> (  0, 13)
[2015-03-12 21:13:14]: avatar 2 ( 12, 13) -> ( 11, 13)
[2015-03-12 21:13:14]: avatar 1 (  0, 13) -> (  0, 12)
[2015-03-12 21:13:14]: avatar 2 ( 11, 13) -> ( 11, 13)
[2015-03-12 21:13:14]: avatar 1 (  0, 12) -> (  1, 12)
[2015-03-12 21:13:14]: avatar 2 ( 11, 13) -> ( 10, 13)
[2015-03-12 21:13:14]: avatar 1 (  1, 12) -> (  1, 13)
[2015-03-12 21:13:14]: avatar 2 ( 10, 13) -> ( 10, 12)
[2015-03-12 21:13:15]: avatar 1 (  1, 13) -> (  1, 14)
[2015-03-12 21:13:15]: avatar 2 ( 10, 12) -> ( 10, 12)
[2015-03-12 21:13:15]: avatar 1 (  1, 14) -> (  0, 14)
[2015-03-12 21:13:15]: avatar 2 ( 10, 12) -> ( 10, 12)
[2015-03-12 21:13:15]: avatar 1 (  0, 14) -> (  0, 15)
[2015-03-12 21:13:15]: avatar 2 ( 10, 12) -> (  9, 12)
[2015-03-12 21:13:15]: avatar 1 (  0, 15) -> (  0, 16)
[2015-03-12 21:13:15]: avatar 2 (  9, 12) -> (  9, 11)
[2015-03-12 21:13:15]: avatar 1 (  0, 16) -> (  0, 17)
[2015-03-12 21:13:15]: avatar 2 (  9, 11) -> (  9, 11)
[2015-03-12 21:13:15]: avatar 1 (  0, 17) -> (  0, 18)
[2015-03-12 21:13:15]: avatar 2 (  9, 11) -> (  9, 11)
[2015-03-12 21:13:15]: avatar 1 (  0, 18) -> (  0, 19)
[2015-03-12 21:13:15]: avatar 2 (  9, 11) -> (  8, 11)
[2015-03-12 21:13:15]: avatar 1 (  0, 19) -> (  0, 19)
[2015-03-12 21:13:15]: avatar 2 (  8, 11) -> (  8, 10)
[2015-03-12 21:13:15]: avatar 1 (  0, 19) -> (  0, 18)
[2015-03-12 21:13:15]: avatar 2 (  8, 10) -> (  8, 10)
[2015-03-12 21:13:15]: avatar 1 (  0, 18) -> (  0, 18)
[2015-03-12 21:13:15]: avatar 2 (  8, 10) -> (  8,  9)
[2015-03-12 21:13:16]: avatar 1 (  0, 18) -> (  0, 17)
[2015-03-12 21:13:16]: avatar 2 (  8,  9) -> (  7,  9)
[2015-03-12 21:13:16]: avatar 1 (  0, 17) -> (  0, 16)
[2015-03-12 21:13:16]: avatar 2 (  7,  9) -> (  7,  8)
[2015-03-12 21:13:16]: avatar 1 (  0, 16) -> (  0, 15)
[2015-03-12 21:13:16]: avatar 2 (  7,  8) -> (  8,  8)
[2015-03-12 21:13:16]: avatar 1 (  0, 15) -> (  0, 14)
[2015-03-12 21:13:16]: avatar 2 (  8,  8) -> (  8,  7)
[2015-03-12 21:13:16]: avatar 1 (  0, 14) -> (  1, 14)
[2015-03-12 21:13:16]: avatar 2 (  8,  7) -> (  8,  6)
[2015-03-12 21:13:16]: avatar 1 (  1, 14) -> (  1, 13)
[2015-03-12 21:13:16]: avatar 2 (  8,  6) -> (  7,  6)
[2015-03-12 21:13:16]: avatar 1 (  1, 13) -> (  1, 12)
[2015-03-12 21:13:16]: avatar 2 (  7,  6) -> (  7,  5)
[2015-03-12 21:13:16]: avatar 1 (  1, 12) -> (  0, 12)
[2015-03-12 21:13:16]: avatar 2 (  7,  5) -> (  8,  5)
[2015-03-12 21:13:16]: avatar 1 (  0, 12) -> (  0, 11)
[2015-03-12 21:13:16]: avatar 2 (  8,  5) -> (  9,  5)
[2015-03-12 21:13:16]: avatar 1 (  0, 11) -> (  1, 11)
[2015-03-12 21:13:16]: avatar 2 (  9,  5) -> ( 10,  5)
[2015-03-12 21:13:16]: avatar 1 (  1, 11) -> (  1, 10)
[2015-03-12 21:13:16]: avatar 2 ( 10,  5) -> ( 11,  5)
[2015-03-12 21:13:16]: avatar 1 (  1, 10) -> (  0, 10)
[2015-03-12 21:13:16]: avatar 2 ( 11,  5) -> ( 11,  4)
[2015-03-12 21:13:17]: avatar 1 (  0, 10) -> (  0,  9)
[2015-03-12 21:13:17]: avatar 2 ( 11,  4) -> ( 10,  4)
[2015-03-12 21:13:17]: avatar 1 (  0,  9) -> (  0,  8)
[2015-03-12 21:13:17]: avatar 2 ( 10,  4) -> ( 10,  3)
[2015-03-12 21:13:17]: avatar 1 (  0,  8) -> (  1,  8)
[2015-03-12 21:13:17]: avatar 2 ( 10,  3) -> ( 11,  3)
[2015-03-12 21:13:17]: avatar 1 (  1,  8) -> (  2,  8)
[2015-03-12 21:13:17]: avatar 2 ( 11,  3) -> ( 12,  3)
[2015-03-12 21:13:17]: avatar 1 (  2,  8) -> (  3,  8)
[2015-03-12 21:13:17]: avatar 2 ( 12,  3) -> ( 12,  4)
[2015-03-12 21:13:17]: avatar 1 (  3,  8) -> (  3,  7)
[2015-03-12 21:13:17]: avatar 2 ( 12,  4) -> ( 13,  4)
[2015-03-12 21:13:17]: avatar 1 (  3,  7) -> (  2,  7)
[2015-03-12 21:13:17]: avatar 2 ( 13,  4) -> ( 13,  3)
[2015-03-12 21:13:17]: avatar 1 (  2,  7) -> (  1,  7)
[2015-03-12 21:13:17]: avatar 2 ( 13,  3) -> ( 14,  3)
[2015-03-12 21:13:17]: avatar 1 (  1,  7) -> (  1,  6)
[2015-03-12 21:13:17]: avatar 2 ( 14,  3) -> ( 14,  2)
[2015-03-12 21:13:17]: avatar 1 (  1,  6) -> (  0,  6)
[2015-03-12 21:13:17]: avatar 2 ( 14,  2) -> ( 14,  1)
[2015-03-12 21:13:17]: avatar 1 (  0,  6) -> (  0,  5)
[2015-03-12 21:13:17]: avatar 2 ( 14,  1) -> ( 14,  0)
[2015-03-12 21:13:17]: avatar 1 (  0,  5) -> (  1,  5)
[2015-03-12 21:13:17]: avatar 2 ( 14,  0) -> ( 13,  0)
[2015-03-12 21:13:17]: avatar 1 (  1,  5) -> (  2,  5)
[2015-03-12 21:13:17]: avatar 2 ( 13,  0) -> ( 13,  1)
[2015-03-12 21:13:17]: avatar 1 (  2,  5) -> (  2,  4)
[2015-03-12 21:13:17]: avatar 2 ( 13,  1) -> ( 12,  1)
[2015-03-12 21:13:18]: avatar 1 (  2,  4) -> (  1,  4)
[2015-03-12 21:13:18]: avatar 2 ( 12,  1) -> ( 11,  1)
[2015-03-12 21:13:18]: avatar 1 (  1,  4) -> (  0,  4)
[2015-03-12 21:13:18]: avatar 2 ( 11,  1) -> ( 10,  1)
[2015-03-12 21:13:18]: avatar 1 (  0,  4) -> (  0,  3)
[2015-03-12 21:13:18]: avatar 2 ( 10,  1) -> ( 10,  2)
[2015-03-12 21:13:18]: avatar 1 (  0,  3) -> (  1,  3)
[2015-03-12 21:13:18]: avatar 2 ( 10,  2) -> (  9,  2)
[2015-03-12 21:13:18]: avatar 1 (  1,  3) -> (  1,  2)
[2015-03-12 21:13:18]: avatar 2 (  9,  2) -> (  9,  3)
[2015-03-12 21:13:18]: avatar 1 (  1,  2) -> (  1,  1)
[2015-03-12 21:13:18]: avatar 2 (  9,  3) -> (  8,  3)
[2015-03-12 21:13:18]: avatar 1 (  1,  1) -> (  2,  1)
[2015-03-12 21:13:18]: avatar 2 (  8,  3) -> (  8,  2)
[2015-03-12 21:13:18]: avatar 1 (  2,  1) -> (  2,  2)
[2015-03-12 21:13:18]: avatar 2 (  8,  2) -> (  8,  1)
[2015-03-12 21:13:18]: avatar 1 (  2,  2) -> (  3,  2)
[2015-03-12 21:13:18]: avatar 2 (  8,  1) -> (  9,  1)
[2015-03-12 21:13:18]: avatar 1 (  3,  2) -> (  3,  1)
[2015-03-12 21:13:18]: avatar 2 (  9,  1) -> (  9,  0)
[2015-03-12 21:13:18]: avatar 1 (  3,  1) -> (  3,  0)
[2015-03-12 21:13:18]: avatar 2 (  9,  0) -> (  8,  0)
[2015-03-12 21:13:18]: avatar 1 (  3,  0) -> (  4,  0)
[2015-03-12 21:13:18]: avatar 2 (  8,  0) -> (  7,  0)
[2015-03-12 21:13:18]: avatar 1 (  4,  0) -> (  5,  0)
[2015-03-12 21:13:18]: avatar 2 (  7,  0) -> (  6,  0)
[2015-03-12 21:13:18]: avatar 1 (  5,  0) -> (  5,  1)
[2015-03-12 21:13:18]: avatar 2 (  6,  0) -> (  6,  1)
[2015-03-12 21:13:18]: Moves to Solve: 377
[2015-03-12 21:13:18]: Hash: 3130558239
