[2015-03-12 20:56:45]: USER=matthew, algorithm=2, port=43130, time=Thu Mar 12 20:56:45 2015
[2015-03-12 20:56:45]: Maze size = 6x9
[2015-03-12 20:56:47]: Moves to Solve: 129
[2015-03-12 20:56:47]: Hash: 2331971651
[2015-03-12 21:11:51]: USER=matthew, algorithm=2, port=45815, time=Thu Mar 12 21:11:51 2015
[2015-03-12 21:11:51]: Maze size = 6x9
[2015-03-12 21:11:53]: avatar 1 ( 101, 101) -> (  2,  0)
[2015-03-12 21:11:53]: avatar 2 ( 101, 101) -> (  2,  5)
[2015-03-12 21:11:53]: avatar 3 ( 101, 101) -> (  4,  4)
[2015-03-12 21:11:53]: avatar 4 ( 101, 101) -> (  3,  0)
[2015-03-12 21:11:53]: avatar 5 ( 101, 101) -> (  2,  6)
[2015-03-12 21:11:53]: avatar 1 (  2,  0) -> (  1,  0)
[2015-03-12 21:11:53]: avatar 2 (  2,  5) -> (  2,  5)
[2015-03-12 21:11:53]: avatar 3 (  4,  4) -> (  5,  4)
[2015-03-12 21:11:53]: avatar 4 (  3,  0) -> (  3,  0)
[2015-03-12 21:11:53]: avatar 5 (  2,  6) -> (  2,  6)
[2015-03-12 21:11:53]: avatar 1 (  1,  0) -> (  1,  0)
[2015-03-12 21:11:53]: avatar 2 (  2,  5) -> (  2,  5)
[2015-03-12 21:11:53]: avatar 3 (  5,  4) -> (  5,  4)
[2015-03-12 21:11:53]: avatar 4 (  3,  0) -> (  2,  0)
[2015-03-12 21:11:53]: avatar 5 (  2,  6) -> (  2,  5)
[2015-03-12 21:11:53]: avatar 1 (  1,  0) -> (  1,  1)
[2015-03-12 21:11:53]: avatar 2 (  2,  5) -> (  1,  5)
[2015-03-12 21:11:53]: avatar 3 (  5,  4) -> (  5,  3)
[2015-03-12 21:11:53]: avatar 4 (  2,  0) -> (  2,  1)
[2015-03-12 21:11:53]: avatar 5 (  2,  5) -> (  1,  5)
[2015-03-12 21:11:53]: avatar 1 (  1,  1) -> (  1,  1)
[2015-03-12 21:11:53]: avatar 2 (  1,  5) -> (  1,  5)
[2015-03-12 21:11:53]: avatar 3 (  5,  3) -> (  5,  2)
[2015-03-12 21:11:53]: avatar 4 (  2,  1) -> (  2,  1)
[2015-03-12 21:11:53]: avatar 5 (  1,  5) -> (  1,  5)
[2015-03-12 21:11:53]: avatar 1 (  1,  1) -> (  1,  2)
[2015-03-12 21:11:53]: avatar 2 (  1,  5) -> (  1,  6)
[2015-03-12 21:11:53]: avatar 3 (  5,  2) -> (  5,  1)
[2015-03-12 21:11:53]: avatar 4 (  2,  1) -> (  2,  1)
[2015-03-12 21:11:53]: avatar 5 (  1,  5) -> (  1,  6)
[2015-03-12 21:11:53]: avatar 1 (  1,  2) -> (  0,  2)
[2015-03-12 21:11:53]: avatar 2 (  1,  6) -> (  0,  6)
[2015-03-12 21:11:53]: avatar 3 (  5,  1) -> (  5,  0)
[2015-03-12 21:11:53]: avatar 4 (  2,  1) -> (  3,  1)
[2015-03-12 21:11:53]: avatar 5 (  1,  6) -> (  1,  6)
[2015-03-12 21:11:53]: avatar 1 (  0,  2) -> (  0,  1)
[2015-03-12 21:11:53]: avatar 2 (  0,  6) -> (  0,  5)
[2015-03-12 21:11:53]: avatar 3 (  5,  0) -> (  4,  0)
[2015-03-12 21:11:53]: avatar 4 (  3,  1) -> (  3,  1)
[2015-03-12 21:11:53]: avatar 5 (  1,  6) -> (  1,  6)
[2015-03-12 21:11:53]: avatar 1 (  0,  1) -> (  0,  0)
[2015-03-12 21:11:53]: avatar 2 (  0,  5) -> (  0,  4)
[2015-03-12 21:11:53]: avatar 3 (  4,  0) -> (  4,  1)
[2015-03-12 21:11:53]: avatar 4 (  3,  1) -> (  4,  1)
[2015-03-12 21:11:53]: avatar 5 (  1,  6) -> (  1,  5)
[2015-03-12 21:11:53]: avatar 1 (  0,  0) -> (  0,  1)
[2015-03-12 21:11:53]: avatar 2 (  0,  4) -> (  0,  4)
[2015-03-12 21:11:53]: avatar 3 (  4,  1) -> (  4,  1)
[2015-03-12 21:11:53]: avatar 4 (  4,  1) -> (  4,  1)
[2015-03-12 21:11:53]: avatar 5 (  1,  5) -> (  2,  5)
[2015-03-12 21:11:53]: avatar 1 (  0,  1) -> (  0,  2)
[2015-03-12 21:11:53]: avatar 2 (  0,  4) -> (  0,  3)
[2015-03-12 21:11:53]: avatar 3 (  4,  1) -> (  4,  0)
[2015-03-12 21:11:53]: avatar 4 (  4,  1) -> (  4,  0)
[2015-03-12 21:11:53]: avatar 5 (  2,  5) -> (  2,  6)
[2015-03-12 21:11:53]: avatar 1 (  0,  2) -> (  0,  2)
[2015-03-12 21:11:53]: avatar 2 (  0,  3) -> (  0,  3)
[2015-03-12 21:11:53]: avatar 3 (  4,  0) -> (  5,  0)
[2015-03-12 21:11:53]: avatar 4 (  4,  0) -> (  5,  0)
[2015-03-12 21:11:53]: avatar 5 (  2,  6) -> (  2,  7)
[2015-03-12 21:11:53]: avatar 1 (  0,  2) -> (  0,  2)
[2015-03-12 21:11:53]: avatar 2 (  0,  3) -> (  0,  2)
[2015-03-12 21:11:53]: avatar 3 (  5,  0) -> (  5,  1)
[2015-03-12 21:11:53]: avatar 4 (  5,  0) -> (  5,  1)
[2015-03-12 21:11:53]: avatar 5 (  2,  7) -> (  2,  7)
[2015-03-12 21:11:53]: avatar 1 (  0,  2) -> (  1,  2)
[2015-03-12 21:11:53]: avatar 2 (  0,  2) -> (  1,  2)
[2015-03-12 21:11:53]: avatar 3 (  5,  1) -> (  5,  2)
[2015-03-12 21:11:53]: avatar 4 (  5,  1) -> (  5,  2)
[2015-03-12 21:11:53]: avatar 5 (  2,  7) -> (  2,  6)
[2015-03-12 21:11:53]: avatar 1 (  1,  2) -> (  1,  1)
[2015-03-12 21:11:53]: avatar 2 (  1,  2) -> (  1,  1)
[2015-03-12 21:11:53]: avatar 3 (  5,  2) -> (  5,  3)
[2015-03-12 21:11:53]: avatar 4 (  5,  2) -> (  5,  3)
[2015-03-12 21:11:53]: avatar 5 (  2,  6) -> (  2,  5)
[2015-03-12 21:11:53]: avatar 1 (  1,  1) -> (  1,  0)
[2015-03-12 21:11:53]: avatar 2 (  1,  1) -> (  1,  0)
[2015-03-12 21:11:53]: avatar 3 (  5,  3) -> (  5,  4)
[2015-03-12 21:11:53]: avatar 4 (  5,  3) -> (  5,  4)
[2015-03-12 21:11:53]: avatar 5 (  2,  5) -> (  1,  5)
[2015-03-12 21:11:53]: avatar 1 (  1,  0) -> (  2,  0)
[2015-03-12 21:11:53]: avatar 2 (  1,  0) -> (  2,  0)
[2015-03-12 21:11:53]: avatar 3 (  5,  4) -> (  4,  4)
[2015-03-12 21:11:53]: avatar 4 (  5,  4) -> (  4,  4)
[2015-03-12 21:11:53]: avatar 5 (  1,  5) -> (  1,  6)
[2015-03-12 21:11:53]: avatar 1 (  2,  0) -> (  2,  1)
[2015-03-12 21:11:53]: avatar 2 (  2,  0) -> (  2,  1)
[2015-03-12 21:11:53]: avatar 3 (  4,  4) -> (  5,  4)
[2015-03-12 21:11:53]: avatar 4 (  4,  4) -> (  5,  4)
[2015-03-12 21:11:53]: avatar 5 (  1,  6) -> (  0,  6)
[2015-03-12 21:11:53]: avatar 1 (  2,  1) -> (  3,  1)
[2015-03-12 21:11:53]: avatar 2 (  2,  1) -> (  3,  1)
[2015-03-12 21:11:53]: avatar 3 (  5,  4) -> (  5,  3)
[2015-03-12 21:11:53]: avatar 4 (  5,  4) -> (  5,  3)
[2015-03-12 21:11:53]: avatar 5 (  0,  6) -> (  0,  5)
[2015-03-12 21:11:53]: avatar 1 (  3,  1) -> (  4,  1)
[2015-03-12 21:11:53]: avatar 2 (  3,  1) -> (  4,  1)
[2015-03-12 21:11:53]: avatar 3 (  5,  3) -> (  5,  2)
[2015-03-12 21:11:53]: avatar 4 (  5,  3) -> (  5,  2)
[2015-03-12 21:11:53]: avatar 5 (  0,  5) -> (  0,  4)
[2015-03-12 21:11:53]: avatar 1 (  4,  1) -> (  4,  0)
[2015-03-12 21:11:53]: avatar 2 (  4,  1) -> (  4,  0)
[2015-03-12 21:11:53]: avatar 3 (  5,  2) -> (  5,  1)
[2015-03-12 21:11:53]: avatar 4 (  5,  2) -> (  5,  1)
[2015-03-12 21:11:53]: avatar 5 (  0,  4) -> (  0,  3)
[2015-03-12 21:11:53]: avatar 1 (  4,  0) -> (  5,  0)
[2015-03-12 21:11:53]: avatar 2 (  4,  0) -> (  5,  0)
[2015-03-12 21:11:53]: avatar 3 (  5,  1) -> (  5,  0)
[2015-03-12 21:11:53]: avatar 4 (  5,  1) -> (  5,  0)
[2015-03-12 21:11:53]: avatar 5 (  0,  3) -> (  0,  2)
[2015-03-12 21:11:53]: avatar 1 (  5,  0) -> (  4,  0)
[2015-03-12 21:11:53]: avatar 2 (  5,  0) -> (  4,  0)
[2015-03-12 21:11:53]: avatar 3 (  5,  0) -> (  4,  0)
[2015-03-12 21:11:53]: avatar 4 (  5,  0) -> (  4,  0)
[2015-03-12 21:11:53]: avatar 5 (  0,  2) -> (  1,  2)
[2015-03-12 21:11:53]: avatar 1 (  4,  0) -> (  4,  1)
[2015-03-12 21:11:53]: avatar 2 (  4,  0) -> (  4,  1)
[2015-03-12 21:11:53]: avatar 3 (  4,  0) -> (  4,  1)
[2015-03-12 21:11:53]: avatar 4 (  4,  0) -> (  4,  1)
[2015-03-12 21:11:53]: avatar 5 (  1,  2) -> (  1,  1)
[2015-03-12 21:11:53]: avatar 1 (  4,  1) -> (  3,  1)
[2015-03-12 21:11:53]: avatar 2 (  4,  1) -> (  3,  1)
[2015-03-12 21:11:53]: avatar 3 (  4,  1) -> (  3,  1)
[2015-03-12 21:11:53]: avatar 4 (  4,  1) -> (  3,  1)
[2015-03-12 21:11:53]: avatar 5 (  1,  1) -> (  1,  0)
[2015-03-12 21:11:53]: avatar 1 (  3,  1) -> (  2,  1)
[2015-03-12 21:11:53]: avatar 2 (  3,  1) -> (  2,  1)
[2015-03-12 21:11:53]: avatar 3 (  3,  1) -> (  2,  1)
[2015-03-12 21:11:53]: avatar 4 (  3,  1) -> (  2,  1)
[2015-03-12 21:11:53]: avatar 5 (  1,  0) -> (  2,  0)
[2015-03-12 21:11:53]: Moves to Solve: 129
[2015-03-12 21:11:53]: Hash: 1028712752
