[2015-03-12 21:13:35]: USER=matthew, algorithm=2, port=42678, time=Thu Mar 12 21:13:35 2015
[2015-03-12 21:13:35]: Maze size = 20x20
[2015-03-12 21:13:36]: avatar 1 ( 101, 101) -> (  8,  9)
[2015-03-12 21:13:36]: avatar 2 ( 101, 101) -> ( 12,  8)
[2015-03-12 21:13:36]: avatar 3 ( 101, 101) -> ( 18, 18)
[2015-03-12 21:13:36]: avatar 4 ( 101, 101) -> ( 16,  8)
[2015-03-12 21:13:36]: avatar 1 (  8,  9) -> (  8,  9)
[2015-03-12 21:13:36]: avatar 2 ( 12,  8) -> ( 13,  8)
[2015-03-12 21:13:36]: avatar 3 ( 18, 18) -> ( 18, 18)
[2015-03-12 21:13:36]: avatar 4 ( 16,  8) -> ( 16,  8)
[2015-03-12 21:13:36]: avatar 1 (  8,  9) -> (  8,  9)
[2015-03-12 21:13:36]: avatar 2 ( 13,  8) -> ( 13,  8)
[2015-03-12 21:13:36]: avatar 3 ( 18, 18) -> ( 18, 17)
[2015-03-12 21:13:36]: avatar 4 ( 16,  8) -> ( 16,  8)
[2015-03-12 21:13:36]: avatar 1 (  8,  9) -> (  7,  9)
[2015-03-12 21:13:36]: avatar 2 ( 13,  8) -> ( 14,  8)
[2015-03-12 21:13:36]: avatar 3 ( 18, 17) -> ( 18, 17)
[2015-03-12 21:13:36]: avatar 4 ( 16,  8) -> ( 15,  8)
[2015-03-12 21:13:36]: avatar 1 (  7,  9) -> (  7,  8)
[2015-03-12 21:13:36]: avatar 2 ( 14,  8) -> ( 14,  8)
[2015-03-12 21:13:36]: avatar 3 ( 18, 17) -> ( 18, 16)
[2015-03-12 21:13:36]: avatar 4 ( 15,  8) -> ( 15,  8)
[2015-03-12 21:13:36]: avatar 1 (  7,  8) -> (  8,  8)
[2015-03-12 21:13:36]: avatar 2 ( 14,  8) -> ( 14,  7)
[2015-03-12 21:13:36]: avatar 3 ( 18, 16) -> ( 18, 16)
[2015-03-12 21:13:36]: avatar 4 ( 15,  8) -> ( 15,  8)
[2015-03-12 21:13:36]: avatar 1 (  8,  8) -> (  8,  8)
[2015-03-12 21:13:36]: avatar 2 ( 14,  7) -> ( 14,  7)
[2015-03-12 21:13:36]: avatar 3 ( 18, 16) -> ( 18, 16)
[2015-03-12 21:13:36]: avatar 4 ( 15,  8) -> ( 15,  9)
[2015-03-12 21:13:36]: avatar 1 (  8,  8) -> (  8,  7)
[2015-03-12 21:13:36]: avatar 2 ( 14,  7) -> ( 14,  6)
[2015-03-12 21:13:36]: avatar 3 ( 18, 16) -> ( 17, 16)
[2015-03-12 21:13:36]: avatar 4 ( 15,  9) -> ( 14,  9)
[2015-03-12 21:13:36]: avatar 1 (  8,  7) -> (  8,  7)
[2015-03-12 21:13:36]: avatar 2 ( 14,  6) -> ( 14,  6)
[2015-03-12 21:13:36]: avatar 3 ( 17, 16) -> ( 17, 15)
[2015-03-12 21:13:36]: avatar 4 ( 14,  9) -> ( 14,  9)
[2015-03-12 21:13:36]: avatar 1 (  8,  7) -> (  8,  6)
[2015-03-12 21:13:36]: avatar 2 ( 14,  6) -> ( 14,  5)
[2015-03-12 21:13:36]: avatar 3 ( 17, 15) -> ( 18, 15)
[2015-03-12 21:13:36]: avatar 4 ( 14,  9) -> ( 14, 10)
[2015-03-12 21:13:36]: avatar 1 (  8,  6) -> (  8,  6)
[2015-03-12 21:13:36]: avatar 2 ( 14,  5) -> ( 14,  5)
[2015-03-12 21:13:36]: avatar 3 ( 18, 15) -> ( 18, 15)
[2015-03-12 21:13:36]: avatar 4 ( 14, 10) -> ( 14, 10)
[2015-03-12 21:13:37]: avatar 1 (  8,  6) -> (  8,  6)
[2015-03-12 21:13:37]: avatar 2 ( 14,  5) -> ( 14,  4)
[2015-03-12 21:13:37]: avatar 3 ( 18, 15) -> ( 18, 14)
[2015-03-12 21:13:37]: avatar 4 ( 14, 10) -> ( 14, 10)
[2015-03-12 21:13:37]: avatar 1 (  8,  6) -> (  7,  6)
[2015-03-12 21:13:37]: avatar 2 ( 14,  4) -> ( 15,  4)
[2015-03-12 21:13:37]: avatar 3 ( 18, 14) -> ( 18, 14)
[2015-03-12 21:13:37]: avatar 4 ( 14, 10) -> ( 15, 10)
[2015-03-12 21:13:37]: avatar 1 (  7,  6) -> (  7,  5)
[2015-03-12 21:13:37]: avatar 2 ( 15,  4) -> ( 15,  5)
[2015-03-12 21:13:37]: avatar 3 ( 18, 14) -> ( 18, 14)
[2015-03-12 21:13:37]: avatar 4 ( 15, 10) -> ( 15, 10)
[2015-03-12 21:13:37]: avatar 1 (  7,  5) -> (  8,  5)
[2015-03-12 21:13:37]: avatar 2 ( 15,  5) -> ( 15,  6)
[2015-03-12 21:13:37]: avatar 3 ( 18, 14) -> ( 17, 14)
[2015-03-12 21:13:37]: avatar 4 ( 15, 10) -> ( 16, 10)
[2015-03-12 21:13:37]: avatar 1 (  8,  5) -> (  9,  5)
[2015-03-12 21:13:37]: avatar 2 ( 15,  6) -> ( 15,  7)
[2015-03-12 21:13:37]: avatar 3 ( 17, 14) -> ( 17, 13)
[2015-03-12 21:13:37]: avatar 4 ( 16, 10) -> ( 16, 11)
[2015-03-12 21:13:37]: avatar 1 (  9,  5) -> (  9,  5)
[2015-03-12 21:13:37]: avatar 2 ( 15,  7) -> ( 16,  7)
[2015-03-12 21:13:37]: avatar 3 ( 17, 13) -> ( 17, 13)
[2015-03-12 21:13:37]: avatar 4 ( 16, 11) -> ( 16, 11)
[2015-03-12 21:13:37]: avatar 1 (  9,  5) -> ( 10,  5)
[2015-03-12 21:13:37]: avatar 2 ( 16,  7) -> ( 16,  7)
[2015-03-12 21:13:37]: avatar 3 ( 17, 13) -> ( 17, 12)
[2015-03-12 21:13:37]: avatar 4 ( 16, 11) -> ( 16, 11)
[2015-03-12 21:13:37]: avatar 1 ( 10,  5) -> ( 10,  5)
[2015-03-12 21:13:37]: avatar 2 ( 16,  7) -> ( 16,  6)
[2015-03-12 21:13:37]: avatar 3 ( 17, 12) -> ( 17, 12)
[2015-03-12 21:13:37]: avatar 4 ( 16, 11) -> ( 17, 11)
[2015-03-12 21:13:37]: avatar 1 ( 10,  5) -> ( 11,  5)
[2015-03-12 21:13:37]: avatar 2 ( 16,  6) -> ( 17,  6)
[2015-03-12 21:13:37]: avatar 3 ( 17, 12) -> ( 16, 12)
[2015-03-12 21:13:37]: avatar 4 ( 17, 11) -> ( 17, 11)
[2015-03-12 21:13:37]: avatar 1 ( 11,  5) -> ( 11,  5)
[2015-03-12 21:13:37]: avatar 2 ( 17,  6) -> ( 17,  7)
[2015-03-12 21:13:37]: avatar 3 ( 16, 12) -> ( 16, 12)
[2015-03-12 21:13:37]: avatar 4 ( 17, 11) -> ( 18, 11)
[2015-03-12 21:13:37]: avatar 1 ( 11,  5) -> ( 11,  5)
[2015-03-12 21:13:37]: avatar 2 ( 17,  7) -> ( 17,  7)
[2015-03-12 21:13:37]: avatar 3 ( 16, 12) -> ( 16, 13)
[2015-03-12 21:13:37]: avatar 4 ( 18, 11) -> ( 18, 12)
[2015-03-12 21:13:38]: avatar 1 ( 11,  5) -> ( 11,  4)
[2015-03-12 21:13:38]: avatar 2 ( 17,  7) -> ( 18,  7)
[2015-03-12 21:13:38]: avatar 3 ( 16, 13) -> ( 16, 13)
[2015-03-12 21:13:38]: avatar 4 ( 18, 12) -> ( 18, 13)
[2015-03-12 21:13:38]: avatar 1 ( 11,  4) -> ( 11,  4)
[2015-03-12 21:13:38]: avatar 2 ( 18,  7) -> ( 18,  7)
[2015-03-12 21:13:38]: avatar 3 ( 16, 13) -> ( 16, 14)
[2015-03-12 21:13:38]: avatar 4 ( 18, 13) -> ( 19, 13)
[2015-03-12 21:13:38]: avatar 1 ( 11,  4) -> ( 11,  4)
[2015-03-12 21:13:38]: avatar 2 ( 18,  7) -> ( 19,  7)
[2015-03-12 21:13:38]: avatar 3 ( 16, 14) -> ( 15, 14)
[2015-03-12 21:13:38]: avatar 4 ( 19, 13) -> ( 19, 14)
[2015-03-12 21:13:38]: avatar 1 ( 11,  4) -> ( 10,  4)
[2015-03-12 21:13:38]: avatar 2 ( 19,  7) -> ( 19,  8)
[2015-03-12 21:13:38]: avatar 3 ( 15, 14) -> ( 15, 14)
[2015-03-12 21:13:38]: avatar 4 ( 19, 14) -> ( 19, 15)
[2015-03-12 21:13:38]: avatar 1 ( 10,  4) -> ( 10,  3)
[2015-03-12 21:13:38]: avatar 2 ( 19,  8) -> ( 19,  8)
[2015-03-12 21:13:38]: avatar 3 ( 15, 14) -> ( 15, 14)
[2015-03-12 21:13:38]: avatar 4 ( 19, 15) -> ( 19, 16)
[2015-03-12 21:13:38]: avatar 1 ( 10,  3) -> ( 11,  3)
[2015-03-12 21:13:38]: avatar 2 ( 19,  8) -> ( 19,  9)
[2015-03-12 21:13:38]: avatar 3 ( 15, 14) -> ( 15, 15)
[2015-03-12 21:13:38]: avatar 4 ( 19, 16) -> ( 19, 17)
[2015-03-12 21:13:38]: avatar 1 ( 11,  3) -> ( 12,  3)
[2015-03-12 21:13:38]: avatar 2 ( 19,  9) -> ( 18,  9)
[2015-03-12 21:13:38]: avatar 3 ( 15, 15) -> ( 15, 15)
[2015-03-12 21:13:38]: avatar 4 ( 19, 17) -> ( 19, 18)
[2015-03-12 21:13:38]: avatar 1 ( 12,  3) -> ( 12,  4)
[2015-03-12 21:13:38]: avatar 2 ( 18,  9) -> ( 18,  8)
[2015-03-12 21:13:38]: avatar 3 ( 15, 15) -> ( 15, 15)
[2015-03-12 21:13:38]: avatar 4 ( 19, 18) -> ( 19, 19)
[2015-03-12 21:13:38]: avatar 1 ( 12,  4) -> ( 12,  4)
[2015-03-12 21:13:38]: avatar 2 ( 18,  8) -> ( 17,  8)
[2015-03-12 21:13:38]: avatar 3 ( 15, 15) -> ( 16, 15)
[2015-03-12 21:13:38]: avatar 4 ( 19, 19) -> ( 18, 19)
[2015-03-12 21:13:38]: avatar 1 ( 12,  4) -> ( 13,  4)
[2015-03-12 21:13:38]: avatar 2 ( 17,  8) -> ( 17,  9)
[2015-03-12 21:13:38]: avatar 3 ( 16, 15) -> ( 16, 16)
[2015-03-12 21:13:38]: avatar 4 ( 18, 19) -> ( 18, 19)
[2015-03-12 21:13:38]: avatar 1 ( 13,  4) -> ( 13,  4)
[2015-03-12 21:13:38]: avatar 2 ( 17,  9) -> ( 16,  9)
[2015-03-12 21:13:38]: avatar 3 ( 16, 16) -> ( 15, 16)
[2015-03-12 21:13:38]: avatar 4 ( 18, 19) -> ( 17, 19)
[2015-03-12 21:13:38]: avatar 1 ( 13,  4) -> ( 13,  4)
[2015-03-12 21:13:38]: avatar 2 ( 16,  9) -> ( 16,  8)
[2015-03-12 21:13:38]: avatar 3 ( 15, 16) -> ( 15, 16)
[2015-03-12 21:13:38]: avatar 4 ( 17, 19) -> ( 17, 18)
[2015-03-12 21:13:38]: avatar 1 ( 13,  4) -> ( 13,  3)
[2015-03-12 21:13:38]: avatar 2 ( 16,  8) -> ( 15,  8)
[2015-03-12 21:13:38]: avatar 3 ( 15, 16) -> ( 15, 17)
[2015-03-12 21:13:38]: avatar 4 ( 17, 18) -> ( 18, 18)
[2015-03-12 21:13:38]: avatar 1 ( 13,  3) -> ( 14,  3)
[2015-03-12 21:13:38]: avatar 2 ( 15,  8) -> ( 15,  9)
[2015-03-12 21:13:38]: avatar 3 ( 15, 17) -> ( 14, 17)
[2015-03-12 21:13:38]: avatar 4 ( 18, 18) -> ( 18, 17)
[2015-03-12 21:13:39]: avatar 1 ( 14,  3) -> ( 14,  3)
[2015-03-12 21:13:39]: avatar 2 ( 15,  9) -> ( 15,  9)
[2015-03-12 21:13:39]: avatar 3 ( 14, 17) -> ( 14, 17)
[2015-03-12 21:13:39]: avatar 4 ( 18, 17) -> ( 18, 17)
[2015-03-12 21:13:39]: avatar 1 ( 14,  3) -> ( 14,  3)
[2015-03-12 21:13:39]: avatar 2 ( 15,  9) -> ( 15,  9)
[2015-03-12 21:13:39]: avatar 3 ( 14, 17) -> ( 14, 17)
[2015-03-12 21:13:39]: avatar 4 ( 18, 17) -> ( 18, 18)
[2015-03-12 21:13:39]: avatar 1 ( 14,  3) -> ( 14,  2)
[2015-03-12 21:13:39]: avatar 2 ( 15,  9) -> ( 15,  8)
[2015-03-12 21:13:39]: avatar 3 ( 14, 17) -> ( 14, 17)
[2015-03-12 21:13:39]: avatar 4 ( 18, 18) -> ( 17, 18)
[2015-03-12 21:13:39]: avatar 1 ( 14,  2) -> ( 14,  2)
[2015-03-12 21:13:39]: avatar 2 ( 15,  8) -> ( 16,  8)
[2015-03-12 21:13:39]: avatar 3 ( 14, 17) -> ( 15, 17)
[2015-03-12 21:13:39]: avatar 4 ( 17, 18) -> ( 17, 18)
[2015-03-12 21:13:39]: avatar 1 ( 14,  2) -> ( 14,  1)
[2015-03-12 21:13:39]: avatar 2 ( 16,  8) -> ( 16,  9)
[2015-03-12 21:13:39]: avatar 3 ( 15, 17) -> ( 15, 18)
[2015-03-12 21:13:39]: avatar 4 ( 17, 18) -> ( 17, 18)
[2015-03-12 21:13:39]: avatar 1 ( 14,  1) -> ( 14,  1)
[2015-03-12 21:13:39]: avatar 2 ( 16,  9) -> ( 16,  9)
[2015-03-12 21:13:39]: avatar 3 ( 15, 18) -> ( 15, 18)
[2015-03-12 21:13:39]: avatar 4 ( 17, 18) -> ( 17, 19)
[2015-03-12 21:13:40]: avatar 1 ( 14,  1) -> ( 14,  0)
[2015-03-12 21:13:40]: avatar 2 ( 16,  9) -> ( 17,  9)
[2015-03-12 21:13:40]: avatar 3 ( 15, 18) -> ( 15, 19)
[2015-03-12 21:13:40]: avatar 4 ( 17, 19) -> ( 16, 19)
[2015-03-12 21:13:40]: avatar 1 ( 14,  0) -> ( 14,  0)
[2015-03-12 21:13:40]: avatar 2 ( 17,  9) -> ( 17,  9)
[2015-03-12 21:13:40]: avatar 3 ( 15, 19) -> ( 14, 19)
[2015-03-12 21:13:40]: avatar 4 ( 16, 19) -> ( 16, 18)
[2015-03-12 21:13:40]: avatar 1 ( 14,  0) -> ( 13,  0)
[2015-03-12 21:13:40]: avatar 2 ( 17,  9) -> ( 17,  9)
[2015-03-12 21:13:40]: avatar 3 ( 14, 19) -> ( 14, 18)
[2015-03-12 21:13:40]: avatar 4 ( 16, 18) -> ( 16, 17)
[2015-03-12 21:13:40]: avatar 1 ( 13,  0) -> ( 12,  0)
[2015-03-12 21:13:40]: avatar 2 ( 17,  9) -> ( 17,  8)
[2015-03-12 21:13:40]: avatar 3 ( 14, 18) -> ( 13, 18)
[2015-03-12 21:13:40]: avatar 4 ( 16, 17) -> ( 17, 17)
[2015-03-12 21:13:40]: avatar 1 ( 12,  0) -> ( 11,  0)
[2015-03-12 21:13:40]: avatar 2 ( 17,  8) -> ( 18,  8)
[2015-03-12 21:13:40]: avatar 3 ( 13, 18) -> ( 13, 17)
[2015-03-12 21:13:40]: avatar 4 ( 17, 17) -> ( 17, 17)
[2015-03-12 21:13:41]: avatar 1 ( 11,  0) -> ( 10,  0)
[2015-03-12 21:13:41]: avatar 2 ( 18,  8) -> ( 18,  9)
[2015-03-12 21:13:41]: avatar 3 ( 13, 17) -> ( 13, 17)
[2015-03-12 21:13:41]: avatar 4 ( 17, 17) -> ( 16, 17)
[2015-03-12 21:13:41]: avatar 1 ( 10,  0) -> ( 10,  0)
[2015-03-12 21:13:41]: avatar 2 ( 18,  9) -> ( 18,  9)
[2015-03-12 21:13:41]: avatar 3 ( 13, 17) -> ( 12, 17)
[2015-03-12 21:13:41]: avatar 4 ( 16, 17) -> ( 16, 17)
[2015-03-12 21:13:41]: avatar 1 ( 10,  0) -> ( 10,  0)
[2015-03-12 21:13:41]: avatar 2 ( 18,  9) -> ( 19,  9)
[2015-03-12 21:13:41]: avatar 3 ( 12, 17) -> ( 12, 17)
[2015-03-12 21:13:41]: avatar 4 ( 16, 17) -> ( 16, 17)
[2015-03-12 21:13:41]: avatar 1 ( 10,  0) -> ( 11,  0)
[2015-03-12 21:13:41]: avatar 2 ( 19,  9) -> ( 19, 10)
[2015-03-12 21:13:41]: avatar 3 ( 12, 17) -> ( 11, 17)
[2015-03-12 21:13:41]: avatar 4 ( 16, 17) -> ( 16, 18)
[2015-03-12 21:13:41]: avatar 1 ( 11,  0) -> ( 11,  0)
[2015-03-12 21:13:41]: avatar 2 ( 19, 10) -> ( 18, 10)
[2015-03-12 21:13:41]: avatar 3 ( 11, 17) -> ( 11, 16)
[2015-03-12 21:13:41]: avatar 4 ( 16, 18) -> ( 16, 18)
[2015-03-12 21:13:41]: avatar 1 ( 11,  0) -> ( 12,  0)
[2015-03-12 21:13:41]: avatar 2 ( 18, 10) -> ( 17, 10)
[2015-03-12 21:13:41]: avatar 3 ( 11, 16) -> ( 12, 16)
[2015-03-12 21:13:41]: avatar 4 ( 16, 18) -> ( 16, 19)
[2015-03-12 21:13:42]: avatar 1 ( 12,  0) -> ( 12,  0)
[2015-03-12 21:13:42]: avatar 2 ( 17, 10) -> ( 17, 10)
[2015-03-12 21:13:42]: avatar 3 ( 12, 16) -> ( 13, 16)
[2015-03-12 21:13:42]: avatar 4 ( 16, 19) -> ( 16, 19)
[2015-03-12 21:13:42]: avatar 1 ( 12,  0) -> ( 13,  0)
[2015-03-12 21:13:42]: avatar 2 ( 17, 10) -> ( 17, 10)
[2015-03-12 21:13:42]: avatar 3 ( 13, 16) -> ( 14, 16)
[2015-03-12 21:13:42]: avatar 4 ( 16, 19) -> ( 17, 19)
[2015-03-12 21:13:42]: avatar 1 ( 13,  0) -> ( 13,  1)
[2015-03-12 21:13:42]: avatar 2 ( 17, 10) -> ( 18, 10)
[2015-03-12 21:13:42]: avatar 3 ( 14, 16) -> ( 14, 15)
[2015-03-12 21:13:42]: avatar 4 ( 17, 19) -> ( 18, 19)
[2015-03-12 21:13:42]: avatar 1 ( 13,  1) -> ( 12,  1)
[2015-03-12 21:13:42]: avatar 2 ( 18, 10) -> ( 18, 10)
[2015-03-12 21:13:42]: avatar 3 ( 14, 15) -> ( 14, 14)
[2015-03-12 21:13:42]: avatar 4 ( 18, 19) -> ( 19, 19)
[2015-03-12 21:13:42]: avatar 1 ( 12,  1) -> ( 11,  1)
[2015-03-12 21:13:42]: avatar 2 ( 18, 10) -> ( 19, 10)
[2015-03-12 21:13:42]: avatar 3 ( 14, 14) -> ( 14, 14)
[2015-03-12 21:13:42]: avatar 4 ( 19, 19) -> ( 19, 18)
[2015-03-12 21:13:42]: avatar 1 ( 11,  1) -> ( 10,  1)
[2015-03-12 21:13:42]: avatar 2 ( 19, 10) -> ( 19, 11)
[2015-03-12 21:13:42]: avatar 3 ( 14, 14) -> ( 13, 14)
[2015-03-12 21:13:42]: avatar 4 ( 19, 18) -> ( 19, 17)
[2015-03-12 21:13:42]: avatar 1 ( 10,  1) -> ( 10,  1)
[2015-03-12 21:13:42]: avatar 2 ( 19, 11) -> ( 19, 11)
[2015-03-12 21:13:42]: avatar 3 ( 13, 14) -> ( 13, 13)
[2015-03-12 21:13:42]: avatar 4 ( 19, 17) -> ( 19, 16)
[2015-03-12 21:13:42]: avatar 1 ( 10,  1) -> ( 10,  2)
[2015-03-12 21:13:42]: avatar 2 ( 19, 11) -> ( 19, 12)
[2015-03-12 21:13:42]: avatar 3 ( 13, 13) -> ( 13, 13)
[2015-03-12 21:13:42]: avatar 4 ( 19, 16) -> ( 19, 15)
[2015-03-12 21:13:43]: avatar 1 ( 10,  2) -> (  9,  2)
[2015-03-12 21:13:43]: avatar 2 ( 19, 12) -> ( 19, 12)
[2015-03-12 21:13:43]: avatar 3 ( 13, 13) -> ( 13, 12)
[2015-03-12 21:13:43]: avatar 4 ( 19, 15) -> ( 19, 14)
[2015-03-12 21:13:43]: avatar 1 (  9,  2) -> (  9,  2)
[2015-03-12 21:13:43]: avatar 2 ( 19, 12) -> ( 19, 12)
[2015-03-12 21:13:43]: avatar 3 ( 13, 12) -> ( 13, 12)
[2015-03-12 21:13:43]: avatar 4 ( 19, 14) -> ( 19, 13)
[2015-03-12 21:13:43]: avatar 1 (  9,  2) -> (  9,  2)
[2015-03-12 21:13:43]: avatar 2 ( 19, 12) -> ( 19, 11)
[2015-03-12 21:13:43]: avatar 3 ( 13, 12) -> ( 13, 12)
[2015-03-12 21:13:43]: avatar 4 ( 19, 13) -> ( 18, 13)
[2015-03-12 21:13:43]: avatar 1 (  9,  2) -> (  9,  3)
[2015-03-12 21:13:43]: avatar 2 ( 19, 11) -> ( 19, 10)
[2015-03-12 21:13:43]: avatar 3 ( 13, 12) -> ( 12, 12)
[2015-03-12 21:13:43]: avatar 4 ( 18, 13) -> ( 18, 12)
[2015-03-12 21:13:43]: avatar 1 (  9,  3) -> (  8,  3)
[2015-03-12 21:13:43]: avatar 2 ( 19, 10) -> ( 19,  9)
[2015-03-12 21:13:43]: avatar 3 ( 12, 12) -> ( 12, 12)
[2015-03-12 21:13:43]: avatar 4 ( 18, 12) -> ( 18, 11)
[2015-03-12 21:13:44]: avatar 1 (  8,  3) -> (  8,  2)
[2015-03-12 21:13:44]: avatar 2 ( 19,  9) -> ( 19,  8)
[2015-03-12 21:13:44]: avatar 3 ( 12, 12) -> ( 12, 12)
[2015-03-12 21:13:44]: avatar 4 ( 18, 11) -> ( 17, 11)
[2015-03-12 21:13:44]: avatar 1 (  8,  2) -> (  8,  1)
[2015-03-12 21:13:44]: avatar 2 ( 19,  8) -> ( 19,  7)
[2015-03-12 21:13:44]: avatar 3 ( 12, 12) -> ( 12, 13)
[2015-03-12 21:13:44]: avatar 4 ( 17, 11) -> ( 16, 11)
[2015-03-12 21:13:44]: avatar 1 (  8,  1) -> (  9,  1)
[2015-03-12 21:13:44]: avatar 2 ( 19,  7) -> ( 19,  7)
[2015-03-12 21:13:44]: avatar 3 ( 12, 13) -> ( 11, 13)
[2015-03-12 21:13:44]: avatar 4 ( 16, 11) -> ( 16, 10)
[2015-03-12 21:13:44]: avatar 1 (  9,  1) -> (  9,  0)
[2015-03-12 21:13:44]: avatar 2 ( 19,  7) -> ( 18,  7)
[2015-03-12 21:13:44]: avatar 3 ( 11, 13) -> ( 11, 13)
[2015-03-12 21:13:44]: avatar 4 ( 16, 10) -> ( 15, 10)
[2015-03-12 21:13:44]: avatar 1 (  9,  0) -> (  8,  0)
[2015-03-12 21:13:44]: avatar 2 ( 18,  7) -> ( 18,  7)
[2015-03-12 21:13:44]: avatar 3 ( 11, 13) -> ( 10, 13)
[2015-03-12 21:13:44]: avatar 4 ( 15, 10) -> ( 14, 10)
[2015-03-12 21:13:44]: avatar 1 (  8,  0) -> (  7,  0)
[2015-03-12 21:13:44]: avatar 2 ( 18,  7) -> ( 17,  7)
[2015-03-12 21:13:44]: avatar 3 ( 10, 13) -> ( 10, 12)
[2015-03-12 21:13:44]: avatar 4 ( 14, 10) -> ( 14,  9)
[2015-03-12 21:13:45]: avatar 1 (  7,  0) -> (  6,  0)
[2015-03-12 21:13:45]: avatar 2 ( 17,  7) -> ( 17,  6)
[2015-03-12 21:13:45]: avatar 3 ( 10, 12) -> ( 10, 12)
[2015-03-12 21:13:45]: avatar 4 ( 14,  9) -> ( 15,  9)
[2015-03-12 21:13:45]: avatar 1 (  6,  0) -> (  6,  0)
[2015-03-12 21:13:45]: avatar 2 ( 17,  6) -> ( 17,  6)
[2015-03-12 21:13:45]: avatar 3 ( 10, 12) -> ( 10, 12)
[2015-03-12 21:13:45]: avatar 4 ( 15,  9) -> ( 15,  8)
[2015-03-12 21:13:45]: avatar 1 (  6,  0) -> (  6,  1)
[2015-03-12 21:13:45]: avatar 2 ( 17,  6) -> ( 17,  6)
[2015-03-12 21:13:45]: avatar 3 ( 10, 12) -> (  9, 12)
[2015-03-12 21:13:45]: avatar 4 ( 15,  8) -> ( 16,  8)
[2015-03-12 21:13:45]: avatar 1 (  6,  1) -> (  5,  1)
[2015-03-12 21:13:45]: avatar 2 ( 17,  6) -> ( 16,  6)
[2015-03-12 21:13:45]: avatar 3 (  9, 12) -> (  9, 11)
[2015-03-12 21:13:45]: avatar 4 ( 16,  8) -> ( 16,  9)
[2015-03-12 21:13:45]: avatar 1 (  5,  1) -> (  5,  0)
[2015-03-12 21:13:45]: avatar 2 ( 16,  6) -> ( 16,  6)
[2015-03-12 21:13:45]: avatar 3 (  9, 11) -> (  9, 11)
[2015-03-12 21:13:45]: avatar 4 ( 16,  9) -> ( 17,  9)
[2015-03-12 21:13:45]: avatar 1 (  5,  0) -> (  4,  0)
[2015-03-12 21:13:45]: avatar 2 ( 16,  6) -> ( 16,  6)
[2015-03-12 21:13:45]: avatar 3 (  9, 11) -> (  9, 11)
[2015-03-12 21:13:45]: avatar 4 ( 17,  9) -> ( 17,  8)
[2015-03-12 21:13:46]: avatar 1 (  4,  0) -> (  3,  0)
[2015-03-12 21:13:46]: avatar 2 ( 16,  6) -> ( 16,  7)
[2015-03-12 21:13:46]: avatar 3 (  9, 11) -> (  8, 11)
[2015-03-12 21:13:46]: avatar 4 ( 17,  8) -> ( 18,  8)
[2015-03-12 21:13:46]: avatar 1 (  3,  0) -> (  2,  0)
[2015-03-12 21:13:46]: avatar 2 ( 16,  7) -> ( 15,  7)
[2015-03-12 21:13:46]: avatar 3 (  8, 11) -> (  8, 10)
[2015-03-12 21:13:46]: avatar 4 ( 18,  8) -> ( 18,  9)
[2015-03-12 21:13:46]: avatar 1 (  2,  0) -> (  1,  0)
[2015-03-12 21:13:46]: avatar 2 ( 15,  7) -> ( 15,  6)
[2015-03-12 21:13:46]: avatar 3 (  8, 10) -> (  8, 10)
[2015-03-12 21:13:46]: avatar 4 ( 18,  9) -> ( 19,  9)
[2015-03-12 21:13:46]: avatar 1 (  1,  0) -> (  0,  0)
[2015-03-12 21:13:46]: avatar 2 ( 15,  6) -> ( 15,  5)
[2015-03-12 21:13:46]: avatar 3 (  8, 10) -> (  8,  9)
[2015-03-12 21:13:46]: avatar 4 ( 19,  9) -> ( 19,  8)
[2015-03-12 21:13:46]: avatar 1 (  0,  0) -> (  0,  1)
[2015-03-12 21:13:46]: avatar 2 ( 15,  5) -> ( 15,  5)
[2015-03-12 21:13:46]: avatar 3 (  8,  9) -> (  7,  9)
[2015-03-12 21:13:46]: avatar 4 ( 19,  8) -> ( 19,  7)
[2015-03-12 21:13:47]: avatar 1 (  0,  1) -> (  0,  0)
[2015-03-12 21:13:47]: avatar 2 ( 15,  5) -> ( 15,  4)
[2015-03-12 21:13:47]: avatar 3 (  7,  9) -> (  7,  8)
[2015-03-12 21:13:47]: avatar 4 ( 19,  7) -> ( 18,  7)
[2015-03-12 21:13:47]: avatar 1 (  0,  0) -> (  1,  0)
[2015-03-12 21:13:47]: avatar 2 ( 15,  4) -> ( 14,  4)
[2015-03-12 21:13:47]: avatar 3 (  7,  8) -> (  8,  8)
[2015-03-12 21:13:47]: avatar 4 ( 18,  7) -> ( 17,  7)
[2015-03-12 21:13:47]: avatar 1 (  1,  0) -> (  2,  0)
[2015-03-12 21:13:47]: avatar 2 ( 14,  4) -> ( 14,  5)
[2015-03-12 21:13:47]: avatar 3 (  8,  8) -> (  8,  7)
[2015-03-12 21:13:47]: avatar 4 ( 17,  7) -> ( 17,  6)
[2015-03-12 21:13:47]: avatar 1 (  2,  0) -> (  3,  0)
[2015-03-12 21:13:47]: avatar 2 ( 14,  5) -> ( 14,  6)
[2015-03-12 21:13:47]: avatar 3 (  8,  7) -> (  8,  6)
[2015-03-12 21:13:47]: avatar 4 ( 17,  6) -> ( 16,  6)
[2015-03-12 21:13:47]: avatar 1 (  3,  0) -> (  4,  0)
[2015-03-12 21:13:47]: avatar 2 ( 14,  6) -> ( 14,  7)
[2015-03-12 21:13:47]: avatar 3 (  8,  6) -> (  7,  6)
[2015-03-12 21:13:47]: avatar 4 ( 16,  6) -> ( 16,  7)
[2015-03-12 21:13:47]: avatar 1 (  4,  0) -> (  5,  0)
[2015-03-12 21:13:47]: avatar 2 ( 14,  7) -> ( 14,  8)
[2015-03-12 21:13:47]: avatar 3 (  7,  6) -> (  7,  5)
[2015-03-12 21:13:47]: avatar 4 ( 16,  7) -> ( 15,  7)
[2015-03-12 21:13:47]: avatar 1 (  5,  0) -> (  5,  1)
[2015-03-12 21:13:47]: avatar 2 ( 14,  8) -> ( 13,  8)
[2015-03-12 21:13:47]: avatar 3 (  7,  5) -> (  8,  5)
[2015-03-12 21:13:47]: avatar 4 ( 15,  7) -> ( 15,  6)
[2015-03-12 21:13:47]: avatar 1 (  5,  1) -> (  6,  1)
[2015-03-12 21:13:47]: avatar 2 ( 13,  8) -> ( 12,  8)
[2015-03-12 21:13:47]: avatar 3 (  8,  5) -> (  9,  5)
[2015-03-12 21:13:47]: avatar 4 ( 15,  6) -> ( 15,  5)
[2015-03-12 21:13:47]: avatar 1 (  6,  1) -> (  6,  0)
[2015-03-12 21:13:47]: avatar 2 ( 12,  8) -> ( 13,  8)
[2015-03-12 21:13:47]: avatar 3 (  9,  5) -> ( 10,  5)
[2015-03-12 21:13:47]: avatar 4 ( 15,  5) -> ( 15,  4)
[2015-03-12 21:13:47]: avatar 1 (  6,  0) -> (  7,  0)
[2015-03-12 21:13:47]: avatar 2 ( 13,  8) -> ( 14,  8)
[2015-03-12 21:13:47]: avatar 3 ( 10,  5) -> ( 11,  5)
[2015-03-12 21:13:47]: avatar 4 ( 15,  4) -> ( 14,  4)
[2015-03-12 21:13:47]: avatar 1 (  7,  0) -> (  8,  0)
[2015-03-12 21:13:47]: avatar 2 ( 14,  8) -> ( 14,  7)
[2015-03-12 21:13:47]: avatar 3 ( 11,  5) -> ( 11,  4)
[2015-03-12 21:13:47]: avatar 4 ( 14,  4) -> ( 14,  5)
[2015-03-12 21:13:48]: avatar 1 (  8,  0) -> (  9,  0)
[2015-03-12 21:13:48]: avatar 2 ( 14,  7) -> ( 14,  6)
[2015-03-12 21:13:48]: avatar 3 ( 11,  4) -> ( 10,  4)
[2015-03-12 21:13:48]: avatar 4 ( 14,  5) -> ( 14,  6)
[2015-03-12 21:13:48]: avatar 1 (  9,  0) -> (  9,  1)
[2015-03-12 21:13:48]: avatar 2 ( 14,  6) -> ( 14,  5)
[2015-03-12 21:13:48]: avatar 3 ( 10,  4) -> ( 10,  3)
[2015-03-12 21:13:48]: avatar 4 ( 14,  6) -> ( 14,  5)
[2015-03-12 21:13:48]: avatar 1 (  9,  1) -> (  8,  1)
[2015-03-12 21:13:48]: avatar 2 ( 14,  5) -> ( 14,  4)
[2015-03-12 21:13:48]: avatar 3 ( 10,  3) -> ( 11,  3)
[2015-03-12 21:13:48]: avatar 4 ( 14,  5) -> ( 14,  4)
[2015-03-12 21:13:48]: avatar 1 (  8,  1) -> (  8,  2)
[2015-03-12 21:13:48]: avatar 2 ( 14,  4) -> ( 15,  4)
[2015-03-12 21:13:48]: avatar 3 ( 11,  3) -> ( 12,  3)
[2015-03-12 21:13:48]: avatar 4 ( 14,  4) -> ( 15,  4)
[2015-03-12 21:13:48]: avatar 1 (  8,  2) -> (  8,  3)
[2015-03-12 21:13:48]: avatar 2 ( 15,  4) -> ( 15,  5)
[2015-03-12 21:13:48]: avatar 3 ( 12,  3) -> ( 12,  4)
[2015-03-12 21:13:48]: avatar 4 ( 15,  4) -> ( 15,  5)
[2015-03-12 21:13:48]: avatar 1 (  8,  3) -> (  9,  3)
[2015-03-12 21:13:48]: avatar 2 ( 15,  5) -> ( 15,  6)
[2015-03-12 21:13:48]: avatar 3 ( 12,  4) -> ( 13,  4)
[2015-03-12 21:13:48]: avatar 4 ( 15,  5) -> ( 15,  6)
[2015-03-12 21:13:48]: avatar 1 (  9,  3) -> (  9,  2)
[2015-03-12 21:13:48]: avatar 2 ( 15,  6) -> ( 15,  7)
[2015-03-12 21:13:48]: avatar 3 ( 13,  4) -> ( 13,  3)
[2015-03-12 21:13:48]: avatar 4 ( 15,  6) -> ( 15,  7)
[2015-03-12 21:13:48]: avatar 1 (  9,  2) -> ( 10,  2)
[2015-03-12 21:13:48]: avatar 2 ( 15,  7) -> ( 16,  7)
[2015-03-12 21:13:48]: avatar 3 ( 13,  3) -> ( 14,  3)
[2015-03-12 21:13:48]: avatar 4 ( 15,  7) -> ( 16,  7)
[2015-03-12 21:13:48]: avatar 1 ( 10,  2) -> ( 10,  1)
[2015-03-12 21:13:48]: avatar 2 ( 16,  7) -> ( 16,  6)
[2015-03-12 21:13:48]: avatar 3 ( 14,  3) -> ( 14,  2)
[2015-03-12 21:13:48]: avatar 4 ( 16,  7) -> ( 16,  6)
[2015-03-12 21:13:48]: avatar 1 ( 10,  1) -> ( 11,  1)
[2015-03-12 21:13:48]: avatar 2 ( 16,  6) -> ( 17,  6)
[2015-03-12 21:13:48]: avatar 3 ( 14,  2) -> ( 14,  1)
[2015-03-12 21:13:48]: avatar 4 ( 16,  6) -> ( 17,  6)
[2015-03-12 21:13:48]: avatar 1 ( 11,  1) -> ( 12,  1)
[2015-03-12 21:13:48]: avatar 2 ( 17,  6) -> ( 17,  7)
[2015-03-12 21:13:48]: avatar 3 ( 14,  1) -> ( 14,  0)
[2015-03-12 21:13:48]: avatar 4 ( 17,  6) -> ( 17,  7)
[2015-03-12 21:13:48]: avatar 1 ( 12,  1) -> ( 13,  1)
[2015-03-12 21:13:48]: avatar 2 ( 17,  7) -> ( 18,  7)
[2015-03-12 21:13:48]: avatar 3 ( 14,  0) -> ( 13,  0)
[2015-03-12 21:13:48]: avatar 4 ( 17,  7) -> ( 18,  7)
[2015-03-12 21:13:48]: avatar 1 ( 13,  1) -> ( 13,  1)
[2015-03-12 21:13:48]: avatar 2 ( 18,  7) -> ( 19,  7)
[2015-03-12 21:13:48]: avatar 3 ( 13,  0) -> ( 13,  1)
[2015-03-12 21:13:48]: avatar 4 ( 18,  7) -> ( 19,  7)
[2015-03-12 21:13:48]: avatar 1 ( 13,  1) -> ( 13,  0)
[2015-03-12 21:13:48]: avatar 2 ( 19,  7) -> ( 19,  8)
[2015-03-12 21:13:48]: avatar 3 ( 13,  1) -> ( 13,  0)
[2015-03-12 21:13:48]: avatar 4 ( 19,  7) -> ( 19,  8)
[2015-03-12 21:13:48]: avatar 1 ( 13,  0) -> ( 14,  0)
[2015-03-12 21:13:48]: avatar 2 ( 19,  8) -> ( 19,  9)
[2015-03-12 21:13:48]: avatar 3 ( 13,  0) -> ( 14,  0)
[2015-03-12 21:13:48]: avatar 4 ( 19,  8) -> ( 19,  9)
[2015-03-12 21:13:48]: avatar 1 ( 14,  0) -> ( 14,  1)
[2015-03-12 21:13:48]: avatar 2 ( 19,  9) -> ( 18,  9)
[2015-03-12 21:13:48]: avatar 3 ( 14,  0) -> ( 14,  1)
[2015-03-12 21:13:48]: avatar 4 ( 19,  9) -> ( 18,  9)
[2015-03-12 21:13:49]: avatar 1 ( 14,  1) -> ( 14,  2)
[2015-03-12 21:13:49]: avatar 2 ( 18,  9) -> ( 18,  8)
[2015-03-12 21:13:49]: avatar 3 ( 14,  1) -> ( 14,  2)
[2015-03-12 21:13:49]: avatar 4 ( 18,  9) -> ( 18,  8)
[2015-03-12 21:13:49]: avatar 1 ( 14,  2) -> ( 14,  3)
[2015-03-12 21:13:49]: avatar 2 ( 18,  8) -> ( 17,  8)
[2015-03-12 21:13:49]: avatar 3 ( 14,  2) -> ( 14,  3)
[2015-03-12 21:13:49]: avatar 4 ( 18,  8) -> ( 17,  8)
[2015-03-12 21:13:49]: avatar 1 ( 14,  3) -> ( 13,  3)
[2015-03-12 21:13:49]: avatar 2 ( 17,  8) -> ( 17,  9)
[2015-03-12 21:13:49]: avatar 3 ( 14,  3) -> ( 13,  3)
[2015-03-12 21:13:49]: avatar 4 ( 17,  8) -> ( 17,  9)
[2015-03-12 21:13:49]: avatar 1 ( 13,  3) -> ( 13,  4)
[2015-03-12 21:13:49]: avatar 2 ( 17,  9) -> ( 16,  9)
[2015-03-12 21:13:49]: avatar 3 ( 13,  3) -> ( 13,  4)
[2015-03-12 21:13:49]: avatar 4 ( 17,  9) -> ( 16,  9)
[2015-03-12 21:13:49]: avatar 1 ( 13,  4) -> ( 12,  4)
[2015-03-12 21:13:49]: avatar 2 ( 16,  9) -> ( 16,  8)
[2015-03-12 21:13:49]: avatar 3 ( 13,  4) -> ( 12,  4)
[2015-03-12 21:13:49]: avatar 4 ( 16,  9) -> ( 16,  8)
[2015-03-12 21:13:49]: avatar 1 ( 12,  4) -> ( 12,  3)
[2015-03-12 21:13:49]: avatar 2 ( 16,  8) -> ( 15,  8)
[2015-03-12 21:13:49]: avatar 3 ( 12,  4) -> ( 12,  3)
[2015-03-12 21:13:49]: avatar 4 ( 16,  8) -> ( 15,  8)
[2015-03-12 21:13:49]: avatar 1 ( 12,  3) -> ( 11,  3)
[2015-03-12 21:13:49]: avatar 2 ( 15,  8) -> ( 15,  9)
[2015-03-12 21:13:49]: avatar 3 ( 12,  3) -> ( 11,  3)
[2015-03-12 21:13:49]: avatar 4 ( 15,  8) -> ( 15,  9)
[2015-03-12 21:13:49]: avatar 1 ( 11,  3) -> ( 10,  3)
[2015-03-12 21:13:49]: avatar 2 ( 15,  9) -> ( 14,  9)
[2015-03-12 21:13:49]: avatar 3 ( 11,  3) -> ( 10,  3)
[2015-03-12 21:13:49]: avatar 4 ( 15,  9) -> ( 14,  9)
[2015-03-12 21:13:49]: avatar 1 ( 10,  3) -> ( 10,  4)
[2015-03-12 21:13:49]: avatar 2 ( 14,  9) -> ( 14, 10)
[2015-03-12 21:13:49]: avatar 3 ( 10,  3) -> ( 10,  4)
[2015-03-12 21:13:49]: avatar 4 ( 14,  9) -> ( 14, 10)
[2015-03-12 21:13:49]: avatar 1 ( 10,  4) -> ( 11,  4)
[2015-03-12 21:13:49]: avatar 2 ( 14, 10) -> ( 15, 10)
[2015-03-12 21:13:49]: avatar 3 ( 10,  4) -> ( 11,  4)
[2015-03-12 21:13:49]: avatar 4 ( 14, 10) -> ( 15, 10)
[2015-03-12 21:13:49]: avatar 1 ( 11,  4) -> ( 11,  5)
[2015-03-12 21:13:49]: avatar 2 ( 15, 10) -> ( 16, 10)
[2015-03-12 21:13:49]: avatar 3 ( 11,  4) -> ( 11,  5)
[2015-03-12 21:13:49]: avatar 4 ( 15, 10) -> ( 16, 10)
[2015-03-12 21:13:49]: avatar 1 ( 11,  5) -> ( 10,  5)
[2015-03-12 21:13:49]: avatar 2 ( 16, 10) -> ( 16, 11)
[2015-03-12 21:13:49]: avatar 3 ( 11,  5) -> ( 10,  5)
[2015-03-12 21:13:49]: avatar 4 ( 16, 10) -> ( 16, 11)
[2015-03-12 21:13:49]: avatar 1 ( 10,  5) -> (  9,  5)
[2015-03-12 21:13:49]: avatar 2 ( 16, 11) -> ( 17, 11)
[2015-03-12 21:13:49]: avatar 3 ( 10,  5) -> (  9,  5)
[2015-03-12 21:13:49]: avatar 4 ( 16, 11) -> ( 17, 11)
[2015-03-12 21:13:50]: avatar 1 (  9,  5) -> (  8,  5)
[2015-03-12 21:13:50]: avatar 2 ( 17, 11) -> ( 18, 11)
[2015-03-12 21:13:50]: avatar 3 (  9,  5) -> (  8,  5)
[2015-03-12 21:13:50]: avatar 4 ( 17, 11) -> ( 18, 11)
[2015-03-12 21:13:50]: avatar 1 (  8,  5) -> (  7,  5)
[2015-03-12 21:13:50]: avatar 2 ( 18, 11) -> ( 18, 12)
[2015-03-12 21:13:50]: avatar 3 (  8,  5) -> (  7,  5)
[2015-03-12 21:13:50]: avatar 4 ( 18, 11) -> ( 18, 12)
[2015-03-12 21:13:50]: avatar 1 (  7,  5) -> (  7,  6)
[2015-03-12 21:13:50]: avatar 2 ( 18, 12) -> ( 18, 13)
[2015-03-12 21:13:50]: avatar 3 (  7,  5) -> (  7,  6)
[2015-03-12 21:13:50]: avatar 4 ( 18, 12) -> ( 18, 13)
[2015-03-12 21:13:50]: avatar 1 (  7,  6) -> (  8,  6)
[2015-03-12 21:13:50]: avatar 2 ( 18, 13) -> ( 19, 13)
[2015-03-12 21:13:50]: avatar 3 (  7,  6) -> (  8,  6)
[2015-03-12 21:13:50]: avatar 4 ( 18, 13) -> ( 19, 13)
[2015-03-12 21:13:50]: avatar 1 (  8,  6) -> (  8,  7)
[2015-03-12 21:13:50]: avatar 2 ( 19, 13) -> ( 19, 14)
[2015-03-12 21:13:50]: avatar 3 (  8,  6) -> (  8,  7)
[2015-03-12 21:13:50]: avatar 4 ( 19, 13) -> ( 19, 14)
[2015-03-12 21:13:50]: avatar 1 (  8,  7) -> (  8,  8)
[2015-03-12 21:13:50]: avatar 2 ( 19, 14) -> ( 19, 15)
[2015-03-12 21:13:50]: avatar 3 (  8,  7) -> (  8,  8)
[2015-03-12 21:13:50]: avatar 4 ( 19, 14) -> ( 19, 15)
[2015-03-12 21:13:50]: avatar 1 (  8,  8) -> (  7,  8)
[2015-03-12 21:13:50]: avatar 2 ( 19, 15) -> ( 19, 16)
[2015-03-12 21:13:50]: avatar 3 (  8,  8) -> (  7,  8)
[2015-03-12 21:13:50]: avatar 4 ( 19, 15) -> ( 19, 16)
[2015-03-12 21:13:50]: avatar 1 (  7,  8) -> (  7,  9)
[2015-03-12 21:13:50]: avatar 2 ( 19, 16) -> ( 19, 17)
[2015-03-12 21:13:50]: avatar 3 (  7,  8) -> (  7,  9)
[2015-03-12 21:13:50]: avatar 4 ( 19, 16) -> ( 19, 17)
[2015-03-12 21:13:50]: avatar 1 (  7,  9) -> (  8,  9)
[2015-03-12 21:13:50]: avatar 2 ( 19, 17) -> ( 19, 18)
[2015-03-12 21:13:50]: avatar 3 (  7,  9) -> (  8,  9)
[2015-03-12 21:13:50]: avatar 4 ( 19, 17) -> ( 19, 18)
[2015-03-12 21:13:50]: avatar 1 (  8,  9) -> (  8, 10)
[2015-03-12 21:13:50]: avatar 2 ( 19, 18) -> ( 19, 19)
[2015-03-12 21:13:50]: avatar 3 (  8,  9) -> (  8, 10)
[2015-03-12 21:13:50]: avatar 4 ( 19, 18) -> ( 19, 19)
[2015-03-12 21:13:50]: avatar 1 (  8, 10) -> (  8, 11)
[2015-03-12 21:13:50]: avatar 2 ( 19, 19) -> ( 18, 19)
[2015-03-12 21:13:50]: avatar 3 (  8, 10) -> (  8, 11)
[2015-03-12 21:13:50]: avatar 4 ( 19, 19) -> ( 18, 19)
[2015-03-12 21:13:50]: avatar 1 (  8, 11) -> (  9, 11)
[2015-03-12 21:13:50]: avatar 2 ( 18, 19) -> ( 17, 19)
[2015-03-12 21:13:50]: avatar 3 (  8, 11) -> (  9, 11)
[2015-03-12 21:13:50]: avatar 4 ( 18, 19) -> ( 17, 19)
[2015-03-12 21:13:50]: avatar 1 (  9, 11) -> (  9, 12)
[2015-03-12 21:13:50]: avatar 2 ( 17, 19) -> ( 17, 18)
[2015-03-12 21:13:50]: avatar 3 (  9, 11) -> (  9, 12)
[2015-03-12 21:13:50]: avatar 4 ( 17, 19) -> ( 17, 18)
[2015-03-12 21:13:51]: avatar 1 (  9, 12) -> ( 10, 12)
[2015-03-12 21:13:51]: avatar 2 ( 17, 18) -> ( 18, 18)
[2015-03-12 21:13:51]: avatar 3 (  9, 12) -> ( 10, 12)
[2015-03-12 21:13:51]: avatar 4 ( 17, 18) -> ( 18, 18)
[2015-03-12 21:13:51]: avatar 1 ( 10, 12) -> ( 10, 13)
[2015-03-12 21:13:51]: avatar 2 ( 18, 18) -> ( 18, 17)
[2015-03-12 21:13:51]: avatar 3 ( 10, 12) -> ( 10, 13)
[2015-03-12 21:13:51]: avatar 4 ( 18, 18) -> ( 18, 17)
[2015-03-12 21:13:51]: avatar 1 ( 10, 13) -> ( 11, 13)
[2015-03-12 21:13:51]: avatar 2 ( 18, 17) -> ( 18, 16)
[2015-03-12 21:13:51]: avatar 3 ( 10, 13) -> ( 11, 13)
[2015-03-12 21:13:51]: avatar 4 ( 18, 17) -> ( 18, 16)
[2015-03-12 21:13:51]: avatar 1 ( 11, 13) -> ( 12, 13)
[2015-03-12 21:13:51]: avatar 2 ( 18, 16) -> ( 17, 16)
[2015-03-12 21:13:51]: avatar 3 ( 11, 13) -> ( 12, 13)
[2015-03-12 21:13:51]: avatar 4 ( 18, 16) -> ( 17, 16)
[2015-03-12 21:13:51]: avatar 1 ( 12, 13) -> ( 12, 12)
[2015-03-12 21:13:51]: avatar 2 ( 17, 16) -> ( 17, 15)
[2015-03-12 21:13:51]: avatar 3 ( 12, 13) -> ( 12, 12)
[2015-03-12 21:13:51]: avatar 4 ( 17, 16) -> ( 17, 15)
[2015-03-12 21:13:51]: avatar 1 ( 12, 12) -> ( 13, 12)
[2015-03-12 21:13:51]: avatar 2 ( 17, 15) -> ( 18, 15)
[2015-03-12 21:13:51]: avatar 3 ( 12, 12) -> ( 13, 12)
[2015-03-12 21:13:51]: avatar 4 ( 17, 15) -> ( 18, 15)
[2015-03-12 21:13:51]: avatar 1 ( 13, 12) -> ( 13, 13)
[2015-03-12 21:13:51]: avatar 2 ( 18, 15) -> ( 18, 14)
[2015-03-12 21:13:51]: avatar 3 ( 13, 12) -> ( 13, 13)
[2015-03-12 21:13:51]: avatar 4 ( 18, 15) -> ( 18, 14)
[2015-03-12 21:13:51]: avatar 1 ( 13, 13) -> ( 13, 14)
[2015-03-12 21:13:51]: avatar 2 ( 18, 14) -> ( 17, 14)
[2015-03-12 21:13:51]: avatar 3 ( 13, 13) -> ( 13, 14)
[2015-03-12 21:13:51]: avatar 4 ( 18, 14) -> ( 17, 14)
[2015-03-12 21:13:52]: avatar 1 ( 13, 14) -> ( 14, 14)
[2015-03-12 21:13:52]: avatar 2 ( 17, 14) -> ( 17, 13)
[2015-03-12 21:13:52]: avatar 3 ( 13, 14) -> ( 14, 14)
[2015-03-12 21:13:52]: avatar 4 ( 17, 14) -> ( 17, 13)
[2015-03-12 21:13:52]: avatar 1 ( 14, 14) -> ( 14, 15)
[2015-03-12 21:13:52]: avatar 2 ( 17, 13) -> ( 17, 12)
[2015-03-12 21:13:52]: avatar 3 ( 14, 14) -> ( 14, 15)
[2015-03-12 21:13:52]: avatar 4 ( 17, 13) -> ( 17, 12)
[2015-03-12 21:13:52]: avatar 1 ( 14, 15) -> ( 14, 16)
[2015-03-12 21:13:52]: avatar 2 ( 17, 12) -> ( 16, 12)
[2015-03-12 21:13:52]: avatar 3 ( 14, 15) -> ( 14, 16)
[2015-03-12 21:13:52]: avatar 4 ( 17, 12) -> ( 16, 12)
[2015-03-12 21:13:52]: avatar 1 ( 14, 16) -> ( 13, 16)
[2015-03-12 21:13:52]: avatar 2 ( 16, 12) -> ( 16, 13)
[2015-03-12 21:13:52]: avatar 3 ( 14, 16) -> ( 13, 16)
[2015-03-12 21:13:52]: avatar 4 ( 16, 12) -> ( 16, 13)
[2015-03-12 21:13:52]: avatar 1 ( 13, 16) -> ( 12, 16)
[2015-03-12 21:13:52]: avatar 2 ( 16, 13) -> ( 16, 14)
[2015-03-12 21:13:52]: avatar 3 ( 13, 16) -> ( 12, 16)
[2015-03-12 21:13:52]: avatar 4 ( 16, 13) -> ( 16, 14)
[2015-03-12 21:13:52]: avatar 1 ( 12, 16) -> ( 11, 16)
[2015-03-12 21:13:52]: avatar 2 ( 16, 14) -> ( 15, 14)
[2015-03-12 21:13:52]: avatar 3 ( 12, 16) -> ( 11, 16)
[2015-03-12 21:13:52]: avatar 4 ( 16, 14) -> ( 15, 14)
[2015-03-12 21:13:52]: avatar 1 ( 11, 16) -> ( 11, 17)
[2015-03-12 21:13:52]: avatar 2 ( 15, 14) -> ( 15, 15)
[2015-03-12 21:13:52]: avatar 3 ( 11, 16) -> ( 11, 17)
[2015-03-12 21:13:52]: avatar 4 ( 15, 14) -> ( 15, 15)
[2015-03-12 21:13:52]: avatar 1 ( 11, 17) -> ( 12, 17)
[2015-03-12 21:13:52]: avatar 2 ( 15, 15) -> ( 16, 15)
[2015-03-12 21:13:52]: avatar 3 ( 11, 17) -> ( 12, 17)
[2015-03-12 21:13:52]: avatar 4 ( 15, 15) -> ( 16, 15)
[2015-03-12 21:13:52]: avatar 1 ( 12, 17) -> ( 13, 17)
[2015-03-12 21:13:52]: avatar 2 ( 16, 15) -> ( 16, 16)
[2015-03-12 21:13:52]: avatar 3 ( 12, 17) -> ( 13, 17)
[2015-03-12 21:13:52]: avatar 4 ( 16, 15) -> ( 16, 16)
[2015-03-12 21:13:52]: avatar 1 ( 13, 17) -> ( 13, 18)
[2015-03-12 21:13:52]: avatar 2 ( 16, 16) -> ( 15, 16)
[2015-03-12 21:13:52]: avatar 3 ( 13, 17) -> ( 13, 18)
[2015-03-12 21:13:52]: avatar 4 ( 16, 16) -> ( 15, 16)
[2015-03-12 21:13:52]: avatar 1 ( 13, 18) -> ( 14, 18)
[2015-03-12 21:13:52]: avatar 2 ( 15, 16) -> ( 15, 17)
[2015-03-12 21:13:52]: avatar 3 ( 13, 18) -> ( 14, 18)
[2015-03-12 21:13:52]: avatar 4 ( 15, 16) -> ( 15, 17)
[2015-03-12 21:13:52]: avatar 1 ( 14, 18) -> ( 14, 19)
[2015-03-12 21:13:52]: avatar 2 ( 15, 17) -> ( 15, 18)
[2015-03-12 21:13:52]: avatar 3 ( 14, 18) -> ( 14, 19)
[2015-03-12 21:13:52]: avatar 4 ( 15, 17) -> ( 15, 18)
[2015-03-12 21:13:52]: Moves to Solve: 623
[2015-03-12 21:13:52]: Hash: 3488693430
